9.9208 	WARNING 	User requested fullscreen with size [1024  768], but screen is actually [1920, 1080]. Using actual size
10.8061 	EXP 	Created window1 = Window(allowGUI=True, allowStencil=False, autoLog=True, backendConf=UNKNOWN, backgroundFit=<method-wrapper '__getattribute__' of attributeSetter object at 0x00000214F7C0D1F0>, backgroundImage=<method-wrapper '__getattribute__' of attributeSetter object at 0x00000214F7C0D190>, bitsMode=UNKNOWN, blendMode='avg', bpc=(8, 8, 8), color=array([0, 0, 0]), colorSpace='rgb', depthBits=8, fullscr=<method-wrapper '__getattribute__' of attributeSetter object at 0x00000214F7BFD400>, gamma=None, gammaErrorPolicy='raise', lms=UNKNOWN, monitor=<psychopy.monitors.calibTools.Monitor object at 0x00000214F7DCAE20>, multiSample=False, name='window1', numSamples=2, pos=(0, 0), screen=0, size=array([1920, 1080]), stencilBits=0, stereo=False, title='PsychoPy', units='height', useFBO=True, useRetina=False, viewOri=0.0, viewPos=None, viewScale=None, waitBlanking=True, winType='pyglet')
10.8062 	EXP 	window1: mouseVisible = True
10.8063 	EXP 	window1: backgroundImage = ''
10.8063 	EXP 	window1: backgroundFit = 'none'
10.8092 	EXP 	window1: Attempting to measure frame rate of screen (0) ...
10.8093 	EXP 	window1: recordFrameIntervals = False
10.9723 	EXP 	window1: recordFrameIntervals = True
11.1558 	EXP 	Screen (0) actual frame rate measured at 59.98Hz
11.1558 	EXP 	window1: recordFrameIntervals = False
11.1559 	EXP 	window1: mouseVisible = False
12.8596 	EXP 	untitled: status = STARTED
12.8601 	EXP 	window1: mouseVisible = True
12.9258 	EXP 	Created text_9 = TextStim(__class__=<class 'psychopy.visual.text.TextStim'>, alignHoriz=method-wrapper(...), alignText='center', alignVert=method-wrapper(...), anchorHoriz='center', anchorVert='center', antialias=True, autoDraw=False, autoLog=True, bold=False, color=array([1., 1., 1.]), colorSpace='rgb', contrast=1.0, depth=0.0, draggable=False, flipHoriz=False, flipVert=False, font='Open Sans', fontFiles=[], height=0.05, italic=False, languageStyle='LTR', name='text_9', opacity=1.0, ori=0.0, pos=array([0., 0.]), rgb=UNKNOWN, text=str(...), units='height', win=Window(...), wrapWidth=1)
12.9260 	EXP 	window1: mouseVisible = True
12.9482 	EXP 	Created text_6 = TextStim(__class__=<class 'psychopy.visual.text.TextStim'>, alignHoriz=method-wrapper(...), alignText='center', alignVert=method-wrapper(...), anchorHoriz='center', anchorVert='center', antialias=True, autoDraw=False, autoLog=True, bold=False, color=array([1., 1., 1.]), colorSpace='rgb', contrast=1.0, depth=0.0, draggable=False, flipHoriz=False, flipVert=False, font='Open Sans', fontFiles=[], height=0.05, italic=False, languageStyle='LTR', name='text_6', opacity=1.0, ori=0.0, pos=array([0., 0.]), rgb=UNKNOWN, text=str(...), units='height', win=Window(...), wrapWidth=1)
12.9483 	EXP 	window1: mouseVisible = True
12.9623 	EXP 	Created image_6 = ImageStim(__class__=<class 'psychopy.visual.image.ImageStim'>, anchor=('center', 'center'), autoLog=True, color=array([1., 1., 1.]), colorSpace='rgb', contrast=1.0, depth=0.0, draggable=False, flipHoriz=False, flipVert=False, image='default.png', interpolate=True, mask=None, maskParams=None, name='image_6', opacity=1.0, ori=0.0, pos=array([0., 0.]), size=array([2.5, 1.5]), texRes=128.0, units='height', win=Window(...))
12.9624 	EXP 	window1: mouseVisible = True
12.9641 	EXP 	Created text_4 = TextStim(__class__=<class 'psychopy.visual.text.TextStim'>, alignHoriz=method-wrapper(...), alignText='center', alignVert=method-wrapper(...), anchorHoriz='center', anchorVert='center', antialias=True, autoDraw=False, autoLog=True, bold=False, color=array([1., 1., 1.]), colorSpace='rgb', contrast=1.0, depth=0.0, draggable=False, flipHoriz=False, flipVert=False, font='Open Sans', fontFiles=[], height=0.2, italic=False, languageStyle='LTR', name='text_4', opacity=1.0, ori=0.0, pos=array([0., 0.]), rgb=UNKNOWN, text='', units='height', win=Window(...), wrapWidth=1)
12.9641 	EXP 	window1: mouseVisible = True
12.9774 	EXP 	Created image_7 = ImageStim(__class__=<class 'psychopy.visual.image.ImageStim'>, anchor=('center', 'center'), autoLog=True, color=array([1., 1., 1.]), colorSpace='rgb', contrast=1.0, depth=0.0, draggable=False, flipHoriz=False, flipVert=False, image='default.png', interpolate=True, mask=None, maskParams=None, name='image_7', opacity=1.0, ori=0.0, pos=array([0., 0.]), size=array([2.5, 1.5]), texRes=128.0, units='height', win=Window(...))
12.9775 	EXP 	window1: mouseVisible = True
12.9915 	EXP 	Created text_8 = TextStim(__class__=<class 'psychopy.visual.text.TextStim'>, alignHoriz=method-wrapper(...), alignText='center', alignVert=method-wrapper(...), anchorHoriz='center', anchorVert='center', antialias=True, autoDraw=False, autoLog=True, bold=False, color=array([1., 1., 1.]), colorSpace='rgb', contrast=1.0, depth=0.0, draggable=False, flipHoriz=False, flipVert=False, font='Open Sans', fontFiles=[], height=0.05, italic=False, languageStyle='LTR', name='text_8', opacity=1.0, ori=0.0, pos=array([0., 0.]), rgb=UNKNOWN, text='休息一下，下面进入正式测试啦！\n\n准备好可以按 空格 继续', units='height', win=Window(...), wrapWidth=1)
12.9916 	EXP 	window1: mouseVisible = True
13.0024 	EXP 	Created text_5 = TextStim(__class__=<class 'psychopy.visual.text.TextStim'>, alignHoriz=method-wrapper(...), alignText='center', alignVert=method-wrapper(...), anchorHoriz='center', anchorVert='center', antialias=True, autoDraw=False, autoLog=True, bold=False, color=array([1., 1., 1.]), colorSpace='rgb', contrast=1.0, depth=0.0, draggable=False, flipHoriz=False, flipVert=False, font='Open Sans', fontFiles=[], height=0.05, italic=False, languageStyle='LTR', name='text_5', opacity=1.0, ori=0.0, pos=array([0., 0.]), rgb=UNKNOWN, text=str(...), units='height', win=Window(...), wrapWidth=1)
13.0025 	EXP 	window1: mouseVisible = True
13.0124 	EXP 	Created image_3 = ImageStim(__class__=<class 'psychopy.visual.image.ImageStim'>, anchor=('center', 'center'), autoLog=True, color=array([1., 1., 1.]), colorSpace='rgb', contrast=1.0, depth=0.0, draggable=False, flipHoriz=False, flipVert=False, image='default.png', interpolate=True, mask=None, maskParams=None, name='image_3', opacity=1.0, ori=0.0, pos=array([0., 0.]), size=array([2.5, 1.5]), texRes=128.0, units='height', win=Window(...))
13.0125 	EXP 	window1: mouseVisible = True
13.0136 	EXP 	Created text_3 = TextStim(__class__=<class 'psychopy.visual.text.TextStim'>, alignHoriz=method-wrapper(...), alignText='center', alignVert=method-wrapper(...), anchorHoriz='center', anchorVert='center', antialias=True, autoDraw=False, autoLog=True, bold=False, color=array([1., 1., 1.]), colorSpace='rgb', contrast=1.0, depth=0.0, draggable=False, flipHoriz=False, flipVert=False, font='Open Sans', fontFiles=[], height=0.2, italic=False, languageStyle='LTR', name='text_3', opacity=1.0, ori=0.0, pos=array([0., 0.]), rgb=UNKNOWN, text='', units='height', win=Window(...), wrapWidth=1)
13.0137 	EXP 	window1: mouseVisible = True
13.0245 	EXP 	Created image_2 = ImageStim(__class__=<class 'psychopy.visual.image.ImageStim'>, anchor=('center', 'center'), autoLog=True, color=array([1., 1., 1.]), colorSpace='rgb', contrast=1.0, depth=0.0, draggable=False, flipHoriz=False, flipVert=False, image='default.png', interpolate=True, mask=None, maskParams=None, name='image_2', opacity=1.0, ori=0.0, pos=array([0., 0.]), size=array([2.5, 1.5]), texRes=128.0, units='height', win=Window(...))
13.0246 	EXP 	window1: mouseVisible = True
13.0396 	EXP 	Created text_10 = TextStim(__class__=<class 'psychopy.visual.text.TextStim'>, alignHoriz=method-wrapper(...), alignText='center', alignVert=method-wrapper(...), anchorHoriz='center', anchorVert='center', antialias=True, autoDraw=False, autoLog=True, bold=False, color=array([1., 1., 1.]), colorSpace='rgb', contrast=1.0, depth=0.0, draggable=False, flipHoriz=False, flipVert=False, font='Open Sans', fontFiles=[], height=0.05, italic=False, languageStyle='LTR', name='text_10', opacity=1.0, ori=0.0, pos=array([0., 0.]), rgb=UNKNOWN, text=str(...), units='height', win=Window(...), wrapWidth=1)
13.0398 	EXP 	window1: mouseVisible = True
13.0489 	EXP 	Created text_7 = TextStim(__class__=<class 'psychopy.visual.text.TextStim'>, alignHoriz=method-wrapper(...), alignText='center', alignVert=method-wrapper(...), anchorHoriz='center', anchorVert='center', antialias=True, autoDraw=False, autoLog=True, bold=False, color=array([1., 1., 1.]), colorSpace='rgb', contrast=1.0, depth=0.0, draggable=False, flipHoriz=False, flipVert=False, font='Open Sans', fontFiles=[], height=0.05, italic=False, languageStyle='LTR', name='text_7', opacity=1.0, ori=0.0, pos=array([0., 0.]), rgb=UNKNOWN, text=str(...), units='height', win=Window(...), wrapWidth=1)
13.0490 	EXP 	window1: mouseVisible = True
13.0592 	EXP 	Created image_8 = ImageStim(__class__=<class 'psychopy.visual.image.ImageStim'>, anchor=('center', 'center'), autoLog=True, color=array([1., 1., 1.]), colorSpace='rgb', contrast=1.0, depth=0.0, draggable=False, flipHoriz=False, flipVert=False, image='default.png', interpolate=True, mask=None, maskParams=None, name='image_8', opacity=1.0, ori=0.0, pos=array([0., 0.]), size=array([0.5, 0.5]), texRes=128.0, units='height', win=Window(...))
13.0593 	EXP 	window1: mouseVisible = True
13.0605 	EXP 	Created text_11 = TextStim(__class__=<class 'psychopy.visual.text.TextStim'>, alignHoriz=method-wrapper(...), alignText='center', alignVert=method-wrapper(...), anchorHoriz='center', anchorVert='center', antialias=True, autoDraw=False, autoLog=True, bold=False, color=array([1., 1., 1.]), colorSpace='rgb', contrast=1.0, depth=0.0, draggable=False, flipHoriz=False, flipVert=False, font='Open Sans', fontFiles=[], height=0.05, italic=False, languageStyle='LTR', name='text_11', opacity=1.0, ori=0.0, pos=array([0., 0.]), rgb=UNKNOWN, text='', units='height', win=Window(...), wrapWidth=1)
13.0605 	EXP 	window1: mouseVisible = True
13.0708 	EXP 	Created image_9 = ImageStim(__class__=<class 'psychopy.visual.image.ImageStim'>, anchor=('center', 'center'), autoLog=True, color=array([1., 1., 1.]), colorSpace='rgb', contrast=1.0, depth=0.0, draggable=False, flipHoriz=False, flipVert=False, image='default.png', interpolate=True, mask=None, maskParams=None, name='image_9', opacity=1.0, ori=0.0, pos=array([0., 0.]), size=array([2.5, 1.5]), texRes=128.0, units='height', win=Window(...))
13.0710 	EXP 	window1: mouseVisible = True
13.0763 	EXP 	Created text_12 = TextStim(__class__=<class 'psychopy.visual.text.TextStim'>, alignHoriz=method-wrapper(...), alignText='center', alignVert=method-wrapper(...), anchorHoriz='center', anchorVert='center', antialias=True, autoDraw=False, autoLog=True, bold=False, color=array([1., 1., 1.]), colorSpace='rgb', contrast=1.0, depth=0.0, draggable=False, flipHoriz=False, flipVert=False, font='Open Sans', fontFiles=[], height=0.05, italic=False, languageStyle='LTR', name='text_12', opacity=1.0, ori=0.0, pos=array([0., 0.]), rgb=UNKNOWN, text='休息一下，下面进入正式测试啦！\n\n准备好可以按 空格 继续', units='height', win=Window(...), wrapWidth=1)
13.0764 	EXP 	window1: mouseVisible = True
13.0853 	EXP 	Created text_13 = TextStim(__class__=<class 'psychopy.visual.text.TextStim'>, alignHoriz=method-wrapper(...), alignText='center', alignVert=method-wrapper(...), anchorHoriz='center', anchorVert='center', antialias=True, autoDraw=False, autoLog=True, bold=False, color=array([1., 1., 1.]), colorSpace='rgb', contrast=1.0, depth=0.0, draggable=False, flipHoriz=False, flipVert=False, font='Open Sans', fontFiles=[], height=0.05, italic=False, languageStyle='LTR', name='text_13', opacity=1.0, ori=0.0, pos=array([0., 0.]), rgb=UNKNOWN, text=str(...), units='height', win=Window(...), wrapWidth=1)
13.0855 	EXP 	window1: mouseVisible = True
13.0977 	EXP 	Created image_4 = ImageStim(__class__=<class 'psychopy.visual.image.ImageStim'>, anchor=('center', 'center'), autoLog=True, color=array([1., 1., 1.]), colorSpace='rgb', contrast=1.0, depth=0.0, draggable=False, flipHoriz=False, flipVert=False, image='default.png', interpolate=True, mask=None, maskParams=None, name='image_4', opacity=1.0, ori=0.0, pos=array([0., 0.]), size=array([2.5, 1.5]), texRes=128.0, units='height', win=Window(...))
13.0978 	EXP 	window1: mouseVisible = True
13.0990 	EXP 	Created text = TextStim(__class__=<class 'psychopy.visual.text.TextStim'>, alignHoriz=method-wrapper(...), alignText='center', alignVert=method-wrapper(...), anchorHoriz='center', anchorVert='center', antialias=True, autoDraw=False, autoLog=True, bold=False, color=array([1., 1., 1.]), colorSpace='rgb', contrast=1.0, depth=0.0, draggable=False, flipHoriz=False, flipVert=False, font='Open Sans', fontFiles=[], height=0.2, italic=False, languageStyle='LTR', name='text', opacity=1.0, ori=0.0, pos=array([0., 0.]), rgb=UNKNOWN, text='', units='height', win=Window(...), wrapWidth=1)
13.0990 	EXP 	window1: mouseVisible = True
13.1124 	EXP 	Created image_5 = ImageStim(__class__=<class 'psychopy.visual.image.ImageStim'>, anchor=('center', 'center'), autoLog=True, color=array([1., 1., 1.]), colorSpace='rgb', contrast=1.0, depth=0.0, draggable=False, flipHoriz=False, flipVert=False, image='default.png', interpolate=True, mask=None, maskParams=None, name='image_5', opacity=1.0, ori=0.0, pos=array([0., 0.]), size=array([2.5, 1.5]), texRes=128.0, units='height', win=Window(...))
0.0249 	EXP 	text_9: autoDraw = True
2.8433 	EXP 	text_9: autoDraw = False
2.8433 	EXP 	text_6: autoDraw = True
36.6708 	EXP 	Imported test/data3.xlsx as conditions, 6 conditions, 3 params
36.6713 	EXP 	Created sequence: random, trialTypes=6, nReps=1, seed=None
36.6715 	EXP 	New trial (rep=0, index=0): {'stimuli': 1, 'star': 'test/leftstar.PNG', 'CorrectAns': 'left'}
36.7897 	EXP 	text_6: autoDraw = False
36.7897 	EXP 	image_6: image = 'test/fixation.png'
36.7897 	EXP 	image_6: autoDraw = True
37.1932 	EXP 	image_6: autoDraw = False
37.1932 	EXP 	text_4: height = 0.2
37.1932 	EXP 	text_4: height = 0.2
37.1932 	EXP 	text_4: height = 0.2
37.1932 	EXP 	text_4: text = 1
37.6764 	EXP 	text_4: autoDraw = True
38.1941 	EXP 	text_4: autoDraw = False
38.1941 	EXP 	text_4: autoDraw = False
38.1941 	EXP 	image_7: image = 'test/leftstar.PNG'
39.2921 	EXP 	image_7: autoDraw = True
40.0928 	EXP 	image_7: autoDraw = False
42.6619 	EXP 	New trial (rep=0, index=1): {'stimuli': 9, 'star': 'test/rightstar.PNG', 'CorrectAns': 'space'}
42.7644 	EXP 	image_7: autoDraw = False
42.7644 	EXP 	image_6: image = 'test/fixation.png'
42.7644 	EXP 	image_6: autoDraw = True
43.1929 	EXP 	image_6: autoDraw = False
43.1929 	EXP 	text_4: height = 0.2
43.1929 	EXP 	text_4: height = 0.2
43.1929 	EXP 	text_4: height = 0.2
43.1929 	EXP 	text_4: text = 9
43.6763 	EXP 	text_4: autoDraw = True
44.1836 	EXP 	text_4: autoDraw = False
44.1836 	EXP 	text_4: autoDraw = False
44.1836 	EXP 	image_7: image = 'test/rightstar.PNG'
45.2803 	EXP 	image_7: autoDraw = True
45.3441 	EXP 	New trial (rep=0, index=2): {'stimuli': 8, 'star': 'test/rightstar.PNG', 'CorrectAns': 'space'}
45.4432 	EXP 	image_7: autoDraw = False
45.4432 	EXP 	image_6: image = 'test/fixation.png'
45.4432 	EXP 	image_6: autoDraw = True
45.8762 	EXP 	image_6: autoDraw = False
45.8762 	EXP 	text_4: height = 0.2
45.8762 	EXP 	text_4: height = 0.2
45.8762 	EXP 	text_4: height = 0.2
45.8762 	EXP 	text_4: text = 8
46.3429 	EXP 	text_4: autoDraw = True
46.8545 	EXP 	text_4: autoDraw = False
46.8545 	EXP 	text_4: autoDraw = False
46.8545 	EXP 	image_7: image = 'test/rightstar.PNG'
47.9467 	EXP 	image_7: autoDraw = True
48.7596 	EXP 	image_7: autoDraw = False
49.8449 	EXP 	New trial (rep=0, index=3): {'stimuli': 2, 'star': 'test/leftstar.PNG', 'CorrectAns': 'left'}
49.9453 	EXP 	image_7: autoDraw = False
49.9453 	EXP 	image_6: image = 'test/fixation.png'
49.9453 	EXP 	image_6: autoDraw = True
50.3762 	EXP 	image_6: autoDraw = False
50.3762 	EXP 	text_4: height = 0.2
50.3762 	EXP 	text_4: height = 0.2
50.3762 	EXP 	text_4: height = 0.2
50.3762 	EXP 	text_4: text = 2
50.8596 	EXP 	text_4: autoDraw = True
51.3694 	EXP 	text_4: autoDraw = False
51.3694 	EXP 	text_4: autoDraw = False
51.3694 	EXP 	image_7: image = 'test/leftstar.PNG'
52.4641 	EXP 	image_7: autoDraw = True
53.2761 	EXP 	image_7: autoDraw = False
54.3283 	EXP 	New trial (rep=0, index=4): {'stimuli': 1, 'star': 'test/blank.PNG', 'CorrectAns': 'space'}
54.4290 	EXP 	image_7: autoDraw = False
54.4290 	EXP 	image_6: image = 'test/fixation.png'
54.4290 	EXP 	image_6: autoDraw = True
54.8702 	EXP 	image_6: autoDraw = False
54.8702 	EXP 	text_4: height = 0.2
54.8702 	EXP 	text_4: height = 0.2
54.8702 	EXP 	text_4: height = 0.2
54.8702 	EXP 	text_4: text = 1
55.3432 	EXP 	text_4: autoDraw = True
55.7252 	EXP 	text_4: autoDraw = False
55.7252 	EXP 	text_4: autoDraw = False
55.7252 	EXP 	image_7: image = 'test/blank.PNG'
56.9432 	EXP 	image_7: autoDraw = True
57.7433 	EXP 	image_7: autoDraw = False
58.9955 	EXP 	New trial (rep=0, index=5): {'stimuli': 8, 'star': 'test/rightstar.PNG', 'CorrectAns': 'space'}
59.0967 	EXP 	image_7: autoDraw = False
59.0967 	EXP 	image_6: image = 'test/fixation.png'
59.0967 	EXP 	image_6: autoDraw = True
59.5262 	EXP 	image_6: autoDraw = False
59.5262 	EXP 	text_4: height = 0.2
59.5262 	EXP 	text_4: height = 0.2
59.5262 	EXP 	text_4: height = 0.2
59.5262 	EXP 	text_4: text = 8
60.0096 	EXP 	text_4: autoDraw = True
60.5338 	EXP 	text_4: autoDraw = False
60.5338 	EXP 	text_4: autoDraw = False
60.5338 	EXP 	image_7: image = 'test/rightstar.PNG'
61.6167 	EXP 	image_7: autoDraw = True
62.4262 	EXP 	image_7: autoDraw = False
62.5768 	EXP 	image_7: autoDraw = False
62.5768 	EXP 	text_8: autoDraw = True
70.6763 	EXP 	text_8: autoDraw = False
70.6763 	EXP 	text_5: autoDraw = True
92.4295 	EXP 	Imported condition_1/data.xlsx as conditions, 25 conditions, 3 params
92.4302 	EXP 	Created sequence: random, trialTypes=25, nReps=2, seed=None
92.4304 	EXP 	New trial (rep=0, index=0): {'stimuli': 8, 'star': 'condition_1/rightstar.PNG', 'CorrectAns': 'space'}
92.5425 	EXP 	text_5: autoDraw = False
92.5425 	EXP 	image_3: image = 'condition_1/fixation.png'
92.5425 	EXP 	image_3: autoDraw = True
92.9429 	EXP 	image_3: autoDraw = False
92.9429 	EXP 	text_3: height = 0.2
92.9429 	EXP 	text_3: height = 0.2
92.9429 	EXP 	text_3: height = 0.2
92.9429 	EXP 	text_3: text = 8
93.4263 	EXP 	text_3: autoDraw = True
93.9380 	EXP 	text_3: autoDraw = False
93.9380 	EXP 	text_3: autoDraw = False
93.9380 	EXP 	image_2: image = 'condition_1/rightstar.PNG'
95.0367 	EXP 	image_2: autoDraw = True
95.8430 	EXP 	image_2: autoDraw = False
99.7946 	EXP 	New trial (rep=0, index=1): {'stimuli': 1, 'star': 'condition_1/blank.PNG', 'CorrectAns': 'space'}
99.8951 	EXP 	image_2: autoDraw = False
99.8951 	EXP 	image_3: image = 'condition_1/fixation.png'
99.8951 	EXP 	image_3: autoDraw = True
100.3272 	EXP 	image_3: autoDraw = False
100.3272 	EXP 	text_3: height = 0.2
100.3272 	EXP 	text_3: height = 0.2
100.3272 	EXP 	text_3: height = 0.2
100.3272 	EXP 	text_3: text = 1
100.8096 	EXP 	text_3: autoDraw = True
101.1918 	EXP 	text_3: autoDraw = False
101.1918 	EXP 	text_3: autoDraw = False
101.1918 	EXP 	image_2: image = 'condition_1/blank.PNG'
102.4097 	EXP 	image_2: autoDraw = True
103.2095 	EXP 	image_2: autoDraw = False
106.1615 	EXP 	New trial (rep=0, index=2): {'stimuli': 8, 'star': 'condition_1/blank.PNG', 'CorrectAns': 'space'}
106.2615 	EXP 	image_2: autoDraw = False
106.2615 	EXP 	image_3: image = 'condition_1/fixation.png'
106.2615 	EXP 	image_3: autoDraw = True
106.6929 	EXP 	image_3: autoDraw = False
106.6929 	EXP 	text_3: height = 0.2
106.6929 	EXP 	text_3: height = 0.2
106.6929 	EXP 	text_3: height = 0.2
106.6929 	EXP 	text_3: text = 8
107.1765 	EXP 	text_3: autoDraw = True
107.5493 	EXP 	text_3: autoDraw = False
107.5493 	EXP 	text_3: autoDraw = False
107.5493 	EXP 	image_2: image = 'condition_1/blank.PNG'
108.7770 	EXP 	image_2: autoDraw = True
109.5763 	EXP 	image_2: autoDraw = False
110.9284 	EXP 	New trial (rep=0, index=3): {'stimuli': 2, 'star': 'condition_1/leftstar.PNG', 'CorrectAns': 'left'}
111.0383 	EXP 	image_2: autoDraw = False
111.0383 	EXP 	image_3: image = 'condition_1/fixation.png'
111.0383 	EXP 	image_3: autoDraw = True
111.4596 	EXP 	image_3: autoDraw = False
111.4596 	EXP 	text_3: height = 0.2
111.4596 	EXP 	text_3: height = 0.2
111.4596 	EXP 	text_3: height = 0.2
111.4596 	EXP 	text_3: text = 2
111.9430 	EXP 	text_3: autoDraw = True
112.4558 	EXP 	text_3: autoDraw = False
112.4558 	EXP 	text_3: autoDraw = False
112.4558 	EXP 	image_2: image = 'condition_1/leftstar.PNG'
113.5547 	EXP 	image_2: autoDraw = True
114.1277 	EXP 	New trial (rep=0, index=4): {'stimuli': 8, 'star': 'condition_1/rightstar.PNG', 'CorrectAns': 'space'}
114.2272 	EXP 	image_2: autoDraw = False
114.2272 	EXP 	image_3: image = 'condition_1/fixation.png'
114.2272 	EXP 	image_3: autoDraw = True
114.6598 	EXP 	image_3: autoDraw = False
114.6598 	EXP 	text_3: height = 0.2
114.6598 	EXP 	text_3: height = 0.2
114.6598 	EXP 	text_3: height = 0.2
114.6598 	EXP 	text_3: text = 8
115.1430 	EXP 	text_3: autoDraw = True
115.6605 	EXP 	text_3: autoDraw = False
115.6605 	EXP 	text_3: autoDraw = False
115.6605 	EXP 	image_2: image = 'condition_1/rightstar.PNG'
116.7470 	EXP 	image_2: autoDraw = True
117.5597 	EXP 	image_2: autoDraw = False
117.9616 	EXP 	New trial (rep=0, index=5): {'stimuli': 9, 'star': 'condition_1/leftstar.PNG', 'CorrectAns': 'space'}
118.0687 	EXP 	image_2: autoDraw = False
118.0687 	EXP 	image_3: image = 'condition_1/fixation.png'
118.0687 	EXP 	image_3: autoDraw = True
118.4930 	EXP 	image_3: autoDraw = False
118.4930 	EXP 	text_3: height = 0.2
118.4930 	EXP 	text_3: height = 0.2
118.4930 	EXP 	text_3: height = 0.2
118.4930 	EXP 	text_3: text = 9
118.9765 	EXP 	text_3: autoDraw = True
119.4742 	EXP 	text_3: autoDraw = False
119.4742 	EXP 	text_3: autoDraw = False
119.4742 	EXP 	image_2: image = 'condition_1/leftstar.PNG'
120.5807 	EXP 	image_2: autoDraw = True
121.3629 	EXP 	New trial (rep=0, index=6): {'stimuli': 2, 'star': 'condition_1/blank.PNG', 'CorrectAns': 'space'}
121.4753 	EXP 	image_2: autoDraw = False
121.4753 	EXP 	image_3: image = 'condition_1/fixation.png'
121.4753 	EXP 	image_3: autoDraw = True
121.8929 	EXP 	image_3: autoDraw = False
121.8929 	EXP 	text_3: height = 0.2
121.8929 	EXP 	text_3: height = 0.2
121.8929 	EXP 	text_3: height = 0.2
121.8929 	EXP 	text_3: text = 2
122.3764 	EXP 	text_3: autoDraw = True
122.7404 	EXP 	text_3: autoDraw = False
122.7404 	EXP 	text_3: autoDraw = False
122.7404 	EXP 	image_2: image = 'condition_1/blank.PNG'
123.9766 	EXP 	image_2: autoDraw = True
124.7763 	EXP 	image_2: autoDraw = False
124.8120 	EXP 	New trial (rep=0, index=7): {'stimuli': 2, 'star': 'condition_1/rightstar.PNG', 'CorrectAns': 'left'}
124.9137 	EXP 	image_2: autoDraw = False
124.9137 	EXP 	image_3: image = 'condition_1/fixation.png'
124.9137 	EXP 	image_3: autoDraw = True
125.3556 	EXP 	image_3: autoDraw = False
125.3556 	EXP 	text_3: height = 0.2
125.3556 	EXP 	text_3: height = 0.2
125.3556 	EXP 	text_3: height = 0.2
125.3556 	EXP 	text_3: text = 2
125.8264 	EXP 	text_3: autoDraw = True
126.3367 	EXP 	text_3: autoDraw = False
126.3367 	EXP 	text_3: autoDraw = False
126.3367 	EXP 	image_2: image = 'condition_1/rightstar.PNG'
127.4305 	EXP 	image_2: autoDraw = True
128.0611 	EXP 	New trial (rep=0, index=8): {'stimuli': 9, 'star': 'condition_1/leftstar.PNG', 'CorrectAns': 'space'}
128.1600 	EXP 	image_2: autoDraw = False
128.1600 	EXP 	image_3: image = 'condition_1/fixation.png'
128.1600 	EXP 	image_3: autoDraw = True
128.5931 	EXP 	image_3: autoDraw = False
128.5931 	EXP 	text_3: height = 0.2
128.5931 	EXP 	text_3: height = 0.2
128.5931 	EXP 	text_3: height = 0.2
128.5931 	EXP 	text_3: text = 9
129.0764 	EXP 	text_3: autoDraw = True
129.5824 	EXP 	text_3: autoDraw = False
129.5824 	EXP 	text_3: autoDraw = False
129.5824 	EXP 	image_2: image = 'condition_1/leftstar.PNG'
130.6654 	EXP 	image_2: autoDraw = True
131.4277 	EXP 	New trial (rep=0, index=9): {'stimuli': 8, 'star': 'condition_1/leftstar.PNG', 'CorrectAns': 'space'}
131.5291 	EXP 	image_2: autoDraw = False
131.5291 	EXP 	image_3: image = 'condition_1/fixation.png'
131.5291 	EXP 	image_3: autoDraw = True
131.9598 	EXP 	image_3: autoDraw = False
131.9598 	EXP 	text_3: height = 0.2
131.9598 	EXP 	text_3: height = 0.2
131.9598 	EXP 	text_3: height = 0.2
131.9598 	EXP 	text_3: text = 8
132.4431 	EXP 	text_3: autoDraw = True
132.9487 	EXP 	text_3: autoDraw = False
132.9487 	EXP 	text_3: autoDraw = False
132.9487 	EXP 	image_2: image = 'condition_1/leftstar.PNG'
134.0473 	EXP 	image_2: autoDraw = True
134.8598 	EXP 	image_2: autoDraw = False
134.9955 	EXP 	New trial (rep=0, index=10): {'stimuli': 1, 'star': 'condition_1/rightstar.PNG', 'CorrectAns': 'right'}
135.1075 	EXP 	image_2: autoDraw = False
135.1075 	EXP 	image_3: image = 'condition_1/fixation.png'
135.1075 	EXP 	image_3: autoDraw = True
135.5264 	EXP 	image_3: autoDraw = False
135.5264 	EXP 	text_3: height = 0.2
135.5264 	EXP 	text_3: height = 0.2
135.5264 	EXP 	text_3: height = 0.2
135.5264 	EXP 	text_3: text = 1
136.0098 	EXP 	text_3: autoDraw = True
136.5119 	EXP 	text_3: autoDraw = False
136.5119 	EXP 	text_3: autoDraw = False
136.5119 	EXP 	image_2: image = 'condition_1/rightstar.PNG'
137.6141 	EXP 	image_2: autoDraw = True
138.2955 	EXP 	New trial (rep=0, index=11): {'stimuli': 8, 'star': 'condition_1/rightstar.PNG', 'CorrectAns': 'space'}
138.4045 	EXP 	image_2: autoDraw = False
138.4045 	EXP 	image_3: image = 'condition_1/fixation.png'
138.4045 	EXP 	image_3: autoDraw = True
138.8264 	EXP 	image_3: autoDraw = False
138.8264 	EXP 	text_3: height = 0.2
138.8264 	EXP 	text_3: height = 0.2
138.8264 	EXP 	text_3: height = 0.2
138.8264 	EXP 	text_3: text = 8
139.3097 	EXP 	text_3: autoDraw = True
139.8220 	EXP 	text_3: autoDraw = False
139.8220 	EXP 	text_3: autoDraw = False
139.8220 	EXP 	image_2: image = 'condition_1/rightstar.PNG'
140.9142 	EXP 	image_2: autoDraw = True
141.7265 	EXP 	image_2: autoDraw = False
142.0290 	EXP 	New trial (rep=0, index=12): {'stimuli': 9, 'star': 'condition_1/leftstar.PNG', 'CorrectAns': 'space'}
142.1296 	EXP 	image_2: autoDraw = False
142.1296 	EXP 	image_3: image = 'condition_1/fixation.png'
142.1296 	EXP 	image_3: autoDraw = True
142.5597 	EXP 	image_3: autoDraw = False
142.5597 	EXP 	text_3: height = 0.2
142.5597 	EXP 	text_3: height = 0.2
142.5597 	EXP 	text_3: height = 0.2
142.5597 	EXP 	text_3: text = 9
143.0430 	EXP 	text_3: autoDraw = True
143.5540 	EXP 	text_3: autoDraw = False
143.5540 	EXP 	text_3: autoDraw = False
143.5540 	EXP 	image_2: image = 'condition_1/leftstar.PNG'
144.6472 	EXP 	image_2: autoDraw = True
145.2445 	EXP 	New trial (rep=0, index=13): {'stimuli': 9, 'star': 'condition_1/rightstar.PNG', 'CorrectAns': 'space'}
145.3431 	EXP 	image_2: autoDraw = False
145.3431 	EXP 	image_3: image = 'condition_1/fixation.png'
145.3431 	EXP 	image_3: autoDraw = True
145.7962 	EXP 	image_3: autoDraw = False
145.7962 	EXP 	text_3: height = 0.2
145.7962 	EXP 	text_3: height = 0.2
145.7962 	EXP 	text_3: height = 0.2
145.7962 	EXP 	text_3: text = 9
146.2598 	EXP 	text_3: autoDraw = True
146.7663 	EXP 	text_3: autoDraw = False
146.7663 	EXP 	text_3: autoDraw = False
146.7663 	EXP 	image_2: image = 'condition_1/rightstar.PNG'
147.8481 	EXP 	image_2: autoDraw = True
148.3949 	EXP 	New trial (rep=0, index=14): {'stimuli': 1, 'star': 'condition_1/rightstar.PNG', 'CorrectAns': 'right'}
148.4981 	EXP 	image_2: autoDraw = False
148.4981 	EXP 	image_3: image = 'condition_1/fixation.png'
148.4981 	EXP 	image_3: autoDraw = True
148.9263 	EXP 	image_3: autoDraw = False
148.9263 	EXP 	text_3: height = 0.2
148.9263 	EXP 	text_3: height = 0.2
148.9263 	EXP 	text_3: height = 0.2
148.9263 	EXP 	text_3: text = 1
149.4098 	EXP 	text_3: autoDraw = True
149.9203 	EXP 	text_3: autoDraw = False
149.9203 	EXP 	text_3: autoDraw = False
149.9203 	EXP 	image_2: image = 'condition_1/rightstar.PNG'
151.0142 	EXP 	image_2: autoDraw = True
151.8262 	EXP 	image_2: autoDraw = False
152.2622 	EXP 	New trial (rep=0, index=15): {'stimuli': 2, 'star': 'condition_1/leftstar.PNG', 'CorrectAns': 'left'}
152.3715 	EXP 	image_2: autoDraw = False
152.3715 	EXP 	image_3: image = 'condition_1/fixation.png'
152.3715 	EXP 	image_3: autoDraw = True
152.7931 	EXP 	image_3: autoDraw = False
152.7931 	EXP 	text_3: height = 0.2
152.7931 	EXP 	text_3: height = 0.2
152.7931 	EXP 	text_3: height = 0.2
152.7931 	EXP 	text_3: text = 2
153.2765 	EXP 	text_3: autoDraw = True
153.7876 	EXP 	text_3: autoDraw = False
153.7876 	EXP 	text_3: autoDraw = False
153.7876 	EXP 	image_2: image = 'condition_1/leftstar.PNG'
154.8817 	EXP 	image_2: autoDraw = True
155.6933 	EXP 	image_2: autoDraw = False
156.2128 	EXP 	New trial (rep=0, index=16): {'stimuli': 1, 'star': 'condition_1/rightstar.PNG', 'CorrectAns': 'right'}
156.3264 	EXP 	image_2: autoDraw = False
156.3264 	EXP 	image_3: image = 'condition_1/fixation.png'
156.3264 	EXP 	image_3: autoDraw = True
156.7435 	EXP 	image_3: autoDraw = False
156.7435 	EXP 	text_3: height = 0.2
156.7435 	EXP 	text_3: height = 0.2
156.7435 	EXP 	text_3: height = 0.2
156.7435 	EXP 	text_3: text = 1
157.2263 	EXP 	text_3: autoDraw = True
157.7290 	EXP 	text_3: autoDraw = False
157.7290 	EXP 	text_3: autoDraw = False
157.7290 	EXP 	image_2: image = 'condition_1/rightstar.PNG'
158.8305 	EXP 	image_2: autoDraw = True
159.6432 	EXP 	image_2: autoDraw = False
160.5786 	EXP 	New trial (rep=0, index=17): {'stimuli': 9, 'star': 'condition_1/blank.PNG', 'CorrectAns': 'space'}
160.6795 	EXP 	image_2: autoDraw = False
160.6795 	EXP 	image_3: image = 'condition_1/fixation.png'
160.6795 	EXP 	image_3: autoDraw = True
161.1097 	EXP 	image_3: autoDraw = False
161.1097 	EXP 	text_3: height = 0.2
161.1097 	EXP 	text_3: height = 0.2
161.1097 	EXP 	text_3: height = 0.2
161.1097 	EXP 	text_3: text = 9
161.5931 	EXP 	text_3: autoDraw = True
161.9903 	EXP 	text_3: autoDraw = False
161.9903 	EXP 	text_3: autoDraw = False
161.9903 	EXP 	image_2: image = 'condition_1/blank.PNG'
163.1933 	EXP 	image_2: autoDraw = True
163.9933 	EXP 	image_2: autoDraw = False
164.4443 	EXP 	New trial (rep=0, index=18): {'stimuli': 2, 'star': 'condition_1/leftstar.PNG', 'CorrectAns': 'left'}
164.5466 	EXP 	image_2: autoDraw = False
164.5466 	EXP 	image_3: image = 'condition_1/fixation.png'
164.5466 	EXP 	image_3: autoDraw = True
164.9764 	EXP 	image_3: autoDraw = False
164.9764 	EXP 	text_3: height = 0.2
164.9764 	EXP 	text_3: height = 0.2
164.9764 	EXP 	text_3: height = 0.2
164.9764 	EXP 	text_3: text = 2
165.4597 	EXP 	text_3: autoDraw = True
165.9717 	EXP 	text_3: autoDraw = False
165.9717 	EXP 	text_3: autoDraw = False
165.9717 	EXP 	image_2: image = 'condition_1/leftstar.PNG'
167.0475 	EXP 	image_2: autoDraw = True
167.6274 	EXP 	New trial (rep=0, index=19): {'stimuli': 8, 'star': 'condition_1/leftstar.PNG', 'CorrectAns': 'space'}
167.7265 	EXP 	image_2: autoDraw = False
167.7265 	EXP 	image_3: image = 'condition_1/fixation.png'
167.7265 	EXP 	image_3: autoDraw = True
168.1794 	EXP 	image_3: autoDraw = False
168.1794 	EXP 	text_3: height = 0.2
168.1794 	EXP 	text_3: height = 0.2
168.1794 	EXP 	text_3: height = 0.2
168.1794 	EXP 	text_3: text = 8
168.6264 	EXP 	text_3: autoDraw = True
169.1305 	EXP 	text_3: autoDraw = False
169.1305 	EXP 	text_3: autoDraw = False
169.1305 	EXP 	image_2: image = 'condition_1/leftstar.PNG'
170.2314 	EXP 	image_2: autoDraw = True
171.0434 	EXP 	image_2: autoDraw = False
171.8948 	EXP 	New trial (rep=0, index=20): {'stimuli': 2, 'star': 'condition_1/blank.PNG', 'CorrectAns': 'space'}
171.9978 	EXP 	image_2: autoDraw = False
171.9978 	EXP 	image_3: image = 'condition_1/fixation.png'
171.9978 	EXP 	image_3: autoDraw = True
172.4263 	EXP 	image_3: autoDraw = False
172.4263 	EXP 	text_3: height = 0.2
172.4263 	EXP 	text_3: height = 0.2
172.4263 	EXP 	text_3: height = 0.2
172.4263 	EXP 	text_3: text = 2
172.9097 	EXP 	text_3: autoDraw = True
173.2710 	EXP 	text_3: autoDraw = False
173.2710 	EXP 	text_3: autoDraw = False
173.2710 	EXP 	image_2: image = 'condition_1/blank.PNG'
174.5097 	EXP 	image_2: autoDraw = True
175.3097 	EXP 	image_2: autoDraw = False
177.0121 	EXP 	New trial (rep=0, index=21): {'stimuli': 1, 'star': 'condition_1/leftstar.PNG', 'CorrectAns': 'left'}
177.1154 	EXP 	image_2: autoDraw = False
177.1154 	EXP 	image_3: image = 'condition_1/fixation.png'
177.1154 	EXP 	image_3: autoDraw = True
177.5431 	EXP 	image_3: autoDraw = False
177.5431 	EXP 	text_3: height = 0.2
177.5431 	EXP 	text_3: height = 0.2
177.5431 	EXP 	text_3: height = 0.2
177.5431 	EXP 	text_3: text = 1
178.0263 	EXP 	text_3: autoDraw = True
178.5418 	EXP 	text_3: autoDraw = False
178.5418 	EXP 	text_3: autoDraw = False
178.5418 	EXP 	image_2: image = 'condition_1/leftstar.PNG'
179.6412 	EXP 	image_2: autoDraw = True
180.4112 	EXP 	New trial (rep=0, index=22): {'stimuli': 1, 'star': 'condition_1/leftstar.PNG', 'CorrectAns': 'left'}
180.5118 	EXP 	image_2: autoDraw = False
180.5118 	EXP 	image_3: image = 'condition_1/fixation.png'
180.5118 	EXP 	image_3: autoDraw = True
180.9432 	EXP 	image_3: autoDraw = False
180.9432 	EXP 	text_3: height = 0.2
180.9432 	EXP 	text_3: height = 0.2
180.9432 	EXP 	text_3: height = 0.2
180.9432 	EXP 	text_3: text = 1
181.4265 	EXP 	text_3: autoDraw = True
181.9337 	EXP 	text_3: autoDraw = False
181.9337 	EXP 	text_3: autoDraw = False
181.9337 	EXP 	image_2: image = 'condition_1/leftstar.PNG'
183.0306 	EXP 	image_2: autoDraw = True
183.7278 	EXP 	New trial (rep=0, index=23): {'stimuli': 2, 'star': 'condition_1/rightstar.PNG', 'CorrectAns': 'right'}
183.8294 	EXP 	image_2: autoDraw = False
183.8294 	EXP 	image_3: image = 'condition_1/fixation.png'
183.8294 	EXP 	image_3: autoDraw = True
184.2597 	EXP 	image_3: autoDraw = False
184.2597 	EXP 	text_3: height = 0.2
184.2597 	EXP 	text_3: height = 0.2
184.2597 	EXP 	text_3: height = 0.2
184.2597 	EXP 	text_3: text = 2
184.7432 	EXP 	text_3: autoDraw = True
185.2526 	EXP 	text_3: autoDraw = False
185.2526 	EXP 	text_3: autoDraw = False
185.2526 	EXP 	image_2: image = 'condition_1/rightstar.PNG'
186.3470 	EXP 	image_2: autoDraw = True
186.9619 	EXP 	New trial (rep=0, index=24): {'stimuli': 9, 'star': 'condition_1/rightstar.PNG', 'CorrectAns': 'space'}
187.0711 	EXP 	image_2: autoDraw = False
187.0711 	EXP 	image_3: image = 'condition_1/fixation.png'
187.0711 	EXP 	image_3: autoDraw = True
187.4931 	EXP 	image_3: autoDraw = False
187.4931 	EXP 	text_3: height = 0.2
187.4931 	EXP 	text_3: height = 0.2
187.4931 	EXP 	text_3: height = 0.2
187.4931 	EXP 	text_3: text = 9
187.9765 	EXP 	text_3: autoDraw = True
188.4851 	EXP 	text_3: autoDraw = False
188.4851 	EXP 	text_3: autoDraw = False
188.4851 	EXP 	image_2: image = 'condition_1/rightstar.PNG'
189.5801 	EXP 	image_2: autoDraw = True
190.2283 	EXP 	New trial (rep=1, index=0): {'stimuli': 8, 'star': 'condition_1/rightstar.PNG', 'CorrectAns': 'space'}
190.3406 	EXP 	image_2: autoDraw = False
190.3406 	EXP 	image_3: image = 'condition_1/fixation.png'
190.3406 	EXP 	image_3: autoDraw = True
190.7809 	EXP 	image_3: autoDraw = False
190.7809 	EXP 	text_3: height = 0.2
190.7809 	EXP 	text_3: height = 0.2
190.7809 	EXP 	text_3: height = 0.2
190.7809 	EXP 	text_3: text = 8
191.2431 	EXP 	text_3: autoDraw = True
191.7588 	EXP 	text_3: autoDraw = False
191.7588 	EXP 	text_3: autoDraw = False
191.7588 	EXP 	image_2: image = 'condition_1/rightstar.PNG'
192.8479 	EXP 	image_2: autoDraw = True
193.4111 	EXP 	New trial (rep=1, index=1): {'stimuli': 8, 'star': 'condition_1/leftstar.PNG', 'CorrectAns': 'space'}
193.5140 	EXP 	image_2: autoDraw = False
193.5140 	EXP 	image_3: image = 'condition_1/fixation.png'
193.5140 	EXP 	image_3: autoDraw = True
193.9433 	EXP 	image_3: autoDraw = False
193.9433 	EXP 	text_3: height = 0.2
193.9433 	EXP 	text_3: height = 0.2
193.9433 	EXP 	text_3: height = 0.2
193.9433 	EXP 	text_3: text = 8
194.4101 	EXP 	text_3: autoDraw = True
194.9230 	EXP 	text_3: autoDraw = False
194.9230 	EXP 	text_3: autoDraw = False
194.9230 	EXP 	image_2: image = 'condition_1/leftstar.PNG'
196.0306 	EXP 	image_2: autoDraw = True
196.8431 	EXP 	image_2: autoDraw = False
197.3953 	EXP 	New trial (rep=1, index=2): {'stimuli': 9, 'star': 'condition_1/leftstar.PNG', 'CorrectAns': 'space'}
197.5000 	EXP 	image_2: autoDraw = False
197.5000 	EXP 	image_3: image = 'condition_1/fixation.png'
197.5000 	EXP 	image_3: autoDraw = True
197.9263 	EXP 	image_3: autoDraw = False
197.9263 	EXP 	text_3: height = 0.2
197.9263 	EXP 	text_3: height = 0.2
197.9263 	EXP 	text_3: height = 0.2
197.9263 	EXP 	text_3: text = 9
198.4099 	EXP 	text_3: autoDraw = True
198.9174 	EXP 	text_3: autoDraw = False
198.9174 	EXP 	text_3: autoDraw = False
198.9174 	EXP 	image_2: image = 'condition_1/leftstar.PNG'
200.0138 	EXP 	image_2: autoDraw = True
200.8263 	EXP 	image_2: autoDraw = False
201.2120 	EXP 	New trial (rep=1, index=3): {'stimuli': 8, 'star': 'condition_1/blank.PNG', 'CorrectAns': 'space'}
201.3131 	EXP 	image_2: autoDraw = False
201.3131 	EXP 	image_3: image = 'condition_1/fixation.png'
201.3131 	EXP 	image_3: autoDraw = True
201.7431 	EXP 	image_3: autoDraw = False
201.7431 	EXP 	text_3: height = 0.2
201.7431 	EXP 	text_3: height = 0.2
201.7431 	EXP 	text_3: height = 0.2
201.7431 	EXP 	text_3: text = 8
202.2264 	EXP 	text_3: autoDraw = True
202.5965 	EXP 	text_3: autoDraw = False
202.5965 	EXP 	text_3: autoDraw = False
202.5965 	EXP 	image_2: image = 'condition_1/blank.PNG'
203.8265 	EXP 	image_2: autoDraw = True
204.6270 	EXP 	image_2: autoDraw = False
208.0788 	EXP 	New trial (rep=1, index=4): {'stimuli': 1, 'star': 'condition_1/leftstar.PNG', 'CorrectAns': 'left'}
208.1786 	EXP 	image_2: autoDraw = False
208.1786 	EXP 	image_3: image = 'condition_1/fixation.png'
208.1786 	EXP 	image_3: autoDraw = True
208.6098 	EXP 	image_3: autoDraw = False
208.6098 	EXP 	text_3: height = 0.2
208.6098 	EXP 	text_3: height = 0.2
208.6098 	EXP 	text_3: height = 0.2
208.6098 	EXP 	text_3: text = 1
209.0930 	EXP 	text_3: autoDraw = True
209.6065 	EXP 	text_3: autoDraw = False
209.6065 	EXP 	text_3: autoDraw = False
209.6065 	EXP 	image_2: image = 'condition_1/leftstar.PNG'
210.7045 	EXP 	image_2: autoDraw = True
211.3611 	EXP 	New trial (rep=1, index=5): {'stimuli': 9, 'star': 'condition_1/leftstar.PNG', 'CorrectAns': 'space'}
211.4601 	EXP 	image_2: autoDraw = False
211.4601 	EXP 	image_3: image = 'condition_1/fixation.png'
211.4601 	EXP 	image_3: autoDraw = True
211.8930 	EXP 	image_3: autoDraw = False
211.8930 	EXP 	text_3: height = 0.2
211.8930 	EXP 	text_3: height = 0.2
211.8930 	EXP 	text_3: height = 0.2
211.8930 	EXP 	text_3: text = 9
212.3765 	EXP 	text_3: autoDraw = True
212.8819 	EXP 	text_3: autoDraw = False
212.8819 	EXP 	text_3: autoDraw = False
212.8819 	EXP 	image_2: image = 'condition_1/leftstar.PNG'
213.9804 	EXP 	image_2: autoDraw = True
214.7929 	EXP 	image_2: autoDraw = False
214.9610 	EXP 	New trial (rep=1, index=6): {'stimuli': 9, 'star': 'condition_1/rightstar.PNG', 'CorrectAns': 'space'}
215.0603 	EXP 	image_2: autoDraw = False
215.0603 	EXP 	image_3: image = 'condition_1/fixation.png'
215.0603 	EXP 	image_3: autoDraw = True
215.5136 	EXP 	image_3: autoDraw = False
215.5136 	EXP 	text_3: height = 0.2
215.5136 	EXP 	text_3: height = 0.2
215.5136 	EXP 	text_3: height = 0.2
215.5136 	EXP 	text_3: text = 9
215.9765 	EXP 	text_3: autoDraw = True
216.4852 	EXP 	text_3: autoDraw = False
216.4852 	EXP 	text_3: autoDraw = False
216.4852 	EXP 	image_2: image = 'condition_1/rightstar.PNG'
217.5804 	EXP 	image_2: autoDraw = True
218.3929 	EXP 	image_2: autoDraw = False
218.6448 	EXP 	New trial (rep=1, index=7): {'stimuli': 9, 'star': 'condition_1/blank.PNG', 'CorrectAns': 'space'}
218.7456 	EXP 	image_2: autoDraw = False
218.7456 	EXP 	image_3: image = 'condition_1/fixation.png'
218.7456 	EXP 	image_3: autoDraw = True
219.1764 	EXP 	image_3: autoDraw = False
219.1764 	EXP 	text_3: height = 0.2
219.1764 	EXP 	text_3: height = 0.2
219.1764 	EXP 	text_3: height = 0.2
219.1764 	EXP 	text_3: text = 9
219.6598 	EXP 	text_3: autoDraw = True
220.0353 	EXP 	text_3: autoDraw = False
220.0353 	EXP 	text_3: autoDraw = False
220.0353 	EXP 	image_2: image = 'condition_1/blank.PNG'
221.2599 	EXP 	image_2: autoDraw = True
222.0596 	EXP 	image_2: autoDraw = False
223.6608 	EXP 	New trial (rep=1, index=8): {'stimuli': 1, 'star': 'condition_1/rightstar.PNG', 'CorrectAns': 'right'}
223.7667 	EXP 	image_2: autoDraw = False
223.7667 	EXP 	image_3: image = 'condition_1/fixation.png'
223.7667 	EXP 	image_3: autoDraw = True
224.1930 	EXP 	image_3: autoDraw = False
224.1930 	EXP 	text_3: height = 0.2
224.1930 	EXP 	text_3: height = 0.2
224.1930 	EXP 	text_3: height = 0.2
224.1930 	EXP 	text_3: text = 1
224.6598 	EXP 	text_3: autoDraw = True
225.1738 	EXP 	text_3: autoDraw = False
225.1738 	EXP 	text_3: autoDraw = False
225.1738 	EXP 	image_2: image = 'condition_1/rightstar.PNG'
226.2729 	EXP 	image_2: autoDraw = True
227.0763 	EXP 	image_2: autoDraw = False
228.1120 	EXP 	New trial (rep=1, index=9): {'stimuli': 1, 'star': 'condition_1/leftstar.PNG', 'CorrectAns': 'left'}
228.2124 	EXP 	image_2: autoDraw = False
228.2124 	EXP 	image_3: image = 'condition_1/fixation.png'
228.2124 	EXP 	image_3: autoDraw = True
228.6430 	EXP 	image_3: autoDraw = False
228.6430 	EXP 	text_3: height = 0.2
228.6430 	EXP 	text_3: height = 0.2
228.6430 	EXP 	text_3: height = 0.2
228.6430 	EXP 	text_3: text = 1
229.1265 	EXP 	text_3: autoDraw = True
229.6338 	EXP 	text_3: autoDraw = False
229.6338 	EXP 	text_3: autoDraw = False
229.6338 	EXP 	image_2: image = 'condition_1/leftstar.PNG'
230.7307 	EXP 	image_2: autoDraw = True
231.5432 	EXP 	image_2: autoDraw = False
232.0120 	EXP 	New trial (rep=1, index=10): {'stimuli': 8, 'star': 'condition_1/leftstar.PNG', 'CorrectAns': 'space'}
232.1239 	EXP 	image_2: autoDraw = False
232.1239 	EXP 	image_3: image = 'condition_1/fixation.png'
232.1239 	EXP 	image_3: autoDraw = True
232.5431 	EXP 	image_3: autoDraw = False
232.5431 	EXP 	text_3: height = 0.2
232.5431 	EXP 	text_3: height = 0.2
232.5431 	EXP 	text_3: height = 0.2
232.5431 	EXP 	text_3: text = 8
233.0265 	EXP 	text_3: autoDraw = True
233.5382 	EXP 	text_3: autoDraw = False
233.5382 	EXP 	text_3: autoDraw = False
233.5382 	EXP 	image_2: image = 'condition_1/leftstar.PNG'
234.6306 	EXP 	image_2: autoDraw = True
235.4429 	EXP 	image_2: autoDraw = False
236.6123 	EXP 	New trial (rep=1, index=11): {'stimuli': 2, 'star': 'condition_1/rightstar.PNG', 'CorrectAns': 'right'}
236.7210 	EXP 	image_2: autoDraw = False
236.7210 	EXP 	image_3: image = 'condition_1/fixation.png'
236.7210 	EXP 	image_3: autoDraw = True
237.1432 	EXP 	image_3: autoDraw = False
237.1432 	EXP 	text_3: height = 0.2
237.1432 	EXP 	text_3: height = 0.2
237.1432 	EXP 	text_3: height = 0.2
237.1432 	EXP 	text_3: text = 2
237.6265 	EXP 	text_3: autoDraw = True
238.1325 	EXP 	text_3: autoDraw = False
238.1325 	EXP 	text_3: autoDraw = False
238.1325 	EXP 	image_2: image = 'condition_1/rightstar.PNG'
239.2326 	EXP 	image_2: autoDraw = True
240.0431 	EXP 	image_2: autoDraw = False
240.3450 	EXP 	New trial (rep=1, index=12): {'stimuli': 8, 'star': 'condition_1/rightstar.PNG', 'CorrectAns': 'space'}
240.4439 	EXP 	image_2: autoDraw = False
240.4439 	EXP 	image_3: image = 'condition_1/fixation.png'
240.4439 	EXP 	image_3: autoDraw = True
240.8969 	EXP 	image_3: autoDraw = False
240.8969 	EXP 	text_3: height = 0.2
240.8969 	EXP 	text_3: height = 0.2
240.8969 	EXP 	text_3: height = 0.2
240.8969 	EXP 	text_3: text = 8
241.3600 	EXP 	text_3: autoDraw = True
241.8683 	EXP 	text_3: autoDraw = False
241.8683 	EXP 	text_3: autoDraw = False
241.8683 	EXP 	image_2: image = 'condition_1/rightstar.PNG'
242.9631 	EXP 	image_2: autoDraw = True
243.7763 	EXP 	image_2: autoDraw = False
248.8444 	EXP 	New trial (rep=1, index=13): {'stimuli': 2, 'star': 'condition_1/blank.PNG', 'CorrectAns': 'space'}
248.9452 	EXP 	image_2: autoDraw = False
248.9452 	EXP 	image_3: image = 'condition_1/fixation.png'
248.9452 	EXP 	image_3: autoDraw = True
249.3765 	EXP 	image_3: autoDraw = False
249.3765 	EXP 	text_3: height = 0.2
249.3765 	EXP 	text_3: height = 0.2
249.3765 	EXP 	text_3: height = 0.2
249.3765 	EXP 	text_3: text = 2
249.8599 	EXP 	text_3: autoDraw = True
250.2409 	EXP 	text_3: autoDraw = False
250.2409 	EXP 	text_3: autoDraw = False
250.2409 	EXP 	image_2: image = 'condition_1/blank.PNG'
251.4598 	EXP 	image_2: autoDraw = True
252.2598 	EXP 	image_2: autoDraw = False
253.2944 	EXP 	New trial (rep=1, index=14): {'stimuli': 8, 'star': 'condition_1/rightstar.PNG', 'CorrectAns': 'space'}
253.3918 	EXP 	image_2: autoDraw = False
253.3918 	EXP 	image_3: image = 'condition_1/fixation.png'
253.3918 	EXP 	image_3: autoDraw = True
253.8264 	EXP 	image_3: autoDraw = False
253.8264 	EXP 	text_3: height = 0.2
253.8264 	EXP 	text_3: height = 0.2
253.8264 	EXP 	text_3: height = 0.2
253.8264 	EXP 	text_3: text = 8
254.3098 	EXP 	text_3: autoDraw = True
254.8228 	EXP 	text_3: autoDraw = False
254.8228 	EXP 	text_3: autoDraw = False
254.8228 	EXP 	image_2: image = 'condition_1/rightstar.PNG'
255.9194 	EXP 	image_2: autoDraw = True
256.7264 	EXP 	image_2: autoDraw = False
258.0276 	EXP 	New trial (rep=1, index=15): {'stimuli': 2, 'star': 'condition_1/rightstar.PNG', 'CorrectAns': 'left'}
258.1291 	EXP 	image_2: autoDraw = False
258.1291 	EXP 	image_3: image = 'condition_1/fixation.png'
258.1291 	EXP 	image_3: autoDraw = True
258.5596 	EXP 	image_3: autoDraw = False
258.5596 	EXP 	text_3: height = 0.2
258.5596 	EXP 	text_3: height = 0.2
258.5596 	EXP 	text_3: height = 0.2
258.5596 	EXP 	text_3: text = 2
259.0432 	EXP 	text_3: autoDraw = True
259.5486 	EXP 	text_3: autoDraw = False
259.5486 	EXP 	text_3: autoDraw = False
259.5486 	EXP 	image_2: image = 'condition_1/rightstar.PNG'
260.6476 	EXP 	image_2: autoDraw = True
261.4596 	EXP 	image_2: autoDraw = False
262.4290 	EXP 	New trial (rep=1, index=16): {'stimuli': 9, 'star': 'condition_1/leftstar.PNG', 'CorrectAns': 'space'}
262.5314 	EXP 	image_2: autoDraw = False
262.5314 	EXP 	image_3: image = 'condition_1/fixation.png'
262.5314 	EXP 	image_3: autoDraw = True
262.9599 	EXP 	image_3: autoDraw = False
262.9599 	EXP 	text_3: height = 0.2
262.9599 	EXP 	text_3: height = 0.2
262.9599 	EXP 	text_3: height = 0.2
262.9599 	EXP 	text_3: text = 9
263.4431 	EXP 	text_3: autoDraw = True
263.9486 	EXP 	text_3: autoDraw = False
263.9486 	EXP 	text_3: autoDraw = False
263.9486 	EXP 	image_2: image = 'condition_1/leftstar.PNG'
265.0485 	EXP 	image_2: autoDraw = True
265.8596 	EXP 	image_2: autoDraw = False
267.1451 	EXP 	New trial (rep=1, index=17): {'stimuli': 2, 'star': 'condition_1/leftstar.PNG', 'CorrectAns': 'left'}
267.2501 	EXP 	image_2: autoDraw = False
267.2501 	EXP 	image_3: image = 'condition_1/fixation.png'
267.2501 	EXP 	image_3: autoDraw = True
267.6765 	EXP 	image_3: autoDraw = False
267.6765 	EXP 	text_3: height = 0.2
267.6765 	EXP 	text_3: height = 0.2
267.6765 	EXP 	text_3: height = 0.2
267.6765 	EXP 	text_3: text = 2
268.1597 	EXP 	text_3: autoDraw = True
268.6637 	EXP 	text_3: autoDraw = False
268.6637 	EXP 	text_3: autoDraw = False
268.6637 	EXP 	image_2: image = 'condition_1/leftstar.PNG'
269.7634 	EXP 	image_2: autoDraw = True
270.5765 	EXP 	image_2: autoDraw = False
272.5282 	EXP 	New trial (rep=1, index=18): {'stimuli': 1, 'star': 'condition_1/blank.PNG', 'CorrectAns': 'space'}
272.6285 	EXP 	image_2: autoDraw = False
272.6285 	EXP 	image_3: image = 'condition_1/fixation.png'
272.6285 	EXP 	image_3: autoDraw = True
273.0808 	EXP 	image_3: autoDraw = False
273.0808 	EXP 	text_3: height = 0.2
273.0808 	EXP 	text_3: height = 0.2
273.0808 	EXP 	text_3: height = 0.2
273.0808 	EXP 	text_3: text = 1
273.5432 	EXP 	text_3: autoDraw = True
273.9319 	EXP 	text_3: autoDraw = False
273.9319 	EXP 	text_3: autoDraw = False
273.9319 	EXP 	image_2: image = 'condition_1/blank.PNG'
275.1435 	EXP 	image_2: autoDraw = True
275.9435 	EXP 	image_2: autoDraw = False
277.4786 	EXP 	New trial (rep=1, index=19): {'stimuli': 9, 'star': 'condition_1/rightstar.PNG', 'CorrectAns': 'space'}
277.5803 	EXP 	image_2: autoDraw = False
277.5803 	EXP 	image_3: image = 'condition_1/fixation.png'
277.5803 	EXP 	image_3: autoDraw = True
278.0098 	EXP 	image_3: autoDraw = False
278.0098 	EXP 	text_3: height = 0.2
278.0098 	EXP 	text_3: height = 0.2
278.0098 	EXP 	text_3: height = 0.2
278.0098 	EXP 	text_3: text = 9
278.4932 	EXP 	text_3: autoDraw = True
279.0082 	EXP 	text_3: autoDraw = False
279.0082 	EXP 	text_3: autoDraw = False
279.0082 	EXP 	image_2: image = 'condition_1/rightstar.PNG'
280.1045 	EXP 	image_2: autoDraw = True
280.9098 	EXP 	image_2: autoDraw = False
281.3445 	EXP 	New trial (rep=1, index=20): {'stimuli': 2, 'star': 'condition_1/blank.PNG', 'CorrectAns': 'space'}
281.4447 	EXP 	image_2: autoDraw = False
281.4447 	EXP 	image_3: image = 'condition_1/fixation.png'
281.4447 	EXP 	image_3: autoDraw = True
281.8763 	EXP 	image_3: autoDraw = False
281.8763 	EXP 	text_3: height = 0.2
281.8763 	EXP 	text_3: height = 0.2
281.8763 	EXP 	text_3: height = 0.2
281.8763 	EXP 	text_3: text = 2
282.3598 	EXP 	text_3: autoDraw = True
282.7404 	EXP 	text_3: autoDraw = False
282.7404 	EXP 	text_3: autoDraw = False
282.7404 	EXP 	image_2: image = 'condition_1/blank.PNG'
283.9598 	EXP 	image_2: autoDraw = True
284.7598 	EXP 	image_2: autoDraw = False
285.8447 	EXP 	New trial (rep=1, index=21): {'stimuli': 2, 'star': 'condition_1/leftstar.PNG', 'CorrectAns': 'left'}
285.9442 	EXP 	image_2: autoDraw = False
285.9442 	EXP 	image_3: image = 'condition_1/fixation.png'
285.9442 	EXP 	image_3: autoDraw = True
286.3762 	EXP 	image_3: autoDraw = False
286.3762 	EXP 	text_3: height = 0.2
286.3762 	EXP 	text_3: height = 0.2
286.3762 	EXP 	text_3: height = 0.2
286.3762 	EXP 	text_3: text = 2
286.8600 	EXP 	text_3: autoDraw = True
287.3841 	EXP 	text_3: autoDraw = False
287.3841 	EXP 	text_3: autoDraw = False
287.3841 	EXP 	image_2: image = 'condition_1/leftstar.PNG'
288.4687 	EXP 	image_2: autoDraw = True
289.2613 	EXP 	New trial (rep=1, index=22): {'stimuli': 1, 'star': 'condition_1/rightstar.PNG', 'CorrectAns': 'right'}
289.3606 	EXP 	image_2: autoDraw = False
289.3606 	EXP 	image_2: autoDraw = False
289.3606 	EXP 	image_3: image = 'condition_1/fixation.png'
289.3606 	EXP 	image_3: autoDraw = True
289.7932 	EXP 	image_3: autoDraw = False
289.7932 	EXP 	text_3: height = 0.2
289.7932 	EXP 	text_3: height = 0.2
289.7932 	EXP 	text_3: height = 0.2
289.7932 	EXP 	text_3: text = 1
290.2766 	EXP 	text_3: autoDraw = True
290.7731 	EXP 	text_3: autoDraw = False
290.7731 	EXP 	text_3: autoDraw = False
290.7731 	EXP 	image_2: image = 'condition_1/rightstar.PNG'
291.8815 	EXP 	image_2: autoDraw = True
292.6937 	EXP 	image_2: autoDraw = False
293.1129 	EXP 	New trial (rep=1, index=23): {'stimuli': 2, 'star': 'condition_1/leftstar.PNG', 'CorrectAns': 'left'}
293.2252 	EXP 	image_2: autoDraw = False
293.2252 	EXP 	image_3: image = 'condition_1/fixation.png'
293.2252 	EXP 	image_3: autoDraw = True
293.6431 	EXP 	image_3: autoDraw = False
293.6431 	EXP 	text_3: height = 0.2
293.6431 	EXP 	text_3: height = 0.2
293.6431 	EXP 	text_3: height = 0.2
293.6431 	EXP 	text_3: text = 2
294.1265 	EXP 	text_3: autoDraw = True
294.6318 	EXP 	text_3: autoDraw = False
294.6318 	EXP 	text_3: autoDraw = False
294.6318 	EXP 	image_2: image = 'condition_1/leftstar.PNG'
295.7321 	EXP 	image_2: autoDraw = True
296.5436 	EXP 	image_2: autoDraw = False
296.5802 	EXP 	New trial (rep=1, index=24): {'stimuli': 1, 'star': 'condition_1/rightstar.PNG', 'CorrectAns': 'right'}
296.6916 	EXP 	image_2: autoDraw = False
296.6916 	EXP 	image_3: image = 'condition_1/fixation.png'
296.6916 	EXP 	image_3: autoDraw = True
297.1321 	EXP 	image_3: autoDraw = False
297.1321 	EXP 	text_3: height = 0.2
297.1321 	EXP 	text_3: height = 0.2
297.1321 	EXP 	text_3: height = 0.2
297.1321 	EXP 	text_3: text = 1
297.5934 	EXP 	text_3: autoDraw = True
298.1019 	EXP 	text_3: autoDraw = False
298.1019 	EXP 	text_3: autoDraw = False
298.1019 	EXP 	image_2: image = 'condition_1/rightstar.PNG'
299.1975 	EXP 	image_2: autoDraw = True
300.0102 	EXP 	image_2: autoDraw = False
300.2263 	EXP 	image_2: autoDraw = False
300.2263 	EXP 	text_10: autoDraw = True
312.5603 	EXP 	text_10: autoDraw = False
312.5603 	EXP 	text_7: autoDraw = True
322.4201 	EXP 	Imported test2/data4.xlsx as conditions, 6 conditions, 3 params
322.4209 	EXP 	Created sequence: random, trialTypes=6, nReps=1, seed=None
322.4212 	EXP 	New trial (rep=0, index=0): {'stimuli': 8, 'star': 'test2/leftstar.PNG', 'CorrectAns': 'left'}
322.5523 	EXP 	text_7: autoDraw = False
322.5523 	EXP 	image_8: image = 'test2/fixation.png'
322.5523 	EXP 	image_8: autoDraw = True
322.9432 	EXP 	image_8: autoDraw = False
322.9432 	EXP 	text_11: height = 0.05
322.9432 	EXP 	text_11: height = 0.05
322.9432 	EXP 	text_11: height = 0.05
322.9432 	EXP 	text_11: text = 8
323.4266 	EXP 	text_11: autoDraw = True
323.9435 	EXP 	text_11: autoDraw = False
323.9435 	EXP 	text_11: autoDraw = False
323.9435 	EXP 	image_9: image = 'test2/leftstar.PNG'
325.0558 	EXP 	image_9: autoDraw = True
325.8598 	EXP 	image_9: autoDraw = False
330.6784 	EXP 	New trial (rep=0, index=1): {'stimuli': 9, 'star': 'test2/rightstar.PNG', 'CorrectAns': 'right'}
330.7763 	EXP 	image_9: autoDraw = False
330.7763 	EXP 	image_8: image = 'test2/fixation.png'
330.7763 	EXP 	image_8: autoDraw = True
331.2101 	EXP 	image_8: autoDraw = False
331.2101 	EXP 	text_11: height = 0.05
331.2101 	EXP 	text_11: height = 0.05
331.2101 	EXP 	text_11: height = 0.05
331.2101 	EXP 	text_11: text = 9
331.6930 	EXP 	text_11: autoDraw = True
332.2010 	EXP 	text_11: autoDraw = False
332.2010 	EXP 	text_11: autoDraw = False
332.2010 	EXP 	image_9: image = 'test2/rightstar.PNG'
333.2970 	EXP 	image_9: autoDraw = True
334.1097 	EXP 	image_9: autoDraw = False
352.1782 	EXP 	New trial (rep=0, index=2): {'stimuli': 1, 'star': 'test2/leftstar.PNG', 'CorrectAns': 'space'}
352.2987 	EXP 	image_9: autoDraw = False
352.2987 	EXP 	image_8: image = 'test2/fixation.png'
352.2987 	EXP 	image_8: autoDraw = True
352.7100 	EXP 	image_8: autoDraw = False
352.7100 	EXP 	text_11: height = 0.05
352.7100 	EXP 	text_11: height = 0.05
352.7100 	EXP 	text_11: height = 0.05
352.7100 	EXP 	text_11: text = 1
353.1932 	EXP 	text_11: autoDraw = True
353.7079 	EXP 	text_11: autoDraw = False
353.7079 	EXP 	text_11: autoDraw = False
353.7079 	EXP 	image_9: image = 'test2/leftstar.PNG'
354.7822 	EXP 	image_9: autoDraw = True
354.8616 	EXP 	New trial (rep=0, index=3): {'stimuli': 1, 'star': 'test2/blank.PNG', 'CorrectAns': 'space'}
354.9614 	EXP 	image_9: autoDraw = False
354.9614 	EXP 	image_8: image = 'test2/fixation.png'
354.9614 	EXP 	image_8: autoDraw = True
355.3932 	EXP 	image_8: autoDraw = False
355.3932 	EXP 	text_11: height = 0.05
355.3932 	EXP 	text_11: height = 0.05
355.3932 	EXP 	text_11: height = 0.05
355.3932 	EXP 	text_11: text = 1
355.8766 	EXP 	text_11: autoDraw = True
356.2648 	EXP 	text_11: autoDraw = False
356.2648 	EXP 	text_11: autoDraw = False
356.2648 	EXP 	image_9: image = 'test2/blank.PNG'
357.4766 	EXP 	image_9: autoDraw = True
358.2765 	EXP 	image_9: autoDraw = False
360.0141 	EXP 	New trial (rep=0, index=4): {'stimuli': 2, 'star': 'test2/leftstar.PNG', 'CorrectAns': 'space'}
360.1126 	EXP 	image_9: autoDraw = False
360.1126 	EXP 	image_8: image = 'test2/fixation.png'
360.1126 	EXP 	image_8: autoDraw = True
360.5432 	EXP 	image_8: autoDraw = False
360.5432 	EXP 	text_11: height = 0.05
360.5432 	EXP 	text_11: height = 0.05
360.5432 	EXP 	text_11: height = 0.05
360.5432 	EXP 	text_11: text = 2
361.0266 	EXP 	text_11: autoDraw = True
361.5522 	EXP 	text_11: autoDraw = False
361.5522 	EXP 	text_11: autoDraw = False
361.5522 	EXP 	image_9: image = 'test2/leftstar.PNG'
362.6340 	EXP 	image_9: autoDraw = True
363.3778 	EXP 	New trial (rep=0, index=5): {'stimuli': 8, 'star': 'test2/rightstar.PNG', 'CorrectAns': 'right'}
363.4750 	EXP 	image_9: autoDraw = False
363.4750 	EXP 	image_8: image = 'test2/fixation.png'
363.4750 	EXP 	image_8: autoDraw = True
363.9097 	EXP 	image_8: autoDraw = False
363.9097 	EXP 	text_11: height = 0.05
363.9097 	EXP 	text_11: height = 0.05
363.9097 	EXP 	text_11: height = 0.05
363.9097 	EXP 	text_11: text = 8
364.3933 	EXP 	text_11: autoDraw = True
364.9041 	EXP 	text_11: autoDraw = False
364.9041 	EXP 	text_11: autoDraw = False
364.9041 	EXP 	image_9: image = 'test2/rightstar.PNG'
365.9976 	EXP 	image_9: autoDraw = True
366.5430 	EXP 	image_9: autoDraw = False
366.5430 	EXP 	text_12: autoDraw = True
367.5434 	EXP 	text_12: autoDraw = False
368.1600 	EXP 	text_12: autoDraw = False
368.1600 	EXP 	text_13: autoDraw = True
369.1599 	EXP 	text_13: autoDraw = False
370.6111 	EXP 	Imported condition_2/data2.xlsx as conditions, 25 conditions, 3 params
370.6119 	EXP 	Created sequence: random, trialTypes=25, nReps=2, seed=None
370.6121 	EXP 	New trial (rep=0, index=0): {'stimuli': 1, 'star': 'condition_2/leftstar.PNG', 'CorrectAns': 'space'}
370.7172 	EXP 	text_13: autoDraw = False
370.7172 	EXP 	image_4: image = 'condition_2/fixation.png'
370.7172 	EXP 	image_4: autoDraw = True
371.1098 	EXP 	image_4: autoDraw = False
371.1098 	EXP 	text: height = 0.2
371.1098 	EXP 	text: height = 0.2
371.1098 	EXP 	text: height = 0.2
371.1098 	EXP 	text: text = 1
371.5931 	EXP 	text: autoDraw = True
372.1061 	EXP 	text: autoDraw = False
372.1061 	EXP 	text: autoDraw = False
372.1061 	EXP 	image_5: image = 'condition_2/leftstar.PNG'
373.2038 	EXP 	image_5: autoDraw = True
374.0099 	EXP 	image_5: autoDraw = False
375.5292 	EXP 	New trial (rep=0, index=1): {'stimuli': 1, 'star': 'condition_2/leftstar.PNG', 'CorrectAns': 'space'}
375.6307 	EXP 	image_5: autoDraw = False
375.6307 	EXP 	image_4: image = 'condition_2/fixation.png'
375.6307 	EXP 	image_4: autoDraw = True
376.0599 	EXP 	image_4: autoDraw = False
376.0599 	EXP 	text: height = 0.2
376.0599 	EXP 	text: height = 0.2
376.0599 	EXP 	text: height = 0.2
376.0599 	EXP 	text: text = 1
376.5433 	EXP 	text: autoDraw = True
377.0470 	EXP 	text: autoDraw = False
377.0470 	EXP 	text: autoDraw = False
377.0470 	EXP 	image_5: image = 'condition_2/leftstar.PNG'
378.1481 	EXP 	image_5: autoDraw = True
378.8613 	EXP 	New trial (rep=0, index=2): {'stimuli': 9, 'star': 'condition_2/rightstar.PNG', 'CorrectAns': 'right'}
378.9582 	EXP 	image_5: autoDraw = False
378.9582 	EXP 	image_4: image = 'condition_2/fixation.png'
378.9582 	EXP 	image_4: autoDraw = True
379.3931 	EXP 	image_4: autoDraw = False
379.3931 	EXP 	text: height = 0.2
379.3931 	EXP 	text: height = 0.2
379.3931 	EXP 	text: height = 0.2
379.3931 	EXP 	text: text = 9
379.8766 	EXP 	text: autoDraw = True
380.3805 	EXP 	text: autoDraw = False
380.3805 	EXP 	text: autoDraw = False
380.3805 	EXP 	image_5: image = 'condition_2/rightstar.PNG'
381.4810 	EXP 	image_5: autoDraw = True
381.9119 	EXP 	New trial (rep=0, index=3): {'stimuli': 9, 'star': 'condition_2/leftstar.PNG', 'CorrectAns': 'left'}
382.0202 	EXP 	image_5: autoDraw = False
382.0202 	EXP 	image_4: image = 'condition_2/fixation.png'
382.0202 	EXP 	image_4: autoDraw = True
382.4431 	EXP 	image_4: autoDraw = False
382.4431 	EXP 	text: height = 0.2
382.4431 	EXP 	text: height = 0.2
382.4431 	EXP 	text: height = 0.2
382.4431 	EXP 	text: text = 9
382.9267 	EXP 	text: autoDraw = True
383.4371 	EXP 	text: autoDraw = False
383.4371 	EXP 	text: autoDraw = False
383.4371 	EXP 	image_5: image = 'condition_2/leftstar.PNG'
384.5312 	EXP 	image_5: autoDraw = True
385.3431 	EXP 	image_5: autoDraw = False
386.4452 	EXP 	New trial (rep=0, index=4): {'stimuli': 8, 'star': 'condition_2/leftstar.PNG', 'CorrectAns': 'left'}
386.5486 	EXP 	image_5: autoDraw = False
386.5486 	EXP 	image_4: image = 'condition_2/fixation.png'
386.5486 	EXP 	image_4: autoDraw = True
386.9765 	EXP 	image_4: autoDraw = False
386.9765 	EXP 	text: height = 0.2
386.9765 	EXP 	text: height = 0.2
386.9765 	EXP 	text: height = 0.2
386.9765 	EXP 	text: text = 8
387.4600 	EXP 	text: autoDraw = True
387.9778 	EXP 	text: autoDraw = False
387.9778 	EXP 	text: autoDraw = False
387.9778 	EXP 	image_5: image = 'condition_2/leftstar.PNG'
389.0631 	EXP 	image_5: autoDraw = True
389.8766 	EXP 	image_5: autoDraw = False
389.9113 	EXP 	New trial (rep=0, index=5): {'stimuli': 1, 'star': 'condition_2/leftstar.PNG', 'CorrectAns': 'space'}
390.0052 	EXP 	image_5: autoDraw = False
390.0052 	EXP 	image_4: image = 'condition_2/fixation.png'
390.0052 	EXP 	image_4: autoDraw = True
390.4433 	EXP 	image_4: autoDraw = False
390.4433 	EXP 	text: height = 0.2
390.4433 	EXP 	text: height = 0.2
390.4433 	EXP 	text: height = 0.2
390.4433 	EXP 	text: text = 1
390.9267 	EXP 	text: autoDraw = True
391.4351 	EXP 	text: autoDraw = False
391.4351 	EXP 	text: autoDraw = False
391.4351 	EXP 	image_5: image = 'condition_2/leftstar.PNG'
392.5149 	EXP 	image_5: autoDraw = True
393.3264 	EXP 	image_5: autoDraw = False
394.7948 	EXP 	New trial (rep=0, index=6): {'stimuli': 8, 'star': 'condition_2/rightstar.PNG', 'CorrectAns': 'right'}
394.8948 	EXP 	image_5: autoDraw = False
394.8948 	EXP 	image_4: image = 'condition_2/fixation.png'
394.8948 	EXP 	image_4: autoDraw = True
395.3480 	EXP 	image_4: autoDraw = False
395.3480 	EXP 	text: height = 0.2
395.3480 	EXP 	text: height = 0.2
395.3480 	EXP 	text: height = 0.2
395.3480 	EXP 	text: text = 8
395.8100 	EXP 	text: autoDraw = True
396.3168 	EXP 	text: autoDraw = False
396.3168 	EXP 	text: autoDraw = False
396.3168 	EXP 	image_5: image = 'condition_2/rightstar.PNG'
397.3995 	EXP 	image_5: autoDraw = True
397.8946 	EXP 	New trial (rep=0, index=7): {'stimuli': 8, 'star': 'condition_2/blank.PNG', 'CorrectAns': 'space'}
397.9916 	EXP 	image_5: autoDraw = False
397.9916 	EXP 	image_4: image = 'condition_2/fixation.png'
397.9916 	EXP 	image_4: autoDraw = True
398.4266 	EXP 	image_4: autoDraw = False
398.4266 	EXP 	text: height = 0.2
398.4266 	EXP 	text: height = 0.2
398.4266 	EXP 	text: height = 0.2
398.4266 	EXP 	text: text = 8
398.9102 	EXP 	text: autoDraw = True
399.2938 	EXP 	text: autoDraw = False
399.2938 	EXP 	text: autoDraw = False
399.2938 	EXP 	image_5: image = 'condition_2/blank.PNG'
400.4935 	EXP 	image_5: autoDraw = True
401.2936 	EXP 	image_5: autoDraw = False
404.0786 	EXP 	New trial (rep=0, index=8): {'stimuli': 8, 'star': 'condition_2/leftstar.PNG', 'CorrectAns': 'left'}
404.1766 	EXP 	image_5: autoDraw = False
404.1766 	EXP 	image_4: image = 'condition_2/fixation.png'
404.1766 	EXP 	image_4: autoDraw = True
404.6099 	EXP 	image_4: autoDraw = False
404.6099 	EXP 	text: height = 0.2
404.6099 	EXP 	text: height = 0.2
404.6099 	EXP 	text: height = 0.2
404.6099 	EXP 	text: text = 8
405.0933 	EXP 	text: autoDraw = True
405.6044 	EXP 	text: autoDraw = False
405.6044 	EXP 	text: autoDraw = False
405.6044 	EXP 	image_5: image = 'condition_2/leftstar.PNG'
406.7032 	EXP 	image_5: autoDraw = True
407.5098 	EXP 	image_5: autoDraw = False
409.0954 	EXP 	New trial (rep=0, index=9): {'stimuli': 2, 'star': 'condition_2/rightstar.PNG', 'CorrectAns': 'space'}
409.1969 	EXP 	image_5: autoDraw = False
409.1969 	EXP 	image_4: image = 'condition_2/fixation.png'
409.1969 	EXP 	image_4: autoDraw = True
409.6266 	EXP 	image_4: autoDraw = False
409.6266 	EXP 	text: height = 0.2
409.6266 	EXP 	text: height = 0.2
409.6266 	EXP 	text: height = 0.2
409.6266 	EXP 	text: text = 2
410.1101 	EXP 	text: autoDraw = True
410.6034 	EXP 	text: autoDraw = False
410.6034 	EXP 	text: autoDraw = False
410.6034 	EXP 	image_5: image = 'condition_2/rightstar.PNG'
411.7154 	EXP 	image_5: autoDraw = True
412.3779 	EXP 	New trial (rep=0, index=10): {'stimuli': 9, 'star': 'condition_2/blank.PNG', 'CorrectAns': 'space'}
412.4775 	EXP 	image_5: autoDraw = False
412.4775 	EXP 	image_4: image = 'condition_2/fixation.png'
412.4775 	EXP 	image_4: autoDraw = True
412.9099 	EXP 	image_4: autoDraw = False
412.9099 	EXP 	text: height = 0.2
412.9099 	EXP 	text: height = 0.2
412.9099 	EXP 	text: height = 0.2
412.9099 	EXP 	text: text = 9
413.3933 	EXP 	text: autoDraw = True
413.7708 	EXP 	text: autoDraw = False
413.7708 	EXP 	text: autoDraw = False
413.7708 	EXP 	image_5: image = 'condition_2/blank.PNG'
414.9940 	EXP 	image_5: autoDraw = True
415.7931 	EXP 	image_5: autoDraw = False
416.7947 	EXP 	New trial (rep=0, index=11): {'stimuli': 9, 'star': 'condition_2/leftstar.PNG', 'CorrectAns': 'left'}
416.8931 	EXP 	image_5: autoDraw = False
416.8931 	EXP 	image_4: image = 'condition_2/fixation.png'
416.8931 	EXP 	image_4: autoDraw = True
417.3264 	EXP 	image_4: autoDraw = False
417.3264 	EXP 	text: height = 0.2
417.3264 	EXP 	text: height = 0.2
417.3264 	EXP 	text: height = 0.2
417.3264 	EXP 	text: text = 9
417.8100 	EXP 	text: autoDraw = True
418.3308 	EXP 	text: autoDraw = False
418.3308 	EXP 	text: autoDraw = False
418.3308 	EXP 	image_5: image = 'condition_2/leftstar.PNG'
419.4190 	EXP 	image_5: autoDraw = True
419.8613 	EXP 	New trial (rep=0, index=12): {'stimuli': 1, 'star': 'condition_2/blank.PNG', 'CorrectAns': 'space'}
419.9605 	EXP 	image_5: autoDraw = False
419.9605 	EXP 	image_4: image = 'condition_2/fixation.png'
419.9605 	EXP 	image_4: autoDraw = True
420.4103 	EXP 	image_4: autoDraw = False
420.4103 	EXP 	text: height = 0.2
420.4103 	EXP 	text: height = 0.2
420.4103 	EXP 	text: height = 0.2
420.4103 	EXP 	text: text = 1
420.8768 	EXP 	text: autoDraw = True
421.2488 	EXP 	text: autoDraw = False
421.2488 	EXP 	text: autoDraw = False
421.2488 	EXP 	image_5: image = 'condition_2/blank.PNG'
422.4602 	EXP 	image_5: autoDraw = True
423.2599 	EXP 	image_5: autoDraw = False
424.7283 	EXP 	New trial (rep=0, index=13): {'stimuli': 2, 'star': 'condition_2/blank.PNG', 'CorrectAns': 'space'}
424.8249 	EXP 	image_5: autoDraw = False
424.8249 	EXP 	image_4: image = 'condition_2/fixation.png'
424.8249 	EXP 	image_4: autoDraw = True
425.2598 	EXP 	image_4: autoDraw = False
425.2598 	EXP 	text: height = 0.2
425.2598 	EXP 	text: height = 0.2
425.2598 	EXP 	text: height = 0.2
425.2598 	EXP 	text: text = 2
425.7433 	EXP 	text: autoDraw = True
426.0973 	EXP 	text: autoDraw = False
426.0973 	EXP 	text: autoDraw = False
426.0973 	EXP 	image_5: image = 'condition_2/blank.PNG'
427.3437 	EXP 	image_5: autoDraw = True
427.6447 	EXP 	New trial (rep=0, index=14): {'stimuli': 2, 'star': 'condition_2/rightstar.PNG', 'CorrectAns': 'space'}
427.7445 	EXP 	image_5: autoDraw = False
427.7445 	EXP 	image_4: image = 'condition_2/fixation.png'
427.7445 	EXP 	image_4: autoDraw = True
428.1766 	EXP 	image_4: autoDraw = False
428.1766 	EXP 	text: height = 0.2
428.1766 	EXP 	text: height = 0.2
428.1766 	EXP 	text: height = 0.2
428.1766 	EXP 	text: text = 2
428.6600 	EXP 	text: autoDraw = True
429.1716 	EXP 	text: autoDraw = False
429.1716 	EXP 	text: autoDraw = False
429.1716 	EXP 	image_5: image = 'condition_2/rightstar.PNG'
430.2704 	EXP 	image_5: autoDraw = True
430.7447 	EXP 	New trial (rep=0, index=15): {'stimuli': 8, 'star': 'condition_2/rightstar.PNG', 'CorrectAns': 'right'}
430.8413 	EXP 	image_5: autoDraw = False
430.8413 	EXP 	image_4: image = 'condition_2/fixation.png'
430.8413 	EXP 	image_4: autoDraw = True
431.2766 	EXP 	image_4: autoDraw = False
431.2766 	EXP 	text: height = 0.2
431.2766 	EXP 	text: height = 0.2
431.2766 	EXP 	text: height = 0.2
431.2766 	EXP 	text: text = 8
431.7601 	EXP 	text: autoDraw = True
432.2649 	EXP 	text: autoDraw = False
432.2649 	EXP 	text: autoDraw = False
432.2649 	EXP 	image_5: image = 'condition_2/rightstar.PNG'
433.3651 	EXP 	image_5: autoDraw = True
433.9113 	EXP 	New trial (rep=0, index=16): {'stimuli': 1, 'star': 'condition_2/rightstar.PNG', 'CorrectAns': 'space'}
434.0065 	EXP 	image_5: autoDraw = False
434.0065 	EXP 	image_4: image = 'condition_2/fixation.png'
434.0065 	EXP 	image_4: autoDraw = True
434.4432 	EXP 	image_4: autoDraw = False
434.4432 	EXP 	text: height = 0.2
434.4432 	EXP 	text: height = 0.2
434.4432 	EXP 	text: height = 0.2
434.4432 	EXP 	text: text = 1
434.9103 	EXP 	text: autoDraw = True
435.4217 	EXP 	text: autoDraw = False
435.4217 	EXP 	text: autoDraw = False
435.4217 	EXP 	image_5: image = 'condition_2/rightstar.PNG'
436.5156 	EXP 	image_5: autoDraw = True
437.2448 	EXP 	New trial (rep=0, index=17): {'stimuli': 2, 'star': 'condition_2/leftstar.PNG', 'CorrectAns': 'space'}
437.3435 	EXP 	image_5: autoDraw = False
437.3435 	EXP 	image_4: image = 'condition_2/fixation.png'
437.3435 	EXP 	image_4: autoDraw = True
437.7772 	EXP 	image_4: autoDraw = False
437.7772 	EXP 	text: height = 0.2
437.7772 	EXP 	text: height = 0.2
437.7772 	EXP 	text: height = 0.2
437.7772 	EXP 	text: text = 2
438.2437 	EXP 	text: autoDraw = True
438.7546 	EXP 	text: autoDraw = False
438.7546 	EXP 	text: autoDraw = False
438.7546 	EXP 	image_5: image = 'condition_2/leftstar.PNG'
439.8490 	EXP 	image_5: autoDraw = True
440.6604 	EXP 	image_5: autoDraw = False
441.2474 	EXP 	New trial (rep=0, index=18): {'stimuli': 9, 'star': 'condition_2/leftstar.PNG', 'CorrectAns': 'left'}
441.3478 	EXP 	image_5: autoDraw = False
441.3478 	EXP 	image_4: image = 'condition_2/fixation.png'
441.3478 	EXP 	image_4: autoDraw = True
441.7948 	EXP 	image_4: autoDraw = False
441.7948 	EXP 	text: height = 0.2
441.7948 	EXP 	text: height = 0.2
441.7948 	EXP 	text: height = 0.2
441.7948 	EXP 	text: text = 9
442.2598 	EXP 	text: autoDraw = True
442.7676 	EXP 	text: autoDraw = False
442.7676 	EXP 	text: autoDraw = False
442.7676 	EXP 	image_5: image = 'condition_2/leftstar.PNG'
443.8640 	EXP 	image_5: autoDraw = True
444.1642 	EXP 	New trial (rep=0, index=19): {'stimuli': 1, 'star': 'condition_2/rightstar.PNG', 'CorrectAns': 'space'}
444.2751 	EXP 	image_5: autoDraw = False
444.2751 	EXP 	image_4: image = 'condition_2/fixation.png'
444.2751 	EXP 	image_4: autoDraw = True
444.6934 	EXP 	image_4: autoDraw = False
444.6934 	EXP 	text: height = 0.2
444.6934 	EXP 	text: height = 0.2
444.6934 	EXP 	text: height = 0.2
444.6934 	EXP 	text: text = 1
445.1768 	EXP 	text: autoDraw = True
445.6889 	EXP 	text: autoDraw = False
445.6889 	EXP 	text: autoDraw = False
445.6889 	EXP 	image_5: image = 'condition_2/rightstar.PNG'
446.7823 	EXP 	image_5: autoDraw = True
447.5931 	EXP 	image_5: autoDraw = False
448.2288 	EXP 	New trial (rep=0, index=20): {'stimuli': 9, 'star': 'condition_2/rightstar.PNG', 'CorrectAns': 'right'}
448.3293 	EXP 	image_5: autoDraw = False
448.3293 	EXP 	image_4: image = 'condition_2/fixation.png'
448.3293 	EXP 	image_4: autoDraw = True
448.7598 	EXP 	image_4: autoDraw = False
448.7598 	EXP 	text: height = 0.2
448.7598 	EXP 	text: height = 0.2
448.7598 	EXP 	text: height = 0.2
448.7598 	EXP 	text: text = 9
449.2434 	EXP 	text: autoDraw = True
449.7482 	EXP 	text: autoDraw = False
449.7482 	EXP 	text: autoDraw = False
449.7482 	EXP 	image_5: image = 'condition_2/rightstar.PNG'
450.8473 	EXP 	image_5: autoDraw = True
451.3114 	EXP 	New trial (rep=0, index=21): {'stimuli': 8, 'star': 'condition_2/blank.PNG', 'CorrectAns': 'space'}
451.4100 	EXP 	image_5: autoDraw = False
451.4100 	EXP 	image_4: image = 'condition_2/fixation.png'
451.4100 	EXP 	image_4: autoDraw = True
451.8434 	EXP 	image_4: autoDraw = False
451.8434 	EXP 	text: height = 0.2
451.8434 	EXP 	text: height = 0.2
451.8434 	EXP 	text: height = 0.2
451.8434 	EXP 	text: text = 8
452.3267 	EXP 	text: autoDraw = True
452.7046 	EXP 	text: autoDraw = False
452.7046 	EXP 	text: autoDraw = False
452.7046 	EXP 	image_5: image = 'condition_2/blank.PNG'
453.9266 	EXP 	image_5: autoDraw = True
454.7266 	EXP 	image_5: autoDraw = False
455.4457 	EXP 	New trial (rep=0, index=22): {'stimuli': 2, 'star': 'condition_2/rightstar.PNG', 'CorrectAns': 'space'}
455.5453 	EXP 	image_5: autoDraw = False
455.5453 	EXP 	image_4: image = 'condition_2/fixation.png'
455.5453 	EXP 	image_4: autoDraw = True
455.9765 	EXP 	image_4: autoDraw = False
455.9765 	EXP 	text: height = 0.2
455.9765 	EXP 	text: height = 0.2
455.9765 	EXP 	text: height = 0.2
455.9765 	EXP 	text: text = 2
456.4599 	EXP 	text: autoDraw = True
456.9758 	EXP 	text: autoDraw = False
456.9758 	EXP 	text: autoDraw = False
456.9758 	EXP 	image_5: image = 'condition_2/rightstar.PNG'
458.0659 	EXP 	image_5: autoDraw = True
458.4809 	EXP 	New trial (rep=0, index=23): {'stimuli': 2, 'star': 'condition_2/leftstar.PNG', 'CorrectAns': 'space'}
458.5841 	EXP 	image_5: autoDraw = False
458.5841 	EXP 	image_4: image = 'condition_2/fixation.png'
458.5841 	EXP 	image_4: autoDraw = True
459.0099 	EXP 	image_4: autoDraw = False
459.0099 	EXP 	text: height = 0.2
459.0099 	EXP 	text: height = 0.2
459.0099 	EXP 	text: height = 0.2
459.0099 	EXP 	text: text = 2
459.4933 	EXP 	text: autoDraw = True
459.9978 	EXP 	text: autoDraw = False
459.9978 	EXP 	text: autoDraw = False
459.9978 	EXP 	image_5: image = 'condition_2/leftstar.PNG'
461.0978 	EXP 	image_5: autoDraw = True
461.9099 	EXP 	image_5: autoDraw = False
464.2455 	EXP 	New trial (rep=0, index=24): {'stimuli': 8, 'star': 'condition_2/rightstar.PNG', 'CorrectAns': 'right'}
464.3466 	EXP 	image_5: autoDraw = False
464.3466 	EXP 	image_4: image = 'condition_2/fixation.png'
464.3466 	EXP 	image_4: autoDraw = True
464.8513 	EXP 	image_4: autoDraw = False
464.8513 	EXP 	text: height = 0.2
464.8513 	EXP 	text: height = 0.2
464.8513 	EXP 	text: height = 0.2
464.8513 	EXP 	text: text = 8
465.2601 	EXP 	text: autoDraw = True
465.7677 	EXP 	text: autoDraw = False
465.7677 	EXP 	text: autoDraw = False
465.7677 	EXP 	image_5: image = 'condition_2/rightstar.PNG'
466.8642 	EXP 	image_5: autoDraw = True
467.6766 	EXP 	image_5: autoDraw = False
468.2454 	EXP 	New trial (rep=1, index=0): {'stimuli': 1, 'star': 'condition_2/rightstar.PNG', 'CorrectAns': 'space'}
468.3507 	EXP 	image_5: autoDraw = False
468.3507 	EXP 	image_4: image = 'condition_2/fixation.png'
468.3507 	EXP 	image_4: autoDraw = True
468.7766 	EXP 	image_4: autoDraw = False
468.7766 	EXP 	text: height = 0.2
468.7766 	EXP 	text: height = 0.2
468.7766 	EXP 	text: height = 0.2
468.7766 	EXP 	text: text = 1
469.2603 	EXP 	text: autoDraw = True
469.7738 	EXP 	text: autoDraw = False
469.7738 	EXP 	text: autoDraw = False
469.7738 	EXP 	image_5: image = 'condition_2/rightstar.PNG'
470.8655 	EXP 	image_5: autoDraw = True
471.6771 	EXP 	image_5: autoDraw = False
472.3306 	EXP 	New trial (rep=1, index=1): {'stimuli': 1, 'star': 'condition_2/rightstar.PNG', 'CorrectAns': 'space'}
472.4324 	EXP 	image_5: autoDraw = False
472.4324 	EXP 	image_4: image = 'condition_2/fixation.png'
472.4324 	EXP 	image_4: autoDraw = True
472.8598 	EXP 	image_4: autoDraw = False
472.8598 	EXP 	text: height = 0.2
472.8598 	EXP 	text: height = 0.2
472.8598 	EXP 	text: height = 0.2
472.8598 	EXP 	text: text = 1
473.3434 	EXP 	text: autoDraw = True
473.8484 	EXP 	text: autoDraw = False
473.8484 	EXP 	text: autoDraw = False
473.8484 	EXP 	image_5: image = 'condition_2/rightstar.PNG'
474.9473 	EXP 	image_5: autoDraw = True
475.7598 	EXP 	image_5: autoDraw = False
476.4445 	EXP 	New trial (rep=1, index=2): {'stimuli': 1, 'star': 'condition_2/leftstar.PNG', 'CorrectAns': 'space'}
476.5415 	EXP 	image_5: autoDraw = False
476.5415 	EXP 	image_4: image = 'condition_2/fixation.png'
476.5415 	EXP 	image_4: autoDraw = True
476.9765 	EXP 	image_4: autoDraw = False
476.9765 	EXP 	text: height = 0.2
476.9765 	EXP 	text: height = 0.2
476.9765 	EXP 	text: height = 0.2
476.9765 	EXP 	text: text = 1
477.4601 	EXP 	text: autoDraw = True
477.9586 	EXP 	text: autoDraw = False
477.9586 	EXP 	text: autoDraw = False
477.9586 	EXP 	image_5: image = 'condition_2/leftstar.PNG'
479.0647 	EXP 	image_5: autoDraw = True
479.8765 	EXP 	image_5: autoDraw = False
481.0958 	EXP 	New trial (rep=1, index=3): {'stimuli': 8, 'star': 'condition_2/rightstar.PNG', 'CorrectAns': 'right'}
481.2001 	EXP 	image_5: autoDraw = False
481.2001 	EXP 	image_4: image = 'condition_2/fixation.png'
481.2001 	EXP 	image_4: autoDraw = True
481.6398 	EXP 	image_4: autoDraw = False
481.6398 	EXP 	text: height = 0.2
481.6398 	EXP 	text: height = 0.2
481.6398 	EXP 	text: height = 0.2
481.6398 	EXP 	text: text = 8
482.1100 	EXP 	text: autoDraw = True
482.6137 	EXP 	text: autoDraw = False
482.6137 	EXP 	text: autoDraw = False
482.6137 	EXP 	image_5: image = 'condition_2/rightstar.PNG'
483.7158 	EXP 	image_5: autoDraw = True
484.5265 	EXP 	image_5: autoDraw = False
484.8786 	EXP 	New trial (rep=1, index=4): {'stimuli': 8, 'star': 'condition_2/leftstar.PNG', 'CorrectAns': 'left'}
484.9801 	EXP 	image_5: autoDraw = False
484.9801 	EXP 	image_4: image = 'condition_2/fixation.png'
484.9801 	EXP 	image_4: autoDraw = True
485.4098 	EXP 	image_4: autoDraw = False
485.4098 	EXP 	text: height = 0.2
485.4098 	EXP 	text: height = 0.2
485.4098 	EXP 	text: height = 0.2
485.4098 	EXP 	text: text = 8
485.8935 	EXP 	text: autoDraw = True
486.4018 	EXP 	text: autoDraw = False
486.4018 	EXP 	text: autoDraw = False
486.4018 	EXP 	image_5: image = 'condition_2/leftstar.PNG'
487.4972 	EXP 	image_5: autoDraw = True
487.8113 	EXP 	New trial (rep=1, index=5): {'stimuli': 9, 'star': 'condition_2/leftstar.PNG', 'CorrectAns': 'left'}
487.9109 	EXP 	image_5: autoDraw = False
487.9109 	EXP 	image_4: image = 'condition_2/fixation.png'
487.9109 	EXP 	image_4: autoDraw = True
488.3433 	EXP 	image_4: autoDraw = False
488.3433 	EXP 	text: height = 0.2
488.3433 	EXP 	text: height = 0.2
488.3433 	EXP 	text: height = 0.2
488.3433 	EXP 	text: text = 9
488.8267 	EXP 	text: autoDraw = True
489.3363 	EXP 	text: autoDraw = False
489.3363 	EXP 	text: autoDraw = False
489.3363 	EXP 	image_5: image = 'condition_2/leftstar.PNG'
490.4143 	EXP 	image_5: autoDraw = True
491.0125 	EXP 	New trial (rep=1, index=6): {'stimuli': 1, 'star': 'condition_2/blank.PNG', 'CorrectAns': 'space'}
491.1193 	EXP 	image_5: autoDraw = False
491.1193 	EXP 	image_4: image = 'condition_2/fixation.png'
491.1193 	EXP 	image_4: autoDraw = True
491.5433 	EXP 	image_4: autoDraw = False
491.5433 	EXP 	text: height = 0.2
491.5433 	EXP 	text: height = 0.2
491.5433 	EXP 	text: height = 0.2
491.5433 	EXP 	text: text = 1
492.0266 	EXP 	text: autoDraw = True
492.3994 	EXP 	text: autoDraw = False
492.3994 	EXP 	text: autoDraw = False
492.3994 	EXP 	image_5: image = 'condition_2/blank.PNG'
493.6269 	EXP 	image_5: autoDraw = True
494.4269 	EXP 	image_5: autoDraw = False
496.3964 	EXP 	New trial (rep=1, index=7): {'stimuli': 2, 'star': 'condition_2/leftstar.PNG', 'CorrectAns': 'space'}
496.4978 	EXP 	image_5: autoDraw = False
496.4978 	EXP 	image_4: image = 'condition_2/fixation.png'
496.4978 	EXP 	image_4: autoDraw = True
496.9265 	EXP 	image_4: autoDraw = False
496.9265 	EXP 	text: height = 0.2
496.9265 	EXP 	text: height = 0.2
496.9265 	EXP 	text: height = 0.2
496.9265 	EXP 	text: text = 2
497.4100 	EXP 	text: autoDraw = True
497.9194 	EXP 	text: autoDraw = False
497.9194 	EXP 	text: autoDraw = False
497.9194 	EXP 	image_5: image = 'condition_2/leftstar.PNG'
499.0174 	EXP 	image_5: autoDraw = True
499.4114 	EXP 	New trial (rep=1, index=8): {'stimuli': 2, 'star': 'condition_2/rightstar.PNG', 'CorrectAns': 'space'}
499.5081 	EXP 	image_5: autoDraw = False
499.5081 	EXP 	image_4: image = 'condition_2/fixation.png'
499.5081 	EXP 	image_4: autoDraw = True
499.9616 	EXP 	image_4: autoDraw = False
499.9616 	EXP 	text: height = 0.2
499.9616 	EXP 	text: height = 0.2
499.9616 	EXP 	text: height = 0.2
499.9616 	EXP 	text: text = 2
500.4268 	EXP 	text: autoDraw = True
500.9307 	EXP 	text: autoDraw = False
500.9307 	EXP 	text: autoDraw = False
500.9307 	EXP 	image_5: image = 'condition_2/rightstar.PNG'
502.0304 	EXP 	image_5: autoDraw = True
502.5120 	EXP 	New trial (rep=1, index=9): {'stimuli': 8, 'star': 'condition_2/rightstar.PNG', 'CorrectAns': 'right'}
502.6099 	EXP 	image_5: autoDraw = False
502.6099 	EXP 	image_4: image = 'condition_2/fixation.png'
502.6099 	EXP 	image_4: autoDraw = True
503.0435 	EXP 	image_4: autoDraw = False
503.0435 	EXP 	text: height = 0.2
503.0435 	EXP 	text: height = 0.2
503.0435 	EXP 	text: height = 0.2
503.0435 	EXP 	text: text = 8
503.5266 	EXP 	text: autoDraw = True
504.0343 	EXP 	text: autoDraw = False
504.0343 	EXP 	text: autoDraw = False
504.0343 	EXP 	image_5: image = 'condition_2/rightstar.PNG'
505.1303 	EXP 	image_5: autoDraw = True
505.5314 	EXP 	New trial (rep=1, index=10): {'stimuli': 9, 'star': 'condition_2/rightstar.PNG', 'CorrectAns': 'right'}
505.6448 	EXP 	image_5: autoDraw = False
505.6448 	EXP 	image_4: image = 'condition_2/fixation.png'
505.6448 	EXP 	image_4: autoDraw = True
506.0599 	EXP 	image_4: autoDraw = False
506.0599 	EXP 	text: height = 0.2
506.0599 	EXP 	text: height = 0.2
506.0599 	EXP 	text: height = 0.2
506.0599 	EXP 	text: text = 9
506.5434 	EXP 	text: autoDraw = True
507.0363 	EXP 	text: autoDraw = False
507.0363 	EXP 	text: autoDraw = False
507.0363 	EXP 	image_5: image = 'condition_2/rightstar.PNG'
508.1476 	EXP 	image_5: autoDraw = True
508.9602 	EXP 	image_5: autoDraw = False
509.6790 	EXP 	New trial (rep=1, index=11): {'stimuli': 2, 'star': 'condition_2/blank.PNG', 'CorrectAns': 'space'}
509.7859 	EXP 	image_5: autoDraw = False
509.7859 	EXP 	image_4: image = 'condition_2/fixation.png'
509.7859 	EXP 	image_4: autoDraw = True
510.2099 	EXP 	image_4: autoDraw = False
510.2099 	EXP 	text: height = 0.2
510.2099 	EXP 	text: height = 0.2
510.2099 	EXP 	text: height = 0.2
510.2099 	EXP 	text: text = 2
510.6935 	EXP 	text: autoDraw = True
511.0576 	EXP 	text: autoDraw = False
511.0576 	EXP 	text: autoDraw = False
511.0576 	EXP 	image_5: image = 'condition_2/blank.PNG'
512.2935 	EXP 	image_5: autoDraw = True
513.0933 	EXP 	image_5: autoDraw = False
514.2622 	EXP 	New trial (rep=1, index=12): {'stimuli': 2, 'star': 'condition_2/rightstar.PNG', 'CorrectAns': 'space'}
514.3648 	EXP 	image_5: autoDraw = False
514.3648 	EXP 	image_4: image = 'condition_2/fixation.png'
514.3648 	EXP 	image_4: autoDraw = True
514.7933 	EXP 	image_4: autoDraw = False
514.7933 	EXP 	text: height = 0.2
514.7933 	EXP 	text: height = 0.2
514.7933 	EXP 	text: height = 0.2
514.7933 	EXP 	text: text = 2
515.2768 	EXP 	text: autoDraw = True
515.7921 	EXP 	text: autoDraw = False
515.7921 	EXP 	text: autoDraw = False
515.7921 	EXP 	image_5: image = 'condition_2/rightstar.PNG'
516.8844 	EXP 	image_5: autoDraw = True
517.3984 	EXP 	New trial (rep=1, index=13): {'stimuli': 8, 'star': 'condition_2/blank.PNG', 'CorrectAns': 'space'}
517.5147 	EXP 	image_5: autoDraw = False
517.5147 	EXP 	image_4: image = 'condition_2/fixation.png'
517.5147 	EXP 	image_4: autoDraw = True
517.9267 	EXP 	image_4: autoDraw = False
517.9267 	EXP 	text: height = 0.2
517.9267 	EXP 	text: height = 0.2
517.9267 	EXP 	text: height = 0.2
517.9267 	EXP 	text: text = 8
518.4100 	EXP 	text: autoDraw = True
518.7802 	EXP 	text: autoDraw = False
518.7802 	EXP 	text: autoDraw = False
518.7802 	EXP 	image_5: image = 'condition_2/blank.PNG'
520.0101 	EXP 	image_5: autoDraw = True
520.8101 	EXP 	image_5: autoDraw = False
523.3615 	EXP 	New trial (rep=1, index=14): {'stimuli': 9, 'star': 'condition_2/blank.PNG', 'CorrectAns': 'space'}
523.4614 	EXP 	image_5: autoDraw = False
523.4614 	EXP 	image_4: image = 'condition_2/fixation.png'
523.4614 	EXP 	image_4: autoDraw = True
523.9129 	EXP 	image_4: autoDraw = False
523.9129 	EXP 	text: height = 0.2
523.9129 	EXP 	text: height = 0.2
523.9129 	EXP 	text: height = 0.2
523.9129 	EXP 	text: text = 9
524.3767 	EXP 	text: autoDraw = True
524.7484 	EXP 	text: autoDraw = False
524.7484 	EXP 	text: autoDraw = False
524.7484 	EXP 	image_5: image = 'condition_2/blank.PNG'
525.9767 	EXP 	image_5: autoDraw = True
526.7767 	EXP 	image_5: autoDraw = False
527.0788 	EXP 	New trial (rep=1, index=15): {'stimuli': 2, 'star': 'condition_2/leftstar.PNG', 'CorrectAns': 'space'}
527.1765 	EXP 	image_5: autoDraw = False
527.1765 	EXP 	image_4: image = 'condition_2/fixation.png'
527.1765 	EXP 	image_4: autoDraw = True
527.6101 	EXP 	image_4: autoDraw = False
527.6101 	EXP 	text: height = 0.2
527.6101 	EXP 	text: height = 0.2
527.6101 	EXP 	text: height = 0.2
527.6101 	EXP 	text: text = 2
528.0934 	EXP 	text: autoDraw = True
528.6083 	EXP 	text: autoDraw = False
528.6083 	EXP 	text: autoDraw = False
528.6083 	EXP 	image_5: image = 'condition_2/leftstar.PNG'
529.7111 	EXP 	image_5: autoDraw = True
530.5105 	EXP 	image_5: autoDraw = False
530.7646 	EXP 	New trial (rep=1, index=16): {'stimuli': 8, 'star': 'condition_2/blank.PNG', 'CorrectAns': 'space'}
530.8619 	EXP 	image_5: autoDraw = False
530.8619 	EXP 	image_4: image = 'condition_2/fixation.png'
530.8619 	EXP 	image_4: autoDraw = True
531.2933 	EXP 	image_4: autoDraw = False
531.2933 	EXP 	text: height = 0.2
531.2933 	EXP 	text: height = 0.2
531.2933 	EXP 	text: height = 0.2
531.2933 	EXP 	text: text = 8
531.7767 	EXP 	text: autoDraw = True
532.1566 	EXP 	text: autoDraw = False
532.1566 	EXP 	text: autoDraw = False
532.1566 	EXP 	image_5: image = 'condition_2/blank.PNG'
533.3767 	EXP 	image_5: autoDraw = True
534.1772 	EXP 	image_5: autoDraw = False
535.6778 	EXP 	New trial (rep=1, index=17): {'stimuli': 1, 'star': 'condition_2/leftstar.PNG', 'CorrectAns': 'space'}
535.7751 	EXP 	image_5: autoDraw = False
535.7751 	EXP 	image_4: image = 'condition_2/fixation.png'
535.7751 	EXP 	image_4: autoDraw = True
536.2099 	EXP 	image_4: autoDraw = False
536.2099 	EXP 	text: height = 0.2
536.2099 	EXP 	text: height = 0.2
536.2099 	EXP 	text: height = 0.2
536.2099 	EXP 	text: text = 1
536.6767 	EXP 	text: autoDraw = True
537.1940 	EXP 	text: autoDraw = False
537.1940 	EXP 	text: autoDraw = False
537.1940 	EXP 	image_5: image = 'condition_2/leftstar.PNG'
538.2845 	EXP 	image_5: autoDraw = True
539.0933 	EXP 	image_5: autoDraw = False
540.1283 	EXP 	New trial (rep=1, index=18): {'stimuli': 9, 'star': 'condition_2/leftstar.PNG', 'CorrectAns': 'left'}
540.2303 	EXP 	image_5: autoDraw = False
540.2303 	EXP 	image_4: image = 'condition_2/fixation.png'
540.2303 	EXP 	image_4: autoDraw = True
540.6599 	EXP 	image_4: autoDraw = False
540.6599 	EXP 	text: height = 0.2
540.6599 	EXP 	text: height = 0.2
540.6599 	EXP 	text: height = 0.2
540.6599 	EXP 	text: text = 9
541.1434 	EXP 	text: autoDraw = True
541.6501 	EXP 	text: autoDraw = False
541.6501 	EXP 	text: autoDraw = False
541.6501 	EXP 	image_5: image = 'condition_2/leftstar.PNG'
542.7482 	EXP 	image_5: autoDraw = True
543.5601 	EXP 	image_5: autoDraw = False
545.8454 	EXP 	New trial (rep=1, index=19): {'stimuli': 8, 'star': 'condition_2/leftstar.PNG', 'CorrectAns': 'left'}
545.9538 	EXP 	image_5: autoDraw = False
545.9538 	EXP 	image_4: image = 'condition_2/fixation.png'
545.9538 	EXP 	image_4: autoDraw = True
546.3767 	EXP 	image_4: autoDraw = False
546.3767 	EXP 	text: height = 0.2
546.3767 	EXP 	text: height = 0.2
546.3767 	EXP 	text: height = 0.2
546.3767 	EXP 	text: text = 8
546.8602 	EXP 	text: autoDraw = True
547.3648 	EXP 	text: autoDraw = False
547.3648 	EXP 	text: autoDraw = False
547.3648 	EXP 	image_5: image = 'condition_2/leftstar.PNG'
548.4648 	EXP 	image_5: autoDraw = True
549.2767 	EXP 	image_5: autoDraw = False
549.7291 	EXP 	New trial (rep=1, index=20): {'stimuli': 8, 'star': 'condition_2/rightstar.PNG', 'CorrectAns': 'right'}
549.8385 	EXP 	image_5: autoDraw = False
549.8385 	EXP 	image_4: image = 'condition_2/fixation.png'
549.8385 	EXP 	image_4: autoDraw = True
550.2784 	EXP 	image_4: autoDraw = False
550.2784 	EXP 	text: height = 0.2
550.2784 	EXP 	text: height = 0.2
550.2784 	EXP 	text: height = 0.2
550.2784 	EXP 	text: text = 8
550.7436 	EXP 	text: autoDraw = True
551.2515 	EXP 	text: autoDraw = False
551.2515 	EXP 	text: autoDraw = False
551.2515 	EXP 	image_5: image = 'condition_2/rightstar.PNG'
552.3485 	EXP 	image_5: autoDraw = True
553.1603 	EXP 	image_5: autoDraw = False
553.4297 	EXP 	New trial (rep=1, index=21): {'stimuli': 2, 'star': 'condition_2/rightstar.PNG', 'CorrectAns': 'space'}
553.5386 	EXP 	image_5: autoDraw = False
553.5386 	EXP 	image_4: image = 'condition_2/fixation.png'
553.5386 	EXP 	image_4: autoDraw = True
553.9601 	EXP 	image_4: autoDraw = False
553.9601 	EXP 	text: height = 0.2
553.9601 	EXP 	text: height = 0.2
553.9601 	EXP 	text: height = 0.2
553.9601 	EXP 	text: text = 2
554.4436 	EXP 	text: autoDraw = True
554.9427 	EXP 	text: autoDraw = False
554.9427 	EXP 	text: autoDraw = False
554.9427 	EXP 	image_5: image = 'condition_2/rightstar.PNG'
556.0484 	EXP 	image_5: autoDraw = True
556.8603 	EXP 	image_5: autoDraw = False
556.8799 	EXP 	New trial (rep=1, index=22): {'stimuli': 9, 'star': 'condition_2/leftstar.PNG', 'CorrectAns': 'left'}
556.9858 	EXP 	image_5: autoDraw = False
556.9858 	EXP 	image_4: image = 'condition_2/fixation.png'
556.9858 	EXP 	image_4: autoDraw = True
557.4099 	EXP 	image_4: autoDraw = False
557.4099 	EXP 	text: height = 0.2
557.4099 	EXP 	text: height = 0.2
557.4099 	EXP 	text: height = 0.2
557.4099 	EXP 	text: text = 9
557.8934 	EXP 	text: autoDraw = True
558.4010 	EXP 	text: autoDraw = False
558.4010 	EXP 	text: autoDraw = False
558.4010 	EXP 	image_5: image = 'condition_2/leftstar.PNG'
559.4969 	EXP 	image_5: autoDraw = True
560.3100 	EXP 	image_5: autoDraw = False
560.3617 	EXP 	New trial (rep=1, index=23): {'stimuli': 1, 'star': 'condition_2/leftstar.PNG', 'CorrectAns': 'space'}
560.4606 	EXP 	image_5: autoDraw = False
560.4606 	EXP 	image_4: image = 'condition_2/fixation.png'
560.4606 	EXP 	image_4: autoDraw = True
560.8933 	EXP 	image_4: autoDraw = False
560.8933 	EXP 	text: height = 0.2
560.8933 	EXP 	text: height = 0.2
560.8933 	EXP 	text: height = 0.2
560.8933 	EXP 	text: text = 1
561.3767 	EXP 	text: autoDraw = True
561.8834 	EXP 	text: autoDraw = False
561.8834 	EXP 	text: autoDraw = False
561.8834 	EXP 	image_5: image = 'condition_2/leftstar.PNG'
562.9807 	EXP 	image_5: autoDraw = True
563.7935 	EXP 	image_5: autoDraw = False
564.4288 	EXP 	New trial (rep=1, index=24): {'stimuli': 9, 'star': 'condition_2/rightstar.PNG', 'CorrectAns': 'right'}
564.5334 	EXP 	image_5: autoDraw = False
564.5334 	EXP 	image_4: image = 'condition_2/fixation.png'
564.5334 	EXP 	image_4: autoDraw = True
564.9600 	EXP 	image_4: autoDraw = False
564.9600 	EXP 	text: height = 0.2
564.9600 	EXP 	text: height = 0.2
564.9600 	EXP 	text: height = 0.2
564.9600 	EXP 	text: text = 9
565.4434 	EXP 	text: autoDraw = True
565.9488 	EXP 	text: autoDraw = False
565.9488 	EXP 	text: autoDraw = False
565.9488 	EXP 	image_5: image = 'condition_2/rightstar.PNG'
567.0474 	EXP 	image_5: autoDraw = True
567.7099 	EXP 	image_5: autoDraw = False
567.7101 	EXP 	untitled: status = STOPPED
567.8048 	EXP 	window1: mouseVisible = True
