13.9811 	WARNING 	User requested fullscreen with size [1024  768], but screen is actually [1920, 1080]. Using actual size
15.3532 	EXP 	Created window1 = Window(allowGUI=True, allowStencil=False, autoLog=True, backendConf=UNKNOWN, backgroundFit=<method-wrapper '__getattribute__' of attributeSetter object at 0x0000024772FF7FD0>, backgroundImage=<method-wrapper '__getattribute__' of attributeSetter object at 0x0000024772FF7F70>, bitsMode=UNKNOWN, blendMode='avg', bpc=(8, 8, 8), color=array([0, 0, 0]), colorSpace='rgb', depthBits=8, fullscr=<method-wrapper '__getattribute__' of attributeSetter object at 0x0000024772FF7D90>, gamma=None, gammaErrorPolicy='raise', lms=UNKNOWN, monitor=<psychopy.monitors.calibTools.Monitor object at 0x00000247731A1BE0>, multiSample=False, name='window1', numSamples=2, pos=(0, 0), screen=0, size=array([1920, 1080]), stencilBits=0, stereo=False, title='PsychoPy', units='height', useFBO=True, useRetina=False, viewOri=0.0, viewPos=None, viewScale=None, waitBlanking=True, winType='pyglet')
15.3534 	EXP 	window1: mouseVisible = True
15.3534 	EXP 	window1: backgroundImage = ''
15.3534 	EXP 	window1: backgroundFit = 'none'
15.3578 	EXP 	window1: Attempting to measure frame rate of screen (0) ...
15.3579 	EXP 	window1: recordFrameIntervals = False
15.5188 	EXP 	window1: recordFrameIntervals = True
15.7023 	EXP 	Screen (0) actual frame rate measured at 59.96Hz
15.7024 	EXP 	window1: recordFrameIntervals = False
15.7025 	EXP 	window1: mouseVisible = False
17.3570 	EXP 	untitled: status = STARTED
17.3574 	EXP 	window1: mouseVisible = True
17.4684 	EXP 	Created text_9 = TextStim(__class__=<class 'psychopy.visual.text.TextStim'>, alignHoriz=method-wrapper(...), alignText='center', alignVert=method-wrapper(...), anchorHoriz='center', anchorVert='center', antialias=True, autoDraw=False, autoLog=True, bold=False, color=array([1., 1., 1.]), colorSpace='rgb', contrast=1.0, depth=0.0, draggable=False, flipHoriz=False, flipVert=False, font='Open Sans', fontFiles=[], height=0.05, italic=False, languageStyle='LTR', name='text_9', opacity=1.0, ori=0.0, pos=array([0., 0.]), rgb=UNKNOWN, text=str(...), units='height', win=Window(...), wrapWidth=1)
17.4687 	EXP 	window1: mouseVisible = True
17.4925 	EXP 	Created text_6 = TextStim(__class__=<class 'psychopy.visual.text.TextStim'>, alignHoriz=method-wrapper(...), alignText='center', alignVert=method-wrapper(...), anchorHoriz='center', anchorVert='center', antialias=True, autoDraw=False, autoLog=True, bold=False, color=array([1., 1., 1.]), colorSpace='rgb', contrast=1.0, depth=0.0, draggable=False, flipHoriz=False, flipVert=False, font='Open Sans', fontFiles=[], height=0.05, italic=False, languageStyle='LTR', name='text_6', opacity=1.0, ori=0.0, pos=array([0., 0.]), rgb=UNKNOWN, text=str(...), units='height', win=Window(...), wrapWidth=1)
17.4926 	EXP 	window1: mouseVisible = True
17.5102 	EXP 	Created image_6 = ImageStim(__class__=<class 'psychopy.visual.image.ImageStim'>, anchor=('center', 'center'), autoLog=True, color=array([1., 1., 1.]), colorSpace='rgb', contrast=1.0, depth=0.0, draggable=False, flipHoriz=False, flipVert=False, image='default.png', interpolate=True, mask=None, maskParams=None, name='image_6', opacity=1.0, ori=0.0, pos=array([0., 0.]), size=array([2.5, 1.5]), texRes=128.0, units='height', win=Window(...))
17.5103 	EXP 	window1: mouseVisible = True
17.5119 	EXP 	Created text_4 = TextStim(__class__=<class 'psychopy.visual.text.TextStim'>, alignHoriz=method-wrapper(...), alignText='center', alignVert=method-wrapper(...), anchorHoriz='center', anchorVert='center', antialias=True, autoDraw=False, autoLog=True, bold=False, color=array([1., 1., 1.]), colorSpace='rgb', contrast=1.0, depth=0.0, draggable=False, flipHoriz=False, flipVert=False, font='Open Sans', fontFiles=[], height=0.2, italic=False, languageStyle='LTR', name='text_4', opacity=1.0, ori=0.0, pos=array([0., 0.]), rgb=UNKNOWN, text='', units='height', win=Window(...), wrapWidth=1)
17.5120 	EXP 	window1: mouseVisible = True
17.5286 	EXP 	Created image_7 = ImageStim(__class__=<class 'psychopy.visual.image.ImageStim'>, anchor=('center', 'center'), autoLog=True, color=array([1., 1., 1.]), colorSpace='rgb', contrast=1.0, depth=0.0, draggable=False, flipHoriz=False, flipVert=False, image='default.png', interpolate=True, mask=None, maskParams=None, name='image_7', opacity=1.0, ori=0.0, pos=array([0., 0.]), size=array([2.5, 1.5]), texRes=128.0, units='height', win=Window(...))
17.5288 	EXP 	window1: mouseVisible = True
17.5430 	EXP 	Created text_8 = TextStim(__class__=<class 'psychopy.visual.text.TextStim'>, alignHoriz=method-wrapper(...), alignText='center', alignVert=method-wrapper(...), anchorHoriz='center', anchorVert='center', antialias=True, autoDraw=False, autoLog=True, bold=False, color=array([1., 1., 1.]), colorSpace='rgb', contrast=1.0, depth=0.0, draggable=False, flipHoriz=False, flipVert=False, font='Open Sans', fontFiles=[], height=0.05, italic=False, languageStyle='LTR', name='text_8', opacity=1.0, ori=0.0, pos=array([0., 0.]), rgb=UNKNOWN, text='休息一下，下面进入正式测试啦！\n\n准备好可以按 空格 继续', units='height', win=Window(...), wrapWidth=1)
17.5431 	EXP 	window1: mouseVisible = True
17.5552 	EXP 	Created text_5 = TextStim(__class__=<class 'psychopy.visual.text.TextStim'>, alignHoriz=method-wrapper(...), alignText='center', alignVert=method-wrapper(...), anchorHoriz='center', anchorVert='center', antialias=True, autoDraw=False, autoLog=True, bold=False, color=array([1., 1., 1.]), colorSpace='rgb', contrast=1.0, depth=0.0, draggable=False, flipHoriz=False, flipVert=False, font='Open Sans', fontFiles=[], height=0.05, italic=False, languageStyle='LTR', name='text_5', opacity=1.0, ori=0.0, pos=array([0., 0.]), rgb=UNKNOWN, text=str(...), units='height', win=Window(...), wrapWidth=1)
17.5554 	EXP 	window1: mouseVisible = True
17.5665 	EXP 	Created image_3 = ImageStim(__class__=<class 'psychopy.visual.image.ImageStim'>, anchor=('center', 'center'), autoLog=True, color=array([1., 1., 1.]), colorSpace='rgb', contrast=1.0, depth=0.0, draggable=False, flipHoriz=False, flipVert=False, image='default.png', interpolate=True, mask=None, maskParams=None, name='image_3', opacity=1.0, ori=0.0, pos=array([0., 0.]), size=array([2.5, 1.5]), texRes=128.0, units='height', win=Window(...))
17.5666 	EXP 	window1: mouseVisible = True
17.5678 	EXP 	Created text_3 = TextStim(__class__=<class 'psychopy.visual.text.TextStim'>, alignHoriz=method-wrapper(...), alignText='center', alignVert=method-wrapper(...), anchorHoriz='center', anchorVert='center', antialias=True, autoDraw=False, autoLog=True, bold=False, color=array([1., 1., 1.]), colorSpace='rgb', contrast=1.0, depth=0.0, draggable=False, flipHoriz=False, flipVert=False, font='Open Sans', fontFiles=[], height=0.2, italic=False, languageStyle='LTR', name='text_3', opacity=1.0, ori=0.0, pos=array([0., 0.]), rgb=UNKNOWN, text='', units='height', win=Window(...), wrapWidth=1)
17.5679 	EXP 	window1: mouseVisible = True
17.5814 	EXP 	Created image_2 = ImageStim(__class__=<class 'psychopy.visual.image.ImageStim'>, anchor=('center', 'center'), autoLog=True, color=array([1., 1., 1.]), colorSpace='rgb', contrast=1.0, depth=0.0, draggable=False, flipHoriz=False, flipVert=False, image='default.png', interpolate=True, mask=None, maskParams=None, name='image_2', opacity=1.0, ori=0.0, pos=array([0., 0.]), size=array([2.5, 1.5]), texRes=128.0, units='height', win=Window(...))
17.5815 	EXP 	window1: mouseVisible = True
17.5976 	EXP 	Created text_10 = TextStim(__class__=<class 'psychopy.visual.text.TextStim'>, alignHoriz=method-wrapper(...), alignText='center', alignVert=method-wrapper(...), anchorHoriz='center', anchorVert='center', antialias=True, autoDraw=False, autoLog=True, bold=False, color=array([1., 1., 1.]), colorSpace='rgb', contrast=1.0, depth=0.0, draggable=False, flipHoriz=False, flipVert=False, font='Open Sans', fontFiles=[], height=0.05, italic=False, languageStyle='LTR', name='text_10', opacity=1.0, ori=0.0, pos=array([0., 0.]), rgb=UNKNOWN, text=str(...), units='height', win=Window(...), wrapWidth=1)
17.5978 	EXP 	window1: mouseVisible = True
17.6080 	EXP 	Created text_7 = TextStim(__class__=<class 'psychopy.visual.text.TextStim'>, alignHoriz=method-wrapper(...), alignText='center', alignVert=method-wrapper(...), anchorHoriz='center', anchorVert='center', antialias=True, autoDraw=False, autoLog=True, bold=False, color=array([1., 1., 1.]), colorSpace='rgb', contrast=1.0, depth=0.0, draggable=False, flipHoriz=False, flipVert=False, font='Open Sans', fontFiles=[], height=0.05, italic=False, languageStyle='LTR', name='text_7', opacity=1.0, ori=0.0, pos=array([0., 0.]), rgb=UNKNOWN, text=str(...), units='height', win=Window(...), wrapWidth=1)
17.6081 	EXP 	window1: mouseVisible = True
17.6176 	EXP 	Created image_8 = ImageStim(__class__=<class 'psychopy.visual.image.ImageStim'>, anchor=('center', 'center'), autoLog=True, color=array([1., 1., 1.]), colorSpace='rgb', contrast=1.0, depth=0.0, draggable=False, flipHoriz=False, flipVert=False, image='default.png', interpolate=True, mask=None, maskParams=None, name='image_8', opacity=1.0, ori=0.0, pos=array([0., 0.]), size=array([0.5, 0.5]), texRes=128.0, units='height', win=Window(...))
17.6177 	EXP 	window1: mouseVisible = True
17.6188 	EXP 	Created text_11 = TextStim(__class__=<class 'psychopy.visual.text.TextStim'>, alignHoriz=method-wrapper(...), alignText='center', alignVert=method-wrapper(...), anchorHoriz='center', anchorVert='center', antialias=True, autoDraw=False, autoLog=True, bold=False, color=array([1., 1., 1.]), colorSpace='rgb', contrast=1.0, depth=0.0, draggable=False, flipHoriz=False, flipVert=False, font='Open Sans', fontFiles=[], height=0.05, italic=False, languageStyle='LTR', name='text_11', opacity=1.0, ori=0.0, pos=array([0., 0.]), rgb=UNKNOWN, text='', units='height', win=Window(...), wrapWidth=1)
17.6189 	EXP 	window1: mouseVisible = True
17.6314 	EXP 	Created image_9 = ImageStim(__class__=<class 'psychopy.visual.image.ImageStim'>, anchor=('center', 'center'), autoLog=True, color=array([1., 1., 1.]), colorSpace='rgb', contrast=1.0, depth=0.0, draggable=False, flipHoriz=False, flipVert=False, image='default.png', interpolate=True, mask=None, maskParams=None, name='image_9', opacity=1.0, ori=0.0, pos=array([0., 0.]), size=array([2.5, 1.5]), texRes=128.0, units='height', win=Window(...))
17.6315 	EXP 	window1: mouseVisible = True
17.6374 	EXP 	Created text_12 = TextStim(__class__=<class 'psychopy.visual.text.TextStim'>, alignHoriz=method-wrapper(...), alignText='center', alignVert=method-wrapper(...), anchorHoriz='center', anchorVert='center', antialias=True, autoDraw=False, autoLog=True, bold=False, color=array([1., 1., 1.]), colorSpace='rgb', contrast=1.0, depth=0.0, draggable=False, flipHoriz=False, flipVert=False, font='Open Sans', fontFiles=[], height=0.05, italic=False, languageStyle='LTR', name='text_12', opacity=1.0, ori=0.0, pos=array([0., 0.]), rgb=UNKNOWN, text='休息一下，下面进入正式测试啦！\n\n准备好可以按 空格 继续', units='height', win=Window(...), wrapWidth=1)
17.6375 	EXP 	window1: mouseVisible = True
17.6476 	EXP 	Created text_13 = TextStim(__class__=<class 'psychopy.visual.text.TextStim'>, alignHoriz=method-wrapper(...), alignText='center', alignVert=method-wrapper(...), anchorHoriz='center', anchorVert='center', antialias=True, autoDraw=False, autoLog=True, bold=False, color=array([1., 1., 1.]), colorSpace='rgb', contrast=1.0, depth=0.0, draggable=False, flipHoriz=False, flipVert=False, font='Open Sans', fontFiles=[], height=0.05, italic=False, languageStyle='LTR', name='text_13', opacity=1.0, ori=0.0, pos=array([0., 0.]), rgb=UNKNOWN, text=str(...), units='height', win=Window(...), wrapWidth=1)
17.6477 	EXP 	window1: mouseVisible = True
17.6613 	EXP 	Created image_4 = ImageStim(__class__=<class 'psychopy.visual.image.ImageStim'>, anchor=('center', 'center'), autoLog=True, color=array([1., 1., 1.]), colorSpace='rgb', contrast=1.0, depth=0.0, draggable=False, flipHoriz=False, flipVert=False, image='default.png', interpolate=True, mask=None, maskParams=None, name='image_4', opacity=1.0, ori=0.0, pos=array([0., 0.]), size=array([2.5, 1.5]), texRes=128.0, units='height', win=Window(...))
17.6614 	EXP 	window1: mouseVisible = True
17.6626 	EXP 	Created text = TextStim(__class__=<class 'psychopy.visual.text.TextStim'>, alignHoriz=method-wrapper(...), alignText='center', alignVert=method-wrapper(...), anchorHoriz='center', anchorVert='center', antialias=True, autoDraw=False, autoLog=True, bold=False, color=array([1., 1., 1.]), colorSpace='rgb', contrast=1.0, depth=0.0, draggable=False, flipHoriz=False, flipVert=False, font='Open Sans', fontFiles=[], height=0.2, italic=False, languageStyle='LTR', name='text', opacity=1.0, ori=0.0, pos=array([0., 0.]), rgb=UNKNOWN, text='', units='height', win=Window(...), wrapWidth=1)
17.6626 	EXP 	window1: mouseVisible = True
17.6793 	EXP 	Created image_5 = ImageStim(__class__=<class 'psychopy.visual.image.ImageStim'>, anchor=('center', 'center'), autoLog=True, color=array([1., 1., 1.]), colorSpace='rgb', contrast=1.0, depth=0.0, draggable=False, flipHoriz=False, flipVert=False, image='default.png', interpolate=True, mask=None, maskParams=None, name='image_5', opacity=1.0, ori=0.0, pos=array([0., 0.]), size=array([2.5, 1.5]), texRes=128.0, units='height', win=Window(...))
0.0088 	EXP 	text_9: autoDraw = True
6.4229 	EXP 	text_9: autoDraw = False
6.4229 	EXP 	text_6: autoDraw = True
45.2174 	EXP 	Imported test/data3.xlsx as conditions, 6 conditions, 3 params
45.2181 	EXP 	Created sequence: random, trialTypes=6, nReps=1, seed=None
45.2184 	EXP 	New trial (rep=0, index=0): {'stimuli': 2, 'star': 'test/leftstar.PNG', 'CorrectAns': 'left'}
45.4007 	EXP 	text_6: autoDraw = False
45.4007 	EXP 	image_6: image = 'test/fixation.png'
45.4007 	EXP 	image_6: autoDraw = True
45.7225 	EXP 	image_6: autoDraw = False
45.7225 	EXP 	text_4: height = 0.2
45.7225 	EXP 	text_4: height = 0.2
45.7225 	EXP 	text_4: height = 0.2
45.7225 	EXP 	text_4: text = 2
46.2225 	EXP 	text_4: autoDraw = True
46.7264 	EXP 	text_4: autoDraw = False
46.7264 	EXP 	text_4: autoDraw = False
46.7264 	EXP 	image_7: image = 'test/leftstar.PNG'
47.8353 	EXP 	image_7: autoDraw = True
48.6392 	EXP 	image_7: autoDraw = False
48.7417 	EXP 	New trial (rep=0, index=1): {'stimuli': 1, 'star': 'test/leftstar.PNG', 'CorrectAns': 'left'}
48.8400 	EXP 	image_7: autoDraw = False
48.8400 	EXP 	image_6: image = 'test/fixation.png'
48.8400 	EXP 	image_6: autoDraw = True
49.2557 	EXP 	image_6: autoDraw = False
49.2557 	EXP 	text_4: height = 0.2
49.2557 	EXP 	text_4: height = 0.2
49.2557 	EXP 	text_4: height = 0.2
49.2557 	EXP 	text_4: text = 1
49.7561 	EXP 	text_4: autoDraw = True
50.2591 	EXP 	text_4: autoDraw = False
50.2591 	EXP 	text_4: autoDraw = False
50.2591 	EXP 	image_7: image = 'test/leftstar.PNG'
51.3686 	EXP 	image_7: autoDraw = True
51.7614 	EXP 	New trial (rep=0, index=2): {'stimuli': 9, 'star': 'test/rightstar.PNG', 'CorrectAns': 'space'}
51.8607 	EXP 	image_7: autoDraw = False
51.8607 	EXP 	image_6: image = 'test/fixation.png'
51.8607 	EXP 	image_6: autoDraw = True
52.2892 	EXP 	image_6: autoDraw = False
52.2892 	EXP 	text_4: height = 0.2
52.2892 	EXP 	text_4: height = 0.2
52.2892 	EXP 	text_4: height = 0.2
52.2892 	EXP 	text_4: text = 9
52.7727 	EXP 	text_4: autoDraw = True
53.2740 	EXP 	text_4: autoDraw = False
53.2740 	EXP 	text_4: autoDraw = False
53.2740 	EXP 	image_7: image = 'test/rightstar.PNG'
54.3854 	EXP 	image_7: autoDraw = True
55.1892 	EXP 	image_7: autoDraw = False
55.4741 	EXP 	New trial (rep=0, index=3): {'stimuli': 8, 'star': 'test/rightstar.PNG', 'CorrectAns': 'space'}
55.5715 	EXP 	image_7: autoDraw = False
55.5715 	EXP 	image_6: image = 'test/fixation.png'
55.5715 	EXP 	image_6: autoDraw = True
55.9892 	EXP 	image_6: autoDraw = False
55.9892 	EXP 	text_4: height = 0.2
55.9892 	EXP 	text_4: height = 0.2
55.9892 	EXP 	text_4: height = 0.2
55.9892 	EXP 	text_4: text = 8
56.4893 	EXP 	text_4: autoDraw = True
56.9907 	EXP 	text_4: autoDraw = False
56.9907 	EXP 	text_4: autoDraw = False
56.9907 	EXP 	image_7: image = 'test/rightstar.PNG'
58.1020 	EXP 	image_7: autoDraw = True
58.4619 	EXP 	New trial (rep=0, index=4): {'stimuli': 8, 'star': 'test/rightstar.PNG', 'CorrectAns': 'space'}
58.5657 	EXP 	image_7: autoDraw = False
58.5657 	EXP 	image_6: image = 'test/fixation.png'
58.5657 	EXP 	image_6: autoDraw = True
58.9920 	EXP 	image_6: autoDraw = False
58.9920 	EXP 	text_4: height = 0.2
58.9920 	EXP 	text_4: height = 0.2
58.9920 	EXP 	text_4: height = 0.2
58.9920 	EXP 	text_4: text = 8
59.4726 	EXP 	text_4: autoDraw = True
59.9757 	EXP 	text_4: autoDraw = False
59.9757 	EXP 	text_4: autoDraw = False
59.9757 	EXP 	image_7: image = 'test/rightstar.PNG'
61.0853 	EXP 	image_7: autoDraw = True
61.3286 	EXP 	New trial (rep=0, index=5): {'stimuli': 1, 'star': 'test/blank.PNG', 'CorrectAns': 'space'}
61.4296 	EXP 	image_7: autoDraw = False
61.4296 	EXP 	image_6: image = 'test/fixation.png'
61.4296 	EXP 	image_6: autoDraw = True
61.8558 	EXP 	image_6: autoDraw = False
61.8558 	EXP 	text_4: height = 0.2
61.8558 	EXP 	text_4: height = 0.2
61.8558 	EXP 	text_4: height = 0.2
61.8558 	EXP 	text_4: text = 1
62.3392 	EXP 	text_4: autoDraw = True
62.7521 	EXP 	text_4: autoDraw = False
62.7521 	EXP 	text_4: autoDraw = False
62.7521 	EXP 	image_7: image = 'test/blank.PNG'
63.9443 	EXP 	image_7: autoDraw = True
64.7392 	EXP 	image_7: autoDraw = False
65.9894 	EXP 	image_7: autoDraw = False
65.9894 	EXP 	text_8: autoDraw = True
74.7231 	EXP 	text_8: autoDraw = False
74.7231 	EXP 	text_5: autoDraw = True
79.7363 	EXP 	Imported condition_1/data.xlsx as conditions, 25 conditions, 3 params
79.7373 	EXP 	Created sequence: random, trialTypes=25, nReps=2, seed=None
79.7375 	EXP 	New trial (rep=0, index=0): {'stimuli': 1, 'star': 'condition_1/leftstar.PNG', 'CorrectAns': 'left'}
79.8909 	EXP 	text_5: autoDraw = False
79.8909 	EXP 	image_3: image = 'condition_1/fixation.png'
79.8909 	EXP 	image_3: autoDraw = True
80.2392 	EXP 	image_3: autoDraw = False
80.2392 	EXP 	text_3: height = 0.2
80.2392 	EXP 	text_3: height = 0.2
80.2392 	EXP 	text_3: height = 0.2
80.2392 	EXP 	text_3: text = 1
80.7393 	EXP 	text_3: autoDraw = True
81.2437 	EXP 	text_3: autoDraw = False
81.2437 	EXP 	text_3: autoDraw = False
81.2437 	EXP 	image_2: image = 'condition_1/leftstar.PNG'
82.3520 	EXP 	image_2: autoDraw = True
83.1282 	EXP 	New trial (rep=0, index=1): {'stimuli': 2, 'star': 'condition_1/rightstar.PNG', 'CorrectAns': 'right'}
83.2281 	EXP 	image_2: autoDraw = False
83.2281 	EXP 	image_3: image = 'condition_1/fixation.png'
83.2281 	EXP 	image_3: autoDraw = True
83.6559 	EXP 	image_3: autoDraw = False
83.6559 	EXP 	text_3: height = 0.2
83.6559 	EXP 	text_3: height = 0.2
83.6559 	EXP 	text_3: height = 0.2
83.6559 	EXP 	text_3: text = 2
84.1393 	EXP 	text_3: autoDraw = True
84.6420 	EXP 	text_3: autoDraw = False
84.6420 	EXP 	text_3: autoDraw = False
84.6420 	EXP 	image_2: image = 'condition_1/rightstar.PNG'
85.7520 	EXP 	image_2: autoDraw = True
86.5559 	EXP 	image_2: autoDraw = False
86.9909 	EXP 	New trial (rep=0, index=2): {'stimuli': 1, 'star': 'condition_1/blank.PNG', 'CorrectAns': 'space'}
87.0870 	EXP 	image_2: autoDraw = False
87.0870 	EXP 	image_3: image = 'condition_1/fixation.png'
87.0870 	EXP 	image_3: autoDraw = True
87.5059 	EXP 	image_3: autoDraw = False
87.5059 	EXP 	text_3: height = 0.2
87.5059 	EXP 	text_3: height = 0.2
87.5059 	EXP 	text_3: height = 0.2
87.5059 	EXP 	text_3: text = 1
88.0060 	EXP 	text_3: autoDraw = True
88.4119 	EXP 	text_3: autoDraw = False
88.4119 	EXP 	text_3: autoDraw = False
88.4119 	EXP 	image_2: image = 'condition_1/blank.PNG'
89.6111 	EXP 	image_2: autoDraw = True
90.4226 	EXP 	image_2: autoDraw = False
91.7243 	EXP 	New trial (rep=0, index=3): {'stimuli': 9, 'star': 'condition_1/rightstar.PNG', 'CorrectAns': 'space'}
91.8297 	EXP 	image_2: autoDraw = False
91.8297 	EXP 	image_3: image = 'condition_1/fixation.png'
91.8297 	EXP 	image_3: autoDraw = True
92.2392 	EXP 	image_3: autoDraw = False
92.2392 	EXP 	text_3: height = 0.2
92.2392 	EXP 	text_3: height = 0.2
92.2392 	EXP 	text_3: height = 0.2
92.2392 	EXP 	text_3: text = 9
92.7394 	EXP 	text_3: autoDraw = True
93.2508 	EXP 	text_3: autoDraw = False
93.2508 	EXP 	text_3: autoDraw = False
93.2508 	EXP 	image_2: image = 'condition_1/rightstar.PNG'
94.3521 	EXP 	image_2: autoDraw = True
94.9114 	EXP 	New trial (rep=0, index=4): {'stimuli': 1, 'star': 'condition_1/leftstar.PNG', 'CorrectAns': 'left'}
95.0089 	EXP 	image_2: autoDraw = False
95.0089 	EXP 	image_3: image = 'condition_1/fixation.png'
95.0089 	EXP 	image_3: autoDraw = True
95.4392 	EXP 	image_3: autoDraw = False
95.4392 	EXP 	text_3: height = 0.2
95.4392 	EXP 	text_3: height = 0.2
95.4392 	EXP 	text_3: height = 0.2
95.4392 	EXP 	text_3: text = 1
95.9226 	EXP 	text_3: autoDraw = True
96.4186 	EXP 	text_3: autoDraw = False
96.4186 	EXP 	text_3: autoDraw = False
96.4186 	EXP 	image_2: image = 'condition_1/leftstar.PNG'
97.5355 	EXP 	image_2: autoDraw = True
97.9463 	EXP 	New trial (rep=0, index=5): {'stimuli': 2, 'star': 'condition_1/blank.PNG', 'CorrectAns': 'space'}
98.0429 	EXP 	image_2: autoDraw = False
98.0429 	EXP 	image_3: image = 'condition_1/fixation.png'
98.0429 	EXP 	image_3: autoDraw = True
98.4725 	EXP 	image_3: autoDraw = False
98.4725 	EXP 	text_3: height = 0.2
98.4725 	EXP 	text_3: height = 0.2
98.4725 	EXP 	text_3: height = 0.2
98.4725 	EXP 	text_3: text = 2
98.9560 	EXP 	text_3: autoDraw = True
99.3380 	EXP 	text_3: autoDraw = False
99.3380 	EXP 	text_3: autoDraw = False
99.3380 	EXP 	image_2: image = 'condition_1/blank.PNG'
100.5611 	EXP 	image_2: autoDraw = True
101.1112 	EXP 	New trial (rep=0, index=6): {'stimuli': 8, 'star': 'condition_1/rightstar.PNG', 'CorrectAns': 'space'}
101.2109 	EXP 	image_2: autoDraw = False
101.2109 	EXP 	image_3: image = 'condition_1/fixation.png'
101.2109 	EXP 	image_3: autoDraw = True
101.6393 	EXP 	image_3: autoDraw = False
101.6393 	EXP 	text_3: height = 0.2
101.6393 	EXP 	text_3: height = 0.2
101.6393 	EXP 	text_3: height = 0.2
101.6393 	EXP 	text_3: text = 8
102.1227 	EXP 	text_3: autoDraw = True
102.6285 	EXP 	text_3: autoDraw = False
102.6285 	EXP 	text_3: autoDraw = False
102.6285 	EXP 	image_2: image = 'condition_1/rightstar.PNG'
103.7354 	EXP 	image_2: autoDraw = True
104.2781 	EXP 	New trial (rep=0, index=7): {'stimuli': 2, 'star': 'condition_1/leftstar.PNG', 'CorrectAns': 'left'}
104.3738 	EXP 	image_2: autoDraw = False
104.3738 	EXP 	image_3: image = 'condition_1/fixation.png'
104.3738 	EXP 	image_3: autoDraw = True
104.8145 	EXP 	image_3: autoDraw = False
104.8145 	EXP 	text_3: height = 0.2
104.8145 	EXP 	text_3: height = 0.2
104.8145 	EXP 	text_3: height = 0.2
104.8145 	EXP 	text_3: text = 2
105.2893 	EXP 	text_3: autoDraw = True
105.7836 	EXP 	text_3: autoDraw = False
105.7836 	EXP 	text_3: autoDraw = False
105.7836 	EXP 	image_2: image = 'condition_1/leftstar.PNG'
106.9021 	EXP 	image_2: autoDraw = True
107.2787 	EXP 	New trial (rep=0, index=8): {'stimuli': 8, 'star': 'condition_1/leftstar.PNG', 'CorrectAns': 'space'}
107.3774 	EXP 	image_2: autoDraw = False
107.3774 	EXP 	image_3: image = 'condition_1/fixation.png'
107.3774 	EXP 	image_3: autoDraw = True
107.8060 	EXP 	image_3: autoDraw = False
107.8060 	EXP 	text_3: height = 0.2
107.8060 	EXP 	text_3: height = 0.2
107.8060 	EXP 	text_3: height = 0.2
107.8060 	EXP 	text_3: text = 8
108.2892 	EXP 	text_3: autoDraw = True
108.7939 	EXP 	text_3: autoDraw = False
108.7939 	EXP 	text_3: autoDraw = False
108.7939 	EXP 	image_2: image = 'condition_1/leftstar.PNG'
109.9021 	EXP 	image_2: autoDraw = True
110.7061 	EXP 	image_2: autoDraw = False
111.4085 	EXP 	New trial (rep=0, index=9): {'stimuli': 1, 'star': 'condition_1/rightstar.PNG', 'CorrectAns': 'right'}
111.5131 	EXP 	image_2: autoDraw = False
111.5131 	EXP 	image_3: image = 'condition_1/fixation.png'
111.5131 	EXP 	image_3: autoDraw = True
111.9226 	EXP 	image_3: autoDraw = False
111.9226 	EXP 	text_3: height = 0.2
111.9226 	EXP 	text_3: height = 0.2
111.9226 	EXP 	text_3: height = 0.2
111.9226 	EXP 	text_3: text = 1
112.4227 	EXP 	text_3: autoDraw = True
112.9240 	EXP 	text_3: autoDraw = False
112.9240 	EXP 	text_3: autoDraw = False
112.9240 	EXP 	image_2: image = 'condition_1/rightstar.PNG'
114.0355 	EXP 	image_2: autoDraw = True
114.6447 	EXP 	New trial (rep=0, index=10): {'stimuli': 1, 'star': 'condition_1/rightstar.PNG', 'CorrectAns': 'right'}
114.7393 	EXP 	image_2: autoDraw = False
114.7393 	EXP 	image_3: image = 'condition_1/fixation.png'
114.7393 	EXP 	image_3: autoDraw = True
115.1726 	EXP 	image_3: autoDraw = False
115.1726 	EXP 	text_3: height = 0.2
115.1726 	EXP 	text_3: height = 0.2
115.1726 	EXP 	text_3: height = 0.2
115.1726 	EXP 	text_3: text = 1
115.6560 	EXP 	text_3: autoDraw = True
116.1605 	EXP 	text_3: autoDraw = False
116.1605 	EXP 	text_3: autoDraw = False
116.1605 	EXP 	image_2: image = 'condition_1/rightstar.PNG'
117.2688 	EXP 	image_2: autoDraw = True
117.6789 	EXP 	New trial (rep=0, index=11): {'stimuli': 2, 'star': 'condition_1/rightstar.PNG', 'CorrectAns': 'left'}
117.7744 	EXP 	image_2: autoDraw = False
117.7744 	EXP 	image_3: image = 'condition_1/fixation.png'
117.7744 	EXP 	image_3: autoDraw = True
118.2059 	EXP 	image_3: autoDraw = False
118.2059 	EXP 	text_3: height = 0.2
118.2059 	EXP 	text_3: height = 0.2
118.2059 	EXP 	text_3: height = 0.2
118.2059 	EXP 	text_3: text = 2
118.6894 	EXP 	text_3: autoDraw = True
119.1928 	EXP 	text_3: autoDraw = False
119.1928 	EXP 	text_3: autoDraw = False
119.1928 	EXP 	image_2: image = 'condition_1/rightstar.PNG'
120.3020 	EXP 	image_2: autoDraw = True
120.8455 	EXP 	New trial (rep=0, index=12): {'stimuli': 8, 'star': 'condition_1/rightstar.PNG', 'CorrectAns': 'space'}
120.9412 	EXP 	image_2: autoDraw = False
120.9412 	EXP 	image_3: image = 'condition_1/fixation.png'
120.9412 	EXP 	image_3: autoDraw = True
121.3725 	EXP 	image_3: autoDraw = False
121.3725 	EXP 	text_3: height = 0.2
121.3725 	EXP 	text_3: height = 0.2
121.3725 	EXP 	text_3: height = 0.2
121.3725 	EXP 	text_3: text = 8
121.8560 	EXP 	text_3: autoDraw = True
122.3631 	EXP 	text_3: autoDraw = False
122.3631 	EXP 	text_3: autoDraw = False
122.3631 	EXP 	image_2: image = 'condition_1/rightstar.PNG'
123.4689 	EXP 	image_2: autoDraw = True
124.1622 	EXP 	New trial (rep=0, index=13): {'stimuli': 9, 'star': 'condition_1/leftstar.PNG', 'CorrectAns': 'space'}
124.2658 	EXP 	image_2: autoDraw = False
124.2658 	EXP 	image_3: image = 'condition_1/fixation.png'
124.2658 	EXP 	image_3: autoDraw = True
124.7041 	EXP 	image_3: autoDraw = False
124.7041 	EXP 	text_3: height = 0.2
124.7041 	EXP 	text_3: height = 0.2
124.7041 	EXP 	text_3: height = 0.2
124.7041 	EXP 	text_3: text = 9
125.1728 	EXP 	text_3: autoDraw = True
125.6843 	EXP 	text_3: autoDraw = False
125.6843 	EXP 	text_3: autoDraw = False
125.6843 	EXP 	image_2: image = 'condition_1/leftstar.PNG'
126.7854 	EXP 	image_2: autoDraw = True
127.5893 	EXP 	image_2: autoDraw = False
128.1745 	EXP 	New trial (rep=0, index=14): {'stimuli': 9, 'star': 'condition_1/leftstar.PNG', 'CorrectAns': 'space'}
128.2761 	EXP 	image_2: autoDraw = False
128.2761 	EXP 	image_3: image = 'condition_1/fixation.png'
128.2761 	EXP 	image_3: autoDraw = True
128.6893 	EXP 	image_3: autoDraw = False
128.6893 	EXP 	text_3: height = 0.2
128.6893 	EXP 	text_3: height = 0.2
128.6893 	EXP 	text_3: height = 0.2
128.6893 	EXP 	text_3: text = 9
129.1894 	EXP 	text_3: autoDraw = True
129.6935 	EXP 	text_3: autoDraw = False
129.6935 	EXP 	text_3: autoDraw = False
129.6935 	EXP 	image_2: image = 'condition_1/leftstar.PNG'
130.8021 	EXP 	image_2: autoDraw = True
131.6060 	EXP 	image_2: autoDraw = False
134.5915 	EXP 	New trial (rep=0, index=15): {'stimuli': 8, 'star': 'condition_1/rightstar.PNG', 'CorrectAns': 'space'}
134.6882 	EXP 	image_2: autoDraw = False
134.6882 	EXP 	image_3: image = 'condition_1/fixation.png'
134.6882 	EXP 	image_3: autoDraw = True
135.1060 	EXP 	image_3: autoDraw = False
135.1060 	EXP 	text_3: height = 0.2
135.1060 	EXP 	text_3: height = 0.2
135.1060 	EXP 	text_3: height = 0.2
135.1060 	EXP 	text_3: text = 8
135.6061 	EXP 	text_3: autoDraw = True
136.0990 	EXP 	text_3: autoDraw = False
136.0990 	EXP 	text_3: autoDraw = False
136.0990 	EXP 	image_2: image = 'condition_1/rightstar.PNG'
137.2188 	EXP 	image_2: autoDraw = True
138.0226 	EXP 	image_2: autoDraw = False
143.8079 	EXP 	New trial (rep=0, index=16): {'stimuli': 2, 'star': 'condition_1/blank.PNG', 'CorrectAns': 'space'}
143.9296 	EXP 	image_2: autoDraw = False
143.9296 	EXP 	image_3: image = 'condition_1/fixation.png'
143.9296 	EXP 	image_3: autoDraw = True
144.3227 	EXP 	image_3: autoDraw = False
144.3227 	EXP 	text_3: height = 0.2
144.3227 	EXP 	text_3: height = 0.2
144.3227 	EXP 	text_3: height = 0.2
144.3227 	EXP 	text_3: text = 2
144.8227 	EXP 	text_3: autoDraw = True
145.2279 	EXP 	text_3: autoDraw = False
145.2279 	EXP 	text_3: autoDraw = False
145.2279 	EXP 	image_2: image = 'condition_1/blank.PNG'
146.4278 	EXP 	image_2: autoDraw = True
147.2394 	EXP 	image_2: autoDraw = False
151.4745 	EXP 	New trial (rep=0, index=17): {'stimuli': 9, 'star': 'condition_1/leftstar.PNG', 'CorrectAns': 'space'}
151.5801 	EXP 	image_2: autoDraw = False
151.5801 	EXP 	image_3: image = 'condition_1/fixation.png'
151.5801 	EXP 	image_3: autoDraw = True
151.9893 	EXP 	image_3: autoDraw = False
151.9893 	EXP 	text_3: height = 0.2
151.9893 	EXP 	text_3: height = 0.2
151.9893 	EXP 	text_3: height = 0.2
151.9893 	EXP 	text_3: text = 9
152.4895 	EXP 	text_3: autoDraw = True
152.9922 	EXP 	text_3: autoDraw = False
152.9922 	EXP 	text_3: autoDraw = False
152.9922 	EXP 	image_2: image = 'condition_1/leftstar.PNG'
154.1023 	EXP 	image_2: autoDraw = True
154.9060 	EXP 	image_2: autoDraw = False
155.1744 	EXP 	New trial (rep=0, index=18): {'stimuli': 8, 'star': 'condition_1/blank.PNG', 'CorrectAns': 'space'}
155.2782 	EXP 	image_2: autoDraw = False
155.2782 	EXP 	image_3: image = 'condition_1/fixation.png'
155.2782 	EXP 	image_3: autoDraw = True
155.6894 	EXP 	image_3: autoDraw = False
155.6894 	EXP 	text_3: height = 0.2
155.6894 	EXP 	text_3: height = 0.2
155.6894 	EXP 	text_3: height = 0.2
155.6894 	EXP 	text_3: text = 8
156.1894 	EXP 	text_3: autoDraw = True
156.5582 	EXP 	text_3: autoDraw = False
156.5582 	EXP 	text_3: autoDraw = False
156.5582 	EXP 	image_2: image = 'condition_1/blank.PNG'
157.7945 	EXP 	image_2: autoDraw = True
158.3446 	EXP 	New trial (rep=0, index=19): {'stimuli': 9, 'star': 'condition_1/blank.PNG', 'CorrectAns': 'space'}
158.4400 	EXP 	image_2: autoDraw = False
158.4400 	EXP 	image_3: image = 'condition_1/fixation.png'
158.4400 	EXP 	image_3: autoDraw = True
158.8843 	EXP 	image_3: autoDraw = False
158.8843 	EXP 	text_3: height = 0.2
158.8843 	EXP 	text_3: height = 0.2
158.8843 	EXP 	text_3: height = 0.2
158.8843 	EXP 	text_3: text = 9
159.3561 	EXP 	text_3: autoDraw = True
159.7085 	EXP 	text_3: autoDraw = False
159.7085 	EXP 	text_3: autoDraw = False
159.7085 	EXP 	image_2: image = 'condition_1/blank.PNG'
160.9611 	EXP 	image_2: autoDraw = True
161.7560 	EXP 	image_2: autoDraw = False
163.7580 	EXP 	New trial (rep=0, index=20): {'stimuli': 1, 'star': 'condition_1/rightstar.PNG', 'CorrectAns': 'right'}
163.8552 	EXP 	image_2: autoDraw = False
163.8552 	EXP 	image_3: image = 'condition_1/fixation.png'
163.8552 	EXP 	image_3: autoDraw = True
164.2726 	EXP 	image_3: autoDraw = False
164.2726 	EXP 	text_3: height = 0.2
164.2726 	EXP 	text_3: height = 0.2
164.2726 	EXP 	text_3: height = 0.2
164.2726 	EXP 	text_3: text = 1
164.7728 	EXP 	text_3: autoDraw = True
165.2776 	EXP 	text_3: autoDraw = False
165.2776 	EXP 	text_3: autoDraw = False
165.2776 	EXP 	image_2: image = 'condition_1/rightstar.PNG'
166.3855 	EXP 	image_2: autoDraw = True
167.0949 	EXP 	New trial (rep=0, index=21): {'stimuli': 2, 'star': 'condition_1/leftstar.PNG', 'CorrectAns': 'left'}
167.1953 	EXP 	image_2: autoDraw = False
167.1953 	EXP 	image_3: image = 'condition_1/fixation.png'
167.1953 	EXP 	image_3: autoDraw = True
167.6227 	EXP 	image_3: autoDraw = False
167.6227 	EXP 	text_3: height = 0.2
167.6227 	EXP 	text_3: height = 0.2
167.6227 	EXP 	text_3: height = 0.2
167.6227 	EXP 	text_3: text = 2
168.1062 	EXP 	text_3: autoDraw = True
168.6007 	EXP 	text_3: autoDraw = False
168.6007 	EXP 	text_3: autoDraw = False
168.6007 	EXP 	image_2: image = 'condition_1/leftstar.PNG'
169.7189 	EXP 	image_2: autoDraw = True
170.2448 	EXP 	New trial (rep=0, index=22): {'stimuli': 9, 'star': 'condition_1/rightstar.PNG', 'CorrectAns': 'space'}
170.3429 	EXP 	image_2: autoDraw = False
170.3429 	EXP 	image_3: image = 'condition_1/fixation.png'
170.3429 	EXP 	image_3: autoDraw = True
170.7727 	EXP 	image_3: autoDraw = False
170.7727 	EXP 	text_3: height = 0.2
170.7727 	EXP 	text_3: height = 0.2
170.7727 	EXP 	text_3: height = 0.2
170.7727 	EXP 	text_3: text = 9
171.2562 	EXP 	text_3: autoDraw = True
171.7705 	EXP 	text_3: autoDraw = False
171.7705 	EXP 	text_3: autoDraw = False
171.7705 	EXP 	image_2: image = 'condition_1/rightstar.PNG'
172.8688 	EXP 	image_2: autoDraw = True
173.5120 	EXP 	New trial (rep=0, index=23): {'stimuli': 2, 'star': 'condition_1/leftstar.PNG', 'CorrectAns': 'left'}
173.6101 	EXP 	image_2: autoDraw = False
173.6101 	EXP 	image_3: image = 'condition_1/fixation.png'
173.6101 	EXP 	image_3: autoDraw = True
174.0394 	EXP 	image_3: autoDraw = False
174.0394 	EXP 	text_3: height = 0.2
174.0394 	EXP 	text_3: height = 0.2
174.0394 	EXP 	text_3: height = 0.2
174.0394 	EXP 	text_3: text = 2
174.5229 	EXP 	text_3: autoDraw = True
175.0281 	EXP 	text_3: autoDraw = False
175.0281 	EXP 	text_3: autoDraw = False
175.0281 	EXP 	image_2: image = 'condition_1/leftstar.PNG'
176.1355 	EXP 	image_2: autoDraw = True
176.9396 	EXP 	image_2: autoDraw = False
176.9916 	EXP 	New trial (rep=0, index=24): {'stimuli': 8, 'star': 'condition_1/leftstar.PNG', 'CorrectAns': 'space'}
177.0916 	EXP 	image_2: autoDraw = False
177.0916 	EXP 	image_3: image = 'condition_1/fixation.png'
177.0916 	EXP 	image_3: autoDraw = True
177.5061 	EXP 	image_3: autoDraw = False
177.5061 	EXP 	text_3: height = 0.2
177.5061 	EXP 	text_3: height = 0.2
177.5061 	EXP 	text_3: height = 0.2
177.5061 	EXP 	text_3: text = 8
178.0061 	EXP 	text_3: autoDraw = True
178.5084 	EXP 	text_3: autoDraw = False
178.5084 	EXP 	text_3: autoDraw = False
178.5084 	EXP 	image_2: image = 'condition_1/leftstar.PNG'
179.6188 	EXP 	image_2: autoDraw = True
180.2457 	EXP 	New trial (rep=1, index=0): {'stimuli': 8, 'star': 'condition_1/blank.PNG', 'CorrectAns': 'space'}
180.3437 	EXP 	image_2: autoDraw = False
180.3437 	EXP 	image_3: image = 'condition_1/fixation.png'
180.3437 	EXP 	image_3: autoDraw = True
180.7862 	EXP 	image_3: autoDraw = False
180.7862 	EXP 	text_3: height = 0.2
180.7862 	EXP 	text_3: height = 0.2
180.7862 	EXP 	text_3: height = 0.2
180.7862 	EXP 	text_3: text = 8
181.2562 	EXP 	text_3: autoDraw = True
181.6547 	EXP 	text_3: autoDraw = False
181.6547 	EXP 	text_3: autoDraw = False
181.6547 	EXP 	image_2: image = 'condition_1/blank.PNG'
182.8611 	EXP 	image_2: autoDraw = True
183.6560 	EXP 	image_2: autoDraw = False
185.8582 	EXP 	New trial (rep=1, index=1): {'stimuli': 1, 'star': 'condition_1/blank.PNG', 'CorrectAns': 'space'}
185.9635 	EXP 	image_2: autoDraw = False
185.9635 	EXP 	image_3: image = 'condition_1/fixation.png'
185.9635 	EXP 	image_3: autoDraw = True
186.3728 	EXP 	image_3: autoDraw = False
186.3728 	EXP 	text_3: height = 0.2
186.3728 	EXP 	text_3: height = 0.2
186.3728 	EXP 	text_3: height = 0.2
186.3728 	EXP 	text_3: text = 1
186.8727 	EXP 	text_3: autoDraw = True
187.2482 	EXP 	text_3: autoDraw = False
187.2482 	EXP 	text_3: autoDraw = False
187.2482 	EXP 	image_2: image = 'condition_1/blank.PNG'
188.4778 	EXP 	image_2: autoDraw = True
189.2894 	EXP 	image_2: autoDraw = False
190.3577 	EXP 	New trial (rep=1, index=2): {'stimuli': 1, 'star': 'condition_1/leftstar.PNG', 'CorrectAns': 'left'}
190.4623 	EXP 	image_2: autoDraw = False
190.4623 	EXP 	image_3: image = 'condition_1/fixation.png'
190.4623 	EXP 	image_3: autoDraw = True
190.8728 	EXP 	image_3: autoDraw = False
190.8728 	EXP 	text_3: height = 0.2
190.8728 	EXP 	text_3: height = 0.2
190.8728 	EXP 	text_3: height = 0.2
190.8728 	EXP 	text_3: text = 1
191.3728 	EXP 	text_3: autoDraw = True
191.8730 	EXP 	text_3: autoDraw = False
191.8730 	EXP 	text_3: autoDraw = False
191.8730 	EXP 	image_2: image = 'condition_1/leftstar.PNG'
192.9860 	EXP 	image_2: autoDraw = True
193.3617 	EXP 	New trial (rep=1, index=3): {'stimuli': 8, 'star': 'condition_1/rightstar.PNG', 'CorrectAns': 'space'}
193.4594 	EXP 	image_2: autoDraw = False
193.4594 	EXP 	image_3: image = 'condition_1/fixation.png'
193.4594 	EXP 	image_3: autoDraw = True
193.8894 	EXP 	image_3: autoDraw = False
193.8894 	EXP 	text_3: height = 0.2
193.8894 	EXP 	text_3: height = 0.2
193.8894 	EXP 	text_3: height = 0.2
193.8894 	EXP 	text_3: text = 8
194.3728 	EXP 	text_3: autoDraw = True
194.8778 	EXP 	text_3: autoDraw = False
194.8778 	EXP 	text_3: autoDraw = False
194.8778 	EXP 	image_2: image = 'condition_1/rightstar.PNG'
195.9856 	EXP 	image_2: autoDraw = True
196.7894 	EXP 	image_2: autoDraw = False
198.5766 	EXP 	New trial (rep=1, index=4): {'stimuli': 1, 'star': 'condition_1/rightstar.PNG', 'CorrectAns': 'right'}
198.6870 	EXP 	image_2: autoDraw = False
198.6870 	EXP 	image_3: image = 'condition_1/fixation.png'
198.6870 	EXP 	image_3: autoDraw = True
199.0895 	EXP 	image_3: autoDraw = False
199.0895 	EXP 	text_3: height = 0.2
199.0895 	EXP 	text_3: height = 0.2
199.0895 	EXP 	text_3: height = 0.2
199.0895 	EXP 	text_3: text = 1
199.5895 	EXP 	text_3: autoDraw = True
200.0936 	EXP 	text_3: autoDraw = False
200.0936 	EXP 	text_3: autoDraw = False
200.0936 	EXP 	image_2: image = 'condition_1/rightstar.PNG'
201.2022 	EXP 	image_2: autoDraw = True
201.6627 	EXP 	New trial (rep=1, index=5): {'stimuli': 8, 'star': 'condition_1/leftstar.PNG', 'CorrectAns': 'space'}
201.7678 	EXP 	image_2: autoDraw = False
201.7678 	EXP 	image_3: image = 'condition_1/fixation.png'
201.7678 	EXP 	image_3: autoDraw = True
202.1894 	EXP 	image_3: autoDraw = False
202.1894 	EXP 	text_3: height = 0.2
202.1894 	EXP 	text_3: height = 0.2
202.1894 	EXP 	text_3: height = 0.2
202.1894 	EXP 	text_3: text = 8
202.6727 	EXP 	text_3: autoDraw = True
203.1739 	EXP 	text_3: autoDraw = False
203.1739 	EXP 	text_3: autoDraw = False
203.1739 	EXP 	image_2: image = 'condition_1/leftstar.PNG'
204.2855 	EXP 	image_2: autoDraw = True
205.0894 	EXP 	image_2: autoDraw = False
206.4432 	EXP 	New trial (rep=1, index=6): {'stimuli': 2, 'star': 'condition_1/leftstar.PNG', 'CorrectAns': 'left'}
206.5452 	EXP 	image_2: autoDraw = False
206.5452 	EXP 	image_3: image = 'condition_1/fixation.png'
206.5452 	EXP 	image_3: autoDraw = True
206.9672 	EXP 	image_3: autoDraw = False
206.9672 	EXP 	text_3: height = 0.2
206.9672 	EXP 	text_3: height = 0.2
206.9672 	EXP 	text_3: height = 0.2
206.9672 	EXP 	text_3: text = 2
207.4562 	EXP 	text_3: autoDraw = True
207.9526 	EXP 	text_3: autoDraw = False
207.9526 	EXP 	text_3: autoDraw = False
207.9526 	EXP 	image_2: image = 'condition_1/leftstar.PNG'
209.0689 	EXP 	image_2: autoDraw = True
209.7621 	EXP 	New trial (rep=1, index=7): {'stimuli': 9, 'star': 'condition_1/blank.PNG', 'CorrectAns': 'space'}
209.8578 	EXP 	image_2: autoDraw = False
209.8578 	EXP 	image_3: image = 'condition_1/fixation.png'
209.8578 	EXP 	image_3: autoDraw = True
210.2894 	EXP 	image_3: autoDraw = False
210.2894 	EXP 	text_3: height = 0.2
210.2894 	EXP 	text_3: height = 0.2
210.2894 	EXP 	text_3: height = 0.2
210.2894 	EXP 	text_3: text = 9
210.7728 	EXP 	text_3: autoDraw = True
211.1800 	EXP 	text_3: autoDraw = False
211.1800 	EXP 	text_3: autoDraw = False
211.1800 	EXP 	image_2: image = 'condition_1/blank.PNG'
212.3779 	EXP 	image_2: autoDraw = True
213.1893 	EXP 	image_2: autoDraw = False
216.6080 	EXP 	New trial (rep=1, index=8): {'stimuli': 8, 'star': 'condition_1/rightstar.PNG', 'CorrectAns': 'space'}
216.7148 	EXP 	image_2: autoDraw = False
216.7148 	EXP 	image_3: image = 'condition_1/fixation.png'
216.7148 	EXP 	image_3: autoDraw = True
217.1227 	EXP 	image_3: autoDraw = False
217.1227 	EXP 	text_3: height = 0.2
217.1227 	EXP 	text_3: height = 0.2
217.1227 	EXP 	text_3: height = 0.2
217.1227 	EXP 	text_3: text = 8
217.6228 	EXP 	text_3: autoDraw = True
218.1294 	EXP 	text_3: autoDraw = False
218.1294 	EXP 	text_3: autoDraw = False
218.1294 	EXP 	image_2: image = 'condition_1/rightstar.PNG'
219.2357 	EXP 	image_2: autoDraw = True
220.0394 	EXP 	image_2: autoDraw = False
220.8413 	EXP 	New trial (rep=1, index=9): {'stimuli': 1, 'star': 'condition_1/leftstar.PNG', 'CorrectAns': 'left'}
220.9484 	EXP 	image_2: autoDraw = False
220.9484 	EXP 	image_3: image = 'condition_1/fixation.png'
220.9484 	EXP 	image_3: autoDraw = True
221.3561 	EXP 	image_3: autoDraw = False
221.3561 	EXP 	text_3: height = 0.2
221.3561 	EXP 	text_3: height = 0.2
221.3561 	EXP 	text_3: height = 0.2
221.3561 	EXP 	text_3: text = 1
221.8562 	EXP 	text_3: autoDraw = True
222.3594 	EXP 	text_3: autoDraw = False
222.3594 	EXP 	text_3: autoDraw = False
222.3594 	EXP 	image_2: image = 'condition_1/leftstar.PNG'
223.4689 	EXP 	image_2: autoDraw = True
224.2728 	EXP 	image_2: autoDraw = False
225.2245 	EXP 	New trial (rep=1, index=10): {'stimuli': 2, 'star': 'condition_1/blank.PNG', 'CorrectAns': 'space'}
225.3306 	EXP 	image_2: autoDraw = False
225.3306 	EXP 	image_3: image = 'condition_1/fixation.png'
225.3306 	EXP 	image_3: autoDraw = True
225.7394 	EXP 	image_3: autoDraw = False
225.7394 	EXP 	text_3: height = 0.2
225.7394 	EXP 	text_3: height = 0.2
225.7394 	EXP 	text_3: height = 0.2
225.7394 	EXP 	text_3: text = 2
226.2395 	EXP 	text_3: autoDraw = True
226.6343 	EXP 	text_3: autoDraw = False
226.6343 	EXP 	text_3: autoDraw = False
226.6343 	EXP 	image_2: image = 'condition_1/blank.PNG'
227.8446 	EXP 	image_2: autoDraw = True
228.6561 	EXP 	image_2: autoDraw = False
229.0081 	EXP 	New trial (rep=1, index=11): {'stimuli': 8, 'star': 'condition_1/rightstar.PNG', 'CorrectAns': 'space'}
229.1183 	EXP 	image_2: autoDraw = False
229.1183 	EXP 	image_3: image = 'condition_1/fixation.png'
229.1183 	EXP 	image_3: autoDraw = True
229.5228 	EXP 	image_3: autoDraw = False
229.5228 	EXP 	text_3: height = 0.2
229.5228 	EXP 	text_3: height = 0.2
229.5228 	EXP 	text_3: height = 0.2
229.5228 	EXP 	text_3: text = 8
230.0230 	EXP 	text_3: autoDraw = True
230.5298 	EXP 	text_3: autoDraw = False
230.5298 	EXP 	text_3: autoDraw = False
230.5298 	EXP 	image_2: image = 'condition_1/rightstar.PNG'
231.6357 	EXP 	image_2: autoDraw = True
232.4284 	EXP 	New trial (rep=1, index=12): {'stimuli': 8, 'star': 'condition_1/leftstar.PNG', 'CorrectAns': 'space'}
232.5286 	EXP 	image_2: autoDraw = False
232.5286 	EXP 	image_2: autoDraw = False
232.5286 	EXP 	image_3: image = 'condition_1/fixation.png'
232.5286 	EXP 	image_3: autoDraw = True
232.9657 	EXP 	image_3: autoDraw = False
232.9657 	EXP 	text_3: height = 0.2
232.9657 	EXP 	text_3: height = 0.2
232.9657 	EXP 	text_3: height = 0.2
232.9657 	EXP 	text_3: text = 8
233.4395 	EXP 	text_3: autoDraw = True
233.9381 	EXP 	text_3: autoDraw = False
233.9381 	EXP 	text_3: autoDraw = False
233.9381 	EXP 	image_2: image = 'condition_1/leftstar.PNG'
235.0522 	EXP 	image_2: autoDraw = True
235.8561 	EXP 	image_2: autoDraw = False
236.0747 	EXP 	New trial (rep=1, index=13): {'stimuli': 1, 'star': 'condition_1/rightstar.PNG', 'CorrectAns': 'right'}
236.1766 	EXP 	image_2: autoDraw = False
236.1766 	EXP 	image_3: image = 'condition_1/fixation.png'
236.1766 	EXP 	image_3: autoDraw = True
236.5894 	EXP 	image_3: autoDraw = False
236.5894 	EXP 	text_3: height = 0.2
236.5894 	EXP 	text_3: height = 0.2
236.5894 	EXP 	text_3: height = 0.2
236.5894 	EXP 	text_3: text = 1
237.0895 	EXP 	text_3: autoDraw = True
237.5938 	EXP 	text_3: autoDraw = False
237.5938 	EXP 	text_3: autoDraw = False
237.5938 	EXP 	image_2: image = 'condition_1/rightstar.PNG'
238.7023 	EXP 	image_2: autoDraw = True
239.1121 	EXP 	New trial (rep=1, index=14): {'stimuli': 2, 'star': 'condition_1/rightstar.PNG', 'CorrectAns': 'left'}
239.2071 	EXP 	image_2: autoDraw = False
239.2071 	EXP 	image_3: image = 'condition_1/fixation.png'
239.2071 	EXP 	image_3: autoDraw = True
239.6395 	EXP 	image_3: autoDraw = False
239.6395 	EXP 	text_3: height = 0.2
239.6395 	EXP 	text_3: height = 0.2
239.6395 	EXP 	text_3: height = 0.2
239.6395 	EXP 	text_3: text = 2
240.1229 	EXP 	text_3: autoDraw = True
240.6208 	EXP 	text_3: autoDraw = False
240.6208 	EXP 	text_3: autoDraw = False
240.6208 	EXP 	image_2: image = 'condition_1/rightstar.PNG'
241.7355 	EXP 	image_2: autoDraw = True
242.3450 	EXP 	New trial (rep=1, index=15): {'stimuli': 2, 'star': 'condition_1/leftstar.PNG', 'CorrectAns': 'left'}
242.4414 	EXP 	image_2: autoDraw = False
242.4414 	EXP 	image_3: image = 'condition_1/fixation.png'
242.4414 	EXP 	image_3: autoDraw = True
242.8728 	EXP 	image_3: autoDraw = False
242.8728 	EXP 	text_3: height = 0.2
242.8728 	EXP 	text_3: height = 0.2
242.8728 	EXP 	text_3: height = 0.2
242.8728 	EXP 	text_3: text = 2
243.3563 	EXP 	text_3: autoDraw = True
243.8616 	EXP 	text_3: autoDraw = False
243.8616 	EXP 	text_3: autoDraw = False
243.8616 	EXP 	image_2: image = 'condition_1/leftstar.PNG'
244.9690 	EXP 	image_2: autoDraw = True
245.7729 	EXP 	image_2: autoDraw = False
245.9416 	EXP 	New trial (rep=1, index=16): {'stimuli': 2, 'star': 'condition_1/leftstar.PNG', 'CorrectAns': 'left'}
246.0445 	EXP 	image_2: autoDraw = False
246.0445 	EXP 	image_3: image = 'condition_1/fixation.png'
246.0445 	EXP 	image_3: autoDraw = True
246.4561 	EXP 	image_3: autoDraw = False
246.4561 	EXP 	text_3: height = 0.2
246.4561 	EXP 	text_3: height = 0.2
246.4561 	EXP 	text_3: height = 0.2
246.4561 	EXP 	text_3: text = 2
246.9562 	EXP 	text_3: autoDraw = True
247.4596 	EXP 	text_3: autoDraw = False
247.4596 	EXP 	text_3: autoDraw = False
247.4596 	EXP 	image_2: image = 'condition_1/leftstar.PNG'
248.5689 	EXP 	image_2: autoDraw = True
249.0454 	EXP 	New trial (rep=1, index=17): {'stimuli': 2, 'star': 'condition_1/blank.PNG', 'CorrectAns': 'space'}
249.1397 	EXP 	image_2: autoDraw = False
249.1397 	EXP 	image_3: image = 'condition_1/fixation.png'
249.1397 	EXP 	image_3: autoDraw = True
249.5729 	EXP 	image_3: autoDraw = False
249.5729 	EXP 	text_3: height = 0.2
249.5729 	EXP 	text_3: height = 0.2
249.5729 	EXP 	text_3: height = 0.2
249.5729 	EXP 	text_3: text = 2
250.0563 	EXP 	text_3: autoDraw = True
250.4618 	EXP 	text_3: autoDraw = False
250.4618 	EXP 	text_3: autoDraw = False
250.4618 	EXP 	image_2: image = 'condition_1/blank.PNG'
251.6613 	EXP 	image_2: autoDraw = True
252.3782 	EXP 	New trial (rep=1, index=18): {'stimuli': 9, 'star': 'condition_1/rightstar.PNG', 'CorrectAns': 'space'}
252.4710 	EXP 	image_2: autoDraw = False
252.4710 	EXP 	image_3: image = 'condition_1/fixation.png'
252.4710 	EXP 	image_3: autoDraw = True
252.9194 	EXP 	image_3: autoDraw = False
252.9194 	EXP 	text_3: height = 0.2
252.9194 	EXP 	text_3: height = 0.2
252.9194 	EXP 	text_3: height = 0.2
252.9194 	EXP 	text_3: text = 9
253.3896 	EXP 	text_3: autoDraw = True
253.8901 	EXP 	text_3: autoDraw = False
253.8901 	EXP 	text_3: autoDraw = False
253.8901 	EXP 	image_2: image = 'condition_1/rightstar.PNG'
255.0025 	EXP 	image_2: autoDraw = True
255.8062 	EXP 	image_2: autoDraw = False
256.6578 	EXP 	New trial (rep=1, index=19): {'stimuli': 9, 'star': 'condition_1/rightstar.PNG', 'CorrectAns': 'space'}
256.7603 	EXP 	image_2: autoDraw = False
256.7603 	EXP 	image_3: image = 'condition_1/fixation.png'
256.7603 	EXP 	image_3: autoDraw = True
257.1729 	EXP 	image_3: autoDraw = False
257.1729 	EXP 	text_3: height = 0.2
257.1729 	EXP 	text_3: height = 0.2
257.1729 	EXP 	text_3: height = 0.2
257.1729 	EXP 	text_3: text = 9
257.6729 	EXP 	text_3: autoDraw = True
258.1790 	EXP 	text_3: autoDraw = False
258.1790 	EXP 	text_3: autoDraw = False
258.1790 	EXP 	image_2: image = 'condition_1/rightstar.PNG'
259.2857 	EXP 	image_2: autoDraw = True
260.0458 	EXP 	New trial (rep=1, index=20): {'stimuli': 1, 'star': 'condition_1/rightstar.PNG', 'CorrectAns': 'right'}
260.1554 	EXP 	image_2: autoDraw = False
260.1554 	EXP 	image_3: image = 'condition_1/fixation.png'
260.1554 	EXP 	image_3: autoDraw = True
260.5728 	EXP 	image_3: autoDraw = False
260.5728 	EXP 	text_3: height = 0.2
260.5728 	EXP 	text_3: height = 0.2
260.5728 	EXP 	text_3: height = 0.2
260.5728 	EXP 	text_3: text = 1
261.0563 	EXP 	text_3: autoDraw = True
261.5777 	EXP 	text_3: autoDraw = False
261.5777 	EXP 	text_3: autoDraw = False
261.5777 	EXP 	image_2: image = 'condition_1/rightstar.PNG'
262.6690 	EXP 	image_2: autoDraw = True
263.0948 	EXP 	New trial (rep=1, index=21): {'stimuli': 9, 'star': 'condition_1/leftstar.PNG', 'CorrectAns': 'space'}
263.1918 	EXP 	image_2: autoDraw = False
263.1918 	EXP 	image_3: image = 'condition_1/fixation.png'
263.1918 	EXP 	image_3: autoDraw = True
263.6228 	EXP 	image_3: autoDraw = False
263.6228 	EXP 	text_3: height = 0.2
263.6228 	EXP 	text_3: height = 0.2
263.6228 	EXP 	text_3: height = 0.2
263.6228 	EXP 	text_3: text = 9
264.1064 	EXP 	text_3: autoDraw = True
264.6084 	EXP 	text_3: autoDraw = False
264.6084 	EXP 	text_3: autoDraw = False
264.6084 	EXP 	image_2: image = 'condition_1/leftstar.PNG'
265.7190 	EXP 	image_2: autoDraw = True
265.8453 	EXP 	New trial (rep=1, index=22): {'stimuli': 9, 'star': 'condition_1/leftstar.PNG', 'CorrectAns': 'space'}
265.9429 	EXP 	image_2: autoDraw = False
265.9429 	EXP 	image_3: image = 'condition_1/fixation.png'
265.9429 	EXP 	image_3: autoDraw = True
266.3728 	EXP 	image_3: autoDraw = False
266.3728 	EXP 	text_3: height = 0.2
266.3728 	EXP 	text_3: height = 0.2
266.3728 	EXP 	text_3: height = 0.2
266.3728 	EXP 	text_3: text = 9
266.8562 	EXP 	text_3: autoDraw = True
267.3595 	EXP 	text_3: autoDraw = False
267.3595 	EXP 	text_3: autoDraw = False
267.3595 	EXP 	image_2: image = 'condition_1/leftstar.PNG'
268.4692 	EXP 	image_2: autoDraw = True
268.8633 	EXP 	New trial (rep=1, index=23): {'stimuli': 9, 'star': 'condition_1/leftstar.PNG', 'CorrectAns': 'space'}
268.9604 	EXP 	image_2: autoDraw = False
268.9604 	EXP 	image_3: image = 'condition_1/fixation.png'
268.9604 	EXP 	image_3: autoDraw = True
269.3895 	EXP 	image_3: autoDraw = False
269.3895 	EXP 	text_3: height = 0.2
269.3895 	EXP 	text_3: height = 0.2
269.3895 	EXP 	text_3: height = 0.2
269.3895 	EXP 	text_3: text = 9
269.8729 	EXP 	text_3: autoDraw = True
270.3680 	EXP 	text_3: autoDraw = False
270.3680 	EXP 	text_3: autoDraw = False
270.3680 	EXP 	image_2: image = 'condition_1/leftstar.PNG'
271.4857 	EXP 	image_2: autoDraw = True
271.9293 	EXP 	New trial (rep=1, index=24): {'stimuli': 2, 'star': 'condition_1/rightstar.PNG', 'CorrectAns': 'right'}
272.0257 	EXP 	image_2: autoDraw = False
272.0257 	EXP 	image_3: image = 'condition_1/fixation.png'
272.0257 	EXP 	image_3: autoDraw = True
272.4710 	EXP 	image_3: autoDraw = False
272.4710 	EXP 	text_3: height = 0.2
272.4710 	EXP 	text_3: height = 0.2
272.4710 	EXP 	text_3: height = 0.2
272.4710 	EXP 	text_3: text = 2
272.9397 	EXP 	text_3: autoDraw = True
273.4490 	EXP 	text_3: autoDraw = False
273.4490 	EXP 	text_3: autoDraw = False
273.4490 	EXP 	image_2: image = 'condition_1/rightstar.PNG'
274.5523 	EXP 	image_2: autoDraw = True
275.1066 	EXP 	image_2: autoDraw = False
275.1066 	EXP 	text_10: autoDraw = True
316.7898 	EXP 	text_10: autoDraw = False
316.7898 	EXP 	text_7: autoDraw = True
319.5294 	EXP 	Imported test2/data4.xlsx as conditions, 6 conditions, 3 params
319.5298 	EXP 	Created sequence: random, trialTypes=6, nReps=1, seed=None
319.5300 	EXP 	New trial (rep=0, index=0): {'stimuli': 8, 'star': 'test2/rightstar.PNG', 'CorrectAns': 'right'}
319.6878 	EXP 	text_7: autoDraw = False
319.6878 	EXP 	image_8: image = 'test2/fixation.png'
319.6878 	EXP 	image_8: autoDraw = True
320.0562 	EXP 	image_8: autoDraw = False
320.0562 	EXP 	text_11: height = 0.05
320.0562 	EXP 	text_11: height = 0.05
320.0562 	EXP 	text_11: height = 0.05
320.0562 	EXP 	text_11: text = 8
320.5230 	EXP 	text_11: autoDraw = True
321.0238 	EXP 	text_11: autoDraw = False
321.0238 	EXP 	text_11: autoDraw = False
321.0238 	EXP 	image_9: image = 'test2/rightstar.PNG'
322.1558 	EXP 	image_9: autoDraw = True
322.5285 	EXP 	New trial (rep=0, index=1): {'stimuli': 2, 'star': 'test2/leftstar.PNG', 'CorrectAns': 'space'}
322.6227 	EXP 	image_9: autoDraw = False
322.6227 	EXP 	image_8: image = 'test2/fixation.png'
322.6227 	EXP 	image_8: autoDraw = True
323.0561 	EXP 	image_8: autoDraw = False
323.0561 	EXP 	text_11: height = 0.05
323.0561 	EXP 	text_11: height = 0.05
323.0561 	EXP 	text_11: height = 0.05
323.0561 	EXP 	text_11: text = 2
323.5396 	EXP 	text_11: autoDraw = True
324.0467 	EXP 	text_11: autoDraw = False
324.0467 	EXP 	text_11: autoDraw = False
324.0467 	EXP 	image_9: image = 'test2/leftstar.PNG'
325.1524 	EXP 	image_9: autoDraw = True
325.2956 	EXP 	New trial (rep=0, index=2): {'stimuli': 8, 'star': 'test2/leftstar.PNG', 'CorrectAns': 'left'}
325.4012 	EXP 	image_9: autoDraw = False
325.4012 	EXP 	image_8: image = 'test2/fixation.png'
325.4012 	EXP 	image_8: autoDraw = True
325.8229 	EXP 	image_8: autoDraw = False
325.8229 	EXP 	text_11: height = 0.05
325.8229 	EXP 	text_11: height = 0.05
325.8229 	EXP 	text_11: height = 0.05
325.8229 	EXP 	text_11: text = 8
326.3062 	EXP 	text_11: autoDraw = True
326.8249 	EXP 	text_11: autoDraw = False
326.8249 	EXP 	text_11: autoDraw = False
326.8249 	EXP 	image_9: image = 'test2/leftstar.PNG'
327.9191 	EXP 	image_9: autoDraw = True
328.4286 	EXP 	New trial (rep=0, index=3): {'stimuli': 9, 'star': 'test2/rightstar.PNG', 'CorrectAns': 'right'}
328.5266 	EXP 	image_9: autoDraw = False
328.5266 	EXP 	image_8: image = 'test2/fixation.png'
328.5266 	EXP 	image_8: autoDraw = True
328.9562 	EXP 	image_8: autoDraw = False
328.9562 	EXP 	text_11: height = 0.05
328.9562 	EXP 	text_11: height = 0.05
328.9562 	EXP 	text_11: height = 0.05
328.9562 	EXP 	text_11: text = 9
329.4396 	EXP 	text_11: autoDraw = True
329.9333 	EXP 	text_11: autoDraw = False
329.9333 	EXP 	text_11: autoDraw = False
329.9333 	EXP 	image_9: image = 'test2/rightstar.PNG'
331.0526 	EXP 	image_9: autoDraw = True
331.4796 	EXP 	New trial (rep=0, index=4): {'stimuli': 1, 'star': 'test2/leftstar.PNG', 'CorrectAns': 'space'}
331.5736 	EXP 	image_9: autoDraw = False
331.5736 	EXP 	image_8: image = 'test2/fixation.png'
331.5736 	EXP 	image_8: autoDraw = True
332.0062 	EXP 	image_8: autoDraw = False
332.0062 	EXP 	text_11: height = 0.05
332.0062 	EXP 	text_11: height = 0.05
332.0062 	EXP 	text_11: height = 0.05
332.0062 	EXP 	text_11: text = 1
332.4895 	EXP 	text_11: autoDraw = True
332.9835 	EXP 	text_11: autoDraw = False
332.9835 	EXP 	text_11: autoDraw = False
332.9835 	EXP 	image_9: image = 'test2/leftstar.PNG'
334.1023 	EXP 	image_9: autoDraw = True
334.4455 	EXP 	New trial (rep=0, index=5): {'stimuli': 1, 'star': 'test2/blank.PNG', 'CorrectAns': 'space'}
334.5459 	EXP 	image_9: autoDraw = False
334.5459 	EXP 	image_8: image = 'test2/fixation.png'
334.5459 	EXP 	image_8: autoDraw = True
334.9730 	EXP 	image_8: autoDraw = False
334.9730 	EXP 	text_11: height = 0.05
334.9730 	EXP 	text_11: height = 0.05
334.9730 	EXP 	text_11: height = 0.05
334.9730 	EXP 	text_11: text = 1
335.4564 	EXP 	text_11: autoDraw = True
335.8726 	EXP 	text_11: autoDraw = False
335.8726 	EXP 	text_11: autoDraw = False
335.8726 	EXP 	image_9: image = 'test2/blank.PNG'
337.0613 	EXP 	image_9: autoDraw = True
337.8731 	EXP 	image_9: autoDraw = False
342.3233 	EXP 	image_9: autoDraw = False
342.3233 	EXP 	text_12: autoDraw = True
343.3229 	EXP 	text_12: autoDraw = False
345.4401 	EXP 	text_12: autoDraw = False
345.4401 	EXP 	text_13: autoDraw = True
346.4397 	EXP 	text_13: autoDraw = False
348.8653 	EXP 	Imported condition_2/data2.xlsx as conditions, 25 conditions, 3 params
348.8662 	EXP 	Created sequence: random, trialTypes=25, nReps=2, seed=None
348.8665 	EXP 	New trial (rep=0, index=0): {'stimuli': 9, 'star': 'condition_2/blank.PNG', 'CorrectAns': 'space'}
349.0187 	EXP 	text_13: autoDraw = False
349.0187 	EXP 	image_4: image = 'condition_2/fixation.png'
349.0187 	EXP 	image_4: autoDraw = True
349.3562 	EXP 	image_4: autoDraw = False
349.3562 	EXP 	text: height = 0.2
349.3562 	EXP 	text: height = 0.2
349.3562 	EXP 	text: height = 0.2
349.3562 	EXP 	text: text = 9
349.8564 	EXP 	text: autoDraw = True
350.2625 	EXP 	text: autoDraw = False
350.2625 	EXP 	text: autoDraw = False
350.2625 	EXP 	image_5: image = 'condition_2/blank.PNG'
351.4616 	EXP 	image_5: autoDraw = True
352.2730 	EXP 	image_5: autoDraw = False
353.7418 	EXP 	New trial (rep=0, index=1): {'stimuli': 1, 'star': 'condition_2/leftstar.PNG', 'CorrectAns': 'space'}
353.8417 	EXP 	image_5: autoDraw = False
353.8417 	EXP 	image_4: image = 'condition_2/fixation.png'
353.8417 	EXP 	image_4: autoDraw = True
354.2563 	EXP 	image_4: autoDraw = False
354.2563 	EXP 	text: height = 0.2
354.2563 	EXP 	text: height = 0.2
354.2563 	EXP 	text: height = 0.2
354.2563 	EXP 	text: text = 1
354.7565 	EXP 	text: autoDraw = True
355.2568 	EXP 	text: autoDraw = False
355.2568 	EXP 	text: autoDraw = False
355.2568 	EXP 	image_5: image = 'condition_2/leftstar.PNG'
356.3692 	EXP 	image_5: autoDraw = True
357.1730 	EXP 	image_5: autoDraw = False
357.2416 	EXP 	New trial (rep=0, index=2): {'stimuli': 9, 'star': 'condition_2/rightstar.PNG', 'CorrectAns': 'right'}
357.3461 	EXP 	image_5: autoDraw = False
357.3461 	EXP 	image_4: image = 'condition_2/fixation.png'
357.3461 	EXP 	image_4: autoDraw = True
357.7563 	EXP 	image_4: autoDraw = False
357.7563 	EXP 	text: height = 0.2
357.7563 	EXP 	text: height = 0.2
357.7563 	EXP 	text: height = 0.2
357.7563 	EXP 	text: text = 9
358.2566 	EXP 	text: autoDraw = True
358.7538 	EXP 	text: autoDraw = False
358.7538 	EXP 	text: autoDraw = False
358.7538 	EXP 	image_5: image = 'condition_2/rightstar.PNG'
359.8693 	EXP 	image_5: autoDraw = True
360.3293 	EXP 	New trial (rep=0, index=3): {'stimuli': 9, 'star': 'condition_2/leftstar.PNG', 'CorrectAns': 'left'}
360.4300 	EXP 	image_5: autoDraw = False
360.4300 	EXP 	image_4: image = 'condition_2/fixation.png'
360.4300 	EXP 	image_4: autoDraw = True
360.8563 	EXP 	image_4: autoDraw = False
360.8563 	EXP 	text: height = 0.2
360.8563 	EXP 	text: height = 0.2
360.8563 	EXP 	text: height = 0.2
360.8563 	EXP 	text: text = 9
361.3397 	EXP 	text: autoDraw = True
361.8337 	EXP 	text: autoDraw = False
361.8337 	EXP 	text: autoDraw = False
361.8337 	EXP 	image_5: image = 'condition_2/leftstar.PNG'
362.9525 	EXP 	image_5: autoDraw = True
363.7562 	EXP 	image_5: autoDraw = False
364.1413 	EXP 	New trial (rep=0, index=4): {'stimuli': 1, 'star': 'condition_2/leftstar.PNG', 'CorrectAns': 'space'}
364.2389 	EXP 	image_5: autoDraw = False
364.2389 	EXP 	image_4: image = 'condition_2/fixation.png'
364.2389 	EXP 	image_4: autoDraw = True
364.6563 	EXP 	image_4: autoDraw = False
364.6563 	EXP 	text: height = 0.2
364.6563 	EXP 	text: height = 0.2
364.6563 	EXP 	text: height = 0.2
364.6563 	EXP 	text: text = 1
365.1564 	EXP 	text: autoDraw = True
365.6469 	EXP 	text: autoDraw = False
365.6469 	EXP 	text: autoDraw = False
365.6469 	EXP 	image_5: image = 'condition_2/leftstar.PNG'
366.7692 	EXP 	image_5: autoDraw = True
367.1286 	EXP 	New trial (rep=0, index=5): {'stimuli': 8, 'star': 'condition_2/blank.PNG', 'CorrectAns': 'space'}
367.2244 	EXP 	image_5: autoDraw = False
367.2244 	EXP 	image_4: image = 'condition_2/fixation.png'
367.2244 	EXP 	image_4: autoDraw = True
367.6564 	EXP 	image_4: autoDraw = False
367.6564 	EXP 	text: height = 0.2
367.6564 	EXP 	text: height = 0.2
367.6564 	EXP 	text: height = 0.2
367.6564 	EXP 	text: text = 8
368.1397 	EXP 	text: autoDraw = True
368.5276 	EXP 	text: autoDraw = False
368.5276 	EXP 	text: autoDraw = False
368.5276 	EXP 	image_5: image = 'condition_2/blank.PNG'
369.7448 	EXP 	image_5: autoDraw = True
370.5397 	EXP 	image_5: autoDraw = False
371.9749 	EXP 	New trial (rep=0, index=6): {'stimuli': 8, 'star': 'condition_2/leftstar.PNG', 'CorrectAns': 'left'}
372.0728 	EXP 	image_5: autoDraw = False
372.0728 	EXP 	image_4: image = 'condition_2/fixation.png'
372.0728 	EXP 	image_4: autoDraw = True
372.4985 	EXP 	image_4: autoDraw = False
372.4985 	EXP 	text: height = 0.2
372.4985 	EXP 	text: height = 0.2
372.4985 	EXP 	text: height = 0.2
372.4985 	EXP 	text: text = 8
372.9898 	EXP 	text: autoDraw = True
373.5001 	EXP 	text: autoDraw = False
373.5001 	EXP 	text: autoDraw = False
373.5001 	EXP 	image_5: image = 'condition_2/leftstar.PNG'
374.6026 	EXP 	image_5: autoDraw = True
375.4063 	EXP 	image_5: autoDraw = False
375.6916 	EXP 	New trial (rep=0, index=7): {'stimuli': 1, 'star': 'condition_2/leftstar.PNG', 'CorrectAns': 'space'}
375.7897 	EXP 	image_5: autoDraw = False
375.7897 	EXP 	image_4: image = 'condition_2/fixation.png'
375.7897 	EXP 	image_4: autoDraw = True
376.2063 	EXP 	image_4: autoDraw = False
376.2063 	EXP 	text: height = 0.2
376.2063 	EXP 	text: height = 0.2
376.2063 	EXP 	text: height = 0.2
376.2063 	EXP 	text: text = 1
376.7066 	EXP 	text: autoDraw = True
377.2062 	EXP 	text: autoDraw = False
377.2062 	EXP 	text: autoDraw = False
377.2062 	EXP 	image_5: image = 'condition_2/leftstar.PNG'
378.3192 	EXP 	image_5: autoDraw = True
378.7462 	EXP 	New trial (rep=0, index=8): {'stimuli': 1, 'star': 'condition_2/rightstar.PNG', 'CorrectAns': 'space'}
378.8429 	EXP 	image_5: autoDraw = False
378.8429 	EXP 	image_4: image = 'condition_2/fixation.png'
378.8429 	EXP 	image_4: autoDraw = True
379.2730 	EXP 	image_4: autoDraw = False
379.2730 	EXP 	text: height = 0.2
379.2730 	EXP 	text: height = 0.2
379.2730 	EXP 	text: height = 0.2
379.2730 	EXP 	text: text = 1
379.7564 	EXP 	text: autoDraw = True
380.2573 	EXP 	text: autoDraw = False
380.2573 	EXP 	text: autoDraw = False
380.2573 	EXP 	image_5: image = 'condition_2/rightstar.PNG'
381.3692 	EXP 	image_5: autoDraw = True
382.1730 	EXP 	image_5: autoDraw = False
382.4414 	EXP 	New trial (rep=0, index=9): {'stimuli': 2, 'star': 'condition_2/rightstar.PNG', 'CorrectAns': 'space'}
382.5448 	EXP 	image_5: autoDraw = False
382.5448 	EXP 	image_4: image = 'condition_2/fixation.png'
382.5448 	EXP 	image_4: autoDraw = True
382.9564 	EXP 	image_4: autoDraw = False
382.9564 	EXP 	text: height = 0.2
382.9564 	EXP 	text: height = 0.2
382.9564 	EXP 	text: height = 0.2
382.9564 	EXP 	text: text = 2
383.4565 	EXP 	text: autoDraw = True
383.9593 	EXP 	text: autoDraw = False
383.9593 	EXP 	text: autoDraw = False
383.9593 	EXP 	image_5: image = 'condition_2/rightstar.PNG'
385.0694 	EXP 	image_5: autoDraw = True
385.6633 	EXP 	New trial (rep=0, index=10): {'stimuli': 1, 'star': 'condition_2/blank.PNG', 'CorrectAns': 'space'}
385.7566 	EXP 	image_5: autoDraw = False
385.7566 	EXP 	image_4: image = 'condition_2/fixation.png'
385.7566 	EXP 	image_4: autoDraw = True
386.1897 	EXP 	image_4: autoDraw = False
386.1897 	EXP 	text: height = 0.2
386.1897 	EXP 	text: height = 0.2
386.1897 	EXP 	text: height = 0.2
386.1897 	EXP 	text: text = 1
386.6731 	EXP 	text: autoDraw = True
387.0783 	EXP 	text: autoDraw = False
387.0783 	EXP 	text: autoDraw = False
387.0783 	EXP 	image_5: image = 'condition_2/blank.PNG'
388.2781 	EXP 	image_5: autoDraw = True
389.0897 	EXP 	image_5: autoDraw = False
390.7415 	EXP 	New trial (rep=0, index=11): {'stimuli': 9, 'star': 'condition_2/rightstar.PNG', 'CorrectAns': 'right'}
390.8416 	EXP 	image_5: autoDraw = False
390.8416 	EXP 	image_4: image = 'condition_2/fixation.png'
390.8416 	EXP 	image_4: autoDraw = True
391.2563 	EXP 	image_4: autoDraw = False
391.2563 	EXP 	text: height = 0.2
391.2563 	EXP 	text: height = 0.2
391.2563 	EXP 	text: height = 0.2
391.2563 	EXP 	text: text = 9
391.7565 	EXP 	text: autoDraw = True
392.2663 	EXP 	text: autoDraw = False
392.2663 	EXP 	text: autoDraw = False
392.2663 	EXP 	image_5: image = 'condition_2/rightstar.PNG'
393.3693 	EXP 	image_5: autoDraw = True
393.8119 	EXP 	New trial (rep=0, index=12): {'stimuli': 2, 'star': 'condition_2/leftstar.PNG', 'CorrectAns': 'space'}
393.9084 	EXP 	image_5: autoDraw = False
393.9084 	EXP 	image_4: image = 'condition_2/fixation.png'
393.9084 	EXP 	image_4: autoDraw = True
394.3508 	EXP 	image_4: autoDraw = False
394.3508 	EXP 	text: height = 0.2
394.3508 	EXP 	text: height = 0.2
394.3508 	EXP 	text: height = 0.2
394.3508 	EXP 	text: text = 2
394.8231 	EXP 	text: autoDraw = True
395.3224 	EXP 	text: autoDraw = False
395.3224 	EXP 	text: autoDraw = False
395.3224 	EXP 	image_5: image = 'condition_2/leftstar.PNG'
396.4358 	EXP 	image_5: autoDraw = True
396.8296 	EXP 	New trial (rep=0, index=13): {'stimuli': 8, 'star': 'condition_2/leftstar.PNG', 'CorrectAns': 'left'}
396.9269 	EXP 	image_5: autoDraw = False
396.9269 	EXP 	image_4: image = 'condition_2/fixation.png'
396.9269 	EXP 	image_4: autoDraw = True
397.3564 	EXP 	image_4: autoDraw = False
397.3564 	EXP 	text: height = 0.2
397.3564 	EXP 	text: height = 0.2
397.3564 	EXP 	text: height = 0.2
397.3564 	EXP 	text: text = 8
397.8399 	EXP 	text: autoDraw = True
398.3363 	EXP 	text: autoDraw = False
398.3363 	EXP 	text: autoDraw = False
398.3363 	EXP 	image_5: image = 'condition_2/leftstar.PNG'
399.4527 	EXP 	image_5: autoDraw = True
399.9452 	EXP 	New trial (rep=0, index=14): {'stimuli': 8, 'star': 'condition_2/blank.PNG', 'CorrectAns': 'space'}
400.0366 	EXP 	image_5: autoDraw = False
400.0366 	EXP 	image_4: image = 'condition_2/fixation.png'
400.0366 	EXP 	image_4: autoDraw = True
400.4731 	EXP 	image_4: autoDraw = False
400.4731 	EXP 	text: height = 0.2
400.4731 	EXP 	text: height = 0.2
400.4731 	EXP 	text: height = 0.2
400.4731 	EXP 	text: text = 8
400.9564 	EXP 	text: autoDraw = True
401.3481 	EXP 	text: autoDraw = False
401.3481 	EXP 	text: autoDraw = False
401.3481 	EXP 	image_5: image = 'condition_2/blank.PNG'
402.5615 	EXP 	image_5: autoDraw = True
403.3730 	EXP 	image_5: autoDraw = False
406.1414 	EXP 	New trial (rep=0, index=15): {'stimuli': 2, 'star': 'condition_2/leftstar.PNG', 'CorrectAns': 'space'}
406.2405 	EXP 	image_5: autoDraw = False
406.2405 	EXP 	image_4: image = 'condition_2/fixation.png'
406.2405 	EXP 	image_4: autoDraw = True
406.6563 	EXP 	image_4: autoDraw = False
406.6563 	EXP 	text: height = 0.2
406.6563 	EXP 	text: height = 0.2
406.6563 	EXP 	text: height = 0.2
406.6563 	EXP 	text: text = 2
407.1567 	EXP 	text: autoDraw = True
407.6672 	EXP 	text: autoDraw = False
407.6672 	EXP 	text: autoDraw = False
407.6672 	EXP 	image_5: image = 'condition_2/leftstar.PNG'
408.7694 	EXP 	image_5: autoDraw = True
409.1451 	EXP 	New trial (rep=0, index=16): {'stimuli': 1, 'star': 'condition_2/rightstar.PNG', 'CorrectAns': 'space'}
409.2409 	EXP 	image_5: autoDraw = False
409.2409 	EXP 	image_4: image = 'condition_2/fixation.png'
409.2409 	EXP 	image_4: autoDraw = True
409.6733 	EXP 	image_4: autoDraw = False
409.6733 	EXP 	text: height = 0.2
409.6733 	EXP 	text: height = 0.2
409.6733 	EXP 	text: height = 0.2
409.6733 	EXP 	text: text = 1
410.1565 	EXP 	text: autoDraw = True
410.6477 	EXP 	text: autoDraw = False
410.6477 	EXP 	text: autoDraw = False
410.6477 	EXP 	image_5: image = 'condition_2/rightstar.PNG'
411.7692 	EXP 	image_5: autoDraw = True
412.3285 	EXP 	New trial (rep=0, index=17): {'stimuli': 8, 'star': 'condition_2/rightstar.PNG', 'CorrectAns': 'right'}
412.4221 	EXP 	image_5: autoDraw = False
412.4221 	EXP 	image_4: image = 'condition_2/fixation.png'
412.4221 	EXP 	image_4: autoDraw = True
412.8564 	EXP 	image_4: autoDraw = False
412.8564 	EXP 	text: height = 0.2
412.8564 	EXP 	text: height = 0.2
412.8564 	EXP 	text: height = 0.2
412.8564 	EXP 	text: text = 8
413.3398 	EXP 	text: autoDraw = True
413.8377 	EXP 	text: autoDraw = False
413.8377 	EXP 	text: autoDraw = False
413.8377 	EXP 	image_5: image = 'condition_2/rightstar.PNG'
414.9526 	EXP 	image_5: autoDraw = True
415.3461 	EXP 	New trial (rep=0, index=18): {'stimuli': 8, 'star': 'condition_2/rightstar.PNG', 'CorrectAns': 'right'}
415.4486 	EXP 	image_5: autoDraw = False
415.4486 	EXP 	image_4: image = 'condition_2/fixation.png'
415.4486 	EXP 	image_4: autoDraw = True
415.8858 	EXP 	image_4: autoDraw = False
415.8858 	EXP 	text: height = 0.2
415.8858 	EXP 	text: height = 0.2
415.8858 	EXP 	text: height = 0.2
415.8858 	EXP 	text: text = 8
416.3565 	EXP 	text: autoDraw = True
416.8587 	EXP 	text: autoDraw = False
416.8587 	EXP 	text: autoDraw = False
416.8587 	EXP 	image_5: image = 'condition_2/rightstar.PNG'
417.9692 	EXP 	image_5: autoDraw = True
418.4457 	EXP 	New trial (rep=0, index=19): {'stimuli': 2, 'star': 'condition_2/blank.PNG', 'CorrectAns': 'space'}
418.5404 	EXP 	image_5: autoDraw = False
418.5404 	EXP 	image_4: image = 'condition_2/fixation.png'
418.5404 	EXP 	image_4: autoDraw = True
418.9730 	EXP 	image_4: autoDraw = False
418.9730 	EXP 	text: height = 0.2
418.9730 	EXP 	text: height = 0.2
418.9730 	EXP 	text: height = 0.2
418.9730 	EXP 	text: text = 2
419.4565 	EXP 	text: autoDraw = True
419.8658 	EXP 	text: autoDraw = False
419.8658 	EXP 	text: autoDraw = False
419.8658 	EXP 	image_5: image = 'condition_2/blank.PNG'
421.0615 	EXP 	image_5: autoDraw = True
421.2954 	EXP 	New trial (rep=0, index=20): {'stimuli': 2, 'star': 'condition_2/rightstar.PNG', 'CorrectAns': 'space'}
421.3948 	EXP 	image_5: autoDraw = False
421.3948 	EXP 	image_4: image = 'condition_2/fixation.png'
421.3948 	EXP 	image_4: autoDraw = True
421.8231 	EXP 	image_4: autoDraw = False
421.8231 	EXP 	text: height = 0.2
421.8231 	EXP 	text: height = 0.2
421.8231 	EXP 	text: height = 0.2
421.8231 	EXP 	text: text = 2
422.3065 	EXP 	text: autoDraw = True
422.8073 	EXP 	text: autoDraw = False
422.8073 	EXP 	text: autoDraw = False
422.8073 	EXP 	image_5: image = 'condition_2/rightstar.PNG'
423.9195 	EXP 	image_5: autoDraw = True
424.5625 	EXP 	New trial (rep=0, index=21): {'stimuli': 9, 'star': 'condition_2/leftstar.PNG', 'CorrectAns': 'left'}
424.6668 	EXP 	image_5: autoDraw = False
424.6668 	EXP 	image_4: image = 'condition_2/fixation.png'
424.6668 	EXP 	image_4: autoDraw = True
425.0898 	EXP 	image_4: autoDraw = False
425.0898 	EXP 	text: height = 0.2
425.0898 	EXP 	text: height = 0.2
425.0898 	EXP 	text: height = 0.2
425.0898 	EXP 	text: text = 9
425.5732 	EXP 	text: autoDraw = True
426.0795 	EXP 	text: autoDraw = False
426.0795 	EXP 	text: autoDraw = False
426.0795 	EXP 	image_5: image = 'condition_2/leftstar.PNG'
427.1860 	EXP 	image_5: autoDraw = True
427.7625 	EXP 	New trial (rep=0, index=22): {'stimuli': 8, 'star': 'condition_2/rightstar.PNG', 'CorrectAns': 'right'}
427.8579 	EXP 	image_5: autoDraw = False
427.8579 	EXP 	image_4: image = 'condition_2/fixation.png'
427.8579 	EXP 	image_4: autoDraw = True
428.2898 	EXP 	image_4: autoDraw = False
428.2898 	EXP 	text: height = 0.2
428.2898 	EXP 	text: height = 0.2
428.2898 	EXP 	text: height = 0.2
428.2898 	EXP 	text: text = 8
428.7733 	EXP 	text: autoDraw = True
429.2772 	EXP 	text: autoDraw = False
429.2772 	EXP 	text: autoDraw = False
429.2772 	EXP 	image_5: image = 'condition_2/rightstar.PNG'
430.3859 	EXP 	image_5: autoDraw = True
430.8792 	EXP 	New trial (rep=0, index=23): {'stimuli': 2, 'star': 'condition_2/rightstar.PNG', 'CorrectAns': 'space'}
430.9753 	EXP 	image_5: autoDraw = False
430.9753 	EXP 	image_4: image = 'condition_2/fixation.png'
430.9753 	EXP 	image_4: autoDraw = True
431.4064 	EXP 	image_4: autoDraw = False
431.4064 	EXP 	text: height = 0.2
431.4064 	EXP 	text: height = 0.2
431.4064 	EXP 	text: height = 0.2
431.4064 	EXP 	text: text = 2
431.8898 	EXP 	text: autoDraw = True
432.3938 	EXP 	text: autoDraw = False
432.3938 	EXP 	text: autoDraw = False
432.3938 	EXP 	image_5: image = 'condition_2/rightstar.PNG'
433.5025 	EXP 	image_5: autoDraw = True
433.9119 	EXP 	New trial (rep=0, index=24): {'stimuli': 9, 'star': 'condition_2/leftstar.PNG', 'CorrectAns': 'left'}
434.0071 	EXP 	image_5: autoDraw = False
434.0071 	EXP 	image_4: image = 'condition_2/fixation.png'
434.0071 	EXP 	image_4: autoDraw = True
434.5062 	EXP 	image_4: autoDraw = False
434.5062 	EXP 	text: height = 0.2
434.5062 	EXP 	text: height = 0.2
434.5062 	EXP 	text: height = 0.2
434.5062 	EXP 	text: text = 9
434.9234 	EXP 	text: autoDraw = True
435.4281 	EXP 	text: autoDraw = False
435.4281 	EXP 	text: autoDraw = False
435.4281 	EXP 	image_5: image = 'condition_2/leftstar.PNG'
436.5360 	EXP 	image_5: autoDraw = True
437.2629 	EXP 	New trial (rep=1, index=0): {'stimuli': 2, 'star': 'condition_2/leftstar.PNG', 'CorrectAns': 'space'}
437.3612 	EXP 	image_5: autoDraw = False
437.3612 	EXP 	image_4: image = 'condition_2/fixation.png'
437.3612 	EXP 	image_4: autoDraw = True
437.7898 	EXP 	image_4: autoDraw = False
437.7898 	EXP 	text: height = 0.2
437.7898 	EXP 	text: height = 0.2
437.7898 	EXP 	text: height = 0.2
437.7898 	EXP 	text: text = 2
438.2731 	EXP 	text: autoDraw = True
438.7653 	EXP 	text: autoDraw = False
438.7653 	EXP 	text: autoDraw = False
438.7653 	EXP 	image_5: image = 'condition_2/leftstar.PNG'
439.8858 	EXP 	image_5: autoDraw = True
440.3134 	EXP 	New trial (rep=1, index=1): {'stimuli': 8, 'star': 'condition_2/leftstar.PNG', 'CorrectAns': 'left'}
440.4097 	EXP 	image_5: autoDraw = False
440.4097 	EXP 	image_4: image = 'condition_2/fixation.png'
440.4097 	EXP 	image_4: autoDraw = True
440.8398 	EXP 	image_4: autoDraw = False
440.8398 	EXP 	text: height = 0.2
440.8398 	EXP 	text: height = 0.2
440.8398 	EXP 	text: height = 0.2
440.8398 	EXP 	text: text = 8
441.3232 	EXP 	text: autoDraw = True
441.8242 	EXP 	text: autoDraw = False
441.8242 	EXP 	text: autoDraw = False
441.8242 	EXP 	image_5: image = 'condition_2/leftstar.PNG'
442.9359 	EXP 	image_5: autoDraw = True
443.4791 	EXP 	New trial (rep=1, index=2): {'stimuli': 9, 'star': 'condition_2/leftstar.PNG', 'CorrectAns': 'left'}
443.5766 	EXP 	image_5: autoDraw = False
443.5766 	EXP 	image_4: image = 'condition_2/fixation.png'
443.5766 	EXP 	image_4: autoDraw = True
444.0065 	EXP 	image_4: autoDraw = False
444.0065 	EXP 	text: height = 0.2
444.0065 	EXP 	text: height = 0.2
444.0065 	EXP 	text: height = 0.2
444.0065 	EXP 	text: text = 9
444.4898 	EXP 	text: autoDraw = True
444.9970 	EXP 	text: autoDraw = False
444.9970 	EXP 	text: autoDraw = False
444.9970 	EXP 	image_5: image = 'condition_2/leftstar.PNG'
446.1024 	EXP 	image_5: autoDraw = True
446.9065 	EXP 	image_5: autoDraw = False
447.0421 	EXP 	New trial (rep=1, index=3): {'stimuli': 8, 'star': 'condition_2/blank.PNG', 'CorrectAns': 'space'}
447.1392 	EXP 	image_5: autoDraw = False
447.1392 	EXP 	image_4: image = 'condition_2/fixation.png'
447.1392 	EXP 	image_4: autoDraw = True
447.5565 	EXP 	image_4: autoDraw = False
447.5565 	EXP 	text: height = 0.2
447.5565 	EXP 	text: height = 0.2
447.5565 	EXP 	text: height = 0.2
447.5565 	EXP 	text: text = 8
448.0565 	EXP 	text: autoDraw = True
448.4763 	EXP 	text: autoDraw = False
448.4763 	EXP 	text: autoDraw = False
448.4763 	EXP 	image_5: image = 'condition_2/blank.PNG'
449.6615 	EXP 	image_5: autoDraw = True
450.4732 	EXP 	image_5: autoDraw = False
450.8583 	EXP 	New trial (rep=1, index=4): {'stimuli': 1, 'star': 'condition_2/rightstar.PNG', 'CorrectAns': 'space'}
450.9565 	EXP 	image_5: autoDraw = False
450.9565 	EXP 	image_4: image = 'condition_2/fixation.png'
450.9565 	EXP 	image_4: autoDraw = True
451.3731 	EXP 	image_4: autoDraw = False
451.3731 	EXP 	text: height = 0.2
451.3731 	EXP 	text: height = 0.2
451.3731 	EXP 	text: height = 0.2
451.3731 	EXP 	text: text = 1
451.8732 	EXP 	text: autoDraw = True
452.3764 	EXP 	text: autoDraw = False
452.3764 	EXP 	text: autoDraw = False
452.3764 	EXP 	image_5: image = 'condition_2/rightstar.PNG'
453.4859 	EXP 	image_5: autoDraw = True
454.2898 	EXP 	image_5: autoDraw = False
454.8582 	EXP 	New trial (rep=1, index=5): {'stimuli': 1, 'star': 'condition_2/leftstar.PNG', 'CorrectAns': 'space'}
454.9591 	EXP 	image_5: autoDraw = False
454.9591 	EXP 	image_4: image = 'condition_2/fixation.png'
454.9591 	EXP 	image_4: autoDraw = True
455.3730 	EXP 	image_4: autoDraw = False
455.3730 	EXP 	text: height = 0.2
455.3730 	EXP 	text: height = 0.2
455.3730 	EXP 	text: height = 0.2
455.3730 	EXP 	text: text = 1
455.8732 	EXP 	text: autoDraw = True
456.3736 	EXP 	text: autoDraw = False
456.3736 	EXP 	text: autoDraw = False
456.3736 	EXP 	image_5: image = 'condition_2/leftstar.PNG'
457.4859 	EXP 	image_5: autoDraw = True
458.2898 	EXP 	image_5: autoDraw = False
458.5748 	EXP 	New trial (rep=1, index=6): {'stimuli': 8, 'star': 'condition_2/rightstar.PNG', 'CorrectAns': 'right'}
458.6734 	EXP 	image_5: autoDraw = False
458.6734 	EXP 	image_4: image = 'condition_2/fixation.png'
458.6734 	EXP 	image_4: autoDraw = True
459.0898 	EXP 	image_4: autoDraw = False
459.0898 	EXP 	text: height = 0.2
459.0898 	EXP 	text: height = 0.2
459.0898 	EXP 	text: height = 0.2
459.0898 	EXP 	text: text = 8
459.5898 	EXP 	text: autoDraw = True
460.0874 	EXP 	text: autoDraw = False
460.0874 	EXP 	text: autoDraw = False
460.0874 	EXP 	image_5: image = 'condition_2/rightstar.PNG'
461.2026 	EXP 	image_5: autoDraw = True
461.7286 	EXP 	New trial (rep=1, index=7): {'stimuli': 8, 'star': 'condition_2/blank.PNG', 'CorrectAns': 'space'}
461.8247 	EXP 	image_5: autoDraw = False
461.8247 	EXP 	image_4: image = 'condition_2/fixation.png'
461.8247 	EXP 	image_4: autoDraw = True
462.2564 	EXP 	image_4: autoDraw = False
462.2564 	EXP 	text: height = 0.2
462.2564 	EXP 	text: height = 0.2
462.2564 	EXP 	text: height = 0.2
462.2564 	EXP 	text: text = 8
462.7399 	EXP 	text: autoDraw = True
463.1444 	EXP 	text: autoDraw = False
463.1444 	EXP 	text: autoDraw = False
463.1444 	EXP 	image_5: image = 'condition_2/blank.PNG'
464.3449 	EXP 	image_5: autoDraw = True
464.7625 	EXP 	New trial (rep=1, index=8): {'stimuli': 2, 'star': 'condition_2/rightstar.PNG', 'CorrectAns': 'space'}
464.8672 	EXP 	image_5: autoDraw = False
464.8672 	EXP 	image_4: image = 'condition_2/fixation.png'
464.8672 	EXP 	image_4: autoDraw = True
465.2898 	EXP 	image_4: autoDraw = False
465.2898 	EXP 	text: height = 0.2
465.2898 	EXP 	text: height = 0.2
465.2898 	EXP 	text: height = 0.2
465.2898 	EXP 	text: text = 2
465.7731 	EXP 	text: autoDraw = True
466.2771 	EXP 	text: autoDraw = False
466.2771 	EXP 	text: autoDraw = False
466.2771 	EXP 	image_5: image = 'condition_2/rightstar.PNG'
467.3860 	EXP 	image_5: autoDraw = True
467.9291 	EXP 	New trial (rep=1, index=9): {'stimuli': 8, 'star': 'condition_2/rightstar.PNG', 'CorrectAns': 'right'}
468.0311 	EXP 	image_5: autoDraw = False
468.0311 	EXP 	image_4: image = 'condition_2/fixation.png'
468.0311 	EXP 	image_4: autoDraw = True
468.4676 	EXP 	image_4: autoDraw = False
468.4676 	EXP 	text: height = 0.2
468.4676 	EXP 	text: height = 0.2
468.4676 	EXP 	text: height = 0.2
468.4676 	EXP 	text: text = 8
468.9399 	EXP 	text: autoDraw = True
469.4423 	EXP 	text: autoDraw = False
469.4423 	EXP 	text: autoDraw = False
469.4423 	EXP 	image_5: image = 'condition_2/rightstar.PNG'
470.5525 	EXP 	image_5: autoDraw = True
471.0284 	EXP 	New trial (rep=1, index=10): {'stimuli': 1, 'star': 'condition_2/leftstar.PNG', 'CorrectAns': 'space'}
471.1240 	EXP 	image_5: autoDraw = False
471.1240 	EXP 	image_4: image = 'condition_2/fixation.png'
471.1240 	EXP 	image_4: autoDraw = True
471.5564 	EXP 	image_4: autoDraw = False
471.5564 	EXP 	text: height = 0.2
471.5564 	EXP 	text: height = 0.2
471.5564 	EXP 	text: height = 0.2
471.5564 	EXP 	text: text = 1
472.0399 	EXP 	text: autoDraw = True
472.5400 	EXP 	text: autoDraw = False
472.5400 	EXP 	text: autoDraw = False
472.5400 	EXP 	image_5: image = 'condition_2/leftstar.PNG'
473.6525 	EXP 	image_5: autoDraw = True
474.0792 	EXP 	New trial (rep=1, index=11): {'stimuli': 8, 'star': 'condition_2/rightstar.PNG', 'CorrectAns': 'right'}
474.1752 	EXP 	image_5: autoDraw = False
474.1752 	EXP 	image_4: image = 'condition_2/fixation.png'
474.1752 	EXP 	image_4: autoDraw = True
474.6065 	EXP 	image_4: autoDraw = False
474.6065 	EXP 	text: height = 0.2
474.6065 	EXP 	text: height = 0.2
474.6065 	EXP 	text: height = 0.2
474.6065 	EXP 	text: text = 8
475.0899 	EXP 	text: autoDraw = True
475.5929 	EXP 	text: autoDraw = False
475.5929 	EXP 	text: autoDraw = False
475.5929 	EXP 	image_5: image = 'condition_2/rightstar.PNG'
476.7026 	EXP 	image_5: autoDraw = True
477.5066 	EXP 	image_5: autoDraw = False
477.6587 	EXP 	New trial (rep=1, index=12): {'stimuli': 1, 'star': 'condition_2/leftstar.PNG', 'CorrectAns': 'space'}
477.7599 	EXP 	image_5: autoDraw = False
477.7599 	EXP 	image_4: image = 'condition_2/fixation.png'
477.7599 	EXP 	image_4: autoDraw = True
478.1731 	EXP 	image_4: autoDraw = False
478.1731 	EXP 	text: height = 0.2
478.1731 	EXP 	text: height = 0.2
478.1731 	EXP 	text: height = 0.2
478.1731 	EXP 	text: text = 1
478.6732 	EXP 	text: autoDraw = True
479.1705 	EXP 	text: autoDraw = False
479.1705 	EXP 	text: autoDraw = False
479.1705 	EXP 	image_5: image = 'condition_2/leftstar.PNG'
480.2859 	EXP 	image_5: autoDraw = True
480.4784 	EXP 	New trial (rep=1, index=13): {'stimuli': 1, 'star': 'condition_2/blank.PNG', 'CorrectAns': 'space'}
480.5730 	EXP 	image_5: autoDraw = False
480.5730 	EXP 	image_4: image = 'condition_2/fixation.png'
480.5730 	EXP 	image_4: autoDraw = True
481.0064 	EXP 	image_4: autoDraw = False
481.0064 	EXP 	text: height = 0.2
481.0064 	EXP 	text: height = 0.2
481.0064 	EXP 	text: height = 0.2
481.0064 	EXP 	text: text = 1
481.4899 	EXP 	text: autoDraw = True
481.8959 	EXP 	text: autoDraw = False
481.8959 	EXP 	text: autoDraw = False
481.8959 	EXP 	image_5: image = 'condition_2/blank.PNG'
483.0950 	EXP 	image_5: autoDraw = True
483.9064 	EXP 	image_5: autoDraw = False
485.0247 	EXP 	New trial (rep=1, index=14): {'stimuli': 8, 'star': 'condition_2/leftstar.PNG', 'CorrectAns': 'left'}
485.1214 	EXP 	image_5: autoDraw = False
485.1214 	EXP 	image_4: image = 'condition_2/fixation.png'
485.1214 	EXP 	image_4: autoDraw = True
485.5398 	EXP 	image_4: autoDraw = False
485.5398 	EXP 	text: height = 0.2
485.5398 	EXP 	text: height = 0.2
485.5398 	EXP 	text: height = 0.2
485.5398 	EXP 	text: text = 8
486.0398 	EXP 	text: autoDraw = True
486.5485 	EXP 	text: autoDraw = False
486.5485 	EXP 	text: autoDraw = False
486.5485 	EXP 	image_5: image = 'condition_2/leftstar.PNG'
487.6526 	EXP 	image_5: autoDraw = True
488.3954 	EXP 	New trial (rep=1, index=15): {'stimuli': 9, 'star': 'condition_2/rightstar.PNG', 'CorrectAns': 'right'}
488.4916 	EXP 	image_5: autoDraw = False
488.4916 	EXP 	image_4: image = 'condition_2/fixation.png'
488.4916 	EXP 	image_4: autoDraw = True
488.9353 	EXP 	image_4: autoDraw = False
488.9353 	EXP 	text: height = 0.2
488.9353 	EXP 	text: height = 0.2
488.9353 	EXP 	text: height = 0.2
488.9353 	EXP 	text: text = 9
489.4066 	EXP 	text: autoDraw = True
489.9082 	EXP 	text: autoDraw = False
489.9082 	EXP 	text: autoDraw = False
489.9082 	EXP 	image_5: image = 'condition_2/rightstar.PNG'
491.0193 	EXP 	image_5: autoDraw = True
491.7294 	EXP 	New trial (rep=1, index=16): {'stimuli': 2, 'star': 'condition_2/blank.PNG', 'CorrectAns': 'space'}
491.8314 	EXP 	image_5: autoDraw = False
491.8314 	EXP 	image_4: image = 'condition_2/fixation.png'
491.8314 	EXP 	image_4: autoDraw = True
492.2565 	EXP 	image_4: autoDraw = False
492.2565 	EXP 	text: height = 0.2
492.2565 	EXP 	text: height = 0.2
492.2565 	EXP 	text: height = 0.2
492.2565 	EXP 	text: text = 2
492.7400 	EXP 	text: autoDraw = True
493.1270 	EXP 	text: autoDraw = False
493.1270 	EXP 	text: autoDraw = False
493.1270 	EXP 	image_5: image = 'condition_2/blank.PNG'
494.3450 	EXP 	image_5: autoDraw = True
495.1565 	EXP 	image_5: autoDraw = False
495.6584 	EXP 	New trial (rep=1, index=17): {'stimuli': 2, 'star': 'condition_2/rightstar.PNG', 'CorrectAns': 'space'}
495.7589 	EXP 	image_5: autoDraw = False
495.7589 	EXP 	image_4: image = 'condition_2/fixation.png'
495.7589 	EXP 	image_4: autoDraw = True
496.1734 	EXP 	image_4: autoDraw = False
496.1734 	EXP 	text: height = 0.2
496.1734 	EXP 	text: height = 0.2
496.1734 	EXP 	text: height = 0.2
496.1734 	EXP 	text: text = 2
496.6735 	EXP 	text: autoDraw = True
497.1797 	EXP 	text: autoDraw = False
497.1797 	EXP 	text: autoDraw = False
497.1797 	EXP 	image_5: image = 'condition_2/rightstar.PNG'
498.2860 	EXP 	image_5: autoDraw = True
499.0899 	EXP 	image_5: autoDraw = False
499.7587 	EXP 	New trial (rep=1, index=18): {'stimuli': 9, 'star': 'condition_2/leftstar.PNG', 'CorrectAns': 'left'}
499.8611 	EXP 	image_5: autoDraw = False
499.8611 	EXP 	image_4: image = 'condition_2/fixation.png'
499.8611 	EXP 	image_4: autoDraw = True
500.2732 	EXP 	image_4: autoDraw = False
500.2732 	EXP 	text: height = 0.2
500.2732 	EXP 	text: height = 0.2
500.2732 	EXP 	text: height = 0.2
500.2732 	EXP 	text: text = 9
500.7732 	EXP 	text: autoDraw = True
501.2743 	EXP 	text: autoDraw = False
501.2743 	EXP 	text: autoDraw = False
501.2743 	EXP 	image_5: image = 'condition_2/leftstar.PNG'
502.3861 	EXP 	image_5: autoDraw = True
502.9453 	EXP 	New trial (rep=1, index=19): {'stimuli': 9, 'star': 'condition_2/rightstar.PNG', 'CorrectAns': 'right'}
503.0412 	EXP 	image_5: autoDraw = False
503.0412 	EXP 	image_4: image = 'condition_2/fixation.png'
503.0412 	EXP 	image_4: autoDraw = True
503.4732 	EXP 	image_4: autoDraw = False
503.4732 	EXP 	text: height = 0.2
503.4732 	EXP 	text: height = 0.2
503.4732 	EXP 	text: height = 0.2
503.4732 	EXP 	text: text = 9
503.9566 	EXP 	text: autoDraw = True
504.4491 	EXP 	text: autoDraw = False
504.4491 	EXP 	text: autoDraw = False
504.4491 	EXP 	image_5: image = 'condition_2/rightstar.PNG'
505.5697 	EXP 	image_5: autoDraw = True
506.3731 	EXP 	image_5: autoDraw = False
506.4575 	EXP 	New trial (rep=1, index=20): {'stimuli': 2, 'star': 'condition_2/leftstar.PNG', 'CorrectAns': 'space'}
506.5541 	EXP 	image_5: autoDraw = False
506.5541 	EXP 	image_4: image = 'condition_2/fixation.png'
506.5541 	EXP 	image_4: autoDraw = True
506.9732 	EXP 	image_4: autoDraw = False
506.9732 	EXP 	text: height = 0.2
506.9732 	EXP 	text: height = 0.2
506.9732 	EXP 	text: height = 0.2
506.9732 	EXP 	text: text = 2
507.4566 	EXP 	text: autoDraw = True
507.9510 	EXP 	text: autoDraw = False
507.9510 	EXP 	text: autoDraw = False
507.9510 	EXP 	image_5: image = 'condition_2/leftstar.PNG'
509.0696 	EXP 	image_5: autoDraw = True
509.4800 	EXP 	New trial (rep=1, index=21): {'stimuli': 2, 'star': 'condition_2/rightstar.PNG', 'CorrectAns': 'space'}
509.5734 	EXP 	image_5: autoDraw = False
509.5734 	EXP 	image_4: image = 'condition_2/fixation.png'
509.5734 	EXP 	image_4: autoDraw = True
510.0213 	EXP 	image_4: autoDraw = False
510.0213 	EXP 	text: height = 0.2
510.0213 	EXP 	text: height = 0.2
510.0213 	EXP 	text: height = 0.2
510.0213 	EXP 	text: text = 2
510.4899 	EXP 	text: autoDraw = True
510.9913 	EXP 	text: autoDraw = False
510.9913 	EXP 	text: autoDraw = False
510.9913 	EXP 	image_5: image = 'condition_2/rightstar.PNG'
512.1026 	EXP 	image_5: autoDraw = True
512.9064 	EXP 	image_5: autoDraw = False
514.4079 	EXP 	New trial (rep=1, index=22): {'stimuli': 9, 'star': 'condition_2/blank.PNG', 'CorrectAns': 'space'}
514.5052 	EXP 	image_5: autoDraw = False
514.5052 	EXP 	image_4: image = 'condition_2/fixation.png'
514.5052 	EXP 	image_4: autoDraw = True
514.9233 	EXP 	image_4: autoDraw = False
514.9233 	EXP 	text: height = 0.2
514.9233 	EXP 	text: height = 0.2
514.9233 	EXP 	text: height = 0.2
514.9233 	EXP 	text: text = 9
515.4233 	EXP 	text: autoDraw = True
515.8488 	EXP 	text: autoDraw = False
515.8488 	EXP 	text: autoDraw = False
515.8488 	EXP 	image_5: image = 'condition_2/blank.PNG'
517.0284 	EXP 	image_5: autoDraw = True
517.6784 	EXP 	New trial (rep=1, index=23): {'stimuli': 1, 'star': 'condition_2/rightstar.PNG', 'CorrectAns': 'space'}
517.7688 	EXP 	image_5: autoDraw = False
517.7688 	EXP 	image_4: image = 'condition_2/fixation.png'
517.7688 	EXP 	image_4: autoDraw = True
518.2065 	EXP 	image_4: autoDraw = False
518.2065 	EXP 	text: height = 0.2
518.2065 	EXP 	text: height = 0.2
518.2065 	EXP 	text: height = 0.2
518.2065 	EXP 	text: text = 1
518.6898 	EXP 	text: autoDraw = True
519.1893 	EXP 	text: autoDraw = False
519.1893 	EXP 	text: autoDraw = False
519.1893 	EXP 	image_5: image = 'condition_2/rightstar.PNG'
520.3027 	EXP 	image_5: autoDraw = True
521.1066 	EXP 	image_5: autoDraw = False
521.3583 	EXP 	New trial (rep=1, index=24): {'stimuli': 9, 'star': 'condition_2/leftstar.PNG', 'CorrectAns': 'left'}
521.4625 	EXP 	image_5: autoDraw = False
521.4625 	EXP 	image_4: image = 'condition_2/fixation.png'
521.4625 	EXP 	image_4: autoDraw = True
521.8733 	EXP 	image_4: autoDraw = False
521.8733 	EXP 	text: height = 0.2
521.8733 	EXP 	text: height = 0.2
521.8733 	EXP 	text: height = 0.2
521.8733 	EXP 	text: text = 9
522.3733 	EXP 	text: autoDraw = True
522.8782 	EXP 	text: autoDraw = False
522.8782 	EXP 	text: autoDraw = False
522.8782 	EXP 	image_5: image = 'condition_2/leftstar.PNG'
523.9861 	EXP 	image_5: autoDraw = True
524.6565 	EXP 	image_5: autoDraw = False
524.6565 	EXP 	untitled: status = STOPPED
524.8592 	EXP 	window1: mouseVisible = True
