10.0569 	WARNING 	User requested fullscreen with size [1024  768], but screen is actually [1920, 1080]. Using actual size
11.5075 	EXP 	Created window1 = Window(allowGUI=True, allowStencil=False, autoLog=True, backendConf=UNKNOWN, backgroundFit=<method-wrapper '__getattribute__' of attributeSetter object at 0x000001C61AA0A250>, backgroundImage=<method-wrapper '__getattribute__' of attributeSetter object at 0x000001C61AA0A1F0>, bitsMode=UNKNOWN, blendMode='avg', bpc=(8, 8, 8), color=array([0, 0, 0]), colorSpace='rgb', depthBits=8, fullscr=<method-wrapper '__getattribute__' of attributeSetter object at 0x000001C61AA0A040>, gamma=None, gammaErrorPolicy='raise', lms=UNKNOWN, monitor=<psychopy.monitors.calibTools.Monitor object at 0x000001C61ABC4E80>, multiSample=False, name='window1', numSamples=2, pos=(0, 0), screen=0, size=array([1920, 1080]), stencilBits=0, stereo=False, title='PsychoPy', units='height', useFBO=True, useRetina=False, viewOri=0.0, viewPos=None, viewScale=None, waitBlanking=True, winType='pyglet')
11.5077 	EXP 	window1: mouseVisible = True
11.5077 	EXP 	window1: backgroundImage = ''
11.5077 	EXP 	window1: backgroundFit = 'none'
11.5115 	EXP 	window1: Attempting to measure frame rate of screen (0) ...
11.5116 	EXP 	window1: recordFrameIntervals = False
11.6736 	EXP 	window1: recordFrameIntervals = True
11.8573 	EXP 	Screen (0) actual frame rate measured at 59.89Hz
11.8574 	EXP 	window1: recordFrameIntervals = False
11.8576 	EXP 	window1: mouseVisible = False
13.4145 	EXP 	untitled: status = STARTED
13.4164 	EXP 	window1: mouseVisible = True
13.5184 	EXP 	Created text_9 = TextStim(__class__=<class 'psychopy.visual.text.TextStim'>, alignHoriz=method-wrapper(...), alignText='center', alignVert=method-wrapper(...), anchorHoriz='center', anchorVert='center', antialias=True, autoDraw=False, autoLog=True, bold=False, color=array([1., 1., 1.]), colorSpace='rgb', contrast=1.0, depth=0.0, draggable=False, flipHoriz=False, flipVert=False, font='Open Sans', fontFiles=[], height=0.05, italic=False, languageStyle='LTR', name='text_9', opacity=1.0, ori=0.0, pos=array([0., 0.]), rgb=UNKNOWN, text=str(...), units='height', win=Window(...), wrapWidth=1)
13.5186 	EXP 	window1: mouseVisible = True
13.5485 	EXP 	Created text_6 = TextStim(__class__=<class 'psychopy.visual.text.TextStim'>, alignHoriz=method-wrapper(...), alignText='center', alignVert=method-wrapper(...), anchorHoriz='center', anchorVert='center', antialias=True, autoDraw=False, autoLog=True, bold=False, color=array([1., 1., 1.]), colorSpace='rgb', contrast=1.0, depth=0.0, draggable=False, flipHoriz=False, flipVert=False, font='Open Sans', fontFiles=[], height=0.05, italic=False, languageStyle='LTR', name='text_6', opacity=1.0, ori=0.0, pos=array([0., 0.]), rgb=UNKNOWN, text=str(...), units='height', win=Window(...), wrapWidth=1)
13.5486 	EXP 	window1: mouseVisible = True
13.5674 	EXP 	Created image_6 = ImageStim(__class__=<class 'psychopy.visual.image.ImageStim'>, anchor=('center', 'center'), autoLog=True, color=array([1., 1., 1.]), colorSpace='rgb', contrast=1.0, depth=0.0, draggable=False, flipHoriz=False, flipVert=False, image='default.png', interpolate=True, mask=None, maskParams=None, name='image_6', opacity=1.0, ori=0.0, pos=array([0., 0.]), size=array([2.5, 1.5]), texRes=128.0, units='height', win=Window(...))
13.5675 	EXP 	window1: mouseVisible = True
13.5706 	EXP 	Created text_4 = TextStim(__class__=<class 'psychopy.visual.text.TextStim'>, alignHoriz=method-wrapper(...), alignText='center', alignVert=method-wrapper(...), anchorHoriz='center', anchorVert='center', antialias=True, autoDraw=False, autoLog=True, bold=False, color=array([1., 1., 1.]), colorSpace='rgb', contrast=1.0, depth=0.0, draggable=False, flipHoriz=False, flipVert=False, font='Open Sans', fontFiles=[], height=0.2, italic=False, languageStyle='LTR', name='text_4', opacity=1.0, ori=0.0, pos=array([0., 0.]), rgb=UNKNOWN, text='', units='height', win=Window(...), wrapWidth=1)
13.5707 	EXP 	window1: mouseVisible = True
13.5848 	EXP 	Created image_7 = ImageStim(__class__=<class 'psychopy.visual.image.ImageStim'>, anchor=('center', 'center'), autoLog=True, color=array([1., 1., 1.]), colorSpace='rgb', contrast=1.0, depth=0.0, draggable=False, flipHoriz=False, flipVert=False, image='default.png', interpolate=True, mask=None, maskParams=None, name='image_7', opacity=1.0, ori=0.0, pos=array([0., 0.]), size=array([2.5, 1.5]), texRes=128.0, units='height', win=Window(...))
13.5849 	EXP 	window1: mouseVisible = True
13.6011 	EXP 	Created text_8 = TextStim(__class__=<class 'psychopy.visual.text.TextStim'>, alignHoriz=method-wrapper(...), alignText='center', alignVert=method-wrapper(...), anchorHoriz='center', anchorVert='center', antialias=True, autoDraw=False, autoLog=True, bold=False, color=array([1., 1., 1.]), colorSpace='rgb', contrast=1.0, depth=0.0, draggable=False, flipHoriz=False, flipVert=False, font='Open Sans', fontFiles=[], height=0.05, italic=False, languageStyle='LTR', name='text_8', opacity=1.0, ori=0.0, pos=array([0., 0.]), rgb=UNKNOWN, text='休息一下，下面进入正式测试啦！\n\n准备好可以按 空格 继续', units='height', win=Window(...), wrapWidth=1)
13.6012 	EXP 	window1: mouseVisible = True
13.6143 	EXP 	Created text_5 = TextStim(__class__=<class 'psychopy.visual.text.TextStim'>, alignHoriz=method-wrapper(...), alignText='center', alignVert=method-wrapper(...), anchorHoriz='center', anchorVert='center', antialias=True, autoDraw=False, autoLog=True, bold=False, color=array([1., 1., 1.]), colorSpace='rgb', contrast=1.0, depth=0.0, draggable=False, flipHoriz=False, flipVert=False, font='Open Sans', fontFiles=[], height=0.05, italic=False, languageStyle='LTR', name='text_5', opacity=1.0, ori=0.0, pos=array([0., 0.]), rgb=UNKNOWN, text=str(...), units='height', win=Window(...), wrapWidth=1)
13.6144 	EXP 	window1: mouseVisible = True
13.6241 	EXP 	Created image_3 = ImageStim(__class__=<class 'psychopy.visual.image.ImageStim'>, anchor=('center', 'center'), autoLog=True, color=array([1., 1., 1.]), colorSpace='rgb', contrast=1.0, depth=0.0, draggable=False, flipHoriz=False, flipVert=False, image='default.png', interpolate=True, mask=None, maskParams=None, name='image_3', opacity=1.0, ori=0.0, pos=array([0., 0.]), size=array([2.5, 1.5]), texRes=128.0, units='height', win=Window(...))
13.6244 	EXP 	window1: mouseVisible = True
13.6254 	EXP 	Created text_3 = TextStim(__class__=<class 'psychopy.visual.text.TextStim'>, alignHoriz=method-wrapper(...), alignText='center', alignVert=method-wrapper(...), anchorHoriz='center', anchorVert='center', antialias=True, autoDraw=False, autoLog=True, bold=False, color=array([1., 1., 1.]), colorSpace='rgb', contrast=1.0, depth=0.0, draggable=False, flipHoriz=False, flipVert=False, font='Open Sans', fontFiles=[], height=0.2, italic=False, languageStyle='LTR', name='text_3', opacity=1.0, ori=0.0, pos=array([0., 0.]), rgb=UNKNOWN, text='', units='height', win=Window(...), wrapWidth=1)
13.6254 	EXP 	window1: mouseVisible = True
13.6374 	EXP 	Created image_2 = ImageStim(__class__=<class 'psychopy.visual.image.ImageStim'>, anchor=('center', 'center'), autoLog=True, color=array([1., 1., 1.]), colorSpace='rgb', contrast=1.0, depth=0.0, draggable=False, flipHoriz=False, flipVert=False, image='default.png', interpolate=True, mask=None, maskParams=None, name='image_2', opacity=1.0, ori=0.0, pos=array([0., 0.]), size=array([2.5, 1.5]), texRes=128.0, units='height', win=Window(...))
13.6375 	EXP 	window1: mouseVisible = True
13.6548 	EXP 	Created text_10 = TextStim(__class__=<class 'psychopy.visual.text.TextStim'>, alignHoriz=method-wrapper(...), alignText='center', alignVert=method-wrapper(...), anchorHoriz='center', anchorVert='center', antialias=True, autoDraw=False, autoLog=True, bold=False, color=array([1., 1., 1.]), colorSpace='rgb', contrast=1.0, depth=0.0, draggable=False, flipHoriz=False, flipVert=False, font='Open Sans', fontFiles=[], height=0.05, italic=False, languageStyle='LTR', name='text_10', opacity=1.0, ori=0.0, pos=array([0., 0.]), rgb=UNKNOWN, text=str(...), units='height', win=Window(...), wrapWidth=1)
13.6549 	EXP 	window1: mouseVisible = True
13.6659 	EXP 	Created text_7 = TextStim(__class__=<class 'psychopy.visual.text.TextStim'>, alignHoriz=method-wrapper(...), alignText='center', alignVert=method-wrapper(...), anchorHoriz='center', anchorVert='center', antialias=True, autoDraw=False, autoLog=True, bold=False, color=array([1., 1., 1.]), colorSpace='rgb', contrast=1.0, depth=0.0, draggable=False, flipHoriz=False, flipVert=False, font='Open Sans', fontFiles=[], height=0.05, italic=False, languageStyle='LTR', name='text_7', opacity=1.0, ori=0.0, pos=array([0., 0.]), rgb=UNKNOWN, text=str(...), units='height', win=Window(...), wrapWidth=1)
13.6660 	EXP 	window1: mouseVisible = True
13.6763 	EXP 	Created image_8 = ImageStim(__class__=<class 'psychopy.visual.image.ImageStim'>, anchor=('center', 'center'), autoLog=True, color=array([1., 1., 1.]), colorSpace='rgb', contrast=1.0, depth=0.0, draggable=False, flipHoriz=False, flipVert=False, image='default.png', interpolate=True, mask=None, maskParams=None, name='image_8', opacity=1.0, ori=0.0, pos=array([0., 0.]), size=array([0.5, 0.5]), texRes=128.0, units='height', win=Window(...))
13.6764 	EXP 	window1: mouseVisible = True
13.6777 	EXP 	Created text_11 = TextStim(__class__=<class 'psychopy.visual.text.TextStim'>, alignHoriz=method-wrapper(...), alignText='center', alignVert=method-wrapper(...), anchorHoriz='center', anchorVert='center', antialias=True, autoDraw=False, autoLog=True, bold=False, color=array([1., 1., 1.]), colorSpace='rgb', contrast=1.0, depth=0.0, draggable=False, flipHoriz=False, flipVert=False, font='Open Sans', fontFiles=[], height=0.05, italic=False, languageStyle='LTR', name='text_11', opacity=1.0, ori=0.0, pos=array([0., 0.]), rgb=UNKNOWN, text='', units='height', win=Window(...), wrapWidth=1)
13.6778 	EXP 	window1: mouseVisible = True
13.6889 	EXP 	Created image_9 = ImageStim(__class__=<class 'psychopy.visual.image.ImageStim'>, anchor=('center', 'center'), autoLog=True, color=array([1., 1., 1.]), colorSpace='rgb', contrast=1.0, depth=0.0, draggable=False, flipHoriz=False, flipVert=False, image='default.png', interpolate=True, mask=None, maskParams=None, name='image_9', opacity=1.0, ori=0.0, pos=array([0., 0.]), size=array([2.5, 1.5]), texRes=128.0, units='height', win=Window(...))
13.6890 	EXP 	window1: mouseVisible = True
13.6960 	EXP 	Created text_12 = TextStim(__class__=<class 'psychopy.visual.text.TextStim'>, alignHoriz=method-wrapper(...), alignText='center', alignVert=method-wrapper(...), anchorHoriz='center', anchorVert='center', antialias=True, autoDraw=False, autoLog=True, bold=False, color=array([1., 1., 1.]), colorSpace='rgb', contrast=1.0, depth=0.0, draggable=False, flipHoriz=False, flipVert=False, font='Open Sans', fontFiles=[], height=0.05, italic=False, languageStyle='LTR', name='text_12', opacity=1.0, ori=0.0, pos=array([0., 0.]), rgb=UNKNOWN, text='休息一下，下面进入正式测试啦！\n\n准备好可以按 空格 继续', units='height', win=Window(...), wrapWidth=1)
13.6961 	EXP 	window1: mouseVisible = True
13.7066 	EXP 	Created text_13 = TextStim(__class__=<class 'psychopy.visual.text.TextStim'>, alignHoriz=method-wrapper(...), alignText='center', alignVert=method-wrapper(...), anchorHoriz='center', anchorVert='center', antialias=True, autoDraw=False, autoLog=True, bold=False, color=array([1., 1., 1.]), colorSpace='rgb', contrast=1.0, depth=0.0, draggable=False, flipHoriz=False, flipVert=False, font='Open Sans', fontFiles=[], height=0.05, italic=False, languageStyle='LTR', name='text_13', opacity=1.0, ori=0.0, pos=array([0., 0.]), rgb=UNKNOWN, text=str(...), units='height', win=Window(...), wrapWidth=1)
13.7067 	EXP 	window1: mouseVisible = True
13.7229 	EXP 	Created image_4 = ImageStim(__class__=<class 'psychopy.visual.image.ImageStim'>, anchor=('center', 'center'), autoLog=True, color=array([1., 1., 1.]), colorSpace='rgb', contrast=1.0, depth=0.0, draggable=False, flipHoriz=False, flipVert=False, image='default.png', interpolate=True, mask=None, maskParams=None, name='image_4', opacity=1.0, ori=0.0, pos=array([0., 0.]), size=array([2.5, 1.5]), texRes=128.0, units='height', win=Window(...))
13.7230 	EXP 	window1: mouseVisible = True
13.7240 	EXP 	Created text = TextStim(__class__=<class 'psychopy.visual.text.TextStim'>, alignHoriz=method-wrapper(...), alignText='center', alignVert=method-wrapper(...), anchorHoriz='center', anchorVert='center', antialias=True, autoDraw=False, autoLog=True, bold=False, color=array([1., 1., 1.]), colorSpace='rgb', contrast=1.0, depth=0.0, draggable=False, flipHoriz=False, flipVert=False, font='Open Sans', fontFiles=[], height=0.2, italic=False, languageStyle='LTR', name='text', opacity=1.0, ori=0.0, pos=array([0., 0.]), rgb=UNKNOWN, text='', units='height', win=Window(...), wrapWidth=1)
13.7241 	EXP 	window1: mouseVisible = True
13.7386 	EXP 	Created image_5 = ImageStim(__class__=<class 'psychopy.visual.image.ImageStim'>, anchor=('center', 'center'), autoLog=True, color=array([1., 1., 1.]), colorSpace='rgb', contrast=1.0, depth=0.0, draggable=False, flipHoriz=False, flipVert=False, image='default.png', interpolate=True, mask=None, maskParams=None, name='image_5', opacity=1.0, ori=0.0, pos=array([0., 0.]), size=array([2.5, 1.5]), texRes=128.0, units='height', win=Window(...))
0.0072 	EXP 	text_9: autoDraw = True
14.9256 	DATA 	Keypress: space
14.9343 	EXP 	text_9: autoDraw = False
14.9343 	EXP 	text_6: autoDraw = True
88.6796 	EXP 	Imported test/data3.xlsx as conditions, 6 conditions, 3 params
88.6800 	EXP 	Created sequence: random, trialTypes=6, nReps=1, seed=None
88.6802 	EXP 	New trial (rep=0, index=0): {'stimuli': 2, 'star': 'test/leftstar.PNG', 'CorrectAns': 'left'}
88.8273 	DATA 	Keypress: space
88.8371 	EXP 	text_6: autoDraw = False
88.8371 	EXP 	image_6: image = 'test/fixation.png'
88.8371 	EXP 	image_6: autoDraw = True
89.2008 	EXP 	image_6: autoDraw = False
89.2008 	EXP 	text_4: height = 0.2
89.2008 	EXP 	text_4: height = 0.2
89.2008 	EXP 	text_4: height = 0.2
89.2008 	EXP 	text_4: text = 2
89.6846 	EXP 	text_4: autoDraw = True
90.2339 	EXP 	text_4: autoDraw = False
90.2339 	EXP 	text_4: autoDraw = False
90.2339 	EXP 	image_7: image = 'test/leftstar.PNG'
91.2953 	EXP 	image_7: autoDraw = True
92.1012 	EXP 	image_7: autoDraw = False
92.4377 	EXP 	New trial (rep=0, index=1): {'stimuli': 1, 'star': 'test/leftstar.PNG', 'CorrectAns': 'left'}
92.4928 	DATA 	Keypress: left
92.4970 	EXP 	image_7: autoDraw = False
92.4970 	EXP 	image_6: image = 'test/fixation.png'
92.4970 	EXP 	image_6: autoDraw = True
92.9678 	EXP 	image_6: autoDraw = False
92.9678 	EXP 	text_4: height = 0.2
92.9678 	EXP 	text_4: height = 0.2
92.9678 	EXP 	text_4: height = 0.2
92.9678 	EXP 	text_4: text = 1
93.4511 	EXP 	text_4: autoDraw = True
93.8858 	EXP 	text_4: autoDraw = False
93.8858 	EXP 	text_4: autoDraw = False
93.8858 	EXP 	image_7: image = 'test/leftstar.PNG'
95.0533 	EXP 	image_7: autoDraw = True
95.7057 	DATA 	Keypress: left
95.7213 	EXP 	New trial (rep=0, index=2): {'stimuli': 8, 'star': 'test/rightstar.PNG', 'CorrectAns': 'space'}
95.7782 	EXP 	image_7: autoDraw = False
95.7782 	EXP 	image_6: image = 'test/fixation.png'
95.7782 	EXP 	image_6: autoDraw = True
96.2509 	EXP 	image_6: autoDraw = False
96.2509 	EXP 	text_4: height = 0.2
96.2509 	EXP 	text_4: height = 0.2
96.2509 	EXP 	text_4: height = 0.2
96.2509 	EXP 	text_4: text = 8
96.7344 	EXP 	text_4: autoDraw = True
97.1435 	EXP 	text_4: autoDraw = False
97.1435 	EXP 	text_4: autoDraw = False
97.1435 	EXP 	image_7: image = 'test/rightstar.PNG'
97.2700 	DATA 	Keypress: space
98.3365 	EXP 	image_7: autoDraw = True
98.8712 	EXP 	New trial (rep=0, index=3): {'stimuli': 1, 'star': 'test/blank.PNG', 'CorrectAns': 'space'}
98.9229 	DATA 	Keypress: right
98.9279 	EXP 	image_7: autoDraw = False
98.9279 	EXP 	image_6: image = 'test/fixation.png'
98.9279 	EXP 	image_6: autoDraw = True
99.4009 	EXP 	image_6: autoDraw = False
99.4009 	EXP 	text_4: height = 0.2
99.4009 	EXP 	text_4: height = 0.2
99.4009 	EXP 	text_4: height = 0.2
99.4009 	EXP 	text_4: text = 1
99.8847 	EXP 	text_4: autoDraw = True
100.3229 	EXP 	text_4: autoDraw = False
100.3229 	EXP 	text_4: autoDraw = False
100.3229 	EXP 	image_7: image = 'test/blank.PNG'
101.4857 	EXP 	image_7: autoDraw = True
102.2844 	EXP 	image_7: autoDraw = False
105.5204 	EXP 	New trial (rep=0, index=4): {'stimuli': 9, 'star': 'test/rightstar.PNG', 'CorrectAns': 'space'}
105.5696 	DATA 	Keypress: space
105.5740 	EXP 	image_7: autoDraw = False
105.5740 	EXP 	image_6: image = 'test/fixation.png'
105.5740 	EXP 	image_6: autoDraw = True
106.0510 	EXP 	image_6: autoDraw = False
106.0510 	EXP 	text_4: height = 0.2
106.0510 	EXP 	text_4: height = 0.2
106.0510 	EXP 	text_4: height = 0.2
106.0510 	EXP 	text_4: text = 9
106.5346 	EXP 	text_4: autoDraw = True
106.9869 	EXP 	text_4: autoDraw = False
106.9869 	EXP 	text_4: autoDraw = False
106.9869 	EXP 	image_7: image = 'test/rightstar.PNG'
107.6201 	DATA 	Keypress: space
108.1365 	EXP 	image_7: autoDraw = True
108.8209 	EXP 	New trial (rep=0, index=5): {'stimuli': 8, 'star': 'test/rightstar.PNG', 'CorrectAns': 'space'}
108.8687 	DATA 	Keypress: right
108.8737 	EXP 	image_7: autoDraw = False
108.8737 	EXP 	image_6: image = 'test/fixation.png'
108.8737 	EXP 	image_6: autoDraw = True
109.3511 	EXP 	image_6: autoDraw = False
109.3511 	EXP 	text_4: height = 0.2
109.3511 	EXP 	text_4: height = 0.2
109.3511 	EXP 	text_4: height = 0.2
109.3511 	EXP 	text_4: text = 8
109.8344 	EXP 	text_4: autoDraw = True
110.2910 	EXP 	text_4: autoDraw = False
110.2910 	EXP 	text_4: autoDraw = False
110.2910 	EXP 	image_7: image = 'test/rightstar.PNG'
110.3532 	DATA 	Keypress: space
111.4363 	EXP 	image_7: autoDraw = True
111.7776 	DATA 	Keypress: right
111.7844 	EXP 	image_7: autoDraw = False
111.7844 	EXP 	text_8: autoDraw = True
143.7936 	DATA 	Keypress: space
143.8010 	EXP 	text_8: autoDraw = False
143.8010 	EXP 	text_5: autoDraw = True
144.9877 	EXP 	Imported condition_1/data.xlsx as conditions, 25 conditions, 3 params
144.9882 	EXP 	Created sequence: random, trialTypes=25, nReps=2, seed=None
144.9884 	EXP 	New trial (rep=0, index=0): {'stimuli': 2, 'star': 'condition_1/leftstar.PNG', 'CorrectAns': 'left'}
145.1098 	DATA 	Keypress: space
145.1163 	EXP 	text_5: autoDraw = False
145.1163 	EXP 	image_3: image = 'condition_1/fixation.png'
145.1163 	EXP 	image_3: autoDraw = True
145.5012 	EXP 	image_3: autoDraw = False
145.5012 	EXP 	text_3: height = 0.2
145.5012 	EXP 	text_3: height = 0.2
145.5012 	EXP 	text_3: height = 0.2
145.5012 	EXP 	text_3: text = 2
145.9846 	EXP 	text_3: autoDraw = True
146.5160 	EXP 	text_3: autoDraw = False
146.5160 	EXP 	text_3: autoDraw = False
146.5160 	EXP 	image_2: image = 'condition_1/leftstar.PNG'
147.5982 	EXP 	image_2: autoDraw = True
148.0225 	EXP 	New trial (rep=0, index=1): {'stimuli': 8, 'star': 'condition_1/leftstar.PNG', 'CorrectAns': 'space'}
148.0724 	DATA 	Keypress: left
148.0770 	EXP 	image_2: autoDraw = False
148.0770 	EXP 	image_3: image = 'condition_1/fixation.png'
148.0770 	EXP 	image_3: autoDraw = True
148.5953 	EXP 	image_3: autoDraw = False
148.5953 	EXP 	text_3: height = 0.2
148.5953 	EXP 	text_3: height = 0.2
148.5953 	EXP 	text_3: height = 0.2
148.5953 	EXP 	text_3: text = 8
149.0344 	EXP 	text_3: autoDraw = True
149.4520 	EXP 	text_3: autoDraw = False
149.4520 	EXP 	text_3: autoDraw = False
149.4520 	EXP 	image_2: image = 'condition_1/leftstar.PNG'
149.9200 	DATA 	Keypress: space
150.6368 	EXP 	image_2: autoDraw = True
151.0376 	EXP 	New trial (rep=0, index=2): {'stimuli': 9, 'star': 'condition_1/leftstar.PNG', 'CorrectAns': 'space'}
151.0885 	DATA 	Keypress: left
151.0931 	EXP 	image_2: autoDraw = False
151.0931 	EXP 	image_3: image = 'condition_1/fixation.png'
151.0931 	EXP 	image_3: autoDraw = True
151.5678 	EXP 	image_3: autoDraw = False
151.5678 	EXP 	text_3: height = 0.2
151.5678 	EXP 	text_3: height = 0.2
151.5678 	EXP 	text_3: height = 0.2
151.5678 	EXP 	text_3: text = 9
152.0511 	EXP 	text_3: autoDraw = True
152.4692 	EXP 	text_3: autoDraw = False
152.4692 	EXP 	text_3: autoDraw = False
152.4692 	EXP 	image_2: image = 'condition_1/leftstar.PNG'
152.5530 	DATA 	Keypress: left
153.6534 	EXP 	image_2: autoDraw = True
154.1705 	EXP 	New trial (rep=0, index=3): {'stimuli': 1, 'star': 'condition_1/rightstar.PNG', 'CorrectAns': 'right'}
154.2204 	DATA 	Keypress: left
154.2248 	EXP 	image_2: autoDraw = False
154.2248 	EXP 	image_3: image = 'condition_1/fixation.png'
154.2248 	EXP 	image_3: autoDraw = True
154.7010 	EXP 	image_3: autoDraw = False
154.7010 	EXP 	text_3: height = 0.2
154.7010 	EXP 	text_3: height = 0.2
154.7010 	EXP 	text_3: height = 0.2
154.7010 	EXP 	text_3: text = 1
155.1848 	EXP 	text_3: autoDraw = True
155.5893 	EXP 	text_3: autoDraw = False
155.5893 	EXP 	text_3: autoDraw = False
155.5893 	EXP 	image_2: image = 'condition_1/rightstar.PNG'
156.1034 	DATA 	Keypress: space
156.7867 	EXP 	image_2: autoDraw = True
157.2718 	DATA 	Keypress: right
157.2880 	EXP 	New trial (rep=0, index=4): {'stimuli': 9, 'star': 'condition_1/blank.PNG', 'CorrectAns': 'space'}
157.3466 	EXP 	image_2: autoDraw = False
157.3466 	EXP 	image_3: image = 'condition_1/fixation.png'
157.3466 	EXP 	image_3: autoDraw = True
157.8179 	EXP 	image_3: autoDraw = False
157.8179 	EXP 	text_3: height = 0.2
157.8179 	EXP 	text_3: height = 0.2
157.8179 	EXP 	text_3: height = 0.2
157.8179 	EXP 	text_3: text = 9
158.3011 	EXP 	text_3: autoDraw = True
158.6958 	EXP 	text_3: autoDraw = False
158.6958 	EXP 	text_3: autoDraw = False
158.6958 	EXP 	image_2: image = 'condition_1/blank.PNG'
159.1367 	DATA 	Keypress: space
159.9022 	EXP 	image_2: autoDraw = True
160.7011 	EXP 	image_2: autoDraw = False
162.0702 	EXP 	New trial (rep=0, index=5): {'stimuli': 2, 'star': 'condition_1/blank.PNG', 'CorrectAns': 'space'}
162.1241 	DATA 	Keypress: space
162.1288 	EXP 	image_2: autoDraw = False
162.1288 	EXP 	image_3: image = 'condition_1/fixation.png'
162.1288 	EXP 	image_3: autoDraw = True
162.6011 	EXP 	image_3: autoDraw = False
162.6011 	EXP 	text_3: height = 0.2
162.6011 	EXP 	text_3: height = 0.2
162.6011 	EXP 	text_3: height = 0.2
162.6011 	EXP 	text_3: text = 2
163.0845 	EXP 	text_3: autoDraw = True
163.4101 	EXP 	text_3: autoDraw = False
163.4101 	EXP 	text_3: autoDraw = False
163.4101 	EXP 	image_2: image = 'condition_1/blank.PNG'
164.6866 	EXP 	image_2: autoDraw = True
165.3712 	EXP 	New trial (rep=0, index=6): {'stimuli': 8, 'star': 'condition_1/rightstar.PNG', 'CorrectAns': 'space'}
165.4259 	DATA 	Keypress: space
165.4303 	EXP 	image_2: autoDraw = False
165.4303 	EXP 	image_3: image = 'condition_1/fixation.png'
165.4303 	EXP 	image_3: autoDraw = True
165.9013 	EXP 	image_3: autoDraw = False
165.9013 	EXP 	text_3: height = 0.2
165.9013 	EXP 	text_3: height = 0.2
165.9013 	EXP 	text_3: height = 0.2
165.9013 	EXP 	text_3: text = 8
166.3846 	EXP 	text_3: autoDraw = True
166.9373 	EXP 	text_3: autoDraw = False
166.9373 	EXP 	text_3: autoDraw = False
166.9373 	EXP 	image_2: image = 'condition_1/rightstar.PNG'
167.2197 	DATA 	Keypress: space
167.9868 	EXP 	image_2: autoDraw = True
168.5871 	EXP 	New trial (rep=0, index=7): {'stimuli': 9, 'star': 'condition_1/leftstar.PNG', 'CorrectAns': 'space'}
168.6427 	DATA 	Keypress: right
168.6474 	EXP 	image_2: autoDraw = False
168.6474 	EXP 	image_3: image = 'condition_1/fixation.png'
168.6474 	EXP 	image_3: autoDraw = True
169.1178 	EXP 	image_3: autoDraw = False
169.1178 	EXP 	text_3: height = 0.2
169.1178 	EXP 	text_3: height = 0.2
169.1178 	EXP 	text_3: height = 0.2
169.1178 	EXP 	text_3: text = 9
169.6011 	EXP 	text_3: autoDraw = True
170.0934 	EXP 	text_3: autoDraw = False
170.0934 	EXP 	text_3: autoDraw = False
170.0934 	EXP 	image_2: image = 'condition_1/leftstar.PNG'
170.4201 	DATA 	Keypress: space
171.2032 	EXP 	image_2: autoDraw = True
171.7371 	EXP 	New trial (rep=0, index=8): {'stimuli': 1, 'star': 'condition_1/blank.PNG', 'CorrectAns': 'space'}
171.7848 	DATA 	Keypress: left
171.7892 	EXP 	image_2: autoDraw = False
171.7892 	EXP 	image_3: image = 'condition_1/fixation.png'
171.7892 	EXP 	image_3: autoDraw = True
172.2677 	EXP 	image_3: autoDraw = False
172.2677 	EXP 	text_3: height = 0.2
172.2677 	EXP 	text_3: height = 0.2
172.2677 	EXP 	text_3: height = 0.2
172.2677 	EXP 	text_3: text = 1
172.7513 	EXP 	text_3: autoDraw = True
173.1350 	EXP 	text_3: autoDraw = False
173.1350 	EXP 	text_3: autoDraw = False
173.1350 	EXP 	image_2: image = 'condition_1/blank.PNG'
174.3522 	EXP 	image_2: autoDraw = True
175.1511 	EXP 	image_2: autoDraw = False
183.7541 	EXP 	New trial (rep=0, index=9): {'stimuli': 1, 'star': 'condition_1/leftstar.PNG', 'CorrectAns': 'left'}
183.8611 	DATA 	Keypress: space
183.8656 	EXP 	image_2: autoDraw = False
183.8656 	EXP 	image_3: image = 'condition_1/fixation.png'
183.8656 	EXP 	image_3: autoDraw = True
184.2861 	EXP 	image_3: autoDraw = False
184.2861 	EXP 	text_3: height = 0.2
184.2861 	EXP 	text_3: height = 0.2
184.2861 	EXP 	text_3: height = 0.2
184.2861 	EXP 	text_3: text = 1
184.7680 	EXP 	text_3: autoDraw = True
185.3217 	EXP 	text_3: autoDraw = False
185.3217 	EXP 	text_3: autoDraw = False
185.3217 	EXP 	image_2: image = 'condition_1/leftstar.PNG'
186.3700 	EXP 	image_2: autoDraw = True
186.9035 	EXP 	New trial (rep=0, index=10): {'stimuli': 1, 'star': 'condition_1/rightstar.PNG', 'CorrectAns': 'right'}
186.9495 	DATA 	Keypress: left
186.9549 	EXP 	image_2: autoDraw = False
186.9549 	EXP 	image_3: image = 'condition_1/fixation.png'
186.9549 	EXP 	image_3: autoDraw = True
187.4345 	EXP 	image_3: autoDraw = False
187.4345 	EXP 	text_3: height = 0.2
187.4345 	EXP 	text_3: height = 0.2
187.4345 	EXP 	text_3: height = 0.2
187.4345 	EXP 	text_3: text = 1
187.9179 	EXP 	text_3: autoDraw = True
188.3199 	EXP 	text_3: autoDraw = False
188.3199 	EXP 	text_3: autoDraw = False
188.3199 	EXP 	image_2: image = 'condition_1/rightstar.PNG'
189.5202 	EXP 	image_2: autoDraw = True
189.9533 	EXP 	New trial (rep=0, index=11): {'stimuli': 9, 'star': 'condition_1/leftstar.PNG', 'CorrectAns': 'space'}
189.9992 	DATA 	Keypress: right
190.0039 	EXP 	image_2: autoDraw = False
190.0039 	EXP 	image_3: image = 'condition_1/fixation.png'
190.0039 	EXP 	image_3: autoDraw = True
190.4846 	EXP 	image_3: autoDraw = False
190.4846 	EXP 	text_3: height = 0.2
190.4846 	EXP 	text_3: height = 0.2
190.4846 	EXP 	text_3: height = 0.2
190.4846 	EXP 	text_3: text = 9
190.9678 	EXP 	text_3: autoDraw = True
191.3941 	EXP 	text_3: autoDraw = False
191.3941 	EXP 	text_3: autoDraw = False
191.3941 	EXP 	image_2: image = 'condition_1/leftstar.PNG'
192.5700 	EXP 	image_2: autoDraw = True
193.1877 	EXP 	New trial (rep=0, index=12): {'stimuli': 9, 'star': 'condition_1/rightstar.PNG', 'CorrectAns': 'space'}
193.2358 	DATA 	Keypress: left
193.2402 	EXP 	image_2: autoDraw = False
193.2402 	EXP 	image_3: image = 'condition_1/fixation.png'
193.2402 	EXP 	image_3: autoDraw = True
193.7176 	EXP 	image_3: autoDraw = False
193.7176 	EXP 	text_3: height = 0.2
193.7176 	EXP 	text_3: height = 0.2
193.7176 	EXP 	text_3: height = 0.2
193.7176 	EXP 	text_3: text = 9
194.2011 	EXP 	text_3: autoDraw = True
194.6072 	EXP 	text_3: autoDraw = False
194.6072 	EXP 	text_3: autoDraw = False
194.6072 	EXP 	image_2: image = 'condition_1/rightstar.PNG'
195.8031 	EXP 	image_2: autoDraw = True
196.1210 	EXP 	New trial (rep=0, index=13): {'stimuli': 8, 'star': 'condition_1/leftstar.PNG', 'CorrectAns': 'space'}
196.1900 	DATA 	Keypress: right
196.1943 	EXP 	image_2: autoDraw = False
196.1943 	EXP 	image_3: image = 'condition_1/fixation.png'
196.1943 	EXP 	image_3: autoDraw = True
196.6511 	EXP 	image_3: autoDraw = False
196.6511 	EXP 	text_3: height = 0.2
196.6511 	EXP 	text_3: height = 0.2
196.6511 	EXP 	text_3: height = 0.2
196.6511 	EXP 	text_3: text = 8
197.1347 	EXP 	text_3: autoDraw = True
197.5778 	EXP 	text_3: autoDraw = False
197.5778 	EXP 	text_3: autoDraw = False
197.5778 	EXP 	image_2: image = 'condition_1/leftstar.PNG'
198.7366 	EXP 	image_2: autoDraw = True
199.0718 	EXP 	New trial (rep=0, index=14): {'stimuli': 9, 'star': 'condition_1/rightstar.PNG', 'CorrectAns': 'space'}
199.1193 	DATA 	Keypress: left
199.1238 	EXP 	image_2: autoDraw = False
199.1238 	EXP 	image_3: image = 'condition_1/fixation.png'
199.1238 	EXP 	image_3: autoDraw = True
199.6012 	EXP 	image_3: autoDraw = False
199.6012 	EXP 	text_3: height = 0.2
199.6012 	EXP 	text_3: height = 0.2
199.6012 	EXP 	text_3: height = 0.2
199.6012 	EXP 	text_3: text = 9
200.0844 	EXP 	text_3: autoDraw = True
200.4935 	EXP 	text_3: autoDraw = False
200.4935 	EXP 	text_3: autoDraw = False
200.4935 	EXP 	image_2: image = 'condition_1/rightstar.PNG'
201.6867 	EXP 	image_2: autoDraw = True
202.0048 	EXP 	New trial (rep=0, index=15): {'stimuli': 2, 'star': 'condition_1/blank.PNG', 'CorrectAns': 'space'}
202.0650 	DATA 	Keypress: right
202.0695 	EXP 	image_2: autoDraw = False
202.0695 	EXP 	image_3: image = 'condition_1/fixation.png'
202.0695 	EXP 	image_3: autoDraw = True
202.5432 	EXP 	image_3: autoDraw = False
202.5432 	EXP 	text_3: height = 0.2
202.5432 	EXP 	text_3: height = 0.2
202.5432 	EXP 	text_3: height = 0.2
202.5432 	EXP 	text_3: text = 2
203.0177 	EXP 	text_3: autoDraw = True
203.4381 	EXP 	text_3: autoDraw = False
203.4381 	EXP 	text_3: autoDraw = False
203.4381 	EXP 	image_2: image = 'condition_1/blank.PNG'
204.6191 	EXP 	image_2: autoDraw = True
205.4178 	EXP 	image_2: autoDraw = False
206.9704 	DATA 	Keypress: space
206.9877 	EXP 	New trial (rep=0, index=16): {'stimuli': 8, 'star': 'condition_1/rightstar.PNG', 'CorrectAns': 'space'}
207.0421 	EXP 	image_2: autoDraw = False
207.0421 	EXP 	image_3: image = 'condition_1/fixation.png'
207.0421 	EXP 	image_3: autoDraw = True
207.5177 	EXP 	image_3: autoDraw = False
207.5177 	EXP 	text_3: height = 0.2
207.5177 	EXP 	text_3: height = 0.2
207.5177 	EXP 	text_3: height = 0.2
207.5177 	EXP 	text_3: text = 8
208.0014 	EXP 	text_3: autoDraw = True
208.5423 	EXP 	text_3: autoDraw = False
208.5423 	EXP 	text_3: autoDraw = False
208.5423 	EXP 	image_2: image = 'condition_1/rightstar.PNG'
209.6032 	EXP 	image_2: autoDraw = True
210.2382 	EXP 	New trial (rep=0, index=17): {'stimuli': 2, 'star': 'condition_1/leftstar.PNG', 'CorrectAns': 'left'}
210.2909 	DATA 	Keypress: right
210.2958 	EXP 	image_2: autoDraw = False
210.2958 	EXP 	image_3: image = 'condition_1/fixation.png'
210.2958 	EXP 	image_3: autoDraw = True
210.7678 	EXP 	image_3: autoDraw = False
210.7678 	EXP 	text_3: height = 0.2
210.7678 	EXP 	text_3: height = 0.2
210.7678 	EXP 	text_3: height = 0.2
210.7678 	EXP 	text_3: text = 2
211.2510 	EXP 	text_3: autoDraw = True
211.6639 	EXP 	text_3: autoDraw = False
211.6639 	EXP 	text_3: autoDraw = False
211.6639 	EXP 	image_2: image = 'condition_1/leftstar.PNG'
212.8531 	EXP 	image_2: autoDraw = True
213.2722 	DATA 	Keypress: left
213.2879 	EXP 	New trial (rep=0, index=18): {'stimuli': 2, 'star': 'condition_1/rightstar.PNG', 'CorrectAns': 'right'}
213.3417 	EXP 	image_2: autoDraw = False
213.3417 	EXP 	image_3: image = 'condition_1/fixation.png'
213.3417 	EXP 	image_3: autoDraw = True
213.8178 	EXP 	image_3: autoDraw = False
213.8178 	EXP 	text_3: height = 0.2
213.8178 	EXP 	text_3: height = 0.2
213.8178 	EXP 	text_3: height = 0.2
213.8178 	EXP 	text_3: text = 2
214.3009 	EXP 	text_3: autoDraw = True
214.7530 	EXP 	text_3: autoDraw = False
214.7530 	EXP 	text_3: autoDraw = False
214.7530 	EXP 	image_2: image = 'condition_1/rightstar.PNG'
215.9034 	EXP 	image_2: autoDraw = True
216.7177 	EXP 	image_2: autoDraw = False
217.1707 	EXP 	New trial (rep=0, index=19): {'stimuli': 1, 'star': 'condition_1/leftstar.PNG', 'CorrectAns': 'left'}
217.2284 	DATA 	Keypress: right
217.2330 	EXP 	image_2: autoDraw = False
217.2330 	EXP 	image_3: image = 'condition_1/fixation.png'
217.2330 	EXP 	image_3: autoDraw = True
217.7013 	EXP 	image_3: autoDraw = False
217.7013 	EXP 	text_3: height = 0.2
217.7013 	EXP 	text_3: height = 0.2
217.7013 	EXP 	text_3: height = 0.2
217.7013 	EXP 	text_3: text = 1
218.1844 	EXP 	text_3: autoDraw = True
218.6152 	EXP 	text_3: autoDraw = False
218.6152 	EXP 	text_3: autoDraw = False
218.6152 	EXP 	image_2: image = 'condition_1/leftstar.PNG'
219.7864 	EXP 	image_2: autoDraw = True
220.1712 	EXP 	New trial (rep=0, index=20): {'stimuli': 2, 'star': 'condition_1/leftstar.PNG', 'CorrectAns': 'left'}
220.2157 	DATA 	Keypress: left
220.2209 	EXP 	image_2: autoDraw = False
220.2209 	EXP 	image_3: image = 'condition_1/fixation.png'
220.2209 	EXP 	image_3: autoDraw = True
220.7011 	EXP 	image_3: autoDraw = False
220.7011 	EXP 	text_3: height = 0.2
220.7011 	EXP 	text_3: height = 0.2
220.7011 	EXP 	text_3: height = 0.2
220.7011 	EXP 	text_3: text = 2
221.1842 	EXP 	text_3: autoDraw = True
221.5935 	EXP 	text_3: autoDraw = False
221.5935 	EXP 	text_3: autoDraw = False
221.5935 	EXP 	image_2: image = 'condition_1/leftstar.PNG'
222.7867 	EXP 	image_2: autoDraw = True
223.1718 	DATA 	Keypress: left
223.1878 	EXP 	New trial (rep=0, index=21): {'stimuli': 8, 'star': 'condition_1/blank.PNG', 'CorrectAns': 'space'}
223.2395 	EXP 	image_2: autoDraw = False
223.2395 	EXP 	image_3: image = 'condition_1/fixation.png'
223.2395 	EXP 	image_3: autoDraw = True
223.7315 	EXP 	image_3: autoDraw = False
223.7315 	EXP 	text_3: height = 0.2
223.7315 	EXP 	text_3: height = 0.2
223.7315 	EXP 	text_3: height = 0.2
223.7315 	EXP 	text_3: text = 8
224.2012 	EXP 	text_3: autoDraw = True
224.5771 	EXP 	text_3: autoDraw = False
224.5771 	EXP 	text_3: autoDraw = False
224.5771 	EXP 	image_2: image = 'condition_1/blank.PNG'
225.8024 	EXP 	image_2: autoDraw = True
226.6010 	EXP 	image_2: autoDraw = False
226.8537 	EXP 	New trial (rep=0, index=22): {'stimuli': 2, 'star': 'condition_1/rightstar.PNG', 'CorrectAns': 'left'}
226.9011 	DATA 	Keypress: space
226.9056 	EXP 	image_2: autoDraw = False
226.9056 	EXP 	image_3: image = 'condition_1/fixation.png'
226.9056 	EXP 	image_3: autoDraw = True
227.3843 	EXP 	image_3: autoDraw = False
227.3843 	EXP 	text_3: height = 0.2
227.3843 	EXP 	text_3: height = 0.2
227.3843 	EXP 	text_3: height = 0.2
227.3843 	EXP 	text_3: text = 2
227.8677 	EXP 	text_3: autoDraw = True
228.3956 	EXP 	text_3: autoDraw = False
228.3956 	EXP 	text_3: autoDraw = False
228.3956 	EXP 	image_2: image = 'condition_1/rightstar.PNG'
229.4695 	EXP 	image_2: autoDraw = True
229.9359 	EXP 	New trial (rep=0, index=23): {'stimuli': 8, 'star': 'condition_1/rightstar.PNG', 'CorrectAns': 'space'}
229.9865 	DATA 	Keypress: right
229.9910 	EXP 	image_2: autoDraw = False
229.9910 	EXP 	image_3: image = 'condition_1/fixation.png'
229.9910 	EXP 	image_3: autoDraw = True
230.4675 	EXP 	image_3: autoDraw = False
230.4675 	EXP 	text_3: height = 0.2
230.4675 	EXP 	text_3: height = 0.2
230.4675 	EXP 	text_3: height = 0.2
230.4675 	EXP 	text_3: text = 8
230.9511 	EXP 	text_3: autoDraw = True
231.3659 	EXP 	text_3: autoDraw = False
231.3659 	EXP 	text_3: autoDraw = False
231.3659 	EXP 	image_2: image = 'condition_1/rightstar.PNG'
232.3364 	DATA 	Keypress: space
232.5532 	EXP 	image_2: autoDraw = True
233.3676 	EXP 	image_2: autoDraw = False
239.8875 	EXP 	New trial (rep=0, index=24): {'stimuli': 1, 'star': 'condition_1/rightstar.PNG', 'CorrectAns': 'right'}
239.9445 	DATA 	Keypress: space
239.9495 	EXP 	image_2: autoDraw = False
239.9495 	EXP 	image_3: image = 'condition_1/fixation.png'
239.9495 	EXP 	image_3: autoDraw = True
240.4176 	EXP 	image_3: autoDraw = False
240.4176 	EXP 	text_3: height = 0.2
240.4176 	EXP 	text_3: height = 0.2
240.4176 	EXP 	text_3: height = 0.2
240.4176 	EXP 	text_3: text = 1
240.9012 	EXP 	text_3: autoDraw = True
241.3284 	EXP 	text_3: autoDraw = False
241.3284 	EXP 	text_3: autoDraw = False
241.3284 	EXP 	image_2: image = 'condition_1/rightstar.PNG'
242.5033 	EXP 	image_2: autoDraw = True
242.8210 	EXP 	New trial (rep=1, index=0): {'stimuli': 9, 'star': 'condition_1/leftstar.PNG', 'CorrectAns': 'space'}
242.8772 	DATA 	Keypress: right
242.8824 	EXP 	image_2: autoDraw = False
242.8824 	EXP 	image_3: image = 'condition_1/fixation.png'
242.8824 	EXP 	image_3: autoDraw = True
243.3510 	EXP 	image_3: autoDraw = False
243.3510 	EXP 	text_3: height = 0.2
243.3510 	EXP 	text_3: height = 0.2
243.3510 	EXP 	text_3: height = 0.2
243.3510 	EXP 	text_3: text = 9
243.8344 	EXP 	text_3: autoDraw = True
244.2388 	EXP 	text_3: autoDraw = False
244.2388 	EXP 	text_3: autoDraw = False
244.2388 	EXP 	image_2: image = 'condition_1/leftstar.PNG'
245.4366 	EXP 	image_2: autoDraw = True
245.6546 	EXP 	New trial (rep=1, index=1): {'stimuli': 1, 'star': 'condition_1/leftstar.PNG', 'CorrectAns': 'left'}
245.7027 	DATA 	Keypress: space
245.7070 	EXP 	image_2: autoDraw = False
245.7070 	EXP 	image_3: image = 'condition_1/fixation.png'
245.7070 	EXP 	image_3: autoDraw = True
246.1844 	EXP 	image_3: autoDraw = False
246.1844 	EXP 	text_3: height = 0.2
246.1844 	EXP 	text_3: height = 0.2
246.1844 	EXP 	text_3: height = 0.2
246.1844 	EXP 	text_3: text = 1
246.6677 	EXP 	text_3: autoDraw = True
247.0809 	EXP 	text_3: autoDraw = False
247.0809 	EXP 	text_3: autoDraw = False
247.0809 	EXP 	image_2: image = 'condition_1/leftstar.PNG'
248.2703 	EXP 	image_2: autoDraw = True
248.6548 	EXP 	New trial (rep=1, index=2): {'stimuli': 9, 'star': 'condition_1/leftstar.PNG', 'CorrectAns': 'space'}
248.7036 	DATA 	Keypress: left
248.7083 	EXP 	image_2: autoDraw = False
248.7083 	EXP 	image_3: image = 'condition_1/fixation.png'
248.7083 	EXP 	image_3: autoDraw = True
249.1935 	EXP 	image_3: autoDraw = False
249.1935 	EXP 	text_3: height = 0.2
249.1935 	EXP 	text_3: height = 0.2
249.1935 	EXP 	text_3: height = 0.2
249.1935 	EXP 	text_3: text = 9
249.6680 	EXP 	text_3: autoDraw = True
250.0715 	EXP 	text_3: autoDraw = False
250.0715 	EXP 	text_3: autoDraw = False
250.0715 	EXP 	image_2: image = 'condition_1/leftstar.PNG'
251.2700 	EXP 	image_2: autoDraw = True
251.3884 	EXP 	New trial (rep=1, index=3): {'stimuli': 9, 'star': 'condition_1/rightstar.PNG', 'CorrectAns': 'space'}
251.4378 	DATA 	Keypress: space
251.4426 	EXP 	image_2: autoDraw = False
251.4426 	EXP 	image_3: image = 'condition_1/fixation.png'
251.4426 	EXP 	image_3: autoDraw = True
251.9176 	EXP 	image_3: autoDraw = False
251.9176 	EXP 	text_3: height = 0.2
251.9176 	EXP 	text_3: height = 0.2
251.9176 	EXP 	text_3: height = 0.2
251.9176 	EXP 	text_3: text = 9
252.4013 	EXP 	text_3: autoDraw = True
252.8048 	EXP 	text_3: autoDraw = False
252.8048 	EXP 	text_3: autoDraw = False
252.8048 	EXP 	image_2: image = 'condition_1/rightstar.PNG'
254.0031 	EXP 	image_2: autoDraw = True
254.3208 	EXP 	New trial (rep=1, index=4): {'stimuli': 2, 'star': 'condition_1/blank.PNG', 'CorrectAns': 'space'}
254.3698 	DATA 	Keypress: space
254.3744 	EXP 	image_2: autoDraw = False
254.3744 	EXP 	image_3: image = 'condition_1/fixation.png'
254.3744 	EXP 	image_3: autoDraw = True
254.8511 	EXP 	image_3: autoDraw = False
254.8511 	EXP 	text_3: height = 0.2
254.8511 	EXP 	text_3: height = 0.2
254.8511 	EXP 	text_3: height = 0.2
254.8511 	EXP 	text_3: text = 2
255.3345 	EXP 	text_3: autoDraw = True
255.7423 	EXP 	text_3: autoDraw = False
255.7423 	EXP 	text_3: autoDraw = False
255.7423 	EXP 	image_2: image = 'condition_1/blank.PNG'
256.9355 	EXP 	image_2: autoDraw = True
257.7343 	EXP 	image_2: autoDraw = False
262.3369 	EXP 	New trial (rep=1, index=5): {'stimuli': 8, 'star': 'condition_1/leftstar.PNG', 'CorrectAns': 'space'}
262.3882 	DATA 	Keypress: space
262.3933 	EXP 	image_2: autoDraw = False
262.3933 	EXP 	image_3: image = 'condition_1/fixation.png'
262.3933 	EXP 	image_3: autoDraw = True
262.8678 	EXP 	image_3: autoDraw = False
262.8678 	EXP 	text_3: height = 0.2
262.8678 	EXP 	text_3: height = 0.2
262.8678 	EXP 	text_3: height = 0.2
262.8678 	EXP 	text_3: text = 8
263.3510 	EXP 	text_3: autoDraw = True
263.9880 	EXP 	text_3: autoDraw = False
263.9880 	EXP 	text_3: autoDraw = False
263.9880 	EXP 	image_2: image = 'condition_1/leftstar.PNG'
264.9532 	EXP 	image_2: autoDraw = True
265.2714 	EXP 	New trial (rep=1, index=6): {'stimuli': 2, 'star': 'condition_1/rightstar.PNG', 'CorrectAns': 'right'}
265.3140 	DATA 	Keypress: space
265.3184 	EXP 	image_2: autoDraw = False
265.3184 	EXP 	image_3: image = 'condition_1/fixation.png'
265.3184 	EXP 	image_3: autoDraw = True
265.8009 	EXP 	image_3: autoDraw = False
265.8009 	EXP 	text_3: height = 0.2
265.8009 	EXP 	text_3: height = 0.2
265.8009 	EXP 	text_3: height = 0.2
265.8009 	EXP 	text_3: text = 2
266.2843 	EXP 	text_3: autoDraw = True
266.7187 	EXP 	text_3: autoDraw = False
266.7187 	EXP 	text_3: autoDraw = False
266.7187 	EXP 	image_2: image = 'condition_1/rightstar.PNG'
267.8860 	EXP 	image_2: autoDraw = True
268.2378 	EXP 	New trial (rep=1, index=7): {'stimuli': 1, 'star': 'condition_1/rightstar.PNG', 'CorrectAns': 'right'}
268.2901 	DATA 	Keypress: right
268.2951 	EXP 	image_2: autoDraw = False
268.2951 	EXP 	image_3: image = 'condition_1/fixation.png'
268.2951 	EXP 	image_3: autoDraw = True
268.7676 	EXP 	image_3: autoDraw = False
268.7676 	EXP 	text_3: height = 0.2
268.7676 	EXP 	text_3: height = 0.2
268.7676 	EXP 	text_3: height = 0.2
268.7676 	EXP 	text_3: text = 1
269.2509 	EXP 	text_3: autoDraw = True
269.6839 	EXP 	text_3: autoDraw = False
269.6839 	EXP 	text_3: autoDraw = False
269.6839 	EXP 	image_2: image = 'condition_1/rightstar.PNG'
270.8532 	EXP 	image_2: autoDraw = True
271.1872 	EXP 	New trial (rep=1, index=8): {'stimuli': 2, 'star': 'condition_1/rightstar.PNG', 'CorrectAns': 'left'}
271.2795 	DATA 	Keypress: right
271.2842 	EXP 	image_2: autoDraw = False
271.2842 	EXP 	image_3: image = 'condition_1/fixation.png'
271.2842 	EXP 	image_3: autoDraw = True
271.7280 	EXP 	image_3: autoDraw = False
271.7280 	EXP 	text_3: height = 0.2
271.7280 	EXP 	text_3: height = 0.2
271.7280 	EXP 	text_3: height = 0.2
271.7280 	EXP 	text_3: text = 2
272.2010 	EXP 	text_3: autoDraw = True
272.6207 	EXP 	text_3: autoDraw = False
272.6207 	EXP 	text_3: autoDraw = False
272.6207 	EXP 	image_2: image = 'condition_1/rightstar.PNG'
273.8035 	EXP 	image_2: autoDraw = True
274.1049 	EXP 	New trial (rep=1, index=9): {'stimuli': 8, 'star': 'condition_1/leftstar.PNG', 'CorrectAns': 'space'}
274.1658 	DATA 	Keypress: right
274.1725 	EXP 	image_2: autoDraw = False
274.1725 	EXP 	image_3: image = 'condition_1/fixation.png'
274.1725 	EXP 	image_3: autoDraw = True
274.6346 	EXP 	image_3: autoDraw = False
274.6346 	EXP 	text_3: height = 0.2
274.6346 	EXP 	text_3: height = 0.2
274.6346 	EXP 	text_3: height = 0.2
274.6346 	EXP 	text_3: text = 8
275.1179 	EXP 	text_3: autoDraw = True
275.5306 	EXP 	text_3: autoDraw = False
275.5306 	EXP 	text_3: autoDraw = False
275.5306 	EXP 	image_2: image = 'condition_1/leftstar.PNG'
276.4529 	DATA 	Keypress: space
276.7202 	EXP 	image_2: autoDraw = True
277.5345 	EXP 	image_2: autoDraw = False
279.1035 	EXP 	New trial (rep=1, index=10): {'stimuli': 9, 'star': 'condition_1/blank.PNG', 'CorrectAns': 'space'}
279.1520 	DATA 	Keypress: space
279.1564 	EXP 	image_2: autoDraw = False
279.1564 	EXP 	image_3: image = 'condition_1/fixation.png'
279.1564 	EXP 	image_3: autoDraw = True
279.6344 	EXP 	image_3: autoDraw = False
279.6344 	EXP 	text_3: height = 0.2
279.6344 	EXP 	text_3: height = 0.2
279.6344 	EXP 	text_3: height = 0.2
279.6344 	EXP 	text_3: text = 9
280.1180 	EXP 	text_3: autoDraw = True
280.5390 	EXP 	text_3: autoDraw = False
280.5390 	EXP 	text_3: autoDraw = False
280.5390 	EXP 	image_2: image = 'condition_1/blank.PNG'
281.7189 	EXP 	image_2: autoDraw = True
282.5178 	EXP 	image_2: autoDraw = False
284.6542 	EXP 	New trial (rep=1, index=11): {'stimuli': 8, 'star': 'condition_1/blank.PNG', 'CorrectAns': 'space'}
284.7007 	DATA 	Keypress: space
284.7051 	EXP 	image_2: autoDraw = False
284.7051 	EXP 	image_3: image = 'condition_1/fixation.png'
284.7051 	EXP 	image_3: autoDraw = True
285.1844 	EXP 	image_3: autoDraw = False
285.1844 	EXP 	text_3: height = 0.2
285.1844 	EXP 	text_3: height = 0.2
285.1844 	EXP 	text_3: height = 0.2
285.1844 	EXP 	text_3: text = 8
285.6678 	EXP 	text_3: autoDraw = True
285.9937 	EXP 	text_3: autoDraw = False
285.9937 	EXP 	text_3: autoDraw = False
285.9937 	EXP 	image_2: image = 'condition_1/blank.PNG'
286.7360 	DATA 	Keypress: space
287.2689 	EXP 	image_2: autoDraw = True
287.7876 	EXP 	New trial (rep=1, index=12): {'stimuli': 1, 'star': 'condition_1/rightstar.PNG', 'CorrectAns': 'right'}
287.8315 	DATA 	Keypress: space
287.8358 	EXP 	image_2: autoDraw = False
287.8358 	EXP 	image_3: image = 'condition_1/fixation.png'
287.8358 	EXP 	image_3: autoDraw = True
288.3176 	EXP 	image_3: autoDraw = False
288.3176 	EXP 	text_3: height = 0.2
288.3176 	EXP 	text_3: height = 0.2
288.3176 	EXP 	text_3: height = 0.2
288.3176 	EXP 	text_3: text = 1
288.8011 	EXP 	text_3: autoDraw = True
289.3319 	EXP 	text_3: autoDraw = False
289.3319 	EXP 	text_3: autoDraw = False
289.3319 	EXP 	image_2: image = 'condition_1/rightstar.PNG'
290.4031 	EXP 	image_2: autoDraw = True
290.8379 	EXP 	New trial (rep=1, index=13): {'stimuli': 8, 'star': 'condition_1/rightstar.PNG', 'CorrectAns': 'space'}
290.8886 	DATA 	Keypress: right
290.8936 	EXP 	image_2: autoDraw = False
290.8936 	EXP 	image_3: image = 'condition_1/fixation.png'
290.8936 	EXP 	image_3: autoDraw = True
291.3678 	EXP 	image_3: autoDraw = False
291.3678 	EXP 	text_3: height = 0.2
291.3678 	EXP 	text_3: height = 0.2
291.3678 	EXP 	text_3: height = 0.2
291.3678 	EXP 	text_3: text = 8
291.8512 	EXP 	text_3: autoDraw = True
292.2815 	EXP 	text_3: autoDraw = False
292.2815 	EXP 	text_3: autoDraw = False
292.2815 	EXP 	image_2: image = 'condition_1/rightstar.PNG'
293.0865 	DATA 	Keypress: space
293.4531 	EXP 	image_2: autoDraw = True
294.0214 	EXP 	New trial (rep=1, index=14): {'stimuli': 9, 'star': 'condition_1/leftstar.PNG', 'CorrectAns': 'space'}
294.0953 	DATA 	Keypress: right
294.0991 	EXP 	image_2: autoDraw = False
294.0991 	EXP 	image_3: image = 'condition_1/fixation.png'
294.0991 	EXP 	image_3: autoDraw = True
294.5579 	EXP 	image_3: autoDraw = False
294.5579 	EXP 	text_3: height = 0.2
294.5579 	EXP 	text_3: height = 0.2
294.5579 	EXP 	text_3: height = 0.2
294.5579 	EXP 	text_3: text = 9
295.0343 	EXP 	text_3: autoDraw = True
295.4479 	EXP 	text_3: autoDraw = False
295.4479 	EXP 	text_3: autoDraw = False
295.4479 	EXP 	image_2: image = 'condition_1/leftstar.PNG'
296.3711 	DATA 	Keypress: space
296.6366 	EXP 	image_2: autoDraw = True
297.4343 	EXP 	image_2: autoDraw = False
297.8874 	EXP 	New trial (rep=1, index=15): {'stimuli': 8, 'star': 'condition_1/rightstar.PNG', 'CorrectAns': 'space'}
297.9375 	DATA 	Keypress: space
297.9420 	EXP 	image_2: autoDraw = False
297.9420 	EXP 	image_3: image = 'condition_1/fixation.png'
297.9420 	EXP 	image_3: autoDraw = True
298.4178 	EXP 	image_3: autoDraw = False
298.4178 	EXP 	text_3: height = 0.2
298.4178 	EXP 	text_3: height = 0.2
298.4178 	EXP 	text_3: height = 0.2
298.4178 	EXP 	text_3: text = 8
298.9009 	EXP 	text_3: autoDraw = True
299.3172 	EXP 	text_3: autoDraw = False
299.3172 	EXP 	text_3: autoDraw = False
299.3172 	EXP 	image_2: image = 'condition_1/rightstar.PNG'
300.5032 	EXP 	image_2: autoDraw = True
301.3178 	EXP 	image_2: autoDraw = False
301.5377 	EXP 	New trial (rep=1, index=16): {'stimuli': 2, 'star': 'condition_1/leftstar.PNG', 'CorrectAns': 'left'}
301.5947 	DATA 	Keypress: space
301.6015 	EXP 	image_2: autoDraw = False
301.6015 	EXP 	image_3: image = 'condition_1/fixation.png'
301.6015 	EXP 	image_3: autoDraw = True
302.0678 	EXP 	image_3: autoDraw = False
302.0678 	EXP 	text_3: height = 0.2
302.0678 	EXP 	text_3: height = 0.2
302.0678 	EXP 	text_3: height = 0.2
302.0678 	EXP 	text_3: text = 2
302.5510 	EXP 	text_3: autoDraw = True
303.0328 	EXP 	text_3: autoDraw = False
303.0328 	EXP 	text_3: autoDraw = False
303.0328 	EXP 	image_2: image = 'condition_1/leftstar.PNG'
304.1532 	EXP 	image_2: autoDraw = True
304.7548 	EXP 	New trial (rep=1, index=17): {'stimuli': 1, 'star': 'condition_1/rightstar.PNG', 'CorrectAns': 'right'}
304.8024 	DATA 	Keypress: left
304.8069 	EXP 	image_2: autoDraw = False
304.8069 	EXP 	image_3: image = 'condition_1/fixation.png'
304.8069 	EXP 	image_3: autoDraw = True
305.2845 	EXP 	image_3: autoDraw = False
305.2845 	EXP 	text_3: height = 0.2
305.2845 	EXP 	text_3: height = 0.2
305.2845 	EXP 	text_3: height = 0.2
305.2845 	EXP 	text_3: text = 1
305.7678 	EXP 	text_3: autoDraw = True
306.1761 	EXP 	text_3: autoDraw = False
306.1761 	EXP 	text_3: autoDraw = False
306.1761 	EXP 	image_2: image = 'condition_1/rightstar.PNG'
307.3698 	EXP 	image_2: autoDraw = True
308.1845 	EXP 	image_2: autoDraw = False
308.2870 	EXP 	New trial (rep=1, index=18): {'stimuli': 1, 'star': 'condition_1/leftstar.PNG', 'CorrectAns': 'left'}
308.3367 	DATA 	Keypress: right
308.3429 	EXP 	image_2: autoDraw = False
308.3429 	EXP 	image_3: image = 'condition_1/fixation.png'
308.3429 	EXP 	image_3: autoDraw = True
308.4544 	DATA 	Keypress: left
308.8178 	EXP 	image_3: autoDraw = False
308.8178 	EXP 	text_3: height = 0.2
308.8178 	EXP 	text_3: height = 0.2
308.8178 	EXP 	text_3: height = 0.2
308.8178 	EXP 	text_3: text = 1
309.3009 	EXP 	text_3: autoDraw = True
309.7264 	EXP 	text_3: autoDraw = False
309.7264 	EXP 	text_3: autoDraw = False
309.7264 	EXP 	image_2: image = 'condition_1/leftstar.PNG'
310.9036 	EXP 	image_2: autoDraw = True
311.3054 	DATA 	Keypress: left
311.3212 	EXP 	New trial (rep=1, index=19): {'stimuli': 2, 'star': 'condition_1/leftstar.PNG', 'CorrectAns': 'left'}
311.3783 	EXP 	image_2: autoDraw = False
311.3783 	EXP 	image_3: image = 'condition_1/fixation.png'
311.3783 	EXP 	image_3: autoDraw = True
311.8511 	EXP 	image_3: autoDraw = False
311.8511 	EXP 	text_3: height = 0.2
311.8511 	EXP 	text_3: height = 0.2
311.8511 	EXP 	text_3: height = 0.2
311.8511 	EXP 	text_3: text = 2
312.3343 	EXP 	text_3: autoDraw = True
312.7461 	EXP 	text_3: autoDraw = False
312.7461 	EXP 	text_3: autoDraw = False
312.7461 	EXP 	image_2: image = 'condition_1/leftstar.PNG'
313.9365 	EXP 	image_2: autoDraw = True
314.2877 	EXP 	New trial (rep=1, index=20): {'stimuli': 1, 'star': 'condition_1/blank.PNG', 'CorrectAns': 'space'}
314.3348 	DATA 	Keypress: left
314.3391 	EXP 	image_2: autoDraw = False
314.3391 	EXP 	image_3: image = 'condition_1/fixation.png'
314.3391 	EXP 	image_3: autoDraw = True
314.8284 	EXP 	image_3: autoDraw = False
314.8284 	EXP 	text_3: height = 0.2
314.8284 	EXP 	text_3: height = 0.2
314.8284 	EXP 	text_3: height = 0.2
314.8284 	EXP 	text_3: text = 1
315.3011 	EXP 	text_3: autoDraw = True
315.7243 	EXP 	text_3: autoDraw = False
315.7243 	EXP 	text_3: autoDraw = False
315.7243 	EXP 	image_2: image = 'condition_1/blank.PNG'
316.9024 	EXP 	image_2: autoDraw = True
317.7012 	EXP 	image_2: autoDraw = False
319.6381 	EXP 	New trial (rep=1, index=21): {'stimuli': 2, 'star': 'condition_1/blank.PNG', 'CorrectAns': 'space'}
319.6849 	DATA 	Keypress: space
319.6893 	EXP 	image_2: autoDraw = False
319.6893 	EXP 	image_3: image = 'condition_1/fixation.png'
319.6893 	EXP 	image_3: autoDraw = True
320.1676 	EXP 	image_3: autoDraw = False
320.1676 	EXP 	text_3: height = 0.2
320.1676 	EXP 	text_3: height = 0.2
320.1676 	EXP 	text_3: height = 0.2
320.1676 	EXP 	text_3: text = 2
320.6515 	EXP 	text_3: autoDraw = True
320.9715 	EXP 	text_3: autoDraw = False
320.9715 	EXP 	text_3: autoDraw = False
320.9715 	EXP 	image_2: image = 'condition_1/blank.PNG'
322.2523 	EXP 	image_2: autoDraw = True
322.7548 	EXP 	New trial (rep=1, index=22): {'stimuli': 8, 'star': 'condition_1/rightstar.PNG', 'CorrectAns': 'space'}
322.7997 	DATA 	Keypress: space
322.8049 	EXP 	image_2: autoDraw = False
322.8049 	EXP 	image_3: image = 'condition_1/fixation.png'
322.8049 	EXP 	image_3: autoDraw = True
323.2846 	EXP 	image_3: autoDraw = False
323.2846 	EXP 	text_3: height = 0.2
323.2846 	EXP 	text_3: height = 0.2
323.2846 	EXP 	text_3: height = 0.2
323.2846 	EXP 	text_3: text = 8
323.7678 	EXP 	text_3: autoDraw = True
324.2981 	EXP 	text_3: autoDraw = False
324.2981 	EXP 	text_3: autoDraw = False
324.2981 	EXP 	image_2: image = 'condition_1/rightstar.PNG'
325.3699 	EXP 	image_2: autoDraw = True
325.8541 	EXP 	New trial (rep=1, index=23): {'stimuli': 2, 'star': 'condition_1/leftstar.PNG', 'CorrectAns': 'left'}
325.9069 	DATA 	Keypress: space
325.9133 	EXP 	image_2: autoDraw = False
325.9133 	EXP 	image_3: image = 'condition_1/fixation.png'
325.9133 	EXP 	image_3: autoDraw = True
326.3844 	EXP 	image_3: autoDraw = False
326.3844 	EXP 	text_3: height = 0.2
326.3844 	EXP 	text_3: height = 0.2
326.3844 	EXP 	text_3: height = 0.2
326.3844 	EXP 	text_3: text = 2
326.8679 	EXP 	text_3: autoDraw = True
327.2999 	EXP 	text_3: autoDraw = False
327.2999 	EXP 	text_3: autoDraw = False
327.2999 	EXP 	image_2: image = 'condition_1/leftstar.PNG'
328.4700 	EXP 	image_2: autoDraw = True
328.8882 	DATA 	Keypress: left
328.9049 	EXP 	New trial (rep=1, index=24): {'stimuli': 9, 'star': 'condition_1/rightstar.PNG', 'CorrectAns': 'space'}
328.9570 	EXP 	image_2: autoDraw = False
328.9570 	EXP 	image_3: image = 'condition_1/fixation.png'
328.9570 	EXP 	image_3: autoDraw = True
329.4343 	EXP 	image_3: autoDraw = False
329.4343 	EXP 	text_3: height = 0.2
329.4343 	EXP 	text_3: height = 0.2
329.4343 	EXP 	text_3: height = 0.2
329.4343 	EXP 	text_3: text = 9
329.9177 	EXP 	text_3: autoDraw = True
330.3394 	EXP 	text_3: autoDraw = False
330.3394 	EXP 	text_3: autoDraw = False
330.3394 	EXP 	image_2: image = 'condition_1/rightstar.PNG'
331.5199 	EXP 	image_2: autoDraw = True
331.6442 	DATA 	Keypress: space
331.6510 	EXP 	image_2: autoDraw = False
331.6510 	EXP 	text_10: autoDraw = True
333.5061 	DATA 	Keypress: space
333.5344 	EXP 	text_10: autoDraw = False
333.5344 	EXP 	text_7: autoDraw = True
357.3730 	DATA 	Keypress: space
357.4055 	EXP 	Imported test2/data4.xlsx as conditions, 6 conditions, 3 params
357.4059 	EXP 	Created sequence: random, trialTypes=6, nReps=1, seed=None
357.4060 	EXP 	New trial (rep=0, index=0): {'stimuli': 8, 'star': 'test2/rightstar.PNG', 'CorrectAns': 'right'}
357.4993 	EXP 	text_7: autoDraw = False
357.4993 	EXP 	image_8: image = 'test2/fixation.png'
357.4993 	EXP 	image_8: autoDraw = True
357.9174 	EXP 	image_8: autoDraw = False
357.9174 	EXP 	text_11: height = 0.05
357.9174 	EXP 	text_11: height = 0.05
357.9174 	EXP 	text_11: height = 0.05
357.9174 	EXP 	text_11: text = 8
358.4011 	EXP 	text_11: autoDraw = True
358.9685 	EXP 	text_11: autoDraw = False
358.9685 	EXP 	text_11: autoDraw = False
358.9685 	EXP 	image_9: image = 'test2/rightstar.PNG'
360.0160 	EXP 	image_9: autoDraw = True
360.8178 	EXP 	image_9: autoDraw = False
361.6215 	EXP 	New trial (rep=0, index=1): {'stimuli': 1, 'star': 'test2/blank.PNG', 'CorrectAns': 'space'}
361.6799 	DATA 	Keypress: right
361.6840 	EXP 	image_9: autoDraw = False
361.6840 	EXP 	image_8: image = 'test2/fixation.png'
361.6840 	EXP 	image_8: autoDraw = True
362.1511 	EXP 	image_8: autoDraw = False
362.1511 	EXP 	text_11: height = 0.05
362.1511 	EXP 	text_11: height = 0.05
362.1511 	EXP 	text_11: height = 0.05
362.1511 	EXP 	text_11: text = 1
362.6342 	EXP 	text_11: autoDraw = True
363.0155 	EXP 	text_11: autoDraw = False
363.0155 	EXP 	text_11: autoDraw = False
363.0155 	EXP 	image_9: image = 'test2/blank.PNG'
364.2357 	EXP 	image_9: autoDraw = True
365.0343 	EXP 	image_9: autoDraw = False
367.2708 	EXP 	New trial (rep=0, index=2): {'stimuli': 8, 'star': 'test2/leftstar.PNG', 'CorrectAns': 'left'}
367.3292 	DATA 	Keypress: space
367.3338 	EXP 	image_9: autoDraw = False
367.3338 	EXP 	image_8: image = 'test2/fixation.png'
367.3338 	EXP 	image_8: autoDraw = True
367.8010 	EXP 	image_8: autoDraw = False
367.8010 	EXP 	text_11: height = 0.05
367.8010 	EXP 	text_11: height = 0.05
367.8010 	EXP 	text_11: height = 0.05
367.8010 	EXP 	text_11: text = 8
368.2844 	EXP 	text_11: autoDraw = True
368.7250 	EXP 	text_11: autoDraw = False
368.7250 	EXP 	text_11: autoDraw = False
368.7250 	EXP 	image_9: image = 'test2/leftstar.PNG'
369.1703 	DATA 	Keypress: right
369.8865 	EXP 	image_9: autoDraw = True
370.3206 	EXP 	New trial (rep=0, index=3): {'stimuli': 2, 'star': 'test2/leftstar.PNG', 'CorrectAns': 'space'}
370.3795 	DATA 	Keypress: space
370.3836 	EXP 	image_9: autoDraw = False
370.3836 	EXP 	image_8: image = 'test2/fixation.png'
370.3836 	EXP 	image_8: autoDraw = True
370.8511 	EXP 	image_8: autoDraw = False
370.8511 	EXP 	text_11: height = 0.05
370.8511 	EXP 	text_11: height = 0.05
370.8511 	EXP 	text_11: height = 0.05
370.8511 	EXP 	text_11: text = 2
371.3343 	EXP 	text_11: autoDraw = True
371.8222 	EXP 	text_11: autoDraw = False
371.8222 	EXP 	text_11: autoDraw = False
371.8222 	EXP 	image_9: image = 'test2/leftstar.PNG'
372.5029 	DATA 	Keypress: space
372.9366 	EXP 	image_9: autoDraw = True
373.7510 	EXP 	image_9: autoDraw = False
373.8035 	EXP 	New trial (rep=0, index=4): {'stimuli': 1, 'star': 'test2/leftstar.PNG', 'CorrectAns': 'space'}
373.8485 	DATA 	Keypress: left
373.8526 	EXP 	image_9: autoDraw = False
373.8526 	EXP 	image_8: image = 'test2/fixation.png'
373.8526 	EXP 	image_8: autoDraw = True
374.3344 	EXP 	image_8: autoDraw = False
374.3344 	EXP 	text_11: height = 0.05
374.3344 	EXP 	text_11: height = 0.05
374.3344 	EXP 	text_11: height = 0.05
374.3344 	EXP 	text_11: text = 1
374.8180 	EXP 	text_11: autoDraw = True
375.2343 	EXP 	text_11: autoDraw = False
375.2343 	EXP 	text_11: autoDraw = False
375.2343 	EXP 	image_9: image = 'test2/leftstar.PNG'
376.4200 	EXP 	image_9: autoDraw = True
376.5542 	EXP 	New trial (rep=0, index=5): {'stimuli': 9, 'star': 'test2/rightstar.PNG', 'CorrectAns': 'right'}
376.6017 	DATA 	Keypress: right
376.6057 	EXP 	image_9: autoDraw = False
376.6057 	EXP 	image_8: image = 'test2/fixation.png'
376.6057 	EXP 	image_8: autoDraw = True
377.0842 	EXP 	image_8: autoDraw = False
377.0842 	EXP 	text_11: height = 0.05
377.0842 	EXP 	text_11: height = 0.05
377.0842 	EXP 	text_11: height = 0.05
377.0842 	EXP 	text_11: text = 9
377.5678 	EXP 	text_11: autoDraw = True
377.9922 	EXP 	text_11: autoDraw = False
377.9922 	EXP 	text_11: autoDraw = False
377.9922 	EXP 	image_9: image = 'test2/rightstar.PNG'
379.1702 	EXP 	image_9: autoDraw = True
379.5436 	DATA 	Keypress: right
379.5509 	EXP 	image_9: autoDraw = False
379.5509 	EXP 	text_12: autoDraw = True
380.5511 	EXP 	text_12: autoDraw = False
391.4955 	DATA 	Keypress: space
391.5013 	EXP 	text_12: autoDraw = False
391.5013 	EXP 	text_13: autoDraw = True
392.5010 	EXP 	text_13: autoDraw = False
393.1745 	EXP 	Imported condition_2/data2.xlsx as conditions, 25 conditions, 3 params
393.1750 	EXP 	Created sequence: random, trialTypes=25, nReps=2, seed=None
393.1752 	EXP 	New trial (rep=0, index=0): {'stimuli': 8, 'star': 'condition_2/leftstar.PNG', 'CorrectAns': 'left'}
393.2674 	DATA 	Keypress: space
393.2743 	EXP 	text_13: autoDraw = False
393.2743 	EXP 	image_4: image = 'condition_2/fixation.png'
393.2743 	EXP 	image_4: autoDraw = True
393.6844 	EXP 	image_4: autoDraw = False
393.6844 	EXP 	text: height = 0.2
393.6844 	EXP 	text: height = 0.2
393.6844 	EXP 	text: height = 0.2
393.6844 	EXP 	text: text = 8
394.1681 	EXP 	text: autoDraw = True
394.7235 	EXP 	text: autoDraw = False
394.7235 	EXP 	text: autoDraw = False
394.7235 	EXP 	image_5: image = 'condition_2/leftstar.PNG'
395.7833 	EXP 	image_5: autoDraw = True
396.5843 	EXP 	image_5: autoDraw = False
400.1384 	EXP 	New trial (rep=0, index=1): {'stimuli': 1, 'star': 'condition_2/leftstar.PNG', 'CorrectAns': 'space'}
400.1858 	DATA 	Keypress: space
400.1900 	EXP 	image_5: autoDraw = False
400.1900 	EXP 	image_4: image = 'condition_2/fixation.png'
400.1900 	EXP 	image_4: autoDraw = True
400.6681 	EXP 	image_4: autoDraw = False
400.6681 	EXP 	text: height = 0.2
400.6681 	EXP 	text: height = 0.2
400.6681 	EXP 	text: height = 0.2
400.6681 	EXP 	text: text = 1
401.1511 	EXP 	text: autoDraw = True
401.5556 	EXP 	text: autoDraw = False
401.5556 	EXP 	text: autoDraw = False
401.5556 	EXP 	image_5: image = 'condition_2/leftstar.PNG'
402.4873 	DATA 	Keypress: space
402.7533 	EXP 	image_5: autoDraw = True
403.1215 	EXP 	New trial (rep=0, index=2): {'stimuli': 2, 'star': 'condition_2/rightstar.PNG', 'CorrectAns': 'space'}
403.1725 	DATA 	Keypress: right
403.1774 	EXP 	image_5: autoDraw = False
403.1774 	EXP 	image_4: image = 'condition_2/fixation.png'
403.1774 	EXP 	image_4: autoDraw = True
403.6511 	EXP 	image_4: autoDraw = False
403.6511 	EXP 	text: height = 0.2
403.6511 	EXP 	text: height = 0.2
403.6511 	EXP 	text: height = 0.2
403.6511 	EXP 	text: text = 2
404.1345 	EXP 	text: autoDraw = True
404.5565 	EXP 	text: autoDraw = False
404.5565 	EXP 	text: autoDraw = False
404.5565 	EXP 	image_5: image = 'condition_2/rightstar.PNG'
405.7368 	EXP 	image_5: autoDraw = True
406.5509 	EXP 	image_5: autoDraw = False
406.5537 	EXP 	New trial (rep=0, index=3): {'stimuli': 1, 'star': 'condition_2/leftstar.PNG', 'CorrectAns': 'space'}
406.6095 	DATA 	Keypress: right
406.6140 	EXP 	image_5: autoDraw = False
406.6140 	EXP 	image_4: image = 'condition_2/fixation.png'
406.6140 	EXP 	image_4: autoDraw = True
407.0843 	EXP 	image_4: autoDraw = False
407.0843 	EXP 	text: height = 0.2
407.0843 	EXP 	text: height = 0.2
407.0843 	EXP 	text: height = 0.2
407.0843 	EXP 	text: text = 1
407.5679 	EXP 	text: autoDraw = True
408.0352 	EXP 	text: autoDraw = False
408.0352 	EXP 	text: autoDraw = False
408.0352 	EXP 	image_5: image = 'condition_2/leftstar.PNG'
409.1699 	EXP 	image_5: autoDraw = True
409.9846 	EXP 	image_5: autoDraw = False
410.5037 	EXP 	New trial (rep=0, index=4): {'stimuli': 2, 'star': 'condition_2/rightstar.PNG', 'CorrectAns': 'space'}
410.5551 	DATA 	Keypress: space
410.5631 	EXP 	image_5: autoDraw = False
410.5631 	EXP 	image_4: image = 'condition_2/fixation.png'
410.5631 	EXP 	image_4: autoDraw = True
411.0344 	EXP 	image_4: autoDraw = False
411.0344 	EXP 	text: height = 0.2
411.0344 	EXP 	text: height = 0.2
411.0344 	EXP 	text: height = 0.2
411.0344 	EXP 	text: text = 2
411.5179 	EXP 	text: autoDraw = True
411.9459 	EXP 	text: autoDraw = False
411.9459 	EXP 	text: autoDraw = False
411.9459 	EXP 	image_5: image = 'condition_2/rightstar.PNG'
413.1200 	EXP 	image_5: autoDraw = True
413.5211 	EXP 	New trial (rep=0, index=5): {'stimuli': 2, 'star': 'condition_2/leftstar.PNG', 'CorrectAns': 'space'}
413.5736 	DATA 	Keypress: space
413.5778 	EXP 	image_5: autoDraw = False
413.5778 	EXP 	image_4: image = 'condition_2/fixation.png'
413.5778 	EXP 	image_4: autoDraw = True
414.0587 	EXP 	image_4: autoDraw = False
414.0587 	EXP 	text: height = 0.2
414.0587 	EXP 	text: height = 0.2
414.0587 	EXP 	text: height = 0.2
414.0587 	EXP 	text: text = 2
414.5344 	EXP 	text: autoDraw = True
414.9447 	EXP 	text: autoDraw = False
414.9447 	EXP 	text: autoDraw = False
414.9447 	EXP 	image_5: image = 'condition_2/leftstar.PNG'
415.8362 	DATA 	Keypress: space
416.1365 	EXP 	image_5: autoDraw = True
416.6382 	EXP 	New trial (rep=0, index=6): {'stimuli': 1, 'star': 'condition_2/rightstar.PNG', 'CorrectAns': 'space'}
416.6849 	DATA 	Keypress: space
416.6897 	EXP 	image_5: autoDraw = False
416.6897 	EXP 	image_4: image = 'condition_2/fixation.png'
416.6897 	EXP 	image_4: autoDraw = True
417.1677 	EXP 	image_4: autoDraw = False
417.1677 	EXP 	text: height = 0.2
417.1677 	EXP 	text: height = 0.2
417.1677 	EXP 	text: height = 0.2
417.1677 	EXP 	text: text = 1
417.6511 	EXP 	text: autoDraw = True
418.0565 	EXP 	text: autoDraw = False
418.0565 	EXP 	text: autoDraw = False
418.0565 	EXP 	image_5: image = 'condition_2/rightstar.PNG'
419.2535 	EXP 	image_5: autoDraw = True
419.6381 	EXP 	New trial (rep=0, index=7): {'stimuli': 1, 'star': 'condition_2/blank.PNG', 'CorrectAns': 'space'}
419.6831 	DATA 	Keypress: space
419.6883 	EXP 	image_5: autoDraw = False
419.6883 	EXP 	image_4: image = 'condition_2/fixation.png'
419.6883 	EXP 	image_4: autoDraw = True
420.1678 	EXP 	image_4: autoDraw = False
420.1678 	EXP 	text: height = 0.2
420.1678 	EXP 	text: height = 0.2
420.1678 	EXP 	text: height = 0.2
420.1678 	EXP 	text: text = 1
420.6510 	EXP 	text: autoDraw = True
421.0761 	EXP 	text: autoDraw = False
421.0761 	EXP 	text: autoDraw = False
421.0761 	EXP 	image_5: image = 'condition_2/blank.PNG'
422.1703 	DATA 	Keypress: space
422.2523 	EXP 	image_5: autoDraw = True
423.0512 	EXP 	image_5: autoDraw = False
423.5871 	EXP 	New trial (rep=0, index=8): {'stimuli': 8, 'star': 'condition_2/blank.PNG', 'CorrectAns': 'space'}
423.6323 	DATA 	Keypress: space
423.6364 	EXP 	image_5: autoDraw = False
423.6364 	EXP 	image_4: image = 'condition_2/fixation.png'
423.6364 	EXP 	image_4: autoDraw = True
424.1177 	EXP 	image_4: autoDraw = False
424.1177 	EXP 	text: height = 0.2
424.1177 	EXP 	text: height = 0.2
424.1177 	EXP 	text: height = 0.2
424.1177 	EXP 	text: text = 8
424.6011 	EXP 	text: autoDraw = True
424.9218 	EXP 	text: autoDraw = False
424.9218 	EXP 	text: autoDraw = False
424.9218 	EXP 	image_5: image = 'condition_2/blank.PNG'
426.2027 	EXP 	image_5: autoDraw = True
427.0180 	EXP 	image_5: autoDraw = False
429.0706 	EXP 	New trial (rep=0, index=9): {'stimuli': 9, 'star': 'condition_2/rightstar.PNG', 'CorrectAns': 'right'}
429.1282 	DATA 	Keypress: space
429.1326 	EXP 	image_5: autoDraw = False
429.1326 	EXP 	image_4: image = 'condition_2/fixation.png'
429.1326 	EXP 	image_4: autoDraw = True
429.6011 	EXP 	image_4: autoDraw = False
429.6011 	EXP 	text: height = 0.2
429.6011 	EXP 	text: height = 0.2
429.6011 	EXP 	text: height = 0.2
429.6011 	EXP 	text: text = 9
430.0845 	EXP 	text: autoDraw = True
430.6420 	EXP 	text: autoDraw = False
430.6420 	EXP 	text: autoDraw = False
430.6420 	EXP 	image_5: image = 'condition_2/rightstar.PNG'
431.6869 	EXP 	image_5: autoDraw = True
432.2542 	EXP 	New trial (rep=0, index=10): {'stimuli': 8, 'star': 'condition_2/blank.PNG', 'CorrectAns': 'space'}
432.3016 	DATA 	Keypress: right
432.3059 	EXP 	image_5: autoDraw = False
432.3059 	EXP 	image_4: image = 'condition_2/fixation.png'
432.3059 	EXP 	image_4: autoDraw = True
432.7843 	EXP 	image_4: autoDraw = False
432.7843 	EXP 	text: height = 0.2
432.7843 	EXP 	text: height = 0.2
432.7843 	EXP 	text: height = 0.2
432.7843 	EXP 	text: text = 8
433.2676 	EXP 	text: autoDraw = True
433.6494 	EXP 	text: autoDraw = False
433.6494 	EXP 	text: autoDraw = False
433.6494 	EXP 	image_5: image = 'condition_2/blank.PNG'
434.8688 	EXP 	image_5: autoDraw = True
435.6676 	EXP 	image_5: autoDraw = False
436.2204 	EXP 	New trial (rep=0, index=11): {'stimuli': 8, 'star': 'condition_2/leftstar.PNG', 'CorrectAns': 'left'}
436.2701 	DATA 	Keypress: space
436.2744 	EXP 	image_5: autoDraw = False
436.2744 	EXP 	image_4: image = 'condition_2/fixation.png'
436.2744 	EXP 	image_4: autoDraw = True
436.7574 	EXP 	image_4: autoDraw = False
436.7574 	EXP 	text: height = 0.2
436.7574 	EXP 	text: height = 0.2
436.7574 	EXP 	text: height = 0.2
436.7574 	EXP 	text: text = 8
437.2345 	EXP 	text: autoDraw = True
437.7520 	EXP 	text: autoDraw = False
437.7520 	EXP 	text: autoDraw = False
437.7520 	EXP 	image_5: image = 'condition_2/leftstar.PNG'
438.8370 	EXP 	image_5: autoDraw = True
439.3375 	EXP 	New trial (rep=0, index=12): {'stimuli': 9, 'star': 'condition_2/leftstar.PNG', 'CorrectAns': 'left'}
439.3945 	DATA 	Keypress: left
439.3987 	EXP 	image_5: autoDraw = False
439.3987 	EXP 	image_4: image = 'condition_2/fixation.png'
439.3987 	EXP 	image_4: autoDraw = True
439.8679 	EXP 	image_4: autoDraw = False
439.8679 	EXP 	text: height = 0.2
439.8679 	EXP 	text: height = 0.2
439.8679 	EXP 	text: height = 0.2
439.8679 	EXP 	text: text = 9
440.3513 	EXP 	text: autoDraw = True
440.7568 	EXP 	text: autoDraw = False
440.7568 	EXP 	text: autoDraw = False
440.7568 	EXP 	image_5: image = 'condition_2/leftstar.PNG'
441.9542 	EXP 	image_5: autoDraw = True
442.4210 	EXP 	New trial (rep=0, index=13): {'stimuli': 9, 'star': 'condition_2/blank.PNG', 'CorrectAns': 'space'}
442.4690 	DATA 	Keypress: left
442.4736 	EXP 	image_5: autoDraw = False
442.4736 	EXP 	image_4: image = 'condition_2/fixation.png'
442.4736 	EXP 	image_4: autoDraw = True
442.9509 	EXP 	image_4: autoDraw = False
442.9509 	EXP 	text: height = 0.2
442.9509 	EXP 	text: height = 0.2
442.9509 	EXP 	text: height = 0.2
442.9509 	EXP 	text: text = 9
443.4345 	EXP 	text: autoDraw = True
443.7969 	EXP 	text: autoDraw = False
443.7969 	EXP 	text: autoDraw = False
443.7969 	EXP 	image_5: image = 'condition_2/blank.PNG'
445.0355 	EXP 	image_5: autoDraw = True
445.8346 	EXP 	image_5: autoDraw = False
445.9041 	EXP 	New trial (rep=0, index=14): {'stimuli': 2, 'star': 'condition_2/blank.PNG', 'CorrectAns': 'space'}
445.9568 	DATA 	Keypress: space
445.9615 	EXP 	image_5: autoDraw = False
445.9615 	EXP 	image_4: image = 'condition_2/fixation.png'
445.9615 	EXP 	image_4: autoDraw = True
446.4346 	EXP 	image_4: autoDraw = False
446.4346 	EXP 	text: height = 0.2
446.4346 	EXP 	text: height = 0.2
446.4346 	EXP 	text: height = 0.2
446.4346 	EXP 	text: text = 2
446.9178 	EXP 	text: autoDraw = True
447.2379 	EXP 	text: autoDraw = False
447.2379 	EXP 	text: autoDraw = False
447.2379 	EXP 	image_5: image = 'condition_2/blank.PNG'
448.5191 	EXP 	image_5: autoDraw = True
449.3177 	EXP 	image_5: autoDraw = False
450.4375 	EXP 	New trial (rep=0, index=15): {'stimuli': 2, 'star': 'condition_2/leftstar.PNG', 'CorrectAns': 'space'}
450.4882 	DATA 	Keypress: space
450.4923 	EXP 	image_5: autoDraw = False
450.4923 	EXP 	image_4: image = 'condition_2/fixation.png'
450.4923 	EXP 	image_4: autoDraw = True
450.9676 	EXP 	image_4: autoDraw = False
450.9676 	EXP 	text: height = 0.2
450.9676 	EXP 	text: height = 0.2
450.9676 	EXP 	text: height = 0.2
450.9676 	EXP 	text: text = 2
451.4511 	EXP 	text: autoDraw = True
452.0284 	EXP 	text: autoDraw = False
452.0284 	EXP 	text: autoDraw = False
452.0284 	EXP 	image_5: image = 'condition_2/leftstar.PNG'
453.0531 	EXP 	image_5: autoDraw = True
453.6043 	EXP 	New trial (rep=0, index=16): {'stimuli': 8, 'star': 'condition_2/rightstar.PNG', 'CorrectAns': 'right'}
453.6590 	DATA 	Keypress: left
453.6629 	EXP 	image_5: autoDraw = False
453.6629 	EXP 	image_4: image = 'condition_2/fixation.png'
453.6629 	EXP 	image_4: autoDraw = True
454.1343 	EXP 	image_4: autoDraw = False
454.1343 	EXP 	text: height = 0.2
454.1343 	EXP 	text: height = 0.2
454.1343 	EXP 	text: height = 0.2
454.1343 	EXP 	text: text = 8
454.6177 	EXP 	text: autoDraw = True
455.0241 	EXP 	text: autoDraw = False
455.0241 	EXP 	text: autoDraw = False
455.0241 	EXP 	image_5: image = 'condition_2/rightstar.PNG'
456.2200 	EXP 	image_5: autoDraw = True
456.6055 	DATA 	Keypress: right
456.6215 	EXP 	New trial (rep=0, index=17): {'stimuli': 9, 'star': 'condition_2/rightstar.PNG', 'CorrectAns': 'right'}
456.6793 	EXP 	image_5: autoDraw = False
456.6793 	EXP 	image_4: image = 'condition_2/fixation.png'
456.6793 	EXP 	image_4: autoDraw = True
457.1668 	EXP 	image_4: autoDraw = False
457.1668 	EXP 	text: height = 0.2
457.1668 	EXP 	text: height = 0.2
457.1668 	EXP 	text: height = 0.2
457.1668 	EXP 	text: text = 9
457.6347 	EXP 	text: autoDraw = True
458.0464 	EXP 	text: autoDraw = False
458.0464 	EXP 	text: autoDraw = False
458.0464 	EXP 	image_5: image = 'condition_2/rightstar.PNG'
459.2364 	EXP 	image_5: autoDraw = True
459.5893 	DATA 	Keypress: right
459.6047 	EXP 	New trial (rep=0, index=18): {'stimuli': 8, 'star': 'condition_2/rightstar.PNG', 'CorrectAns': 'right'}
459.6596 	EXP 	image_5: autoDraw = False
459.6596 	EXP 	image_4: image = 'condition_2/fixation.png'
459.6596 	EXP 	image_4: autoDraw = True
460.1344 	EXP 	image_4: autoDraw = False
460.1344 	EXP 	text: height = 0.2
460.1344 	EXP 	text: height = 0.2
460.1344 	EXP 	text: height = 0.2
460.1344 	EXP 	text: text = 8
460.6178 	EXP 	text: autoDraw = True
461.0221 	EXP 	text: autoDraw = False
461.0221 	EXP 	text: autoDraw = False
461.0221 	EXP 	image_5: image = 'condition_2/rightstar.PNG'
462.2199 	EXP 	image_5: autoDraw = True
462.5711 	EXP 	New trial (rep=0, index=19): {'stimuli': 9, 'star': 'condition_2/leftstar.PNG', 'CorrectAns': 'left'}
462.6179 	DATA 	Keypress: right
462.6219 	EXP 	image_5: autoDraw = False
462.6219 	EXP 	image_4: image = 'condition_2/fixation.png'
462.6219 	EXP 	image_4: autoDraw = True
463.1010 	EXP 	image_4: autoDraw = False
463.1010 	EXP 	text: height = 0.2
463.1010 	EXP 	text: height = 0.2
463.1010 	EXP 	text: height = 0.2
463.1010 	EXP 	text: text = 9
463.5844 	EXP 	text: autoDraw = True
463.9803 	EXP 	text: autoDraw = False
463.9803 	EXP 	text: autoDraw = False
463.9803 	EXP 	image_5: image = 'condition_2/leftstar.PNG'
465.1871 	EXP 	image_5: autoDraw = True
465.5711 	EXP 	New trial (rep=0, index=20): {'stimuli': 2, 'star': 'condition_2/rightstar.PNG', 'CorrectAns': 'space'}
465.6343 	DATA 	Keypress: left
465.6383 	EXP 	image_5: autoDraw = False
465.6383 	EXP 	image_4: image = 'condition_2/fixation.png'
465.6383 	EXP 	image_4: autoDraw = True
466.1011 	EXP 	image_4: autoDraw = False
466.1011 	EXP 	text: height = 0.2
466.1011 	EXP 	text: height = 0.2
466.1011 	EXP 	text: height = 0.2
466.1011 	EXP 	text: text = 2
466.5845 	EXP 	text: autoDraw = True
467.0475 	EXP 	text: autoDraw = False
467.0475 	EXP 	text: autoDraw = False
467.0475 	EXP 	image_5: image = 'condition_2/rightstar.PNG'
468.0036 	DATA 	Keypress: space
468.1864 	EXP 	image_5: autoDraw = True
468.7712 	EXP 	New trial (rep=0, index=21): {'stimuli': 8, 'star': 'condition_2/rightstar.PNG', 'CorrectAns': 'right'}
468.8223 	DATA 	Keypress: space
468.8266 	EXP 	image_5: autoDraw = False
468.8266 	EXP 	image_4: image = 'condition_2/fixation.png'
468.8266 	EXP 	image_4: autoDraw = True
469.3011 	EXP 	image_4: autoDraw = False
469.3011 	EXP 	text: height = 0.2
469.3011 	EXP 	text: height = 0.2
469.3011 	EXP 	text: height = 0.2
469.3011 	EXP 	text: text = 8
469.7845 	EXP 	text: autoDraw = True
470.2010 	EXP 	text: autoDraw = False
470.2010 	EXP 	text: autoDraw = False
470.2010 	EXP 	image_5: image = 'condition_2/rightstar.PNG'
471.3865 	EXP 	image_5: autoDraw = True
471.7382 	EXP 	New trial (rep=0, index=22): {'stimuli': 1, 'star': 'condition_2/rightstar.PNG', 'CorrectAns': 'space'}
471.7842 	DATA 	Keypress: right
471.7886 	EXP 	image_5: autoDraw = False
471.7886 	EXP 	image_4: image = 'condition_2/fixation.png'
471.7886 	EXP 	image_4: autoDraw = True
472.2677 	EXP 	image_4: autoDraw = False
472.2677 	EXP 	text: height = 0.2
472.2677 	EXP 	text: height = 0.2
472.2677 	EXP 	text: height = 0.2
472.2677 	EXP 	text: text = 1
472.7512 	EXP 	text: autoDraw = True
473.1658 	EXP 	text: autoDraw = False
473.1658 	EXP 	text: autoDraw = False
473.1658 	EXP 	image_5: image = 'condition_2/rightstar.PNG'
474.3532 	EXP 	image_5: autoDraw = True
474.6383 	EXP 	New trial (rep=0, index=23): {'stimuli': 1, 'star': 'condition_2/leftstar.PNG', 'CorrectAns': 'space'}
474.6840 	DATA 	Keypress: space
474.6885 	EXP 	image_5: autoDraw = False
474.6885 	EXP 	image_4: image = 'condition_2/fixation.png'
474.6885 	EXP 	image_4: autoDraw = True
475.1767 	EXP 	image_4: autoDraw = False
475.1767 	EXP 	text: height = 0.2
475.1767 	EXP 	text: height = 0.2
475.1767 	EXP 	text: height = 0.2
475.1767 	EXP 	text: text = 1
475.6511 	EXP 	text: autoDraw = True
476.0541 	EXP 	text: autoDraw = False
476.0541 	EXP 	text: autoDraw = False
476.0541 	EXP 	image_5: image = 'condition_2/leftstar.PNG'
477.2540 	EXP 	image_5: autoDraw = True
477.2711 	DATA 	Keypress: space
477.2870 	EXP 	New trial (rep=0, index=24): {'stimuli': 9, 'star': 'condition_2/leftstar.PNG', 'CorrectAns': 'left'}
477.3380 	EXP 	image_5: autoDraw = False
477.3380 	EXP 	image_4: image = 'condition_2/fixation.png'
477.3380 	EXP 	image_4: autoDraw = True
477.8176 	EXP 	image_4: autoDraw = False
477.8176 	EXP 	text: height = 0.2
477.8176 	EXP 	text: height = 0.2
477.8176 	EXP 	text: height = 0.2
477.8176 	EXP 	text: text = 9
478.3014 	EXP 	text: autoDraw = True
478.7027 	EXP 	text: autoDraw = False
478.7027 	EXP 	text: autoDraw = False
478.7027 	EXP 	image_5: image = 'condition_2/leftstar.PNG'
479.9032 	EXP 	image_5: autoDraw = True
480.2872 	EXP 	New trial (rep=1, index=0): {'stimuli': 8, 'star': 'condition_2/blank.PNG', 'CorrectAns': 'space'}
480.3298 	DATA 	Keypress: left
480.3340 	EXP 	image_5: autoDraw = False
480.3340 	EXP 	image_4: image = 'condition_2/fixation.png'
480.3340 	EXP 	image_4: autoDraw = True
480.8178 	EXP 	image_4: autoDraw = False
480.8178 	EXP 	text: height = 0.2
480.8178 	EXP 	text: height = 0.2
480.8178 	EXP 	text: height = 0.2
480.8178 	EXP 	text: text = 8
481.3012 	EXP 	text: autoDraw = True
481.7216 	EXP 	text: autoDraw = False
481.7216 	EXP 	text: autoDraw = False
481.7216 	EXP 	image_5: image = 'condition_2/blank.PNG'
482.9021 	EXP 	image_5: autoDraw = True
483.7012 	EXP 	image_5: autoDraw = False
486.3371 	EXP 	New trial (rep=1, index=1): {'stimuli': 8, 'star': 'condition_2/leftstar.PNG', 'CorrectAns': 'left'}
486.3872 	DATA 	Keypress: space
486.3925 	EXP 	image_5: autoDraw = False
486.3925 	EXP 	image_4: image = 'condition_2/fixation.png'
486.3925 	EXP 	image_4: autoDraw = True
486.8679 	EXP 	image_4: autoDraw = False
486.8679 	EXP 	text: height = 0.2
486.8679 	EXP 	text: height = 0.2
486.8679 	EXP 	text: height = 0.2
486.8679 	EXP 	text: text = 8
487.3512 	EXP 	text: autoDraw = True
487.8729 	EXP 	text: autoDraw = False
487.8729 	EXP 	text: autoDraw = False
487.8729 	EXP 	image_5: image = 'condition_2/leftstar.PNG'
488.9533 	EXP 	image_5: autoDraw = True
489.3543 	EXP 	New trial (rep=1, index=2): {'stimuli': 9, 'star': 'condition_2/blank.PNG', 'CorrectAns': 'space'}
489.3998 	DATA 	Keypress: left
489.4046 	EXP 	image_5: autoDraw = False
489.4046 	EXP 	image_4: image = 'condition_2/fixation.png'
489.4046 	EXP 	image_4: autoDraw = True
489.8844 	EXP 	image_4: autoDraw = False
489.8844 	EXP 	text: height = 0.2
489.8844 	EXP 	text: height = 0.2
489.8844 	EXP 	text: height = 0.2
489.8844 	EXP 	text: text = 9
490.3679 	EXP 	text: autoDraw = True
490.7396 	EXP 	text: autoDraw = False
490.7396 	EXP 	text: autoDraw = False
490.7396 	EXP 	image_5: image = 'condition_2/blank.PNG'
491.9688 	EXP 	image_5: autoDraw = True
492.1546 	EXP 	New trial (rep=1, index=3): {'stimuli': 1, 'star': 'condition_2/leftstar.PNG', 'CorrectAns': 'space'}
492.2039 	DATA 	Keypress: space
492.2089 	EXP 	image_5: autoDraw = False
492.2089 	EXP 	image_4: image = 'condition_2/fixation.png'
492.2089 	EXP 	image_4: autoDraw = True
492.6844 	EXP 	image_4: autoDraw = False
492.6844 	EXP 	text: height = 0.2
492.6844 	EXP 	text: height = 0.2
492.6844 	EXP 	text: height = 0.2
492.6844 	EXP 	text: text = 1
493.1677 	EXP 	text: autoDraw = True
493.7106 	EXP 	text: autoDraw = False
493.7106 	EXP 	text: autoDraw = False
493.7106 	EXP 	image_5: image = 'condition_2/leftstar.PNG'
494.7700 	EXP 	image_5: autoDraw = True
495.2043 	DATA 	Keypress: space
495.2207 	EXP 	New trial (rep=1, index=4): {'stimuli': 2, 'star': 'condition_2/rightstar.PNG', 'CorrectAns': 'space'}
495.2756 	EXP 	image_5: autoDraw = False
495.2756 	EXP 	image_4: image = 'condition_2/fixation.png'
495.2756 	EXP 	image_4: autoDraw = True
495.7608 	EXP 	image_4: autoDraw = False
495.7608 	EXP 	text: height = 0.2
495.7608 	EXP 	text: height = 0.2
495.7608 	EXP 	text: height = 0.2
495.7608 	EXP 	text: text = 2
496.2344 	EXP 	text: autoDraw = True
496.6332 	EXP 	text: autoDraw = False
496.6332 	EXP 	text: autoDraw = False
496.6332 	EXP 	image_5: image = 'condition_2/rightstar.PNG'
497.8367 	EXP 	image_5: autoDraw = True
497.8708 	EXP 	New trial (rep=1, index=5): {'stimuli': 1, 'star': 'condition_2/blank.PNG', 'CorrectAns': 'space'}
497.9150 	DATA 	Keypress: space
497.9196 	EXP 	image_5: autoDraw = False
497.9196 	EXP 	image_4: image = 'condition_2/fixation.png'
497.9196 	EXP 	image_4: autoDraw = True
498.4012 	EXP 	image_4: autoDraw = False
498.4012 	EXP 	text: height = 0.2
498.4012 	EXP 	text: height = 0.2
498.4012 	EXP 	text: height = 0.2
498.4012 	EXP 	text: text = 1
498.8848 	EXP 	text: autoDraw = True
499.2489 	EXP 	text: autoDraw = False
499.2489 	EXP 	text: autoDraw = False
499.2489 	EXP 	image_5: image = 'condition_2/blank.PNG'
500.4859 	EXP 	image_5: autoDraw = True
500.7216 	EXP 	New trial (rep=1, index=6): {'stimuli': 8, 'star': 'condition_2/blank.PNG', 'CorrectAns': 'space'}
500.7847 	DATA 	Keypress: space
500.7907 	EXP 	image_5: autoDraw = False
500.7907 	EXP 	image_4: image = 'condition_2/fixation.png'
500.7907 	EXP 	image_4: autoDraw = True
501.2512 	EXP 	image_4: autoDraw = False
501.2512 	EXP 	text: height = 0.2
501.2512 	EXP 	text: height = 0.2
501.2512 	EXP 	text: height = 0.2
501.2512 	EXP 	text: text = 8
501.7346 	EXP 	text: autoDraw = True
502.0568 	EXP 	text: autoDraw = False
502.0568 	EXP 	text: autoDraw = False
502.0568 	EXP 	image_5: image = 'condition_2/blank.PNG'
503.3356 	EXP 	image_5: autoDraw = True
503.4544 	EXP 	New trial (rep=1, index=7): {'stimuli': 1, 'star': 'condition_2/rightstar.PNG', 'CorrectAns': 'space'}
503.5040 	DATA 	Keypress: space
503.5086 	EXP 	image_5: autoDraw = False
503.5086 	EXP 	image_4: image = 'condition_2/fixation.png'
503.5086 	EXP 	image_4: autoDraw = True
503.9843 	EXP 	image_4: autoDraw = False
503.9843 	EXP 	text: height = 0.2
503.9843 	EXP 	text: height = 0.2
503.9843 	EXP 	text: height = 0.2
503.9843 	EXP 	text: text = 1
504.4676 	EXP 	text: autoDraw = True
504.8936 	EXP 	text: autoDraw = False
504.8936 	EXP 	text: autoDraw = False
504.8936 	EXP 	image_5: image = 'condition_2/rightstar.PNG'
506.0699 	EXP 	image_5: autoDraw = True
506.6054 	EXP 	New trial (rep=1, index=8): {'stimuli': 8, 'star': 'condition_2/rightstar.PNG', 'CorrectAns': 'right'}
506.6629 	DATA 	Keypress: right
506.6673 	EXP 	image_5: autoDraw = False
506.6673 	EXP 	image_4: image = 'condition_2/fixation.png'
506.6673 	EXP 	image_4: autoDraw = True
507.1347 	EXP 	image_4: autoDraw = False
507.1347 	EXP 	text: height = 0.2
507.1347 	EXP 	text: height = 0.2
507.1347 	EXP 	text: height = 0.2
507.1347 	EXP 	text: text = 8
507.6178 	EXP 	text: autoDraw = True
508.0304 	EXP 	text: autoDraw = False
508.0304 	EXP 	text: autoDraw = False
508.0304 	EXP 	image_5: image = 'condition_2/rightstar.PNG'
509.2200 	EXP 	image_5: autoDraw = True
509.5887 	DATA 	Keypress: right
509.6040 	EXP 	New trial (rep=1, index=9): {'stimuli': 9, 'star': 'condition_2/rightstar.PNG', 'CorrectAns': 'right'}
509.6555 	EXP 	image_5: autoDraw = False
509.6555 	EXP 	image_4: image = 'condition_2/fixation.png'
509.6555 	EXP 	image_4: autoDraw = True
510.1344 	EXP 	image_4: autoDraw = False
510.1344 	EXP 	text: height = 0.2
510.1344 	EXP 	text: height = 0.2
510.1344 	EXP 	text: height = 0.2
510.1344 	EXP 	text: text = 9
510.6178 	EXP 	text: autoDraw = True
511.0416 	EXP 	text: autoDraw = False
511.0416 	EXP 	text: autoDraw = False
511.0416 	EXP 	image_5: image = 'condition_2/rightstar.PNG'
512.2199 	EXP 	image_5: autoDraw = True
512.5531 	EXP 	New trial (rep=1, index=10): {'stimuli': 9, 'star': 'condition_2/leftstar.PNG', 'CorrectAns': 'left'}
512.6005 	DATA 	Keypress: right
512.6049 	EXP 	image_5: autoDraw = False
512.6049 	EXP 	image_4: image = 'condition_2/fixation.png'
512.6049 	EXP 	image_4: autoDraw = True
513.0929 	EXP 	image_4: autoDraw = False
513.0929 	EXP 	text: height = 0.2
513.0929 	EXP 	text: height = 0.2
513.0929 	EXP 	text: height = 0.2
513.0929 	EXP 	text: text = 9
513.5678 	EXP 	text: autoDraw = True
513.9664 	EXP 	text: autoDraw = False
513.9664 	EXP 	text: autoDraw = False
513.9664 	EXP 	image_5: image = 'condition_2/leftstar.PNG'
515.1701 	EXP 	image_5: autoDraw = True
515.5872 	EXP 	New trial (rep=1, index=11): {'stimuli': 8, 'star': 'condition_2/rightstar.PNG', 'CorrectAns': 'right'}
515.6433 	DATA 	Keypress: space
515.6437 	DATA 	Keypress: left
515.6483 	EXP 	image_5: autoDraw = False
515.6483 	EXP 	image_4: image = 'condition_2/fixation.png'
515.6483 	EXP 	image_4: autoDraw = True
516.0377 	DATA 	Keypress: left
516.1177 	EXP 	image_4: autoDraw = False
516.1177 	EXP 	text: height = 0.2
516.1177 	EXP 	text: height = 0.2
516.1177 	EXP 	text: height = 0.2
516.1177 	EXP 	text: text = 8
516.6011 	EXP 	text: autoDraw = True
517.0208 	EXP 	text: autoDraw = False
517.0208 	EXP 	text: autoDraw = False
517.0208 	EXP 	image_5: image = 'condition_2/rightstar.PNG'
518.2035 	EXP 	image_5: autoDraw = True
518.7223 	EXP 	New trial (rep=1, index=12): {'stimuli': 9, 'star': 'condition_2/leftstar.PNG', 'CorrectAns': 'left'}
518.7679 	DATA 	Keypress: right
518.7725 	EXP 	image_5: autoDraw = False
518.7725 	EXP 	image_4: image = 'condition_2/fixation.png'
518.7725 	EXP 	image_4: autoDraw = True
519.2512 	EXP 	image_4: autoDraw = False
519.2512 	EXP 	text: height = 0.2
519.2512 	EXP 	text: height = 0.2
519.2512 	EXP 	text: height = 0.2
519.2512 	EXP 	text: text = 9
519.7345 	EXP 	text: autoDraw = True
520.1387 	EXP 	text: autoDraw = False
520.1387 	EXP 	text: autoDraw = False
520.1387 	EXP 	image_5: image = 'condition_2/leftstar.PNG'
521.3366 	EXP 	image_5: autoDraw = True
521.7550 	EXP 	New trial (rep=1, index=13): {'stimuli': 9, 'star': 'condition_2/rightstar.PNG', 'CorrectAns': 'right'}
521.8019 	DATA 	Keypress: left
521.8061 	EXP 	image_5: autoDraw = False
521.8061 	EXP 	image_4: image = 'condition_2/fixation.png'
521.8061 	EXP 	image_4: autoDraw = True
522.2843 	EXP 	image_4: autoDraw = False
522.2843 	EXP 	text: height = 0.2
522.2843 	EXP 	text: height = 0.2
522.2843 	EXP 	text: height = 0.2
522.2843 	EXP 	text: text = 9
522.7679 	EXP 	text: autoDraw = True
523.1669 	EXP 	text: autoDraw = False
523.1669 	EXP 	text: autoDraw = False
523.1669 	EXP 	image_5: image = 'condition_2/rightstar.PNG'
523.3364 	DATA 	Keypress: right
524.3700 	EXP 	image_5: autoDraw = True
525.0044 	EXP 	New trial (rep=1, index=14): {'stimuli': 1, 'star': 'condition_2/leftstar.PNG', 'CorrectAns': 'space'}
525.0951 	DATA 	Keypress: right
525.0996 	EXP 	image_5: autoDraw = False
525.0996 	EXP 	image_4: image = 'condition_2/fixation.png'
525.0996 	EXP 	image_4: autoDraw = True
525.5344 	EXP 	image_4: autoDraw = False
525.5344 	EXP 	text: height = 0.2
525.5344 	EXP 	text: height = 0.2
525.5344 	EXP 	text: height = 0.2
525.5344 	EXP 	text: text = 1
526.0180 	EXP 	text: autoDraw = True
526.4533 	EXP 	text: autoDraw = False
526.4533 	EXP 	text: autoDraw = False
526.4533 	EXP 	image_5: image = 'condition_2/leftstar.PNG'
527.6201 	EXP 	image_5: autoDraw = True
528.1886 	EXP 	New trial (rep=1, index=15): {'stimuli': 2, 'star': 'condition_2/rightstar.PNG', 'CorrectAns': 'space'}
528.2351 	DATA 	Keypress: left
528.2397 	EXP 	image_5: autoDraw = False
528.2397 	EXP 	image_4: image = 'condition_2/fixation.png'
528.2397 	EXP 	image_4: autoDraw = True
528.7179 	EXP 	image_4: autoDraw = False
528.7179 	EXP 	text: height = 0.2
528.7179 	EXP 	text: height = 0.2
528.7179 	EXP 	text: height = 0.2
528.7179 	EXP 	text: text = 2
529.2010 	EXP 	text: autoDraw = True
529.6160 	EXP 	text: autoDraw = False
529.6160 	EXP 	text: autoDraw = False
529.6160 	EXP 	image_5: image = 'condition_2/rightstar.PNG'
530.8033 	EXP 	image_5: autoDraw = True
531.5546 	EXP 	New trial (rep=1, index=16): {'stimuli': 1, 'star': 'condition_2/leftstar.PNG', 'CorrectAns': 'space'}
531.5985 	DATA 	Keypress: right
531.6029 	EXP 	image_5: autoDraw = False
531.6029 	EXP 	image_4: image = 'condition_2/fixation.png'
531.6029 	EXP 	image_4: autoDraw = True
532.0930 	EXP 	image_4: autoDraw = False
532.0930 	EXP 	text: height = 0.2
532.0930 	EXP 	text: height = 0.2
532.0930 	EXP 	text: height = 0.2
532.0930 	EXP 	text: text = 1
532.5678 	EXP 	text: autoDraw = True
532.9671 	EXP 	text: autoDraw = False
532.9671 	EXP 	text: autoDraw = False
532.9671 	EXP 	image_5: image = 'condition_2/leftstar.PNG'
534.1697 	EXP 	image_5: autoDraw = True
534.6713 	EXP 	New trial (rep=1, index=17): {'stimuli': 8, 'star': 'condition_2/rightstar.PNG', 'CorrectAns': 'right'}
534.7204 	DATA 	Keypress: left
534.7256 	EXP 	image_5: autoDraw = False
534.7256 	EXP 	image_4: image = 'condition_2/fixation.png'
534.7256 	EXP 	image_4: autoDraw = True
535.2011 	EXP 	image_4: autoDraw = False
535.2011 	EXP 	text: height = 0.2
535.2011 	EXP 	text: height = 0.2
535.2011 	EXP 	text: height = 0.2
535.2011 	EXP 	text: text = 8
535.6843 	EXP 	text: autoDraw = True
536.0841 	EXP 	text: autoDraw = False
536.0841 	EXP 	text: autoDraw = False
536.0841 	EXP 	image_5: image = 'condition_2/rightstar.PNG'
537.2864 	EXP 	image_5: autoDraw = True
537.6718 	EXP 	New trial (rep=1, index=18): {'stimuli': 2, 'star': 'condition_2/blank.PNG', 'CorrectAns': 'space'}
537.7215 	DATA 	Keypress: right
537.7259 	EXP 	image_5: autoDraw = False
537.7259 	EXP 	image_4: image = 'condition_2/fixation.png'
537.7259 	EXP 	image_4: autoDraw = True
538.2012 	EXP 	image_4: autoDraw = False
538.2012 	EXP 	text: height = 0.2
538.2012 	EXP 	text: height = 0.2
538.2012 	EXP 	text: height = 0.2
538.2012 	EXP 	text: text = 2
538.6847 	EXP 	text: autoDraw = True
539.1014 	EXP 	text: autoDraw = False
539.1014 	EXP 	text: autoDraw = False
539.1014 	EXP 	image_5: image = 'condition_2/blank.PNG'
540.2708 	DATA 	Keypress: left
540.2856 	EXP 	image_5: autoDraw = True
541.0844 	EXP 	image_5: autoDraw = False
545.3038 	EXP 	New trial (rep=1, index=19): {'stimuli': 1, 'star': 'condition_2/rightstar.PNG', 'CorrectAns': 'space'}
545.3480 	DATA 	Keypress: right
545.3524 	EXP 	image_5: autoDraw = False
545.3524 	EXP 	image_4: image = 'condition_2/fixation.png'
545.3524 	EXP 	image_4: autoDraw = True
545.8344 	EXP 	image_4: autoDraw = False
545.8344 	EXP 	text: height = 0.2
545.8344 	EXP 	text: height = 0.2
545.8344 	EXP 	text: height = 0.2
545.8344 	EXP 	text: text = 1
546.3178 	EXP 	text: autoDraw = True
546.9466 	EXP 	text: autoDraw = False
546.9466 	EXP 	text: autoDraw = False
546.9466 	EXP 	image_5: image = 'condition_2/rightstar.PNG'
547.9198 	EXP 	image_5: autoDraw = True
548.7346 	EXP 	image_5: autoDraw = False
548.8040 	EXP 	New trial (rep=1, index=20): {'stimuli': 2, 'star': 'condition_2/leftstar.PNG', 'CorrectAns': 'space'}
548.8531 	DATA 	Keypress: right
548.8576 	EXP 	image_5: autoDraw = False
548.8576 	EXP 	image_4: image = 'condition_2/fixation.png'
548.8576 	EXP 	image_4: autoDraw = True
549.3343 	EXP 	image_4: autoDraw = False
549.3343 	EXP 	text: height = 0.2
549.3343 	EXP 	text: height = 0.2
549.3343 	EXP 	text: height = 0.2
549.3343 	EXP 	text: text = 2
549.8178 	EXP 	text: autoDraw = True
550.2201 	EXP 	text: autoDraw = False
550.2201 	EXP 	text: autoDraw = False
550.2201 	EXP 	image_5: image = 'condition_2/leftstar.PNG'
551.4196 	EXP 	image_5: autoDraw = True
551.7878 	EXP 	New trial (rep=1, index=21): {'stimuli': 9, 'star': 'condition_2/leftstar.PNG', 'CorrectAns': 'left'}
551.8550 	DATA 	Keypress: space
551.8594 	EXP 	image_5: autoDraw = False
551.8594 	EXP 	image_4: image = 'condition_2/fixation.png'
551.8594 	EXP 	image_4: autoDraw = True
552.3184 	EXP 	image_4: autoDraw = False
552.3184 	EXP 	text: height = 0.2
552.3184 	EXP 	text: height = 0.2
552.3184 	EXP 	text: height = 0.2
552.3184 	EXP 	text: text = 9
552.8010 	EXP 	text: autoDraw = True
553.2381 	EXP 	text: autoDraw = False
553.2381 	EXP 	text: autoDraw = False
553.2381 	EXP 	image_5: image = 'condition_2/leftstar.PNG'
554.4032 	EXP 	image_5: autoDraw = True
554.7876 	EXP 	New trial (rep=1, index=22): {'stimuli': 2, 'star': 'condition_2/leftstar.PNG', 'CorrectAns': 'space'}
554.8308 	DATA 	Keypress: left
554.8354 	EXP 	image_5: autoDraw = False
554.8354 	EXP 	image_4: image = 'condition_2/fixation.png'
554.8354 	EXP 	image_4: autoDraw = True
555.3282 	EXP 	image_4: autoDraw = False
555.3282 	EXP 	text: height = 0.2
555.3282 	EXP 	text: height = 0.2
555.3282 	EXP 	text: height = 0.2
555.3282 	EXP 	text: text = 2
555.8010 	EXP 	text: autoDraw = True
556.2020 	EXP 	text: autoDraw = False
556.2020 	EXP 	text: autoDraw = False
556.2020 	EXP 	image_5: image = 'condition_2/leftstar.PNG'
557.4032 	EXP 	image_5: autoDraw = True
557.7540 	EXP 	New trial (rep=1, index=23): {'stimuli': 2, 'star': 'condition_2/rightstar.PNG', 'CorrectAns': 'space'}
557.8036 	DATA 	Keypress: left
557.8080 	EXP 	image_5: autoDraw = False
557.8080 	EXP 	image_4: image = 'condition_2/fixation.png'
557.8080 	EXP 	image_4: autoDraw = True
558.2845 	EXP 	image_4: autoDraw = False
558.2845 	EXP 	text: height = 0.2
558.2845 	EXP 	text: height = 0.2
558.2845 	EXP 	text: height = 0.2
558.2845 	EXP 	text: text = 2
558.7677 	EXP 	text: autoDraw = True
559.1724 	EXP 	text: autoDraw = False
559.1724 	EXP 	text: autoDraw = False
559.1724 	EXP 	image_5: image = 'condition_2/rightstar.PNG'
560.3701 	EXP 	image_5: autoDraw = True
560.7544 	DATA 	Keypress: right
560.7714 	EXP 	New trial (rep=1, index=24): {'stimuli': 8, 'star': 'condition_2/leftstar.PNG', 'CorrectAns': 'left'}
560.8219 	EXP 	image_5: autoDraw = False
560.8219 	EXP 	image_4: image = 'condition_2/fixation.png'
560.8219 	EXP 	image_4: autoDraw = True
561.3012 	EXP 	image_4: autoDraw = False
561.3012 	EXP 	text: height = 0.2
561.3012 	EXP 	text: height = 0.2
561.3012 	EXP 	text: height = 0.2
561.3012 	EXP 	text: text = 8
561.7843 	EXP 	text: autoDraw = True
562.1808 	EXP 	text: autoDraw = False
562.1808 	EXP 	text: autoDraw = False
562.1808 	EXP 	image_5: image = 'condition_2/leftstar.PNG'
563.3864 	EXP 	image_5: autoDraw = True
563.9058 	DATA 	Keypress: left
563.9178 	EXP 	image_5: autoDraw = False
563.9180 	EXP 	untitled: status = STOPPED
564.1649 	EXP 	window1: mouseVisible = True
