30.4599 	WARNING 	User requested fullscreen with size [1024  768], but screen is actually [1920, 1080]. Using actual size
31.5569 	EXP 	Created window1 = Window(allowGUI=True, allowStencil=False, autoLog=True, backendConf=UNKNOWN, backgroundFit=<method-wrapper '__getattribute__' of attributeSetter object at 0x000001C786B34C70>, backgroundImage=<method-wrapper '__getattribute__' of attributeSetter object at 0x000001C786B34C10>, bitsMode=UNKNOWN, blendMode='avg', bpc=(8, 8, 8), color=array([0, 0, 0]), colorSpace='rgb', depthBits=8, fullscr=<method-wrapper '__getattribute__' of attributeSetter object at 0x000001C786B34A60>, gamma=None, gammaErrorPolicy='raise', lms=UNKNOWN, monitor=<psychopy.monitors.calibTools.Monitor object at 0x000001C786CD3280>, multiSample=False, name='window1', numSamples=2, pos=(0, 0), screen=0, size=array([1920, 1080]), stencilBits=0, stereo=False, title='PsychoPy', units='height', useFBO=True, useRetina=False, viewOri=0.0, viewPos=None, viewScale=None, waitBlanking=True, winType='pyglet')
31.5570 	EXP 	window1: mouseVisible = True
31.5570 	EXP 	window1: backgroundImage = ''
31.5570 	EXP 	window1: backgroundFit = 'none'
31.5600 	EXP 	window1: Attempting to measure frame rate of screen (0) ...
31.5601 	EXP 	window1: recordFrameIntervals = False
31.7227 	EXP 	window1: recordFrameIntervals = True
31.9065 	EXP 	Screen (0) actual frame rate measured at 59.97Hz
31.9065 	EXP 	window1: recordFrameIntervals = False
31.9066 	EXP 	window1: mouseVisible = False
33.6008 	EXP 	untitled: status = STARTED
33.6020 	EXP 	window1: mouseVisible = True
33.7792 	EXP 	Created text_9 = TextStim(__class__=<class 'psychopy.visual.text.TextStim'>, alignHoriz=method-wrapper(...), alignText='center', alignVert=method-wrapper(...), anchorHoriz='center', anchorVert='center', antialias=True, autoDraw=False, autoLog=True, bold=False, color=array([1., 1., 1.]), colorSpace='rgb', contrast=1.0, depth=0.0, draggable=False, flipHoriz=False, flipVert=False, font='Open Sans', fontFiles=[], height=0.05, italic=False, languageStyle='LTR', name='text_9', opacity=1.0, ori=0.0, pos=array([0., 0.]), rgb=UNKNOWN, text=str(...), units='height', win=Window(...), wrapWidth=1)
33.7794 	EXP 	window1: mouseVisible = True
33.8240 	EXP 	Created text_6 = TextStim(__class__=<class 'psychopy.visual.text.TextStim'>, alignHoriz=method-wrapper(...), alignText='center', alignVert=method-wrapper(...), anchorHoriz='center', anchorVert='center', antialias=True, autoDraw=False, autoLog=True, bold=False, color=array([1., 1., 1.]), colorSpace='rgb', contrast=1.0, depth=0.0, draggable=False, flipHoriz=False, flipVert=False, font='Open Sans', fontFiles=[], height=0.05, italic=False, languageStyle='LTR', name='text_6', opacity=1.0, ori=0.0, pos=array([0., 0.]), rgb=UNKNOWN, text=str(...), units='height', win=Window(...), wrapWidth=1)
33.8241 	EXP 	window1: mouseVisible = True
33.8450 	EXP 	Created image_6 = ImageStim(__class__=<class 'psychopy.visual.image.ImageStim'>, anchor=('center', 'center'), autoLog=True, color=array([1., 1., 1.]), colorSpace='rgb', contrast=1.0, depth=0.0, draggable=False, flipHoriz=False, flipVert=False, image='default.png', interpolate=True, mask=None, maskParams=None, name='image_6', opacity=1.0, ori=0.0, pos=array([0., 0.]), size=array([2.5, 1.5]), texRes=128.0, units='height', win=Window(...))
33.8451 	EXP 	window1: mouseVisible = True
33.8467 	EXP 	Created text_4 = TextStim(__class__=<class 'psychopy.visual.text.TextStim'>, alignHoriz=method-wrapper(...), alignText='center', alignVert=method-wrapper(...), anchorHoriz='center', anchorVert='center', antialias=True, autoDraw=False, autoLog=True, bold=False, color=array([1., 1., 1.]), colorSpace='rgb', contrast=1.0, depth=0.0, draggable=False, flipHoriz=False, flipVert=False, font='Open Sans', fontFiles=[], height=0.2, italic=False, languageStyle='LTR', name='text_4', opacity=1.0, ori=0.0, pos=array([0., 0.]), rgb=UNKNOWN, text='', units='height', win=Window(...), wrapWidth=1)
33.8468 	EXP 	window1: mouseVisible = True
33.8603 	EXP 	Created image_7 = ImageStim(__class__=<class 'psychopy.visual.image.ImageStim'>, anchor=('center', 'center'), autoLog=True, color=array([1., 1., 1.]), colorSpace='rgb', contrast=1.0, depth=0.0, draggable=False, flipHoriz=False, flipVert=False, image='default.png', interpolate=True, mask=None, maskParams=None, name='image_7', opacity=1.0, ori=0.0, pos=array([0., 0.]), size=array([2.5, 1.5]), texRes=128.0, units='height', win=Window(...))
33.8604 	EXP 	window1: mouseVisible = True
33.8845 	EXP 	Created text_8 = TextStim(__class__=<class 'psychopy.visual.text.TextStim'>, alignHoriz=method-wrapper(...), alignText='center', alignVert=method-wrapper(...), anchorHoriz='center', anchorVert='center', antialias=True, autoDraw=False, autoLog=True, bold=False, color=array([1., 1., 1.]), colorSpace='rgb', contrast=1.0, depth=0.0, draggable=False, flipHoriz=False, flipVert=False, font='Open Sans', fontFiles=[], height=0.05, italic=False, languageStyle='LTR', name='text_8', opacity=1.0, ori=0.0, pos=array([0., 0.]), rgb=UNKNOWN, text='休息一下，下面进入正式测试啦！\n\n准备好可以按 空格 继续', units='height', win=Window(...), wrapWidth=1)
33.8846 	EXP 	window1: mouseVisible = True
33.8982 	EXP 	Created text_5 = TextStim(__class__=<class 'psychopy.visual.text.TextStim'>, alignHoriz=method-wrapper(...), alignText='center', alignVert=method-wrapper(...), anchorHoriz='center', anchorVert='center', antialias=True, autoDraw=False, autoLog=True, bold=False, color=array([1., 1., 1.]), colorSpace='rgb', contrast=1.0, depth=0.0, draggable=False, flipHoriz=False, flipVert=False, font='Open Sans', fontFiles=[], height=0.05, italic=False, languageStyle='LTR', name='text_5', opacity=1.0, ori=0.0, pos=array([0., 0.]), rgb=UNKNOWN, text=str(...), units='height', win=Window(...), wrapWidth=1)
33.8983 	EXP 	window1: mouseVisible = True
33.9092 	EXP 	Created image_3 = ImageStim(__class__=<class 'psychopy.visual.image.ImageStim'>, anchor=('center', 'center'), autoLog=True, color=array([1., 1., 1.]), colorSpace='rgb', contrast=1.0, depth=0.0, draggable=False, flipHoriz=False, flipVert=False, image='default.png', interpolate=True, mask=None, maskParams=None, name='image_3', opacity=1.0, ori=0.0, pos=array([0., 0.]), size=array([2.5, 1.5]), texRes=128.0, units='height', win=Window(...))
33.9094 	EXP 	window1: mouseVisible = True
33.9105 	EXP 	Created text_3 = TextStim(__class__=<class 'psychopy.visual.text.TextStim'>, alignHoriz=method-wrapper(...), alignText='center', alignVert=method-wrapper(...), anchorHoriz='center', anchorVert='center', antialias=True, autoDraw=False, autoLog=True, bold=False, color=array([1., 1., 1.]), colorSpace='rgb', contrast=1.0, depth=0.0, draggable=False, flipHoriz=False, flipVert=False, font='Open Sans', fontFiles=[], height=0.2, italic=False, languageStyle='LTR', name='text_3', opacity=1.0, ori=0.0, pos=array([0., 0.]), rgb=UNKNOWN, text='', units='height', win=Window(...), wrapWidth=1)
33.9106 	EXP 	window1: mouseVisible = True
33.9215 	EXP 	Created image_2 = ImageStim(__class__=<class 'psychopy.visual.image.ImageStim'>, anchor=('center', 'center'), autoLog=True, color=array([1., 1., 1.]), colorSpace='rgb', contrast=1.0, depth=0.0, draggable=False, flipHoriz=False, flipVert=False, image='default.png', interpolate=True, mask=None, maskParams=None, name='image_2', opacity=1.0, ori=0.0, pos=array([0., 0.]), size=array([2.5, 1.5]), texRes=128.0, units='height', win=Window(...))
33.9216 	EXP 	window1: mouseVisible = True
33.9446 	EXP 	Created text_10 = TextStim(__class__=<class 'psychopy.visual.text.TextStim'>, alignHoriz=method-wrapper(...), alignText='center', alignVert=method-wrapper(...), anchorHoriz='center', anchorVert='center', antialias=True, autoDraw=False, autoLog=True, bold=False, color=array([1., 1., 1.]), colorSpace='rgb', contrast=1.0, depth=0.0, draggable=False, flipHoriz=False, flipVert=False, font='Open Sans', fontFiles=[], height=0.05, italic=False, languageStyle='LTR', name='text_10', opacity=1.0, ori=0.0, pos=array([0., 0.]), rgb=UNKNOWN, text=str(...), units='height', win=Window(...), wrapWidth=1)
33.9447 	EXP 	window1: mouseVisible = True
33.9548 	EXP 	Created text_7 = TextStim(__class__=<class 'psychopy.visual.text.TextStim'>, alignHoriz=method-wrapper(...), alignText='center', alignVert=method-wrapper(...), anchorHoriz='center', anchorVert='center', antialias=True, autoDraw=False, autoLog=True, bold=False, color=array([1., 1., 1.]), colorSpace='rgb', contrast=1.0, depth=0.0, draggable=False, flipHoriz=False, flipVert=False, font='Open Sans', fontFiles=[], height=0.05, italic=False, languageStyle='LTR', name='text_7', opacity=1.0, ori=0.0, pos=array([0., 0.]), rgb=UNKNOWN, text=str(...), units='height', win=Window(...), wrapWidth=1)
33.9549 	EXP 	window1: mouseVisible = True
33.9647 	EXP 	Created image_8 = ImageStim(__class__=<class 'psychopy.visual.image.ImageStim'>, anchor=('center', 'center'), autoLog=True, color=array([1., 1., 1.]), colorSpace='rgb', contrast=1.0, depth=0.0, draggable=False, flipHoriz=False, flipVert=False, image='default.png', interpolate=True, mask=None, maskParams=None, name='image_8', opacity=1.0, ori=0.0, pos=array([0., 0.]), size=array([0.5, 0.5]), texRes=128.0, units='height', win=Window(...))
33.9648 	EXP 	window1: mouseVisible = True
33.9661 	EXP 	Created text_11 = TextStim(__class__=<class 'psychopy.visual.text.TextStim'>, alignHoriz=method-wrapper(...), alignText='center', alignVert=method-wrapper(...), anchorHoriz='center', anchorVert='center', antialias=True, autoDraw=False, autoLog=True, bold=False, color=array([1., 1., 1.]), colorSpace='rgb', contrast=1.0, depth=0.0, draggable=False, flipHoriz=False, flipVert=False, font='Open Sans', fontFiles=[], height=0.05, italic=False, languageStyle='LTR', name='text_11', opacity=1.0, ori=0.0, pos=array([0., 0.]), rgb=UNKNOWN, text='', units='height', win=Window(...), wrapWidth=1)
33.9661 	EXP 	window1: mouseVisible = True
33.9764 	EXP 	Created image_9 = ImageStim(__class__=<class 'psychopy.visual.image.ImageStim'>, anchor=('center', 'center'), autoLog=True, color=array([1., 1., 1.]), colorSpace='rgb', contrast=1.0, depth=0.0, draggable=False, flipHoriz=False, flipVert=False, image='default.png', interpolate=True, mask=None, maskParams=None, name='image_9', opacity=1.0, ori=0.0, pos=array([0., 0.]), size=array([2.5, 1.5]), texRes=128.0, units='height', win=Window(...))
33.9766 	EXP 	window1: mouseVisible = True
33.9819 	EXP 	Created text_12 = TextStim(__class__=<class 'psychopy.visual.text.TextStim'>, alignHoriz=method-wrapper(...), alignText='center', alignVert=method-wrapper(...), anchorHoriz='center', anchorVert='center', antialias=True, autoDraw=False, autoLog=True, bold=False, color=array([1., 1., 1.]), colorSpace='rgb', contrast=1.0, depth=0.0, draggable=False, flipHoriz=False, flipVert=False, font='Open Sans', fontFiles=[], height=0.05, italic=False, languageStyle='LTR', name='text_12', opacity=1.0, ori=0.0, pos=array([0., 0.]), rgb=UNKNOWN, text='休息一下，下面进入正式测试啦！\n\n准备好可以按 空格 继续', units='height', win=Window(...), wrapWidth=1)
33.9821 	EXP 	window1: mouseVisible = True
33.9912 	EXP 	Created text_13 = TextStim(__class__=<class 'psychopy.visual.text.TextStim'>, alignHoriz=method-wrapper(...), alignText='center', alignVert=method-wrapper(...), anchorHoriz='center', anchorVert='center', antialias=True, autoDraw=False, autoLog=True, bold=False, color=array([1., 1., 1.]), colorSpace='rgb', contrast=1.0, depth=0.0, draggable=False, flipHoriz=False, flipVert=False, font='Open Sans', fontFiles=[], height=0.05, italic=False, languageStyle='LTR', name='text_13', opacity=1.0, ori=0.0, pos=array([0., 0.]), rgb=UNKNOWN, text=str(...), units='height', win=Window(...), wrapWidth=1)
33.9913 	EXP 	window1: mouseVisible = True
34.0047 	EXP 	Created image_4 = ImageStim(__class__=<class 'psychopy.visual.image.ImageStim'>, anchor=('center', 'center'), autoLog=True, color=array([1., 1., 1.]), colorSpace='rgb', contrast=1.0, depth=0.0, draggable=False, flipHoriz=False, flipVert=False, image='default.png', interpolate=True, mask=None, maskParams=None, name='image_4', opacity=1.0, ori=0.0, pos=array([0., 0.]), size=array([2.5, 1.5]), texRes=128.0, units='height', win=Window(...))
34.0048 	EXP 	window1: mouseVisible = True
34.0059 	EXP 	Created text = TextStim(__class__=<class 'psychopy.visual.text.TextStim'>, alignHoriz=method-wrapper(...), alignText='center', alignVert=method-wrapper(...), anchorHoriz='center', anchorVert='center', antialias=True, autoDraw=False, autoLog=True, bold=False, color=array([1., 1., 1.]), colorSpace='rgb', contrast=1.0, depth=0.0, draggable=False, flipHoriz=False, flipVert=False, font='Open Sans', fontFiles=[], height=0.2, italic=False, languageStyle='LTR', name='text', opacity=1.0, ori=0.0, pos=array([0., 0.]), rgb=UNKNOWN, text='', units='height', win=Window(...), wrapWidth=1)
34.0060 	EXP 	window1: mouseVisible = True
34.0206 	EXP 	Created image_5 = ImageStim(__class__=<class 'psychopy.visual.image.ImageStim'>, anchor=('center', 'center'), autoLog=True, color=array([1., 1., 1.]), colorSpace='rgb', contrast=1.0, depth=0.0, draggable=False, flipHoriz=False, flipVert=False, image='default.png', interpolate=True, mask=None, maskParams=None, name='image_5', opacity=1.0, ori=0.0, pos=array([0., 0.]), size=array([2.5, 1.5]), texRes=128.0, units='height', win=Window(...))
0.0201 	EXP 	text_9: autoDraw = True
3.5692 	EXP 	text_9: autoDraw = False
3.5692 	EXP 	text_6: autoDraw = True
21.4904 	DATA 	Mouse: Left button down, pos=(1106,523)
21.6204 	DATA 	Mouse:  Left button up, pos=(1106,523)
22.8589 	EXP 	Imported test/data3.xlsx as conditions, 6 conditions, 3 params
22.8624 	EXP 	Created sequence: random, trialTypes=6, nReps=1, seed=None
22.8628 	EXP 	New trial (rep=0, index=0): {'stimuli': 8, 'star': 'test/rightstar.PNG', 'CorrectAns': 'space'}
22.9751 	DATA 	Keypress: space
22.9878 	EXP 	text_6: autoDraw = False
22.9878 	EXP 	image_6: image = 'test/fixation.png'
22.9878 	EXP 	image_6: autoDraw = True
23.3686 	EXP 	image_6: autoDraw = False
23.3686 	EXP 	text_4: height = 0.2
23.3686 	EXP 	text_4: height = 0.2
23.3686 	EXP 	text_4: height = 0.2
23.3686 	EXP 	text_4: text = 8
23.8521 	EXP 	text_4: autoDraw = True
24.3653 	EXP 	text_4: autoDraw = False
24.3653 	EXP 	text_4: autoDraw = False
24.3653 	EXP 	image_7: image = 'test/rightstar.PNG'
25.4640 	EXP 	image_7: autoDraw = True
26.2686 	EXP 	image_7: autoDraw = False
26.3554 	EXP 	New trial (rep=0, index=1): {'stimuli': 1, 'star': 'test/leftstar.PNG', 'CorrectAns': 'left'}
26.4413 	DATA 	Keypress: right
26.4540 	EXP 	image_7: autoDraw = False
26.4540 	EXP 	image_6: image = 'test/fixation.png'
26.4540 	EXP 	image_6: autoDraw = True
26.8854 	EXP 	image_6: autoDraw = False
26.8854 	EXP 	text_4: height = 0.2
26.8854 	EXP 	text_4: height = 0.2
26.8854 	EXP 	text_4: height = 0.2
26.8854 	EXP 	text_4: text = 1
27.3688 	EXP 	text_4: autoDraw = True
27.8721 	EXP 	text_4: autoDraw = False
27.8721 	EXP 	text_4: autoDraw = False
27.8721 	EXP 	image_7: image = 'test/leftstar.PNG'
28.9734 	EXP 	image_7: autoDraw = True
29.7853 	EXP 	image_7: autoDraw = False
29.8700 	EXP 	New trial (rep=0, index=2): {'stimuli': 9, 'star': 'test/rightstar.PNG', 'CorrectAns': 'space'}
29.9545 	DATA 	Keypress: left
29.9676 	EXP 	image_7: autoDraw = False
29.9676 	EXP 	image_6: image = 'test/fixation.png'
29.9676 	EXP 	image_6: autoDraw = True
30.4026 	EXP 	image_6: autoDraw = False
30.4026 	EXP 	text_4: height = 0.2
30.4026 	EXP 	text_4: height = 0.2
30.4026 	EXP 	text_4: height = 0.2
30.4026 	EXP 	text_4: text = 9
30.8689 	EXP 	text_4: autoDraw = True
31.3916 	EXP 	text_4: autoDraw = False
31.3916 	EXP 	text_4: autoDraw = False
31.3916 	EXP 	image_7: image = 'test/rightstar.PNG'
32.4209 	DATA 	Keypress: space
32.4735 	EXP 	image_7: autoDraw = True
33.2855 	EXP 	image_7: autoDraw = False
39.5218 	EXP 	New trial (rep=0, index=3): {'stimuli': 1, 'star': 'test/blank.PNG', 'CorrectAns': 'space'}
39.6217 	DATA 	Keypress: space
39.6347 	EXP 	image_7: autoDraw = False
39.6347 	EXP 	image_6: image = 'test/fixation.png'
39.6347 	EXP 	image_6: autoDraw = True
40.0520 	EXP 	image_6: autoDraw = False
40.0520 	EXP 	text_4: height = 0.2
40.0520 	EXP 	text_4: height = 0.2
40.0520 	EXP 	text_4: height = 0.2
40.0520 	EXP 	text_4: text = 1
40.5355 	EXP 	text_4: autoDraw = True
40.9358 	EXP 	text_4: autoDraw = False
40.9358 	EXP 	text_4: autoDraw = False
40.9358 	EXP 	image_7: image = 'test/blank.PNG'
42.1358 	EXP 	image_7: autoDraw = True
42.6199 	EXP 	New trial (rep=0, index=4): {'stimuli': 2, 'star': 'test/leftstar.PNG', 'CorrectAns': 'left'}
42.7064 	DATA 	Keypress: left
42.7194 	EXP 	image_7: autoDraw = False
42.7194 	EXP 	image_6: image = 'test/fixation.png'
42.7194 	EXP 	image_6: autoDraw = True
43.1521 	EXP 	image_6: autoDraw = False
43.1521 	EXP 	text_4: height = 0.2
43.1521 	EXP 	text_4: height = 0.2
43.1521 	EXP 	text_4: height = 0.2
43.1521 	EXP 	text_4: text = 2
43.6188 	EXP 	text_4: autoDraw = True
44.1141 	EXP 	text_4: autoDraw = False
44.1141 	EXP 	text_4: autoDraw = False
44.1141 	EXP 	image_7: image = 'test/leftstar.PNG'
45.2237 	EXP 	image_7: autoDraw = True
45.9553 	EXP 	New trial (rep=0, index=5): {'stimuli': 8, 'star': 'test/rightstar.PNG', 'CorrectAns': 'space'}
46.0542 	DATA 	Keypress: left
46.0674 	EXP 	image_7: autoDraw = False
46.0674 	EXP 	image_6: image = 'test/fixation.png'
46.0674 	EXP 	image_6: autoDraw = True
46.4855 	EXP 	image_6: autoDraw = False
46.4855 	EXP 	text_4: height = 0.2
46.4855 	EXP 	text_4: height = 0.2
46.4855 	EXP 	text_4: height = 0.2
46.4855 	EXP 	text_4: text = 8
46.9687 	EXP 	text_4: autoDraw = True
47.4732 	EXP 	text_4: autoDraw = False
47.4732 	EXP 	text_4: autoDraw = False
47.4732 	EXP 	image_7: image = 'test/rightstar.PNG'
48.5740 	EXP 	image_7: autoDraw = True
49.1110 	DATA 	Keypress: right
49.1186 	EXP 	image_7: autoDraw = False
49.1186 	EXP 	text_8: autoDraw = True
84.8242 	DATA 	Keypress: space
84.8355 	EXP 	text_8: autoDraw = False
84.8355 	EXP 	text_5: autoDraw = True
97.0597 	EXP 	Imported condition_1/data.xlsx as conditions, 25 conditions, 3 params
97.0602 	EXP 	Created sequence: random, trialTypes=25, nReps=2, seed=None
97.0604 	EXP 	New trial (rep=0, index=0): {'stimuli': 9, 'star': 'condition_1/rightstar.PNG', 'CorrectAns': 'space'}
97.1706 	DATA 	Keypress: space
97.1832 	EXP 	text_5: autoDraw = False
97.1832 	EXP 	image_3: image = 'condition_1/fixation.png'
97.1832 	EXP 	image_3: autoDraw = True
97.5687 	EXP 	image_3: autoDraw = False
97.5687 	EXP 	text_3: height = 0.2
97.5687 	EXP 	text_3: height = 0.2
97.5687 	EXP 	text_3: height = 0.2
97.5687 	EXP 	text_3: text = 9
98.0357 	EXP 	text_3: autoDraw = True
98.5488 	EXP 	text_3: autoDraw = False
98.5488 	EXP 	text_3: autoDraw = False
98.5488 	EXP 	image_2: image = 'condition_1/rightstar.PNG'
99.3035 	DATA 	Keypress: space
99.6630 	EXP 	image_2: autoDraw = True
100.4686 	EXP 	image_2: autoDraw = False
103.7548 	EXP 	New trial (rep=0, index=1): {'stimuli': 1, 'star': 'condition_1/leftstar.PNG', 'CorrectAns': 'left'}
103.8590 	DATA 	Keypress: space
103.8739 	EXP 	image_2: autoDraw = False
103.8739 	EXP 	image_3: image = 'condition_1/fixation.png'
103.8739 	EXP 	image_3: autoDraw = True
104.2854 	EXP 	image_3: autoDraw = False
104.2854 	EXP 	text_3: height = 0.2
104.2854 	EXP 	text_3: height = 0.2
104.2854 	EXP 	text_3: height = 0.2
104.2854 	EXP 	text_3: text = 1
104.7690 	EXP 	text_3: autoDraw = True
105.2777 	EXP 	text_3: autoDraw = False
105.2777 	EXP 	text_3: autoDraw = False
105.2777 	EXP 	image_2: image = 'condition_1/leftstar.PNG'
106.3729 	EXP 	image_2: autoDraw = True
106.8712 	EXP 	New trial (rep=0, index=2): {'stimuli': 8, 'star': 'condition_1/rightstar.PNG', 'CorrectAns': 'space'}
106.9683 	DATA 	Keypress: left
106.9813 	EXP 	image_2: autoDraw = False
106.9813 	EXP 	image_3: image = 'condition_1/fixation.png'
106.9813 	EXP 	image_3: autoDraw = True
107.4021 	EXP 	image_3: autoDraw = False
107.4021 	EXP 	text_3: height = 0.2
107.4021 	EXP 	text_3: height = 0.2
107.4021 	EXP 	text_3: height = 0.2
107.4021 	EXP 	text_3: text = 8
107.8855 	EXP 	text_3: autoDraw = True
108.3907 	EXP 	text_3: autoDraw = False
108.3907 	EXP 	text_3: autoDraw = False
108.3907 	EXP 	image_2: image = 'condition_1/rightstar.PNG'
109.1030 	DATA 	Keypress: space
109.4904 	EXP 	image_2: autoDraw = True
110.3019 	EXP 	image_2: autoDraw = False
112.3377 	EXP 	New trial (rep=0, index=3): {'stimuli': 8, 'star': 'condition_1/blank.PNG', 'CorrectAns': 'space'}
112.4366 	DATA 	Keypress: space
112.4496 	EXP 	image_2: autoDraw = False
112.4496 	EXP 	image_3: image = 'condition_1/fixation.png'
112.4496 	EXP 	image_3: autoDraw = True
112.8688 	EXP 	image_3: autoDraw = False
112.8688 	EXP 	text_3: height = 0.2
112.8688 	EXP 	text_3: height = 0.2
112.8688 	EXP 	text_3: height = 0.2
112.8688 	EXP 	text_3: text = 8
113.3524 	EXP 	text_3: autoDraw = True
113.7288 	EXP 	text_3: autoDraw = False
113.7288 	EXP 	text_3: autoDraw = False
113.7288 	EXP 	image_2: image = 'condition_1/blank.PNG'
114.9525 	EXP 	image_2: autoDraw = True
115.6537 	EXP 	New trial (rep=0, index=4): {'stimuli': 8, 'star': 'condition_1/rightstar.PNG', 'CorrectAns': 'space'}
115.7486 	DATA 	Keypress: space
115.7624 	EXP 	image_2: autoDraw = False
115.7624 	EXP 	image_3: image = 'condition_1/fixation.png'
115.7624 	EXP 	image_3: autoDraw = True
116.1854 	EXP 	image_3: autoDraw = False
116.1854 	EXP 	text_3: height = 0.2
116.1854 	EXP 	text_3: height = 0.2
116.1854 	EXP 	text_3: height = 0.2
116.1854 	EXP 	text_3: text = 8
116.6691 	EXP 	text_3: autoDraw = True
117.1848 	EXP 	text_3: autoDraw = False
117.1848 	EXP 	text_3: autoDraw = False
117.1848 	EXP 	image_2: image = 'condition_1/rightstar.PNG'
117.9709 	DATA 	Keypress: space
118.2736 	EXP 	image_2: autoDraw = True
119.0857 	EXP 	image_2: autoDraw = False
120.1705 	EXP 	New trial (rep=0, index=5): {'stimuli': 2, 'star': 'condition_1/leftstar.PNG', 'CorrectAns': 'left'}
120.2552 	DATA 	Keypress: space
120.2686 	EXP 	image_2: autoDraw = False
120.2686 	EXP 	image_3: image = 'condition_1/fixation.png'
120.2686 	EXP 	image_3: autoDraw = True
120.7021 	EXP 	image_3: autoDraw = False
120.7021 	EXP 	text_3: height = 0.2
120.7021 	EXP 	text_3: height = 0.2
120.7021 	EXP 	text_3: height = 0.2
120.7021 	EXP 	text_3: text = 2
121.1857 	EXP 	text_3: autoDraw = True
121.6913 	EXP 	text_3: autoDraw = False
121.6913 	EXP 	text_3: autoDraw = False
121.6913 	EXP 	image_2: image = 'condition_1/leftstar.PNG'
122.7897 	EXP 	image_2: autoDraw = True
123.4211 	EXP 	New trial (rep=0, index=6): {'stimuli': 2, 'star': 'condition_1/leftstar.PNG', 'CorrectAns': 'left'}
123.5177 	DATA 	Keypress: left
123.5307 	EXP 	image_2: autoDraw = False
123.5307 	EXP 	image_3: image = 'condition_1/fixation.png'
123.5307 	EXP 	image_3: autoDraw = True
123.9665 	EXP 	image_3: autoDraw = False
123.9665 	EXP 	text_3: height = 0.2
123.9665 	EXP 	text_3: height = 0.2
123.9665 	EXP 	text_3: height = 0.2
123.9665 	EXP 	text_3: text = 2
124.4358 	EXP 	text_3: autoDraw = True
124.9478 	EXP 	text_3: autoDraw = False
124.9478 	EXP 	text_3: autoDraw = False
124.9478 	EXP 	image_2: image = 'condition_1/leftstar.PNG'
126.0400 	EXP 	image_2: autoDraw = True
126.4880 	DATA 	Keypress: left
126.5050 	EXP 	New trial (rep=0, index=7): {'stimuli': 9, 'star': 'condition_1/leftstar.PNG', 'CorrectAns': 'space'}
126.6179 	EXP 	image_2: autoDraw = False
126.6179 	EXP 	image_3: image = 'condition_1/fixation.png'
126.6179 	EXP 	image_3: autoDraw = True
127.0355 	EXP 	image_3: autoDraw = False
127.0355 	EXP 	text_3: height = 0.2
127.0355 	EXP 	text_3: height = 0.2
127.0355 	EXP 	text_3: height = 0.2
127.0355 	EXP 	text_3: text = 9
127.5189 	EXP 	text_3: autoDraw = True
128.0273 	EXP 	text_3: autoDraw = False
128.0273 	EXP 	text_3: autoDraw = False
128.0273 	EXP 	image_2: image = 'condition_1/leftstar.PNG'
129.1236 	EXP 	image_2: autoDraw = True
129.9353 	EXP 	image_2: autoDraw = False
130.0207 	EXP 	New trial (rep=0, index=8): {'stimuli': 1, 'star': 'condition_1/leftstar.PNG', 'CorrectAns': 'left'}
130.1195 	DATA 	Keypress: space
130.1326 	EXP 	image_2: autoDraw = False
130.1326 	EXP 	image_3: image = 'condition_1/fixation.png'
130.1326 	EXP 	image_3: autoDraw = True
130.5523 	EXP 	image_3: autoDraw = False
130.5523 	EXP 	text_3: height = 0.2
130.5523 	EXP 	text_3: height = 0.2
130.5523 	EXP 	text_3: height = 0.2
130.5523 	EXP 	text_3: text = 1
131.0358 	EXP 	text_3: autoDraw = True
131.5502 	EXP 	text_3: autoDraw = False
131.5502 	EXP 	text_3: autoDraw = False
131.5502 	EXP 	image_2: image = 'condition_1/leftstar.PNG'
132.6398 	EXP 	image_2: autoDraw = True
133.2368 	EXP 	New trial (rep=0, index=9): {'stimuli': 1, 'star': 'condition_1/rightstar.PNG', 'CorrectAns': 'right'}
133.3262 	DATA 	Keypress: space
133.3393 	EXP 	image_2: autoDraw = False
133.3393 	EXP 	image_3: image = 'condition_1/fixation.png'
133.3393 	EXP 	image_3: autoDraw = True
133.7688 	EXP 	image_3: autoDraw = False
133.7688 	EXP 	text_3: height = 0.2
133.7688 	EXP 	text_3: height = 0.2
133.7688 	EXP 	text_3: height = 0.2
133.7688 	EXP 	text_3: text = 1
134.2522 	EXP 	text_3: autoDraw = True
134.7669 	EXP 	text_3: autoDraw = False
134.7669 	EXP 	text_3: autoDraw = False
134.7669 	EXP 	image_2: image = 'condition_1/rightstar.PNG'
135.8404 	EXP 	image_2: autoDraw = True
136.3533 	EXP 	New trial (rep=0, index=10): {'stimuli': 2, 'star': 'condition_1/rightstar.PNG', 'CorrectAns': 'left'}
136.4386 	DATA 	Keypress: right
136.4516 	EXP 	image_2: autoDraw = False
136.4516 	EXP 	image_3: image = 'condition_1/fixation.png'
136.4516 	EXP 	image_3: autoDraw = True
136.8854 	EXP 	image_3: autoDraw = False
136.8854 	EXP 	text_3: height = 0.2
136.8854 	EXP 	text_3: height = 0.2
136.8854 	EXP 	text_3: height = 0.2
136.8854 	EXP 	text_3: text = 2
137.3523 	EXP 	text_3: autoDraw = True
137.8586 	EXP 	text_3: autoDraw = False
137.8586 	EXP 	text_3: autoDraw = False
137.8586 	EXP 	image_2: image = 'condition_1/rightstar.PNG'
138.9566 	EXP 	image_2: autoDraw = True
139.4380 	EXP 	New trial (rep=0, index=11): {'stimuli': 2, 'star': 'condition_1/rightstar.PNG', 'CorrectAns': 'right'}
139.5369 	DATA 	Keypress: right
139.5499 	EXP 	image_2: autoDraw = False
139.5499 	EXP 	image_3: image = 'condition_1/fixation.png'
139.5499 	EXP 	image_3: autoDraw = True
139.9686 	EXP 	image_3: autoDraw = False
139.9686 	EXP 	text_3: height = 0.2
139.9686 	EXP 	text_3: height = 0.2
139.9686 	EXP 	text_3: height = 0.2
139.9686 	EXP 	text_3: text = 2
140.4522 	EXP 	text_3: autoDraw = True
140.9602 	EXP 	text_3: autoDraw = False
140.9602 	EXP 	text_3: autoDraw = False
140.9602 	EXP 	image_2: image = 'condition_1/rightstar.PNG'
142.0568 	EXP 	image_2: autoDraw = True
142.4536 	EXP 	New trial (rep=0, index=12): {'stimuli': 9, 'star': 'condition_1/leftstar.PNG', 'CorrectAns': 'space'}
142.5414 	DATA 	Keypress: right
142.5544 	EXP 	image_2: autoDraw = False
142.5544 	EXP 	image_3: image = 'condition_1/fixation.png'
142.5544 	EXP 	image_3: autoDraw = True
143.0068 	EXP 	image_3: autoDraw = False
143.0068 	EXP 	text_3: height = 0.2
143.0068 	EXP 	text_3: height = 0.2
143.0068 	EXP 	text_3: height = 0.2
143.0068 	EXP 	text_3: text = 9
143.4524 	EXP 	text_3: autoDraw = True
143.9618 	EXP 	text_3: autoDraw = False
143.9618 	EXP 	text_3: autoDraw = False
143.9618 	EXP 	image_2: image = 'condition_1/leftstar.PNG'
144.8542 	DATA 	Keypress: space
145.0737 	EXP 	image_2: autoDraw = True
145.8854 	EXP 	image_2: autoDraw = False
150.5709 	EXP 	New trial (rep=0, index=13): {'stimuli': 9, 'star': 'condition_1/blank.PNG', 'CorrectAns': 'space'}
150.6672 	DATA 	Keypress: space
150.6803 	EXP 	image_2: autoDraw = False
150.6803 	EXP 	image_3: image = 'condition_1/fixation.png'
150.6803 	EXP 	image_3: autoDraw = True
151.1021 	EXP 	image_3: autoDraw = False
151.1021 	EXP 	text_3: height = 0.2
151.1021 	EXP 	text_3: height = 0.2
151.1021 	EXP 	text_3: height = 0.2
151.1021 	EXP 	text_3: text = 9
151.5856 	EXP 	text_3: autoDraw = True
151.9722 	EXP 	text_3: autoDraw = False
151.9722 	EXP 	text_3: autoDraw = False
151.9722 	EXP 	image_2: image = 'condition_1/blank.PNG'
152.6871 	DATA 	Keypress: space
153.1857 	EXP 	image_2: autoDraw = True
153.9857 	EXP 	image_2: autoDraw = False
155.8049 	EXP 	New trial (rep=0, index=14): {'stimuli': 1, 'star': 'condition_1/rightstar.PNG', 'CorrectAns': 'right'}
155.9046 	DATA 	Keypress: space
155.9176 	EXP 	image_2: autoDraw = False
155.9176 	EXP 	image_3: image = 'condition_1/fixation.png'
155.9176 	EXP 	image_3: autoDraw = True
156.3352 	EXP 	image_3: autoDraw = False
156.3352 	EXP 	text_3: height = 0.2
156.3352 	EXP 	text_3: height = 0.2
156.3352 	EXP 	text_3: height = 0.2
156.3352 	EXP 	text_3: text = 1
156.8192 	EXP 	text_3: autoDraw = True
157.3506 	EXP 	text_3: autoDraw = False
157.3506 	EXP 	text_3: autoDraw = False
157.3506 	EXP 	image_2: image = 'condition_1/rightstar.PNG'
158.4275 	EXP 	image_2: autoDraw = True
158.9714 	EXP 	New trial (rep=0, index=15): {'stimuli': 8, 'star': 'condition_1/rightstar.PNG', 'CorrectAns': 'space'}
159.0663 	DATA 	Keypress: right
159.0793 	EXP 	image_2: autoDraw = False
159.0793 	EXP 	image_3: image = 'condition_1/fixation.png'
159.0793 	EXP 	image_3: autoDraw = True
159.5022 	EXP 	image_3: autoDraw = False
159.5022 	EXP 	text_3: height = 0.2
159.5022 	EXP 	text_3: height = 0.2
159.5022 	EXP 	text_3: height = 0.2
159.5022 	EXP 	text_3: text = 8
159.9856 	EXP 	text_3: autoDraw = True
160.4901 	EXP 	text_3: autoDraw = False
160.4901 	EXP 	text_3: autoDraw = False
160.4901 	EXP 	image_2: image = 'condition_1/rightstar.PNG'
161.5907 	EXP 	image_2: autoDraw = True
162.4025 	EXP 	image_2: autoDraw = False
162.4558 	EXP 	New trial (rep=0, index=16): {'stimuli': 2, 'star': 'condition_1/leftstar.PNG', 'CorrectAns': 'left'}
162.5422 	DATA 	Keypress: space
162.5551 	EXP 	image_2: autoDraw = False
162.5551 	EXP 	image_3: image = 'condition_1/fixation.png'
162.5551 	EXP 	image_3: autoDraw = True
162.9855 	EXP 	image_3: autoDraw = False
162.9855 	EXP 	text_3: height = 0.2
162.9855 	EXP 	text_3: height = 0.2
162.9855 	EXP 	text_3: height = 0.2
162.9855 	EXP 	text_3: text = 2
163.4691 	EXP 	text_3: autoDraw = True
163.9856 	EXP 	text_3: autoDraw = False
163.9856 	EXP 	text_3: autoDraw = False
163.9856 	EXP 	image_2: image = 'condition_1/leftstar.PNG'
165.0728 	EXP 	image_2: autoDraw = True
165.6699 	EXP 	New trial (rep=0, index=17): {'stimuli': 8, 'star': 'condition_1/leftstar.PNG', 'CorrectAns': 'space'}
165.7560 	DATA 	Keypress: left
165.7689 	EXP 	image_2: autoDraw = False
165.7689 	EXP 	image_3: image = 'condition_1/fixation.png'
165.7689 	EXP 	image_3: autoDraw = True
166.2022 	EXP 	image_3: autoDraw = False
166.2022 	EXP 	text_3: height = 0.2
166.2022 	EXP 	text_3: height = 0.2
166.2022 	EXP 	text_3: height = 0.2
166.2022 	EXP 	text_3: text = 8
166.6690 	EXP 	text_3: autoDraw = True
167.1651 	EXP 	text_3: autoDraw = False
167.1651 	EXP 	text_3: autoDraw = False
167.1651 	EXP 	image_2: image = 'condition_1/leftstar.PNG'
168.2738 	EXP 	image_2: autoDraw = True
169.0858 	EXP 	image_2: autoDraw = False
169.8205 	EXP 	New trial (rep=0, index=18): {'stimuli': 1, 'star': 'condition_1/blank.PNG', 'CorrectAns': 'space'}
169.9101 	DATA 	Keypress: space
169.9233 	EXP 	image_2: autoDraw = False
169.9233 	EXP 	image_3: image = 'condition_1/fixation.png'
169.9233 	EXP 	image_3: autoDraw = True
170.3769 	EXP 	image_3: autoDraw = False
170.3769 	EXP 	text_3: height = 0.2
170.3769 	EXP 	text_3: height = 0.2
170.3769 	EXP 	text_3: height = 0.2
170.3769 	EXP 	text_3: text = 1
170.8357 	EXP 	text_3: autoDraw = True
171.2296 	EXP 	text_3: autoDraw = False
171.2296 	EXP 	text_3: autoDraw = False
171.2296 	EXP 	image_2: image = 'condition_1/blank.PNG'
172.4357 	EXP 	image_2: autoDraw = True
173.2354 	EXP 	image_2: autoDraw = False
174.3384 	EXP 	New trial (rep=0, index=19): {'stimuli': 9, 'star': 'condition_1/rightstar.PNG', 'CorrectAns': 'space'}
174.4404 	DATA 	Keypress: space
174.4533 	EXP 	image_2: autoDraw = False
174.4533 	EXP 	image_3: image = 'condition_1/fixation.png'
174.4533 	EXP 	image_3: autoDraw = True
174.8688 	EXP 	image_3: autoDraw = False
174.8688 	EXP 	text_3: height = 0.2
174.8688 	EXP 	text_3: height = 0.2
174.8688 	EXP 	text_3: height = 0.2
174.8688 	EXP 	text_3: text = 9
175.3522 	EXP 	text_3: autoDraw = True
175.8696 	EXP 	text_3: autoDraw = False
175.8696 	EXP 	text_3: autoDraw = False
175.8696 	EXP 	image_2: image = 'condition_1/rightstar.PNG'
176.9627 	EXP 	image_2: autoDraw = True
177.7686 	EXP 	image_2: autoDraw = False
178.7208 	EXP 	New trial (rep=0, index=20): {'stimuli': 8, 'star': 'condition_1/leftstar.PNG', 'CorrectAns': 'space'}
178.8148 	DATA 	Keypress: space
178.8278 	EXP 	image_2: autoDraw = False
178.8278 	EXP 	image_3: image = 'condition_1/fixation.png'
178.8278 	EXP 	image_3: autoDraw = True
179.2523 	EXP 	image_3: autoDraw = False
179.2523 	EXP 	text_3: height = 0.2
179.2523 	EXP 	text_3: height = 0.2
179.2523 	EXP 	text_3: height = 0.2
179.2523 	EXP 	text_3: text = 8
179.7356 	EXP 	text_3: autoDraw = True
180.2323 	EXP 	text_3: autoDraw = False
180.2323 	EXP 	text_3: autoDraw = False
180.2323 	EXP 	image_2: image = 'condition_1/leftstar.PNG'
181.3403 	EXP 	image_2: autoDraw = True
182.1524 	EXP 	image_2: autoDraw = False
182.4386 	EXP 	New trial (rep=0, index=21): {'stimuli': 2, 'star': 'condition_1/blank.PNG', 'CorrectAns': 'space'}
182.5390 	DATA 	Keypress: space
182.5521 	EXP 	image_2: autoDraw = False
182.5521 	EXP 	image_3: image = 'condition_1/fixation.png'
182.5521 	EXP 	image_3: autoDraw = True
182.9688 	EXP 	image_3: autoDraw = False
182.9688 	EXP 	text_3: height = 0.2
182.9688 	EXP 	text_3: height = 0.2
182.9688 	EXP 	text_3: height = 0.2
182.9688 	EXP 	text_3: text = 2
183.4524 	EXP 	text_3: autoDraw = True
183.8398 	EXP 	text_3: autoDraw = False
183.8398 	EXP 	text_3: autoDraw = False
183.8398 	EXP 	image_2: image = 'condition_1/blank.PNG'
185.0520 	EXP 	image_2: autoDraw = True
185.8521 	EXP 	image_2: autoDraw = False
187.1877 	EXP 	New trial (rep=0, index=22): {'stimuli': 9, 'star': 'condition_1/leftstar.PNG', 'CorrectAns': 'space'}
187.2848 	DATA 	Keypress: space
187.2978 	EXP 	image_2: autoDraw = False
187.2978 	EXP 	image_3: image = 'condition_1/fixation.png'
187.2978 	EXP 	image_3: autoDraw = True
187.7189 	EXP 	image_3: autoDraw = False
187.7189 	EXP 	text_3: height = 0.2
187.7189 	EXP 	text_3: height = 0.2
187.7189 	EXP 	text_3: height = 0.2
187.7189 	EXP 	text_3: text = 9
188.2023 	EXP 	text_3: autoDraw = True
188.7239 	EXP 	text_3: autoDraw = False
188.7239 	EXP 	text_3: autoDraw = False
188.7239 	EXP 	image_2: image = 'condition_1/leftstar.PNG'
189.8110 	EXP 	image_2: autoDraw = True
189.8136 	DATA 	Keypress: space
190.6189 	EXP 	image_2: autoDraw = False
193.2212 	EXP 	New trial (rep=0, index=23): {'stimuli': 2, 'star': 'condition_1/blank.PNG', 'CorrectAns': 'space'}
193.3201 	DATA 	Keypress: space
193.3330 	EXP 	image_2: autoDraw = False
193.3330 	EXP 	image_3: image = 'condition_1/fixation.png'
193.3330 	EXP 	image_3: autoDraw = True
193.7522 	EXP 	image_3: autoDraw = False
193.7522 	EXP 	text_3: height = 0.2
193.7522 	EXP 	text_3: height = 0.2
193.7522 	EXP 	text_3: height = 0.2
193.7522 	EXP 	text_3: text = 2
194.2357 	EXP 	text_3: autoDraw = True
194.5916 	EXP 	text_3: autoDraw = False
194.5916 	EXP 	text_3: autoDraw = False
194.5916 	EXP 	image_2: image = 'condition_1/blank.PNG'
195.8353 	EXP 	image_2: autoDraw = True
196.6359 	EXP 	image_2: autoDraw = False
198.5047 	EXP 	New trial (rep=0, index=24): {'stimuli': 1, 'star': 'condition_1/rightstar.PNG', 'CorrectAns': 'right'}
198.6025 	DATA 	Keypress: space
198.6154 	EXP 	image_2: autoDraw = False
198.6154 	EXP 	image_3: image = 'condition_1/fixation.png'
198.6154 	EXP 	image_3: autoDraw = True
199.0529 	EXP 	image_3: autoDraw = False
199.0529 	EXP 	text_3: height = 0.2
199.0529 	EXP 	text_3: height = 0.2
199.0529 	EXP 	text_3: height = 0.2
199.0529 	EXP 	text_3: text = 1
199.5191 	EXP 	text_3: autoDraw = True
200.0375 	EXP 	text_3: autoDraw = False
200.0375 	EXP 	text_3: autoDraw = False
200.0375 	EXP 	image_2: image = 'condition_1/rightstar.PNG'
201.1242 	EXP 	image_2: autoDraw = True
201.6035 	EXP 	New trial (rep=1, index=0): {'stimuli': 8, 'star': 'condition_1/leftstar.PNG', 'CorrectAns': 'space'}
201.6921 	DATA 	Keypress: right
201.7052 	EXP 	image_2: autoDraw = False
201.7052 	EXP 	image_3: image = 'condition_1/fixation.png'
201.7052 	EXP 	image_3: autoDraw = True
202.1355 	EXP 	image_3: autoDraw = False
202.1355 	EXP 	text_3: height = 0.2
202.1355 	EXP 	text_3: height = 0.2
202.1355 	EXP 	text_3: height = 0.2
202.1355 	EXP 	text_3: text = 8
202.6189 	EXP 	text_3: autoDraw = True
203.1355 	EXP 	text_3: autoDraw = False
203.1355 	EXP 	text_3: autoDraw = False
203.1355 	EXP 	image_2: image = 'condition_1/leftstar.PNG'
204.2074 	EXP 	image_2: autoDraw = True
205.0188 	EXP 	image_2: autoDraw = False
205.3042 	EXP 	New trial (rep=1, index=1): {'stimuli': 2, 'star': 'condition_1/blank.PNG', 'CorrectAns': 'space'}
205.3998 	DATA 	Keypress: space
205.4129 	EXP 	image_2: autoDraw = False
205.4129 	EXP 	image_3: image = 'condition_1/fixation.png'
205.4129 	EXP 	image_3: autoDraw = True
205.8356 	EXP 	image_3: autoDraw = False
205.8356 	EXP 	text_3: height = 0.2
205.8356 	EXP 	text_3: height = 0.2
205.8356 	EXP 	text_3: height = 0.2
205.8356 	EXP 	text_3: text = 2
206.3191 	EXP 	text_3: autoDraw = True
206.6856 	EXP 	text_3: autoDraw = False
206.6856 	EXP 	text_3: autoDraw = False
206.6856 	EXP 	image_2: image = 'condition_1/blank.PNG'
207.9191 	EXP 	image_2: autoDraw = True
208.7187 	EXP 	image_2: autoDraw = False
211.5046 	EXP 	New trial (rep=1, index=2): {'stimuli': 1, 'star': 'condition_1/blank.PNG', 'CorrectAns': 'space'}
211.6036 	DATA 	Keypress: space
211.6167 	EXP 	image_2: autoDraw = False
211.6167 	EXP 	image_3: image = 'condition_1/fixation.png'
211.6167 	EXP 	image_3: autoDraw = True
212.0360 	EXP 	image_3: autoDraw = False
212.0360 	EXP 	text_3: height = 0.2
212.0360 	EXP 	text_3: height = 0.2
212.0360 	EXP 	text_3: height = 0.2
212.0360 	EXP 	text_3: text = 1
212.5193 	EXP 	text_3: autoDraw = True
212.8872 	EXP 	text_3: autoDraw = False
212.8872 	EXP 	text_3: autoDraw = False
212.8872 	EXP 	image_2: image = 'condition_1/blank.PNG'
214.1189 	EXP 	image_2: autoDraw = True
214.4868 	EXP 	New trial (rep=1, index=3): {'stimuli': 1, 'star': 'condition_1/leftstar.PNG', 'CorrectAns': 'left'}
214.5767 	DATA 	Keypress: space
214.5900 	EXP 	image_2: autoDraw = False
214.5900 	EXP 	image_3: image = 'condition_1/fixation.png'
214.5900 	EXP 	image_3: autoDraw = True
215.0189 	EXP 	image_3: autoDraw = False
215.0189 	EXP 	text_3: height = 0.2
215.0189 	EXP 	text_3: height = 0.2
215.0189 	EXP 	text_3: height = 0.2
215.0189 	EXP 	text_3: text = 1
215.4857 	EXP 	text_3: autoDraw = True
216.0063 	EXP 	text_3: autoDraw = False
216.0063 	EXP 	text_3: autoDraw = False
216.0063 	EXP 	image_2: image = 'condition_1/leftstar.PNG'
217.0968 	EXP 	image_2: autoDraw = True
217.5535 	EXP 	New trial (rep=1, index=4): {'stimuli': 8, 'star': 'condition_1/rightstar.PNG', 'CorrectAns': 'space'}
217.6423 	DATA 	Keypress: left
217.6554 	EXP 	image_2: autoDraw = False
217.6554 	EXP 	image_3: image = 'condition_1/fixation.png'
217.6554 	EXP 	image_3: autoDraw = True
218.0855 	EXP 	image_3: autoDraw = False
218.0855 	EXP 	text_3: height = 0.2
218.0855 	EXP 	text_3: height = 0.2
218.0855 	EXP 	text_3: height = 0.2
218.0855 	EXP 	text_3: text = 8
218.5524 	EXP 	text_3: autoDraw = True
219.0667 	EXP 	text_3: autoDraw = False
219.0667 	EXP 	text_3: autoDraw = False
219.0667 	EXP 	image_2: image = 'condition_1/rightstar.PNG'
220.1572 	EXP 	image_2: autoDraw = True
220.9690 	EXP 	image_2: autoDraw = False
226.5051 	EXP 	New trial (rep=1, index=5): {'stimuli': 2, 'star': 'condition_1/leftstar.PNG', 'CorrectAns': 'left'}
226.6052 	DATA 	Keypress: space
226.6185 	EXP 	image_2: autoDraw = False
226.6185 	EXP 	image_3: image = 'condition_1/fixation.png'
226.6185 	EXP 	image_3: autoDraw = True
227.0557 	EXP 	image_3: autoDraw = False
227.0557 	EXP 	text_3: height = 0.2
227.0557 	EXP 	text_3: height = 0.2
227.0557 	EXP 	text_3: height = 0.2
227.0557 	EXP 	text_3: text = 2
227.5190 	EXP 	text_3: autoDraw = True
228.0315 	EXP 	text_3: autoDraw = False
228.0315 	EXP 	text_3: autoDraw = False
228.0315 	EXP 	image_2: image = 'condition_1/leftstar.PNG'
229.1236 	EXP 	image_2: autoDraw = True
229.4882 	DATA 	Keypress: left
229.5052 	EXP 	New trial (rep=1, index=6): {'stimuli': 8, 'star': 'condition_1/rightstar.PNG', 'CorrectAns': 'space'}
229.6150 	EXP 	image_2: autoDraw = False
229.6150 	EXP 	image_3: image = 'condition_1/fixation.png'
229.6150 	EXP 	image_3: autoDraw = True
230.0355 	EXP 	image_3: autoDraw = False
230.0355 	EXP 	text_3: height = 0.2
230.0355 	EXP 	text_3: height = 0.2
230.0355 	EXP 	text_3: height = 0.2
230.0355 	EXP 	text_3: text = 8
230.5192 	EXP 	text_3: autoDraw = True
231.0294 	EXP 	text_3: autoDraw = False
231.0294 	EXP 	text_3: autoDraw = False
231.0294 	EXP 	image_2: image = 'condition_1/rightstar.PNG'
232.1231 	EXP 	image_2: autoDraw = True
232.9354 	EXP 	image_2: autoDraw = False
233.2210 	EXP 	New trial (rep=1, index=7): {'stimuli': 9, 'star': 'condition_1/blank.PNG', 'CorrectAns': 'space'}
233.3164 	DATA 	Keypress: space
233.3295 	EXP 	image_2: autoDraw = False
233.3295 	EXP 	image_3: image = 'condition_1/fixation.png'
233.3295 	EXP 	image_3: autoDraw = True
233.7522 	EXP 	image_3: autoDraw = False
233.7522 	EXP 	text_3: height = 0.2
233.7522 	EXP 	text_3: height = 0.2
233.7522 	EXP 	text_3: height = 0.2
233.7522 	EXP 	text_3: text = 9
234.2356 	EXP 	text_3: autoDraw = True
234.6269 	EXP 	text_3: autoDraw = False
234.6269 	EXP 	text_3: autoDraw = False
234.6269 	EXP 	image_2: image = 'condition_1/blank.PNG'
235.8357 	EXP 	image_2: autoDraw = True
236.6354 	EXP 	image_2: autoDraw = False
237.1713 	EXP 	New trial (rep=1, index=8): {'stimuli': 2, 'star': 'condition_1/rightstar.PNG', 'CorrectAns': 'right'}
237.2700 	DATA 	Keypress: space
237.2831 	EXP 	image_2: autoDraw = False
237.2831 	EXP 	image_3: image = 'condition_1/fixation.png'
237.2831 	EXP 	image_3: autoDraw = True
237.7022 	EXP 	image_3: autoDraw = False
237.7022 	EXP 	text_3: height = 0.2
237.7022 	EXP 	text_3: height = 0.2
237.7022 	EXP 	text_3: height = 0.2
237.7022 	EXP 	text_3: text = 2
238.1856 	EXP 	text_3: autoDraw = True
238.6940 	EXP 	text_3: autoDraw = False
238.6940 	EXP 	text_3: autoDraw = False
238.6940 	EXP 	image_2: image = 'condition_1/rightstar.PNG'
239.7886 	EXP 	image_2: autoDraw = True
240.2201 	EXP 	New trial (rep=1, index=9): {'stimuli': 2, 'star': 'condition_1/leftstar.PNG', 'CorrectAns': 'left'}
240.3049 	DATA 	Keypress: right
240.3181 	EXP 	image_2: autoDraw = False
240.3181 	EXP 	image_3: image = 'condition_1/fixation.png'
240.3181 	EXP 	image_3: autoDraw = True
240.7523 	EXP 	image_3: autoDraw = False
240.7523 	EXP 	text_3: height = 0.2
240.7523 	EXP 	text_3: height = 0.2
240.7523 	EXP 	text_3: height = 0.2
240.7523 	EXP 	text_3: text = 2
241.2356 	EXP 	text_3: autoDraw = True
241.7392 	EXP 	text_3: autoDraw = False
241.7392 	EXP 	text_3: autoDraw = False
241.7392 	EXP 	image_2: image = 'condition_1/leftstar.PNG'
242.8238 	EXP 	image_2: autoDraw = True
243.2883 	DATA 	Keypress: left
243.3053 	EXP 	New trial (rep=1, index=10): {'stimuli': 1, 'star': 'condition_1/leftstar.PNG', 'CorrectAns': 'left'}
243.4166 	EXP 	image_2: autoDraw = False
243.4166 	EXP 	image_3: image = 'condition_1/fixation.png'
243.4166 	EXP 	image_3: autoDraw = True
243.8354 	EXP 	image_3: autoDraw = False
243.8354 	EXP 	text_3: height = 0.2
243.8354 	EXP 	text_3: height = 0.2
243.8354 	EXP 	text_3: height = 0.2
243.8354 	EXP 	text_3: text = 1
244.2036 	DATA 	Keypress: space
244.3189 	EXP 	text_3: autoDraw = True
244.8261 	EXP 	text_3: autoDraw = False
244.8261 	EXP 	text_3: autoDraw = False
244.8261 	EXP 	image_2: image = 'condition_1/leftstar.PNG'
245.9236 	EXP 	image_2: autoDraw = True
246.4888 	EXP 	New trial (rep=1, index=11): {'stimuli': 9, 'star': 'condition_1/leftstar.PNG', 'CorrectAns': 'space'}
246.5894 	DATA 	Keypress: left
246.6023 	EXP 	image_2: autoDraw = False
246.6023 	EXP 	image_3: image = 'condition_1/fixation.png'
246.6023 	EXP 	image_3: autoDraw = True
247.0405 	EXP 	image_3: autoDraw = False
247.0405 	EXP 	text_3: height = 0.2
247.0405 	EXP 	text_3: height = 0.2
247.0405 	EXP 	text_3: height = 0.2
247.0405 	EXP 	text_3: text = 9
247.5025 	EXP 	text_3: autoDraw = True
248.0088 	EXP 	text_3: autoDraw = False
248.0088 	EXP 	text_3: autoDraw = False
248.0088 	EXP 	image_2: image = 'condition_1/leftstar.PNG'
249.1074 	EXP 	image_2: autoDraw = True
249.8060 	EXP 	New trial (rep=1, index=12): {'stimuli': 2, 'star': 'condition_1/blank.PNG', 'CorrectAns': 'space'}
249.9009 	DATA 	Keypress: space
249.9140 	EXP 	image_2: autoDraw = False
249.9140 	EXP 	image_3: image = 'condition_1/fixation.png'
249.9140 	EXP 	image_3: autoDraw = True
250.3355 	EXP 	image_3: autoDraw = False
250.3355 	EXP 	text_3: height = 0.2
250.3355 	EXP 	text_3: height = 0.2
250.3355 	EXP 	text_3: height = 0.2
250.3355 	EXP 	text_3: text = 2
250.8191 	EXP 	text_3: autoDraw = True
251.2042 	EXP 	text_3: autoDraw = False
251.2042 	EXP 	text_3: autoDraw = False
251.2042 	EXP 	image_2: image = 'condition_1/blank.PNG'
252.4189 	EXP 	image_2: autoDraw = True
253.2190 	EXP 	image_2: autoDraw = False
253.2553 	EXP 	New trial (rep=1, index=13): {'stimuli': 9, 'star': 'condition_1/leftstar.PNG', 'CorrectAns': 'space'}
253.3392 	DATA 	Keypress: space
253.3522 	EXP 	image_2: autoDraw = False
253.3522 	EXP 	image_3: image = 'condition_1/fixation.png'
253.3522 	EXP 	image_3: autoDraw = True
253.7855 	EXP 	image_3: autoDraw = False
253.7855 	EXP 	text_3: height = 0.2
253.7855 	EXP 	text_3: height = 0.2
253.7855 	EXP 	text_3: height = 0.2
253.7855 	EXP 	text_3: text = 9
254.2690 	EXP 	text_3: autoDraw = True
254.7785 	EXP 	text_3: autoDraw = False
254.7785 	EXP 	text_3: autoDraw = False
254.7785 	EXP 	image_2: image = 'condition_1/leftstar.PNG'
255.8738 	EXP 	image_2: autoDraw = True
256.6860 	EXP 	image_2: autoDraw = False
258.5534 	EXP 	New trial (rep=1, index=14): {'stimuli': 8, 'star': 'condition_1/blank.PNG', 'CorrectAns': 'space'}
258.6404 	DATA 	Keypress: space
258.6535 	EXP 	image_2: autoDraw = False
258.6535 	EXP 	image_3: image = 'condition_1/fixation.png'
258.6535 	EXP 	image_3: autoDraw = True
259.0855 	EXP 	image_3: autoDraw = False
259.0855 	EXP 	text_3: height = 0.2
259.0855 	EXP 	text_3: height = 0.2
259.0855 	EXP 	text_3: height = 0.2
259.0855 	EXP 	text_3: text = 8
259.5524 	EXP 	text_3: autoDraw = True
259.9092 	EXP 	text_3: autoDraw = False
259.9092 	EXP 	text_3: autoDraw = False
259.9092 	EXP 	image_2: image = 'condition_1/blank.PNG'
261.1528 	EXP 	image_2: autoDraw = True
261.9522 	EXP 	image_2: autoDraw = False
262.6709 	EXP 	New trial (rep=1, index=15): {'stimuli': 8, 'star': 'condition_1/leftstar.PNG', 'CorrectAns': 'space'}
262.7627 	DATA 	Keypress: space
262.7759 	EXP 	image_2: autoDraw = False
262.7759 	EXP 	image_3: image = 'condition_1/fixation.png'
262.7759 	EXP 	image_3: autoDraw = True
263.2023 	EXP 	image_3: autoDraw = False
263.2023 	EXP 	text_3: height = 0.2
263.2023 	EXP 	text_3: height = 0.2
263.2023 	EXP 	text_3: height = 0.2
263.2023 	EXP 	text_3: text = 8
263.6856 	EXP 	text_3: autoDraw = True
264.1867 	EXP 	text_3: autoDraw = False
264.1867 	EXP 	text_3: autoDraw = False
264.1867 	EXP 	image_2: image = 'condition_1/leftstar.PNG'
264.9709 	DATA 	Keypress: space
265.2958 	EXP 	image_2: autoDraw = True
266.1021 	EXP 	image_2: autoDraw = False
267.7550 	EXP 	New trial (rep=1, index=16): {'stimuli': 9, 'star': 'condition_1/rightstar.PNG', 'CorrectAns': 'space'}
267.8498 	DATA 	Keypress: space
267.8629 	EXP 	image_2: autoDraw = False
267.8629 	EXP 	image_3: image = 'condition_1/fixation.png'
267.8629 	EXP 	image_3: autoDraw = True
268.2855 	EXP 	image_3: autoDraw = False
268.2855 	EXP 	text_3: height = 0.2
268.2855 	EXP 	text_3: height = 0.2
268.2855 	EXP 	text_3: height = 0.2
268.2855 	EXP 	text_3: text = 9
268.7690 	EXP 	text_3: autoDraw = True
269.2761 	EXP 	text_3: autoDraw = False
269.2761 	EXP 	text_3: autoDraw = False
269.2761 	EXP 	image_2: image = 'condition_1/rightstar.PNG'
270.3741 	EXP 	image_2: autoDraw = True
271.1855 	EXP 	image_2: autoDraw = False
271.2036 	EXP 	New trial (rep=1, index=17): {'stimuli': 9, 'star': 'condition_1/rightstar.PNG', 'CorrectAns': 'space'}
271.2937 	DATA 	Keypress: space
271.3067 	EXP 	image_2: autoDraw = False
271.3067 	EXP 	image_3: image = 'condition_1/fixation.png'
271.3067 	EXP 	image_3: autoDraw = True
271.7545 	EXP 	image_3: autoDraw = False
271.7545 	EXP 	text_3: height = 0.2
271.7545 	EXP 	text_3: height = 0.2
271.7545 	EXP 	text_3: height = 0.2
271.7545 	EXP 	text_3: text = 9
272.2187 	EXP 	text_3: autoDraw = True
272.7315 	EXP 	text_3: autoDraw = False
272.7315 	EXP 	text_3: autoDraw = False
272.7315 	EXP 	image_2: image = 'condition_1/rightstar.PNG'
272.9039 	DATA 	Keypress: space
273.8230 	EXP 	image_2: autoDraw = True
274.6357 	EXP 	image_2: autoDraw = False
275.7381 	EXP 	New trial (rep=1, index=18): {'stimuli': 1, 'star': 'condition_1/rightstar.PNG', 'CorrectAns': 'right'}
275.8250 	DATA 	Keypress: space
275.8378 	EXP 	image_2: autoDraw = False
275.8378 	EXP 	image_3: image = 'condition_1/fixation.png'
275.8378 	EXP 	image_3: autoDraw = True
276.2688 	EXP 	image_3: autoDraw = False
276.2688 	EXP 	text_3: height = 0.2
276.2688 	EXP 	text_3: height = 0.2
276.2688 	EXP 	text_3: height = 0.2
276.2688 	EXP 	text_3: text = 1
276.7523 	EXP 	text_3: autoDraw = True
277.2622 	EXP 	text_3: autoDraw = False
277.2622 	EXP 	text_3: autoDraw = False
277.2622 	EXP 	image_2: image = 'condition_1/rightstar.PNG'
278.3564 	EXP 	image_2: autoDraw = True
279.1689 	EXP 	image_2: autoDraw = False
279.4547 	EXP 	New trial (rep=1, index=19): {'stimuli': 8, 'star': 'condition_1/rightstar.PNG', 'CorrectAns': 'space'}
279.5504 	DATA 	Keypress: right
279.5634 	EXP 	image_2: autoDraw = False
279.5634 	EXP 	image_3: image = 'condition_1/fixation.png'
279.5634 	EXP 	image_3: autoDraw = True
279.9855 	EXP 	image_3: autoDraw = False
279.9855 	EXP 	text_3: height = 0.2
279.9855 	EXP 	text_3: height = 0.2
279.9855 	EXP 	text_3: height = 0.2
279.9855 	EXP 	text_3: text = 8
280.4690 	EXP 	text_3: autoDraw = True
280.9793 	EXP 	text_3: autoDraw = False
280.9793 	EXP 	text_3: autoDraw = False
280.9793 	EXP 	image_2: image = 'condition_1/rightstar.PNG'
282.0737 	EXP 	image_2: autoDraw = True
282.8854 	EXP 	image_2: autoDraw = False
283.4713 	EXP 	New trial (rep=1, index=20): {'stimuli': 2, 'star': 'condition_1/leftstar.PNG', 'CorrectAns': 'left'}
283.5782 	DATA 	Keypress: space
283.5911 	EXP 	image_2: autoDraw = False
283.5911 	EXP 	image_3: image = 'condition_1/fixation.png'
283.5911 	EXP 	image_3: autoDraw = True
284.0022 	EXP 	image_3: autoDraw = False
284.0022 	EXP 	text_3: height = 0.2
284.0022 	EXP 	text_3: height = 0.2
284.0022 	EXP 	text_3: height = 0.2
284.0022 	EXP 	text_3: text = 2
284.4858 	EXP 	text_3: autoDraw = True
284.9993 	EXP 	text_3: autoDraw = False
284.9993 	EXP 	text_3: autoDraw = False
284.9993 	EXP 	image_2: image = 'condition_1/leftstar.PNG'
286.0900 	EXP 	image_2: autoDraw = True
286.5717 	EXP 	New trial (rep=1, index=21): {'stimuli': 1, 'star': 'condition_1/rightstar.PNG', 'CorrectAns': 'right'}
286.6727 	DATA 	Keypress: left
286.6856 	EXP 	image_2: autoDraw = False
286.6856 	EXP 	image_3: image = 'condition_1/fixation.png'
286.6856 	EXP 	image_3: autoDraw = True
287.1022 	EXP 	image_3: autoDraw = False
287.1022 	EXP 	text_3: height = 0.2
287.1022 	EXP 	text_3: height = 0.2
287.1022 	EXP 	text_3: height = 0.2
287.1022 	EXP 	text_3: text = 1
287.5856 	EXP 	text_3: autoDraw = True
288.0910 	EXP 	text_3: autoDraw = False
288.0910 	EXP 	text_3: autoDraw = False
288.0910 	EXP 	image_2: image = 'condition_1/rightstar.PNG'
289.1903 	EXP 	image_2: autoDraw = True
290.0025 	EXP 	image_2: autoDraw = False
290.1216 	DATA 	Keypress: right
290.1384 	EXP 	New trial (rep=1, index=22): {'stimuli': 1, 'star': 'condition_1/rightstar.PNG', 'CorrectAns': 'right'}
290.2493 	EXP 	image_2: autoDraw = False
290.2493 	EXP 	image_3: image = 'condition_1/fixation.png'
290.2493 	EXP 	image_3: autoDraw = True
290.6688 	EXP 	image_3: autoDraw = False
290.6688 	EXP 	text_3: height = 0.2
290.6688 	EXP 	text_3: height = 0.2
290.6688 	EXP 	text_3: height = 0.2
290.6688 	EXP 	text_3: text = 1
291.1523 	EXP 	text_3: autoDraw = True
291.6620 	EXP 	text_3: autoDraw = False
291.6620 	EXP 	text_3: autoDraw = False
291.6620 	EXP 	image_2: image = 'condition_1/rightstar.PNG'
292.7567 	EXP 	image_2: autoDraw = True
293.3036 	EXP 	New trial (rep=1, index=23): {'stimuli': 9, 'star': 'condition_1/leftstar.PNG', 'CorrectAns': 'space'}
293.3967 	DATA 	Keypress: right
293.4097 	EXP 	image_2: autoDraw = False
293.4097 	EXP 	image_3: image = 'condition_1/fixation.png'
293.4097 	EXP 	image_3: autoDraw = True
293.8631 	EXP 	image_3: autoDraw = False
293.8631 	EXP 	text_3: height = 0.2
293.8631 	EXP 	text_3: height = 0.2
293.8631 	EXP 	text_3: height = 0.2
293.8631 	EXP 	text_3: text = 9
294.3187 	EXP 	text_3: autoDraw = True
294.8318 	EXP 	text_3: autoDraw = False
294.8318 	EXP 	text_3: autoDraw = False
294.8318 	EXP 	image_2: image = 'condition_1/leftstar.PNG'
295.5537 	DATA 	Keypress: space
295.9232 	EXP 	image_2: autoDraw = True
296.7355 	EXP 	image_2: autoDraw = False
302.3876 	EXP 	New trial (rep=1, index=24): {'stimuli': 2, 'star': 'condition_1/rightstar.PNG', 'CorrectAns': 'left'}
302.4773 	DATA 	Keypress: space
302.4902 	EXP 	image_2: autoDraw = False
302.4902 	EXP 	image_3: image = 'condition_1/fixation.png'
302.4902 	EXP 	image_3: autoDraw = True
302.9189 	EXP 	image_3: autoDraw = False
302.9189 	EXP 	text_3: height = 0.2
302.9189 	EXP 	text_3: height = 0.2
302.9189 	EXP 	text_3: height = 0.2
302.9189 	EXP 	text_3: text = 2
303.4023 	EXP 	text_3: autoDraw = True
303.9112 	EXP 	text_3: autoDraw = False
303.9112 	EXP 	text_3: autoDraw = False
303.9112 	EXP 	image_2: image = 'condition_1/rightstar.PNG'
305.0060 	EXP 	image_2: autoDraw = True
305.5063 	DATA 	Keypress: right
305.5194 	EXP 	image_2: autoDraw = False
305.5194 	EXP 	text_10: autoDraw = True
315.3387 	DATA 	Keypress: space
315.3689 	EXP 	text_10: autoDraw = False
315.3689 	EXP 	text_7: autoDraw = True
332.1915 	EXP 	Imported test2/data4.xlsx as conditions, 6 conditions, 3 params
332.1920 	EXP 	Created sequence: random, trialTypes=6, nReps=1, seed=None
332.1922 	EXP 	New trial (rep=0, index=0): {'stimuli': 8, 'star': 'test2/leftstar.PNG', 'CorrectAns': 'left'}
332.3116 	DATA 	Keypress: space
332.3216 	EXP 	text_7: autoDraw = False
332.3216 	EXP 	image_8: image = 'test2/fixation.png'
332.3216 	EXP 	image_8: autoDraw = True
332.7024 	EXP 	image_8: autoDraw = False
332.7024 	EXP 	text_11: height = 0.05
332.7024 	EXP 	text_11: height = 0.05
332.7024 	EXP 	text_11: height = 0.05
332.7024 	EXP 	text_11: text = 8
333.1857 	EXP 	text_11: autoDraw = True
333.7022 	EXP 	text_11: autoDraw = False
333.7022 	EXP 	text_11: autoDraw = False
333.7022 	EXP 	image_9: image = 'test2/leftstar.PNG'
334.7811 	EXP 	image_9: autoDraw = True
335.5855 	EXP 	image_9: autoDraw = False
341.3714 	EXP 	New trial (rep=0, index=1): {'stimuli': 9, 'star': 'test2/rightstar.PNG', 'CorrectAns': 'right'}
341.4697 	DATA 	Keypress: space
341.4799 	EXP 	image_9: autoDraw = False
341.4799 	EXP 	image_8: image = 'test2/fixation.png'
341.4799 	EXP 	image_8: autoDraw = True
341.9023 	EXP 	image_8: autoDraw = False
341.9023 	EXP 	text_11: height = 0.05
341.9023 	EXP 	text_11: height = 0.05
341.9023 	EXP 	text_11: height = 0.05
341.9023 	EXP 	text_11: text = 9
342.3857 	EXP 	text_11: autoDraw = True
342.8855 	EXP 	text_11: autoDraw = False
342.8855 	EXP 	text_11: autoDraw = False
342.8855 	EXP 	image_9: image = 'test2/rightstar.PNG'
343.9906 	EXP 	image_9: autoDraw = True
344.4866 	EXP 	New trial (rep=0, index=2): {'stimuli': 8, 'star': 'test2/rightstar.PNG', 'CorrectAns': 'right'}
344.5746 	DATA 	Keypress: right
344.5845 	EXP 	image_9: autoDraw = False
344.5845 	EXP 	image_8: image = 'test2/fixation.png'
344.5845 	EXP 	image_8: autoDraw = True
345.0192 	EXP 	image_8: autoDraw = False
345.0192 	EXP 	text_11: height = 0.05
345.0192 	EXP 	text_11: height = 0.05
345.0192 	EXP 	text_11: height = 0.05
345.0192 	EXP 	text_11: text = 8
345.4859 	EXP 	text_11: autoDraw = True
346.0020 	EXP 	text_11: autoDraw = False
346.0020 	EXP 	text_11: autoDraw = False
346.0020 	EXP 	image_9: image = 'test2/rightstar.PNG'
347.0897 	EXP 	image_9: autoDraw = True
347.5880 	EXP 	New trial (rep=0, index=3): {'stimuli': 1, 'star': 'test2/blank.PNG', 'CorrectAns': 'space'}
347.6813 	DATA 	Keypress: right
347.6917 	EXP 	image_9: autoDraw = False
347.6917 	EXP 	image_8: image = 'test2/fixation.png'
347.6917 	EXP 	image_8: autoDraw = True
348.1190 	EXP 	image_8: autoDraw = False
348.1190 	EXP 	text_11: height = 0.05
348.1190 	EXP 	text_11: height = 0.05
348.1190 	EXP 	text_11: height = 0.05
348.1190 	EXP 	text_11: text = 1
348.6024 	EXP 	text_11: autoDraw = True
348.9866 	EXP 	text_11: autoDraw = False
348.9866 	EXP 	text_11: autoDraw = False
348.9866 	EXP 	image_9: image = 'test2/blank.PNG'
350.2025 	EXP 	image_9: autoDraw = True
351.0023 	EXP 	image_9: autoDraw = False
351.5208 	EXP 	New trial (rep=0, index=4): {'stimuli': 2, 'star': 'test2/leftstar.PNG', 'CorrectAns': 'space'}
351.6151 	DATA 	Keypress: space
351.6253 	EXP 	image_9: autoDraw = False
351.6253 	EXP 	image_8: image = 'test2/fixation.png'
351.6253 	EXP 	image_8: autoDraw = True
352.0722 	EXP 	image_8: autoDraw = False
352.0722 	EXP 	text_11: height = 0.05
352.0722 	EXP 	text_11: height = 0.05
352.0722 	EXP 	text_11: height = 0.05
352.0722 	EXP 	text_11: text = 2
352.5356 	EXP 	text_11: autoDraw = True
353.0398 	EXP 	text_11: autoDraw = False
353.0398 	EXP 	text_11: autoDraw = False
353.0398 	EXP 	image_9: image = 'test2/leftstar.PNG'
354.1396 	EXP 	image_9: autoDraw = True
354.7547 	EXP 	New trial (rep=0, index=5): {'stimuli': 1, 'star': 'test2/leftstar.PNG', 'CorrectAns': 'space'}
354.8504 	DATA 	Keypress: left
354.8611 	EXP 	image_9: autoDraw = False
354.8611 	EXP 	image_8: image = 'test2/fixation.png'
354.8611 	EXP 	image_8: autoDraw = True
355.2858 	EXP 	image_8: autoDraw = False
355.2858 	EXP 	text_11: height = 0.05
355.2858 	EXP 	text_11: height = 0.05
355.2858 	EXP 	text_11: height = 0.05
355.2858 	EXP 	text_11: text = 1
355.7692 	EXP 	text_11: autoDraw = True
356.2786 	EXP 	text_11: autoDraw = False
356.2786 	EXP 	text_11: autoDraw = False
356.2786 	EXP 	image_9: image = 'test2/leftstar.PNG'
357.3736 	EXP 	image_9: autoDraw = True
358.1858 	EXP 	image_9: autoDraw = False
358.3427 	DATA 	Keypress: space
358.3522 	EXP 	image_9: autoDraw = False
358.3522 	EXP 	text_12: autoDraw = True
359.3523 	EXP 	text_12: autoDraw = False
363.8914 	DATA 	Keypress: space
363.9021 	EXP 	text_12: autoDraw = False
363.9021 	EXP 	text_13: autoDraw = True
364.9023 	EXP 	text_13: autoDraw = False
367.9239 	EXP 	Imported condition_2/data2.xlsx as conditions, 25 conditions, 3 params
367.9246 	EXP 	Created sequence: random, trialTypes=25, nReps=2, seed=None
367.9248 	EXP 	New trial (rep=0, index=0): {'stimuli': 1, 'star': 'condition_2/leftstar.PNG', 'CorrectAns': 'space'}
368.0415 	DATA 	Keypress: space
368.0541 	EXP 	text_13: autoDraw = False
368.0541 	EXP 	image_4: image = 'condition_2/fixation.png'
368.0541 	EXP 	image_4: autoDraw = True
368.4356 	EXP 	image_4: autoDraw = False
368.4356 	EXP 	text: height = 0.2
368.4356 	EXP 	text: height = 0.2
368.4356 	EXP 	text: height = 0.2
368.4356 	EXP 	text: text = 1
368.9026 	EXP 	text: autoDraw = True
369.4244 	EXP 	text: autoDraw = False
369.4244 	EXP 	text: autoDraw = False
369.4244 	EXP 	image_5: image = 'condition_2/leftstar.PNG'
370.1370 	DATA 	Keypress: space
370.5312 	EXP 	image_5: autoDraw = True
371.2703 	EXP 	New trial (rep=0, index=1): {'stimuli': 8, 'star': 'condition_2/rightstar.PNG', 'CorrectAns': 'right'}
371.3568 	DATA 	Keypress: space
371.3694 	EXP 	image_5: autoDraw = False
371.3694 	EXP 	image_4: image = 'condition_2/fixation.png'
371.3694 	EXP 	image_4: autoDraw = True
371.8021 	EXP 	image_4: autoDraw = False
371.8021 	EXP 	text: height = 0.2
371.8021 	EXP 	text: height = 0.2
371.8021 	EXP 	text: height = 0.2
371.8021 	EXP 	text: text = 8
372.2692 	EXP 	text: autoDraw = True
372.7838 	EXP 	text: autoDraw = False
372.7838 	EXP 	text: autoDraw = False
372.7838 	EXP 	image_5: image = 'condition_2/rightstar.PNG'
373.8736 	EXP 	image_5: autoDraw = True
374.3702 	EXP 	New trial (rep=0, index=2): {'stimuli': 8, 'star': 'condition_2/blank.PNG', 'CorrectAns': 'space'}
374.4543 	DATA 	Keypress: right
374.4670 	EXP 	image_5: autoDraw = False
374.4670 	EXP 	image_4: image = 'condition_2/fixation.png'
374.4670 	EXP 	image_4: autoDraw = True
374.9023 	EXP 	image_4: autoDraw = False
374.9023 	EXP 	text: height = 0.2
374.9023 	EXP 	text: height = 0.2
374.9023 	EXP 	text: height = 0.2
374.9023 	EXP 	text: text = 8
375.3691 	EXP 	text: autoDraw = True
375.7529 	EXP 	text: autoDraw = False
375.7529 	EXP 	text: autoDraw = False
375.7529 	EXP 	image_5: image = 'condition_2/blank.PNG'
376.9691 	EXP 	image_5: autoDraw = True
377.7691 	EXP 	image_5: autoDraw = False
378.0046 	EXP 	New trial (rep=0, index=3): {'stimuli': 8, 'star': 'condition_2/rightstar.PNG', 'CorrectAns': 'right'}
378.0981 	DATA 	Keypress: space
378.1117 	EXP 	image_5: autoDraw = False
378.1117 	EXP 	image_4: image = 'condition_2/fixation.png'
378.1117 	EXP 	image_4: autoDraw = True
378.5444 	EXP 	image_4: autoDraw = False
378.5444 	EXP 	text: height = 0.2
378.5444 	EXP 	text: height = 0.2
378.5444 	EXP 	text: height = 0.2
378.5444 	EXP 	text: text = 8
379.0192 	EXP 	text: autoDraw = True
379.5275 	EXP 	text: autoDraw = False
379.5275 	EXP 	text: autoDraw = False
379.5275 	EXP 	image_5: image = 'condition_2/rightstar.PNG'
380.6239 	EXP 	image_5: autoDraw = True
381.0554 	EXP 	New trial (rep=0, index=4): {'stimuli': 8, 'star': 'condition_2/rightstar.PNG', 'CorrectAns': 'right'}
381.1534 	DATA 	Keypress: right
381.1664 	EXP 	image_5: autoDraw = False
381.1664 	EXP 	image_4: image = 'condition_2/fixation.png'
381.1664 	EXP 	image_4: autoDraw = True
381.5856 	EXP 	image_4: autoDraw = False
381.5856 	EXP 	text: height = 0.2
381.5856 	EXP 	text: height = 0.2
381.5856 	EXP 	text: height = 0.2
381.5856 	EXP 	text: text = 8
382.0691 	EXP 	text: autoDraw = True
382.5855 	EXP 	text: autoDraw = False
382.5855 	EXP 	text: autoDraw = False
382.5855 	EXP 	image_5: image = 'condition_2/rightstar.PNG'
383.6725 	EXP 	image_5: autoDraw = True
384.1536 	DATA 	Keypress: right
384.1701 	EXP 	New trial (rep=0, index=5): {'stimuli': 2, 'star': 'condition_2/rightstar.PNG', 'CorrectAns': 'space'}
384.2656 	EXP 	image_5: autoDraw = False
384.2656 	EXP 	image_4: image = 'condition_2/fixation.png'
384.2656 	EXP 	image_4: autoDraw = True
384.7022 	EXP 	image_4: autoDraw = False
384.7022 	EXP 	text: height = 0.2
384.7022 	EXP 	text: height = 0.2
384.7022 	EXP 	text: height = 0.2
384.7022 	EXP 	text: text = 2
385.1690 	EXP 	text: autoDraw = True
385.6795 	EXP 	text: autoDraw = False
385.6795 	EXP 	text: autoDraw = False
385.6795 	EXP 	image_5: image = 'condition_2/rightstar.PNG'
386.6541 	DATA 	Keypress: space
386.7745 	EXP 	image_5: autoDraw = True
387.5862 	EXP 	image_5: autoDraw = False
388.7220 	DATA 	Keypress: space
388.7394 	EXP 	New trial (rep=0, index=6): {'stimuli': 9, 'star': 'condition_2/leftstar.PNG', 'CorrectAns': 'left'}
388.8578 	EXP 	image_5: autoDraw = False
388.8578 	EXP 	image_4: image = 'condition_2/fixation.png'
388.8578 	EXP 	image_4: autoDraw = True
389.2689 	EXP 	image_4: autoDraw = False
389.2689 	EXP 	text: height = 0.2
389.2689 	EXP 	text: height = 0.2
389.2689 	EXP 	text: height = 0.2
389.2689 	EXP 	text: text = 9
389.7524 	EXP 	text: autoDraw = True
390.2658 	EXP 	text: autoDraw = False
390.2658 	EXP 	text: autoDraw = False
390.2658 	EXP 	image_5: image = 'condition_2/leftstar.PNG'
391.3573 	EXP 	image_5: autoDraw = True
391.9222 	EXP 	New trial (rep=0, index=7): {'stimuli': 8, 'star': 'condition_2/leftstar.PNG', 'CorrectAns': 'left'}
392.0175 	DATA 	Keypress: left
392.0305 	EXP 	image_5: autoDraw = False
392.0305 	EXP 	image_4: image = 'condition_2/fixation.png'
392.0305 	EXP 	image_4: autoDraw = True
392.4524 	EXP 	image_4: autoDraw = False
392.4524 	EXP 	text: height = 0.2
392.4524 	EXP 	text: height = 0.2
392.4524 	EXP 	text: height = 0.2
392.4524 	EXP 	text: text = 8
392.9357 	EXP 	text: autoDraw = True
393.4432 	EXP 	text: autoDraw = False
393.4432 	EXP 	text: autoDraw = False
393.4432 	EXP 	image_5: image = 'condition_2/leftstar.PNG'
394.5395 	EXP 	image_5: autoDraw = True
395.0044 	EXP 	New trial (rep=0, index=8): {'stimuli': 2, 'star': 'condition_2/rightstar.PNG', 'CorrectAns': 'space'}
395.0951 	DATA 	Keypress: left
395.1082 	EXP 	image_5: autoDraw = False
395.1082 	EXP 	image_4: image = 'condition_2/fixation.png'
395.1082 	EXP 	image_4: autoDraw = True
395.5359 	EXP 	image_4: autoDraw = False
395.5359 	EXP 	text: height = 0.2
395.5359 	EXP 	text: height = 0.2
395.5359 	EXP 	text: height = 0.2
395.5359 	EXP 	text: text = 2
396.0192 	EXP 	text: autoDraw = True
396.5297 	EXP 	text: autoDraw = False
396.5297 	EXP 	text: autoDraw = False
396.5297 	EXP 	image_5: image = 'condition_2/rightstar.PNG'
397.6241 	EXP 	image_5: autoDraw = True
398.2202 	EXP 	New trial (rep=0, index=9): {'stimuli': 9, 'star': 'condition_2/rightstar.PNG', 'CorrectAns': 'right'}
398.3088 	DATA 	Keypress: space
398.3219 	EXP 	image_5: autoDraw = False
398.3219 	EXP 	image_4: image = 'condition_2/fixation.png'
398.3219 	EXP 	image_4: autoDraw = True
398.7751 	EXP 	image_4: autoDraw = False
398.7751 	EXP 	text: height = 0.2
398.7751 	EXP 	text: height = 0.2
398.7751 	EXP 	text: height = 0.2
398.7751 	EXP 	text: text = 9
399.2358 	EXP 	text: autoDraw = True
399.7418 	EXP 	text: autoDraw = False
399.7418 	EXP 	text: autoDraw = False
399.7418 	EXP 	image_5: image = 'condition_2/rightstar.PNG'
400.8232 	EXP 	image_5: autoDraw = True
401.2546 	EXP 	New trial (rep=0, index=10): {'stimuli': 9, 'star': 'condition_2/rightstar.PNG', 'CorrectAns': 'right'}
401.3474 	DATA 	Keypress: right
401.3606 	EXP 	image_5: autoDraw = False
401.3606 	EXP 	image_4: image = 'condition_2/fixation.png'
401.3606 	EXP 	image_4: autoDraw = True
401.7856 	EXP 	image_4: autoDraw = False
401.7856 	EXP 	text: height = 0.2
401.7856 	EXP 	text: height = 0.2
401.7856 	EXP 	text: height = 0.2
401.7856 	EXP 	text: text = 9
402.2692 	EXP 	text: autoDraw = True
402.7770 	EXP 	text: autoDraw = False
402.7770 	EXP 	text: autoDraw = False
402.7770 	EXP 	image_5: image = 'condition_2/rightstar.PNG'
403.8736 	EXP 	image_5: autoDraw = True
404.4370 	EXP 	New trial (rep=0, index=11): {'stimuli': 2, 'star': 'condition_2/leftstar.PNG', 'CorrectAns': 'space'}
404.5221 	DATA 	Keypress: right
404.5352 	EXP 	image_5: autoDraw = False
404.5352 	EXP 	image_4: image = 'condition_2/fixation.png'
404.5352 	EXP 	image_4: autoDraw = True
404.9690 	EXP 	image_4: autoDraw = False
404.9690 	EXP 	text: height = 0.2
404.9690 	EXP 	text: height = 0.2
404.9690 	EXP 	text: height = 0.2
404.9690 	EXP 	text: text = 2
405.4524 	EXP 	text: autoDraw = True
405.9519 	EXP 	text: autoDraw = False
405.9519 	EXP 	text: autoDraw = False
405.9519 	EXP 	image_5: image = 'condition_2/leftstar.PNG'
407.0564 	EXP 	image_5: autoDraw = True
407.1879 	EXP 	New trial (rep=0, index=12): {'stimuli': 9, 'star': 'condition_2/leftstar.PNG', 'CorrectAns': 'left'}
407.2848 	DATA 	Keypress: space
407.2979 	EXP 	image_5: autoDraw = False
407.2979 	EXP 	image_4: image = 'condition_2/fixation.png'
407.2979 	EXP 	image_4: autoDraw = True
407.7188 	EXP 	image_4: autoDraw = False
407.7188 	EXP 	text: height = 0.2
407.7188 	EXP 	text: height = 0.2
407.7188 	EXP 	text: height = 0.2
407.7188 	EXP 	text: text = 9
408.2023 	EXP 	text: autoDraw = True
408.7087 	EXP 	text: autoDraw = False
408.7087 	EXP 	text: autoDraw = False
408.7087 	EXP 	image_5: image = 'condition_2/leftstar.PNG'
409.8065 	EXP 	image_5: autoDraw = True
410.6191 	EXP 	image_5: autoDraw = False
410.8881 	EXP 	New trial (rep=0, index=13): {'stimuli': 2, 'star': 'condition_2/blank.PNG', 'CorrectAns': 'space'}
410.9879 	DATA 	Keypress: left
411.0009 	EXP 	image_5: autoDraw = False
411.0009 	EXP 	image_4: image = 'condition_2/fixation.png'
411.0009 	EXP 	image_4: autoDraw = True
411.4191 	EXP 	image_4: autoDraw = False
411.4191 	EXP 	text: height = 0.2
411.4191 	EXP 	text: height = 0.2
411.4191 	EXP 	text: height = 0.2
411.4191 	EXP 	text: text = 2
411.9025 	EXP 	text: autoDraw = True
412.2898 	EXP 	text: autoDraw = False
412.2898 	EXP 	text: autoDraw = False
412.2898 	EXP 	image_5: image = 'condition_2/blank.PNG'
413.5025 	EXP 	image_5: autoDraw = True
413.5213 	DATA 	Keypress: space
413.5381 	EXP 	New trial (rep=0, index=14): {'stimuli': 9, 'star': 'condition_2/leftstar.PNG', 'CorrectAns': 'left'}
413.6443 	EXP 	image_5: autoDraw = False
413.6443 	EXP 	image_4: image = 'condition_2/fixation.png'
413.6443 	EXP 	image_4: autoDraw = True
414.0688 	EXP 	image_4: autoDraw = False
414.0688 	EXP 	text: height = 0.2
414.0688 	EXP 	text: height = 0.2
414.0688 	EXP 	text: height = 0.2
414.0688 	EXP 	text: text = 9
414.5526 	EXP 	text: autoDraw = True
415.0615 	EXP 	text: autoDraw = False
415.0615 	EXP 	text: autoDraw = False
415.0615 	EXP 	image_5: image = 'condition_2/leftstar.PNG'
416.1563 	EXP 	image_5: autoDraw = True
416.7865 	EXP 	New trial (rep=0, index=15): {'stimuli': 9, 'star': 'condition_2/blank.PNG', 'CorrectAns': 'space'}
416.8734 	DATA 	Keypress: left
416.8858 	EXP 	image_5: autoDraw = False
416.8858 	EXP 	image_4: image = 'condition_2/fixation.png'
416.8858 	EXP 	image_4: autoDraw = True
417.3501 	EXP 	image_4: autoDraw = False
417.3501 	EXP 	text: height = 0.2
417.3501 	EXP 	text: height = 0.2
417.3501 	EXP 	text: height = 0.2
417.3501 	EXP 	text: text = 9
417.7857 	EXP 	text: autoDraw = True
418.1672 	EXP 	text: autoDraw = False
418.1672 	EXP 	text: autoDraw = False
418.1672 	EXP 	image_5: image = 'condition_2/blank.PNG'
419.3860 	EXP 	image_5: autoDraw = True
420.1854 	EXP 	image_5: autoDraw = False
420.8887 	EXP 	New trial (rep=0, index=16): {'stimuli': 1, 'star': 'condition_2/rightstar.PNG', 'CorrectAns': 'space'}
420.9854 	DATA 	Keypress: space
420.9985 	EXP 	image_5: autoDraw = False
420.9985 	EXP 	image_4: image = 'condition_2/fixation.png'
420.9985 	EXP 	image_4: autoDraw = True
421.4190 	EXP 	image_4: autoDraw = False
421.4190 	EXP 	text: height = 0.2
421.4190 	EXP 	text: height = 0.2
421.4190 	EXP 	text: height = 0.2
421.4190 	EXP 	text: text = 1
421.9024 	EXP 	text: autoDraw = True
422.4097 	EXP 	text: autoDraw = False
422.4097 	EXP 	text: autoDraw = False
422.4097 	EXP 	image_5: image = 'condition_2/rightstar.PNG'
423.5078 	EXP 	image_5: autoDraw = True
424.3194 	EXP 	image_5: autoDraw = False
425.7562 	EXP 	New trial (rep=0, index=17): {'stimuli': 1, 'star': 'condition_2/leftstar.PNG', 'CorrectAns': 'space'}
425.8522 	DATA 	Keypress: space
425.8653 	EXP 	image_5: autoDraw = False
425.8653 	EXP 	image_4: image = 'condition_2/fixation.png'
425.8653 	EXP 	image_4: autoDraw = True
426.2856 	EXP 	image_4: autoDraw = False
426.2856 	EXP 	text: height = 0.2
426.2856 	EXP 	text: height = 0.2
426.2856 	EXP 	text: height = 0.2
426.2856 	EXP 	text: text = 1
426.7690 	EXP 	text: autoDraw = True
427.2764 	EXP 	text: autoDraw = False
427.2764 	EXP 	text: autoDraw = False
427.2764 	EXP 	image_5: image = 'condition_2/leftstar.PNG'
428.3748 	EXP 	image_5: autoDraw = True
428.7204 	EXP 	New trial (rep=0, index=18): {'stimuli': 8, 'star': 'condition_2/blank.PNG', 'CorrectAns': 'space'}
428.8034 	DATA 	Keypress: space
428.8164 	EXP 	image_5: autoDraw = False
428.8164 	EXP 	image_4: image = 'condition_2/fixation.png'
428.8164 	EXP 	image_4: autoDraw = True
429.2523 	EXP 	image_4: autoDraw = False
429.2523 	EXP 	text: height = 0.2
429.2523 	EXP 	text: height = 0.2
429.2523 	EXP 	text: height = 0.2
429.2523 	EXP 	text: text = 8
429.7357 	EXP 	text: autoDraw = True
430.0959 	EXP 	text: autoDraw = False
430.0959 	EXP 	text: autoDraw = False
430.0959 	EXP 	image_5: image = 'condition_2/blank.PNG'
431.3357 	EXP 	image_5: autoDraw = True
432.1356 	EXP 	image_5: autoDraw = False
433.3717 	EXP 	New trial (rep=0, index=19): {'stimuli': 8, 'star': 'condition_2/leftstar.PNG', 'CorrectAns': 'left'}
433.4712 	DATA 	Keypress: space
433.4841 	EXP 	image_5: autoDraw = False
433.4841 	EXP 	image_4: image = 'condition_2/fixation.png'
433.4841 	EXP 	image_4: autoDraw = True
433.9022 	EXP 	image_4: autoDraw = False
433.9022 	EXP 	text: height = 0.2
433.9022 	EXP 	text: height = 0.2
433.9022 	EXP 	text: height = 0.2
433.9022 	EXP 	text: text = 8
434.3858 	EXP 	text: autoDraw = True
434.9033 	EXP 	text: autoDraw = False
434.9033 	EXP 	text: autoDraw = False
434.9033 	EXP 	image_5: image = 'condition_2/leftstar.PNG'
435.9202 	DATA 	Keypress: space
435.9937 	EXP 	image_5: autoDraw = True
436.4545 	EXP 	New trial (rep=0, index=20): {'stimuli': 1, 'star': 'condition_2/rightstar.PNG', 'CorrectAns': 'space'}
436.5499 	DATA 	Keypress: left
436.5629 	EXP 	image_5: autoDraw = False
436.5629 	EXP 	image_4: image = 'condition_2/fixation.png'
436.5629 	EXP 	image_4: autoDraw = True
436.9856 	EXP 	image_4: autoDraw = False
436.9856 	EXP 	text: height = 0.2
436.9856 	EXP 	text: height = 0.2
436.9856 	EXP 	text: height = 0.2
436.9856 	EXP 	text: text = 1
437.4691 	EXP 	text: autoDraw = True
437.9794 	EXP 	text: autoDraw = False
437.9794 	EXP 	text: autoDraw = False
437.9794 	EXP 	image_5: image = 'condition_2/rightstar.PNG'
439.0723 	EXP 	image_5: autoDraw = True
439.5708 	EXP 	New trial (rep=0, index=21): {'stimuli': 1, 'star': 'condition_2/leftstar.PNG', 'CorrectAns': 'space'}
439.6620 	DATA 	Keypress: right
439.6751 	EXP 	image_5: autoDraw = False
439.6751 	EXP 	image_4: image = 'condition_2/fixation.png'
439.6751 	EXP 	image_4: autoDraw = True
440.1791 	EXP 	image_4: autoDraw = False
440.1791 	EXP 	text: height = 0.2
440.1791 	EXP 	text: height = 0.2
440.1791 	EXP 	text: height = 0.2
440.1791 	EXP 	text: text = 1
440.5860 	EXP 	text: autoDraw = True
441.1020 	EXP 	text: autoDraw = False
441.1020 	EXP 	text: autoDraw = False
441.1020 	EXP 	image_5: image = 'condition_2/leftstar.PNG'
442.1896 	EXP 	image_5: autoDraw = True
443.0022 	EXP 	image_5: autoDraw = False
443.8036 	EXP 	New trial (rep=0, index=22): {'stimuli': 2, 'star': 'condition_2/rightstar.PNG', 'CorrectAns': 'space'}
443.8884 	DATA 	Keypress: space
443.9006 	EXP 	image_5: autoDraw = False
443.9006 	EXP 	image_4: image = 'condition_2/fixation.png'
443.9006 	EXP 	image_4: autoDraw = True
444.3358 	EXP 	image_4: autoDraw = False
444.3358 	EXP 	text: height = 0.2
444.3358 	EXP 	text: height = 0.2
444.3358 	EXP 	text: height = 0.2
444.3358 	EXP 	text: text = 2
444.8192 	EXP 	text: autoDraw = True
445.3330 	EXP 	text: autoDraw = False
445.3330 	EXP 	text: autoDraw = False
445.3330 	EXP 	image_5: image = 'condition_2/rightstar.PNG'
446.4072 	EXP 	image_5: autoDraw = True
447.0704 	EXP 	New trial (rep=0, index=23): {'stimuli': 1, 'star': 'condition_2/blank.PNG', 'CorrectAns': 'space'}
447.1634 	DATA 	Keypress: space
447.1772 	EXP 	image_5: autoDraw = False
447.1772 	EXP 	image_4: image = 'condition_2/fixation.png'
447.1772 	EXP 	image_4: autoDraw = True
447.6022 	EXP 	image_4: autoDraw = False
447.6022 	EXP 	text: height = 0.2
447.6022 	EXP 	text: height = 0.2
447.6022 	EXP 	text: height = 0.2
447.6022 	EXP 	text: text = 1
448.0859 	EXP 	text: autoDraw = True
448.4714 	EXP 	text: autoDraw = False
448.4714 	EXP 	text: autoDraw = False
448.4714 	EXP 	image_5: image = 'condition_2/blank.PNG'
449.6693 	EXP 	image_5: autoDraw = True
450.4689 	EXP 	image_5: autoDraw = False
451.5379 	EXP 	New trial (rep=0, index=24): {'stimuli': 2, 'star': 'condition_2/leftstar.PNG', 'CorrectAns': 'space'}
451.6316 	DATA 	Keypress: space
451.6446 	EXP 	image_5: autoDraw = False
451.6446 	EXP 	image_4: image = 'condition_2/fixation.png'
451.6446 	EXP 	image_4: autoDraw = True
452.0784 	EXP 	image_4: autoDraw = False
452.0784 	EXP 	text: height = 0.2
452.0784 	EXP 	text: height = 0.2
452.0784 	EXP 	text: height = 0.2
452.0784 	EXP 	text: text = 2
452.5526 	EXP 	text: autoDraw = True
453.0729 	EXP 	text: autoDraw = False
453.0729 	EXP 	text: autoDraw = False
453.0729 	EXP 	image_5: image = 'condition_2/leftstar.PNG'
453.5549 	DATA 	Keypress: space
454.1630 	EXP 	image_5: autoDraw = True
454.9692 	EXP 	image_5: autoDraw = False
455.3043 	EXP 	New trial (rep=1, index=0): {'stimuli': 8, 'star': 'condition_2/leftstar.PNG', 'CorrectAns': 'left'}
455.3931 	DATA 	Keypress: space
455.4061 	EXP 	image_5: autoDraw = False
455.4061 	EXP 	image_4: image = 'condition_2/fixation.png'
455.4061 	EXP 	image_4: autoDraw = True
455.8356 	EXP 	image_4: autoDraw = False
455.8356 	EXP 	text: height = 0.2
455.8356 	EXP 	text: height = 0.2
455.8356 	EXP 	text: height = 0.2
455.8356 	EXP 	text: text = 8
456.3192 	EXP 	text: autoDraw = True
456.8272 	EXP 	text: autoDraw = False
456.8272 	EXP 	text: autoDraw = False
456.8272 	EXP 	image_5: image = 'condition_2/leftstar.PNG'
457.9238 	EXP 	image_5: autoDraw = True
458.4556 	EXP 	New trial (rep=1, index=1): {'stimuli': 2, 'star': 'condition_2/leftstar.PNG', 'CorrectAns': 'space'}
458.5547 	DATA 	Keypress: left
458.5677 	EXP 	image_5: autoDraw = False
458.5677 	EXP 	image_4: image = 'condition_2/fixation.png'
458.5677 	EXP 	image_4: autoDraw = True
458.9856 	EXP 	image_4: autoDraw = False
458.9856 	EXP 	text: height = 0.2
458.9856 	EXP 	text: height = 0.2
458.9856 	EXP 	text: height = 0.2
458.9856 	EXP 	text: text = 2
459.4692 	EXP 	text: autoDraw = True
459.9681 	EXP 	text: autoDraw = False
459.9681 	EXP 	text: autoDraw = False
459.9681 	EXP 	image_5: image = 'condition_2/leftstar.PNG'
461.0742 	EXP 	image_5: autoDraw = True
461.4561 	EXP 	New trial (rep=1, index=2): {'stimuli': 2, 'star': 'condition_2/blank.PNG', 'CorrectAns': 'space'}
461.5535 	DATA 	Keypress: space
461.5665 	EXP 	image_5: autoDraw = False
461.5665 	EXP 	image_4: image = 'condition_2/fixation.png'
461.5665 	EXP 	image_4: autoDraw = True
461.9857 	EXP 	image_4: autoDraw = False
461.9857 	EXP 	text: height = 0.2
461.9857 	EXP 	text: height = 0.2
461.9857 	EXP 	text: height = 0.2
461.9857 	EXP 	text: text = 2
462.4691 	EXP 	text: autoDraw = True
462.8292 	EXP 	text: autoDraw = False
462.8292 	EXP 	text: autoDraw = False
462.8292 	EXP 	image_5: image = 'condition_2/blank.PNG'
462.9542 	DATA 	Keypress: space
464.0693 	EXP 	image_5: autoDraw = True
464.8690 	EXP 	image_5: autoDraw = False
465.1704 	EXP 	New trial (rep=1, index=3): {'stimuli': 9, 'star': 'condition_2/leftstar.PNG', 'CorrectAns': 'left'}
465.2530 	DATA 	Keypress: space
465.2656 	EXP 	image_5: autoDraw = False
465.2656 	EXP 	image_4: image = 'condition_2/fixation.png'
465.2656 	EXP 	image_4: autoDraw = True
465.7022 	EXP 	image_4: autoDraw = False
465.7022 	EXP 	text: height = 0.2
465.7022 	EXP 	text: height = 0.2
465.7022 	EXP 	text: height = 0.2
465.7022 	EXP 	text: text = 9
466.1858 	EXP 	text: autoDraw = True
466.7050 	EXP 	text: autoDraw = False
466.7050 	EXP 	text: autoDraw = False
466.7050 	EXP 	image_5: image = 'condition_2/leftstar.PNG'
467.7740 	EXP 	image_5: autoDraw = True
468.3704 	EXP 	New trial (rep=1, index=4): {'stimuli': 2, 'star': 'condition_2/rightstar.PNG', 'CorrectAns': 'space'}
468.4556 	DATA 	Keypress: left
468.4688 	EXP 	image_5: autoDraw = False
468.4688 	EXP 	image_4: image = 'condition_2/fixation.png'
468.4688 	EXP 	image_4: autoDraw = True
468.9226 	EXP 	image_4: autoDraw = False
468.9226 	EXP 	text: height = 0.2
468.9226 	EXP 	text: height = 0.2
468.9226 	EXP 	text: height = 0.2
468.9226 	EXP 	text: text = 2
469.3855 	EXP 	text: autoDraw = True
469.8954 	EXP 	text: autoDraw = False
469.8954 	EXP 	text: autoDraw = False
469.8954 	EXP 	image_5: image = 'condition_2/rightstar.PNG'
470.9743 	EXP 	image_5: autoDraw = True
471.7859 	EXP 	image_5: autoDraw = False
471.8218 	EXP 	New trial (rep=1, index=5): {'stimuli': 1, 'star': 'condition_2/leftstar.PNG', 'CorrectAns': 'space'}
471.9191 	DATA 	Keypress: space
471.9321 	EXP 	image_5: autoDraw = False
471.9321 	EXP 	image_4: image = 'condition_2/fixation.png'
471.9321 	EXP 	image_4: autoDraw = True
472.3523 	EXP 	image_4: autoDraw = False
472.3523 	EXP 	text: height = 0.2
472.3523 	EXP 	text: height = 0.2
472.3523 	EXP 	text: height = 0.2
472.3523 	EXP 	text: text = 1
472.8355 	EXP 	text: autoDraw = True
473.3310 	EXP 	text: autoDraw = False
473.3310 	EXP 	text: autoDraw = False
473.3310 	EXP 	image_5: image = 'condition_2/leftstar.PNG'
473.4709 	DATA 	Keypress: space
474.4408 	EXP 	image_5: autoDraw = True
475.2522 	EXP 	image_5: autoDraw = False
476.1203 	EXP 	New trial (rep=1, index=6): {'stimuli': 2, 'star': 'condition_2/rightstar.PNG', 'CorrectAns': 'space'}
476.2062 	DATA 	Keypress: space
476.2192 	EXP 	image_5: autoDraw = False
476.2192 	EXP 	image_4: image = 'condition_2/fixation.png'
476.2192 	EXP 	image_4: autoDraw = True
476.6523 	EXP 	image_4: autoDraw = False
476.6523 	EXP 	text: height = 0.2
476.6523 	EXP 	text: height = 0.2
476.6523 	EXP 	text: height = 0.2
476.6523 	EXP 	text: text = 2
477.1192 	EXP 	text: autoDraw = True
477.6181 	EXP 	text: autoDraw = False
477.6181 	EXP 	text: autoDraw = False
477.6181 	EXP 	image_5: image = 'condition_2/rightstar.PNG'
477.6190 	DATA 	Keypress: space
478.7241 	EXP 	image_5: autoDraw = True
479.3055 	EXP 	New trial (rep=1, index=7): {'stimuli': 1, 'star': 'condition_2/blank.PNG', 'CorrectAns': 'space'}
479.4022 	DATA 	Keypress: space
479.4152 	EXP 	image_5: autoDraw = False
479.4152 	EXP 	image_4: image = 'condition_2/fixation.png'
479.4152 	EXP 	image_4: autoDraw = True
479.8357 	EXP 	image_4: autoDraw = False
479.8357 	EXP 	text: height = 0.2
479.8357 	EXP 	text: height = 0.2
479.8357 	EXP 	text: height = 0.2
479.8357 	EXP 	text: text = 1
480.3192 	EXP 	text: autoDraw = True
480.7070 	EXP 	text: autoDraw = False
480.7070 	EXP 	text: autoDraw = False
480.7070 	EXP 	image_5: image = 'condition_2/blank.PNG'
480.7699 	DATA 	Keypress: space
481.9193 	EXP 	image_5: autoDraw = True
482.7193 	EXP 	image_5: autoDraw = False
482.8054 	EXP 	New trial (rep=1, index=8): {'stimuli': 8, 'star': 'condition_2/rightstar.PNG', 'CorrectAns': 'right'}
482.9043 	DATA 	Keypress: space
482.9171 	EXP 	image_5: autoDraw = False
482.9171 	EXP 	image_4: image = 'condition_2/fixation.png'
482.9171 	EXP 	image_4: autoDraw = True
483.3356 	EXP 	image_4: autoDraw = False
483.3356 	EXP 	text: height = 0.2
483.3356 	EXP 	text: height = 0.2
483.3356 	EXP 	text: height = 0.2
483.3356 	EXP 	text: text = 8
483.8192 	EXP 	text: autoDraw = True
484.3293 	EXP 	text: autoDraw = False
484.3293 	EXP 	text: autoDraw = False
484.3293 	EXP 	image_5: image = 'condition_2/rightstar.PNG'
484.5214 	DATA 	Keypress: space
485.4241 	EXP 	image_5: autoDraw = True
486.0894 	EXP 	New trial (rep=1, index=9): {'stimuli': 9, 'star': 'condition_2/blank.PNG', 'CorrectAns': 'space'}
486.1908 	DATA 	Keypress: right
486.2038 	EXP 	image_5: autoDraw = False
486.2038 	EXP 	image_4: image = 'condition_2/fixation.png'
486.2038 	EXP 	image_4: autoDraw = True
486.6192 	EXP 	image_4: autoDraw = False
486.6192 	EXP 	text: height = 0.2
486.6192 	EXP 	text: height = 0.2
486.6192 	EXP 	text: height = 0.2
486.6192 	EXP 	text: text = 9
487.1021 	EXP 	text: autoDraw = True
487.4729 	EXP 	text: autoDraw = False
487.4729 	EXP 	text: autoDraw = False
487.4729 	EXP 	image_5: image = 'condition_2/blank.PNG'
488.7025 	EXP 	image_5: autoDraw = True
489.5023 	EXP 	image_5: autoDraw = False
490.4381 	EXP 	New trial (rep=1, index=10): {'stimuli': 9, 'star': 'condition_2/leftstar.PNG', 'CorrectAns': 'left'}
490.5573 	DATA 	Keypress: space
490.5702 	EXP 	image_5: autoDraw = False
490.5702 	EXP 	image_4: image = 'condition_2/fixation.png'
490.5702 	EXP 	image_4: autoDraw = True
490.9694 	EXP 	image_4: autoDraw = False
490.9694 	EXP 	text: height = 0.2
490.9694 	EXP 	text: height = 0.2
490.9694 	EXP 	text: height = 0.2
490.9694 	EXP 	text: text = 9
491.4528 	EXP 	text: autoDraw = True
491.9773 	EXP 	text: autoDraw = False
491.9773 	EXP 	text: autoDraw = False
491.9773 	EXP 	image_5: image = 'condition_2/leftstar.PNG'
493.0637 	EXP 	image_5: autoDraw = True
493.8690 	EXP 	image_5: autoDraw = False
494.0209 	EXP 	New trial (rep=1, index=11): {'stimuli': 9, 'star': 'condition_2/leftstar.PNG', 'CorrectAns': 'left'}
494.1170 	DATA 	Keypress: left
494.1296 	EXP 	image_5: autoDraw = False
494.1296 	EXP 	image_4: image = 'condition_2/fixation.png'
494.1296 	EXP 	image_4: autoDraw = True
494.5522 	EXP 	image_4: autoDraw = False
494.5522 	EXP 	text: height = 0.2
494.5522 	EXP 	text: height = 0.2
494.5522 	EXP 	text: height = 0.2
494.5522 	EXP 	text: text = 9
495.0358 	EXP 	text: autoDraw = True
495.5467 	EXP 	text: autoDraw = False
495.5467 	EXP 	text: autoDraw = False
495.5467 	EXP 	image_5: image = 'condition_2/leftstar.PNG'
496.6399 	EXP 	image_5: autoDraw = True
497.0881 	EXP 	New trial (rep=1, index=12): {'stimuli': 9, 'star': 'condition_2/rightstar.PNG', 'CorrectAns': 'right'}
497.1816 	DATA 	Keypress: left
497.1948 	EXP 	image_5: autoDraw = False
497.1948 	EXP 	image_4: image = 'condition_2/fixation.png'
497.1948 	EXP 	image_4: autoDraw = True
497.6192 	EXP 	image_4: autoDraw = False
497.6192 	EXP 	text: height = 0.2
497.6192 	EXP 	text: height = 0.2
497.6192 	EXP 	text: height = 0.2
497.6192 	EXP 	text: text = 9
498.1028 	EXP 	text: autoDraw = True
498.6123 	EXP 	text: autoDraw = False
498.6123 	EXP 	text: autoDraw = False
498.6123 	EXP 	image_5: image = 'condition_2/rightstar.PNG'
499.7071 	EXP 	image_5: autoDraw = True
500.1369 	EXP 	New trial (rep=1, index=13): {'stimuli': 8, 'star': 'condition_2/rightstar.PNG', 'CorrectAns': 'right'}
500.2236 	DATA 	Keypress: right
500.2366 	EXP 	image_5: autoDraw = False
500.2366 	EXP 	image_4: image = 'condition_2/fixation.png'
500.2366 	EXP 	image_4: autoDraw = True
500.6690 	EXP 	image_4: autoDraw = False
500.6690 	EXP 	text: height = 0.2
500.6690 	EXP 	text: height = 0.2
500.6690 	EXP 	text: height = 0.2
500.6690 	EXP 	text: text = 8
501.1359 	EXP 	text: autoDraw = True
501.6469 	EXP 	text: autoDraw = False
501.6469 	EXP 	text: autoDraw = False
501.6469 	EXP 	image_5: image = 'condition_2/rightstar.PNG'
502.7558 	EXP 	image_5: autoDraw = True
503.3705 	EXP 	New trial (rep=1, index=14): {'stimuli': 9, 'star': 'condition_2/rightstar.PNG', 'CorrectAns': 'right'}
503.4559 	DATA 	Keypress: right
503.4689 	EXP 	image_5: autoDraw = False
503.4689 	EXP 	image_4: image = 'condition_2/fixation.png'
503.4689 	EXP 	image_4: autoDraw = True
503.9023 	EXP 	image_4: autoDraw = False
503.9023 	EXP 	text: height = 0.2
503.9023 	EXP 	text: height = 0.2
503.9023 	EXP 	text: height = 0.2
503.9023 	EXP 	text: text = 9
504.3695 	EXP 	text: autoDraw = True
504.8840 	EXP 	text: autoDraw = False
504.8840 	EXP 	text: autoDraw = False
504.8840 	EXP 	image_5: image = 'condition_2/rightstar.PNG'
505.9905 	EXP 	image_5: autoDraw = True
506.4391 	EXP 	New trial (rep=1, index=15): {'stimuli': 8, 'star': 'condition_2/blank.PNG', 'CorrectAns': 'space'}
506.5353 	DATA 	Keypress: right
506.5483 	EXP 	image_5: autoDraw = False
506.5483 	EXP 	image_4: image = 'condition_2/fixation.png'
506.5483 	EXP 	image_4: autoDraw = True
506.9690 	EXP 	image_4: autoDraw = False
506.9690 	EXP 	text: height = 0.2
506.9690 	EXP 	text: height = 0.2
506.9690 	EXP 	text: height = 0.2
506.9690 	EXP 	text: text = 8
507.4521 	EXP 	text: autoDraw = True
507.8435 	EXP 	text: autoDraw = False
507.8435 	EXP 	text: autoDraw = False
507.8435 	EXP 	image_5: image = 'condition_2/blank.PNG'
509.0524 	EXP 	image_5: autoDraw = True
509.8523 	EXP 	image_5: autoDraw = False
510.4547 	EXP 	New trial (rep=1, index=16): {'stimuli': 2, 'star': 'condition_2/leftstar.PNG', 'CorrectAns': 'space'}
510.5525 	DATA 	Keypress: space
510.5655 	EXP 	image_5: autoDraw = False
510.5655 	EXP 	image_4: image = 'condition_2/fixation.png'
510.5655 	EXP 	image_4: autoDraw = True
511.0137 	EXP 	image_4: autoDraw = False
511.0137 	EXP 	text: height = 0.2
511.0137 	EXP 	text: height = 0.2
511.0137 	EXP 	text: height = 0.2
511.0137 	EXP 	text: text = 2
511.4693 	EXP 	text: autoDraw = True
511.9795 	EXP 	text: autoDraw = False
511.9795 	EXP 	text: autoDraw = False
511.9795 	EXP 	image_5: image = 'condition_2/leftstar.PNG'
512.1873 	DATA 	Keypress: space
513.0733 	EXP 	image_5: autoDraw = True
513.8857 	EXP 	image_5: autoDraw = False
513.9202 	EXP 	New trial (rep=1, index=17): {'stimuli': 8, 'star': 'condition_2/leftstar.PNG', 'CorrectAns': 'left'}
514.0064 	DATA 	Keypress: space
514.0194 	EXP 	image_5: autoDraw = False
514.0194 	EXP 	image_4: image = 'condition_2/fixation.png'
514.0194 	EXP 	image_4: autoDraw = True
514.4528 	EXP 	image_4: autoDraw = False
514.4528 	EXP 	text: height = 0.2
514.4528 	EXP 	text: height = 0.2
514.4528 	EXP 	text: height = 0.2
514.4528 	EXP 	text: text = 8
514.9193 	EXP 	text: autoDraw = True
515.4280 	EXP 	text: autoDraw = False
515.4280 	EXP 	text: autoDraw = False
515.4280 	EXP 	image_5: image = 'condition_2/leftstar.PNG'
516.5399 	EXP 	image_5: autoDraw = True
516.9212 	DATA 	Keypress: left
516.9382 	EXP 	New trial (rep=1, index=18): {'stimuli': 8, 'star': 'condition_2/blank.PNG', 'CorrectAns': 'space'}
517.0437 	EXP 	image_5: autoDraw = False
517.0437 	EXP 	image_4: image = 'condition_2/fixation.png'
517.0437 	EXP 	image_4: autoDraw = True
517.4691 	EXP 	image_4: autoDraw = False
517.4691 	EXP 	text: height = 0.2
517.4691 	EXP 	text: height = 0.2
517.4691 	EXP 	text: height = 0.2
517.4691 	EXP 	text: text = 8
517.9524 	EXP 	text: autoDraw = True
518.3140 	EXP 	text: autoDraw = False
518.3140 	EXP 	text: autoDraw = False
518.3140 	EXP 	image_5: image = 'condition_2/blank.PNG'
519.5525 	EXP 	image_5: autoDraw = True
520.2717 	EXP 	New trial (rep=1, index=19): {'stimuli': 1, 'star': 'condition_2/rightstar.PNG', 'CorrectAns': 'space'}
520.3669 	DATA 	Keypress: space
520.3800 	EXP 	image_5: autoDraw = False
520.3800 	EXP 	image_4: image = 'condition_2/fixation.png'
520.3800 	EXP 	image_4: autoDraw = True
520.8024 	EXP 	image_4: autoDraw = False
520.8024 	EXP 	text: height = 0.2
520.8024 	EXP 	text: height = 0.2
520.8024 	EXP 	text: height = 0.2
520.8024 	EXP 	text: text = 1
521.2858 	EXP 	text: autoDraw = True
521.7932 	EXP 	text: autoDraw = False
521.7932 	EXP 	text: autoDraw = False
521.7932 	EXP 	image_5: image = 'condition_2/rightstar.PNG'
522.2209 	DATA 	Keypress: space
522.8906 	EXP 	image_5: autoDraw = True
523.4870 	EXP 	New trial (rep=1, index=20): {'stimuli': 8, 'star': 'condition_2/rightstar.PNG', 'CorrectAns': 'right'}
523.5742 	DATA 	Keypress: space
523.5878 	EXP 	image_5: autoDraw = False
523.5878 	EXP 	image_4: image = 'condition_2/fixation.png'
523.5878 	EXP 	image_4: autoDraw = True
524.0191 	EXP 	image_4: autoDraw = False
524.0191 	EXP 	text: height = 0.2
524.0191 	EXP 	text: height = 0.2
524.0191 	EXP 	text: height = 0.2
524.0191 	EXP 	text: text = 8
524.4858 	EXP 	text: autoDraw = True
524.9966 	EXP 	text: autoDraw = False
524.9966 	EXP 	text: autoDraw = False
524.9966 	EXP 	image_5: image = 'condition_2/rightstar.PNG'
526.0922 	EXP 	image_5: autoDraw = True
526.4870 	EXP 	New trial (rep=1, index=21): {'stimuli': 1, 'star': 'condition_2/leftstar.PNG', 'CorrectAns': 'space'}
526.5721 	DATA 	Keypress: right
526.5852 	EXP 	image_5: autoDraw = False
526.5852 	EXP 	image_4: image = 'condition_2/fixation.png'
526.5852 	EXP 	image_4: autoDraw = True
527.0188 	EXP 	image_4: autoDraw = False
527.0188 	EXP 	text: height = 0.2
527.0188 	EXP 	text: height = 0.2
527.0188 	EXP 	text: height = 0.2
527.0188 	EXP 	text: text = 1
527.5024 	EXP 	text: autoDraw = True
528.0110 	EXP 	text: autoDraw = False
528.0110 	EXP 	text: autoDraw = False
528.0110 	EXP 	image_5: image = 'condition_2/leftstar.PNG'
528.2876 	DATA 	Keypress: space
529.0904 	EXP 	image_5: autoDraw = True
529.6533 	EXP 	New trial (rep=1, index=22): {'stimuli': 1, 'star': 'condition_2/leftstar.PNG', 'CorrectAns': 'space'}
529.7396 	DATA 	Keypress: space
529.7521 	EXP 	image_5: autoDraw = False
529.7521 	EXP 	image_4: image = 'condition_2/fixation.png'
529.7521 	EXP 	image_4: autoDraw = True
530.2111 	EXP 	image_4: autoDraw = False
530.2111 	EXP 	text: height = 0.2
530.2111 	EXP 	text: height = 0.2
530.2111 	EXP 	text: height = 0.2
530.2111 	EXP 	text: text = 1
530.6525 	EXP 	text: autoDraw = True
531.1644 	EXP 	text: autoDraw = False
531.1644 	EXP 	text: autoDraw = False
531.1644 	EXP 	image_5: image = 'condition_2/leftstar.PNG'
531.3712 	DATA 	Keypress: space
531.8546 	DATA 	Keypress: space
532.2569 	EXP 	image_5: autoDraw = True
532.9537 	EXP 	New trial (rep=1, index=23): {'stimuli': 2, 'star': 'condition_2/rightstar.PNG', 'CorrectAns': 'space'}
533.0431 	DATA 	Keypress: space
533.0568 	EXP 	image_5: autoDraw = False
533.0568 	EXP 	image_4: image = 'condition_2/fixation.png'
533.0568 	EXP 	image_4: autoDraw = True
533.4857 	EXP 	image_4: autoDraw = False
533.4857 	EXP 	text: height = 0.2
533.4857 	EXP 	text: height = 0.2
533.4857 	EXP 	text: height = 0.2
533.4857 	EXP 	text: text = 2
533.9693 	EXP 	text: autoDraw = True
534.4762 	EXP 	text: autoDraw = False
534.4762 	EXP 	text: autoDraw = False
534.4762 	EXP 	image_5: image = 'condition_2/rightstar.PNG'
534.7205 	DATA 	Keypress: space
535.0198 	DATA 	Keypress: space
535.5718 	EXP 	image_5: autoDraw = True
535.9370 	EXP 	New trial (rep=1, index=24): {'stimuli': 1, 'star': 'condition_2/rightstar.PNG', 'CorrectAns': 'space'}
536.0279 	DATA 	Keypress: space
536.0413 	EXP 	image_5: autoDraw = False
536.0413 	EXP 	image_4: image = 'condition_2/fixation.png'
536.0413 	EXP 	image_4: autoDraw = True
536.4690 	EXP 	image_4: autoDraw = False
536.4690 	EXP 	text: height = 0.2
536.4690 	EXP 	text: height = 0.2
536.4690 	EXP 	text: height = 0.2
536.4690 	EXP 	text: text = 1
536.9524 	EXP 	text: autoDraw = True
537.4590 	EXP 	text: autoDraw = False
537.4590 	EXP 	text: autoDraw = False
537.4590 	EXP 	image_5: image = 'condition_2/rightstar.PNG'
537.5710 	DATA 	Keypress: space
538.4710 	DATA 	Keypress: space
538.5406 	EXP 	image_5: autoDraw = True
539.0893 	DATA 	Keypress: space
539.1026 	EXP 	image_5: autoDraw = False
539.1027 	EXP 	untitled: status = STOPPED
539.1886 	EXP 	window1: mouseVisible = True
