10.9410 	WARNING 	User requested fullscreen with size [1024  768], but screen is actually [1920, 1080]. Using actual size
12.0343 	EXP 	Created window1 = Window(allowGUI=True, allowStencil=False, autoLog=True, backendConf=UNKNOWN, backgroundFit=<method-wrapper '__getattribute__' of attributeSetter object at 0x000001504BFBFBE0>, backgroundImage=<method-wrapper '__getattribute__' of attributeSetter object at 0x000001504BFBFB80>, bitsMode=UNKNOWN, blendMode='avg', bpc=(8, 8, 8), color=array([0, 0, 0]), colorSpace='rgb', depthBits=8, fullscr=<method-wrapper '__getattribute__' of attributeSetter object at 0x000001504BFBF9D0>, gamma=None, gammaErrorPolicy='raise', lms=UNKNOWN, monitor=<psychopy.monitors.calibTools.Monitor object at 0x000001504C17F0D0>, multiSample=False, name='window1', numSamples=2, pos=(0, 0), screen=0, size=array([1920, 1080]), stencilBits=0, stereo=False, title='PsychoPy', units='height', useFBO=True, useRetina=False, viewOri=0.0, viewPos=None, viewScale=None, waitBlanking=True, winType='pyglet')
12.0344 	EXP 	window1: mouseVisible = True
12.0344 	EXP 	window1: backgroundImage = ''
12.0344 	EXP 	window1: backgroundFit = 'none'
12.0360 	EXP 	window1: Attempting to measure frame rate of screen (0) ...
12.0360 	EXP 	window1: recordFrameIntervals = False
12.2007 	EXP 	window1: recordFrameIntervals = True
12.3842 	EXP 	Screen (0) actual frame rate measured at 59.97Hz
12.3842 	EXP 	window1: recordFrameIntervals = False
12.3843 	EXP 	window1: mouseVisible = False
14.0929 	EXP 	untitled: status = STARTED
14.0933 	EXP 	window1: mouseVisible = True
14.2356 	EXP 	Created text_9 = TextStim(__class__=<class 'psychopy.visual.text.TextStim'>, alignHoriz=method-wrapper(...), alignText='center', alignVert=method-wrapper(...), anchorHoriz='center', anchorVert='center', antialias=True, autoDraw=False, autoLog=True, bold=False, color=array([1., 1., 1.]), colorSpace='rgb', contrast=1.0, depth=0.0, draggable=False, flipHoriz=False, flipVert=False, font='Open Sans', fontFiles=[], height=0.05, italic=False, languageStyle='LTR', name='text_9', opacity=1.0, ori=0.0, pos=array([0., 0.]), rgb=UNKNOWN, text=str(...), units='height', win=Window(...), wrapWidth=1)
14.2357 	EXP 	window1: mouseVisible = True
14.2638 	EXP 	Created text_6 = TextStim(__class__=<class 'psychopy.visual.text.TextStim'>, alignHoriz=method-wrapper(...), alignText='center', alignVert=method-wrapper(...), anchorHoriz='center', anchorVert='center', antialias=True, autoDraw=False, autoLog=True, bold=False, color=array([1., 1., 1.]), colorSpace='rgb', contrast=1.0, depth=0.0, draggable=False, flipHoriz=False, flipVert=False, font='Open Sans', fontFiles=[], height=0.05, italic=False, languageStyle='LTR', name='text_6', opacity=1.0, ori=0.0, pos=array([0., 0.]), rgb=UNKNOWN, text=str(...), units='height', win=Window(...), wrapWidth=1)
14.2639 	EXP 	window1: mouseVisible = True
14.2803 	EXP 	Created image_6 = ImageStim(__class__=<class 'psychopy.visual.image.ImageStim'>, anchor=('center', 'center'), autoLog=True, color=array([1., 1., 1.]), colorSpace='rgb', contrast=1.0, depth=0.0, draggable=False, flipHoriz=False, flipVert=False, image='default.png', interpolate=True, mask=None, maskParams=None, name='image_6', opacity=1.0, ori=0.0, pos=array([0., 0.]), size=array([2.5, 1.5]), texRes=128.0, units='height', win=Window(...))
14.2804 	EXP 	window1: mouseVisible = True
14.2819 	EXP 	Created text_4 = TextStim(__class__=<class 'psychopy.visual.text.TextStim'>, alignHoriz=method-wrapper(...), alignText='center', alignVert=method-wrapper(...), anchorHoriz='center', anchorVert='center', antialias=True, autoDraw=False, autoLog=True, bold=False, color=array([1., 1., 1.]), colorSpace='rgb', contrast=1.0, depth=0.0, draggable=False, flipHoriz=False, flipVert=False, font='Open Sans', fontFiles=[], height=0.2, italic=False, languageStyle='LTR', name='text_4', opacity=1.0, ori=0.0, pos=array([0., 0.]), rgb=UNKNOWN, text='', units='height', win=Window(...), wrapWidth=1)
14.2819 	EXP 	window1: mouseVisible = True
14.2954 	EXP 	Created image_7 = ImageStim(__class__=<class 'psychopy.visual.image.ImageStim'>, anchor=('center', 'center'), autoLog=True, color=array([1., 1., 1.]), colorSpace='rgb', contrast=1.0, depth=0.0, draggable=False, flipHoriz=False, flipVert=False, image='default.png', interpolate=True, mask=None, maskParams=None, name='image_7', opacity=1.0, ori=0.0, pos=array([0., 0.]), size=array([2.5, 1.5]), texRes=128.0, units='height', win=Window(...))
14.2955 	EXP 	window1: mouseVisible = True
14.3103 	EXP 	Created text_8 = TextStim(__class__=<class 'psychopy.visual.text.TextStim'>, alignHoriz=method-wrapper(...), alignText='center', alignVert=method-wrapper(...), anchorHoriz='center', anchorVert='center', antialias=True, autoDraw=False, autoLog=True, bold=False, color=array([1., 1., 1.]), colorSpace='rgb', contrast=1.0, depth=0.0, draggable=False, flipHoriz=False, flipVert=False, font='Open Sans', fontFiles=[], height=0.05, italic=False, languageStyle='LTR', name='text_8', opacity=1.0, ori=0.0, pos=array([0., 0.]), rgb=UNKNOWN, text='休息一下，下面进入正式测试啦！\n\n准备好可以按 空格 继续', units='height', win=Window(...), wrapWidth=1)
14.3105 	EXP 	window1: mouseVisible = True
14.3216 	EXP 	Created text_5 = TextStim(__class__=<class 'psychopy.visual.text.TextStim'>, alignHoriz=method-wrapper(...), alignText='center', alignVert=method-wrapper(...), anchorHoriz='center', anchorVert='center', antialias=True, autoDraw=False, autoLog=True, bold=False, color=array([1., 1., 1.]), colorSpace='rgb', contrast=1.0, depth=0.0, draggable=False, flipHoriz=False, flipVert=False, font='Open Sans', fontFiles=[], height=0.05, italic=False, languageStyle='LTR', name='text_5', opacity=1.0, ori=0.0, pos=array([0., 0.]), rgb=UNKNOWN, text=str(...), units='height', win=Window(...), wrapWidth=1)
14.3217 	EXP 	window1: mouseVisible = True
14.3316 	EXP 	Created image_3 = ImageStim(__class__=<class 'psychopy.visual.image.ImageStim'>, anchor=('center', 'center'), autoLog=True, color=array([1., 1., 1.]), colorSpace='rgb', contrast=1.0, depth=0.0, draggable=False, flipHoriz=False, flipVert=False, image='default.png', interpolate=True, mask=None, maskParams=None, name='image_3', opacity=1.0, ori=0.0, pos=array([0., 0.]), size=array([2.5, 1.5]), texRes=128.0, units='height', win=Window(...))
14.3317 	EXP 	window1: mouseVisible = True
14.3328 	EXP 	Created text_3 = TextStim(__class__=<class 'psychopy.visual.text.TextStim'>, alignHoriz=method-wrapper(...), alignText='center', alignVert=method-wrapper(...), anchorHoriz='center', anchorVert='center', antialias=True, autoDraw=False, autoLog=True, bold=False, color=array([1., 1., 1.]), colorSpace='rgb', contrast=1.0, depth=0.0, draggable=False, flipHoriz=False, flipVert=False, font='Open Sans', fontFiles=[], height=0.2, italic=False, languageStyle='LTR', name='text_3', opacity=1.0, ori=0.0, pos=array([0., 0.]), rgb=UNKNOWN, text='', units='height', win=Window(...), wrapWidth=1)
14.3329 	EXP 	window1: mouseVisible = True
14.3434 	EXP 	Created image_2 = ImageStim(__class__=<class 'psychopy.visual.image.ImageStim'>, anchor=('center', 'center'), autoLog=True, color=array([1., 1., 1.]), colorSpace='rgb', contrast=1.0, depth=0.0, draggable=False, flipHoriz=False, flipVert=False, image='default.png', interpolate=True, mask=None, maskParams=None, name='image_2', opacity=1.0, ori=0.0, pos=array([0., 0.]), size=array([2.5, 1.5]), texRes=128.0, units='height', win=Window(...))
14.3435 	EXP 	window1: mouseVisible = True
14.3590 	EXP 	Created text_10 = TextStim(__class__=<class 'psychopy.visual.text.TextStim'>, alignHoriz=method-wrapper(...), alignText='center', alignVert=method-wrapper(...), anchorHoriz='center', anchorVert='center', antialias=True, autoDraw=False, autoLog=True, bold=False, color=array([1., 1., 1.]), colorSpace='rgb', contrast=1.0, depth=0.0, draggable=False, flipHoriz=False, flipVert=False, font='Open Sans', fontFiles=[], height=0.05, italic=False, languageStyle='LTR', name='text_10', opacity=1.0, ori=0.0, pos=array([0., 0.]), rgb=UNKNOWN, text=str(...), units='height', win=Window(...), wrapWidth=1)
14.3591 	EXP 	window1: mouseVisible = True
14.3698 	EXP 	Created text_7 = TextStim(__class__=<class 'psychopy.visual.text.TextStim'>, alignHoriz=method-wrapper(...), alignText='center', alignVert=method-wrapper(...), anchorHoriz='center', anchorVert='center', antialias=True, autoDraw=False, autoLog=True, bold=False, color=array([1., 1., 1.]), colorSpace='rgb', contrast=1.0, depth=0.0, draggable=False, flipHoriz=False, flipVert=False, font='Open Sans', fontFiles=[], height=0.05, italic=False, languageStyle='LTR', name='text_7', opacity=1.0, ori=0.0, pos=array([0., 0.]), rgb=UNKNOWN, text=str(...), units='height', win=Window(...), wrapWidth=1)
14.3699 	EXP 	window1: mouseVisible = True
14.3797 	EXP 	Created image_8 = ImageStim(__class__=<class 'psychopy.visual.image.ImageStim'>, anchor=('center', 'center'), autoLog=True, color=array([1., 1., 1.]), colorSpace='rgb', contrast=1.0, depth=0.0, draggable=False, flipHoriz=False, flipVert=False, image='default.png', interpolate=True, mask=None, maskParams=None, name='image_8', opacity=1.0, ori=0.0, pos=array([0., 0.]), size=array([0.5, 0.5]), texRes=128.0, units='height', win=Window(...))
14.3798 	EXP 	window1: mouseVisible = True
14.3810 	EXP 	Created text_11 = TextStim(__class__=<class 'psychopy.visual.text.TextStim'>, alignHoriz=method-wrapper(...), alignText='center', alignVert=method-wrapper(...), anchorHoriz='center', anchorVert='center', antialias=True, autoDraw=False, autoLog=True, bold=False, color=array([1., 1., 1.]), colorSpace='rgb', contrast=1.0, depth=0.0, draggable=False, flipHoriz=False, flipVert=False, font='Open Sans', fontFiles=[], height=0.05, italic=False, languageStyle='LTR', name='text_11', opacity=1.0, ori=0.0, pos=array([0., 0.]), rgb=UNKNOWN, text='', units='height', win=Window(...), wrapWidth=1)
14.3811 	EXP 	window1: mouseVisible = True
14.3914 	EXP 	Created image_9 = ImageStim(__class__=<class 'psychopy.visual.image.ImageStim'>, anchor=('center', 'center'), autoLog=True, color=array([1., 1., 1.]), colorSpace='rgb', contrast=1.0, depth=0.0, draggable=False, flipHoriz=False, flipVert=False, image='default.png', interpolate=True, mask=None, maskParams=None, name='image_9', opacity=1.0, ori=0.0, pos=array([0., 0.]), size=array([2.5, 1.5]), texRes=128.0, units='height', win=Window(...))
14.3915 	EXP 	window1: mouseVisible = True
14.3970 	EXP 	Created text_12 = TextStim(__class__=<class 'psychopy.visual.text.TextStim'>, alignHoriz=method-wrapper(...), alignText='center', alignVert=method-wrapper(...), anchorHoriz='center', anchorVert='center', antialias=True, autoDraw=False, autoLog=True, bold=False, color=array([1., 1., 1.]), colorSpace='rgb', contrast=1.0, depth=0.0, draggable=False, flipHoriz=False, flipVert=False, font='Open Sans', fontFiles=[], height=0.05, italic=False, languageStyle='LTR', name='text_12', opacity=1.0, ori=0.0, pos=array([0., 0.]), rgb=UNKNOWN, text='休息一下，下面进入正式测试啦！\n\n准备好可以按 空格 继续', units='height', win=Window(...), wrapWidth=1)
14.3971 	EXP 	window1: mouseVisible = True
14.4061 	EXP 	Created text_13 = TextStim(__class__=<class 'psychopy.visual.text.TextStim'>, alignHoriz=method-wrapper(...), alignText='center', alignVert=method-wrapper(...), anchorHoriz='center', anchorVert='center', antialias=True, autoDraw=False, autoLog=True, bold=False, color=array([1., 1., 1.]), colorSpace='rgb', contrast=1.0, depth=0.0, draggable=False, flipHoriz=False, flipVert=False, font='Open Sans', fontFiles=[], height=0.05, italic=False, languageStyle='LTR', name='text_13', opacity=1.0, ori=0.0, pos=array([0., 0.]), rgb=UNKNOWN, text=str(...), units='height', win=Window(...), wrapWidth=1)
14.4062 	EXP 	window1: mouseVisible = True
14.4190 	EXP 	Created image_4 = ImageStim(__class__=<class 'psychopy.visual.image.ImageStim'>, anchor=('center', 'center'), autoLog=True, color=array([1., 1., 1.]), colorSpace='rgb', contrast=1.0, depth=0.0, draggable=False, flipHoriz=False, flipVert=False, image='default.png', interpolate=True, mask=None, maskParams=None, name='image_4', opacity=1.0, ori=0.0, pos=array([0., 0.]), size=array([2.5, 1.5]), texRes=128.0, units='height', win=Window(...))
14.4192 	EXP 	window1: mouseVisible = True
14.4203 	EXP 	Created text = TextStim(__class__=<class 'psychopy.visual.text.TextStim'>, alignHoriz=method-wrapper(...), alignText='center', alignVert=method-wrapper(...), anchorHoriz='center', anchorVert='center', antialias=True, autoDraw=False, autoLog=True, bold=False, color=array([1., 1., 1.]), colorSpace='rgb', contrast=1.0, depth=0.0, draggable=False, flipHoriz=False, flipVert=False, font='Open Sans', fontFiles=[], height=0.2, italic=False, languageStyle='LTR', name='text', opacity=1.0, ori=0.0, pos=array([0., 0.]), rgb=UNKNOWN, text='', units='height', win=Window(...), wrapWidth=1)
14.4204 	EXP 	window1: mouseVisible = True
14.4326 	EXP 	Created image_5 = ImageStim(__class__=<class 'psychopy.visual.image.ImageStim'>, anchor=('center', 'center'), autoLog=True, color=array([1., 1., 1.]), colorSpace='rgb', contrast=1.0, depth=0.0, draggable=False, flipHoriz=False, flipVert=False, image='default.png', interpolate=True, mask=None, maskParams=None, name='image_5', opacity=1.0, ori=0.0, pos=array([0., 0.]), size=array([2.5, 1.5]), texRes=128.0, units='height', win=Window(...))
0.0179 	EXP 	text_9: autoDraw = True
3.9513 	EXP 	text_9: autoDraw = False
3.9513 	EXP 	text_6: autoDraw = True
23.8546 	EXP 	Imported test/data3.xlsx as conditions, 6 conditions, 3 params
23.8563 	EXP 	Created sequence: random, trialTypes=6, nReps=1, seed=None
23.8567 	EXP 	New trial (rep=0, index=0): {'stimuli': 8, 'star': 'test/rightstar.PNG', 'CorrectAns': 'space'}
23.9894 	EXP 	text_6: autoDraw = False
23.9894 	EXP 	image_6: image = 'test/fixation.png'
23.9894 	EXP 	image_6: autoDraw = True
24.3678 	EXP 	image_6: autoDraw = False
24.3678 	EXP 	text_4: height = 0.2
24.3678 	EXP 	text_4: height = 0.2
24.3678 	EXP 	text_4: height = 0.2
24.3678 	EXP 	text_4: text = 8
24.8515 	EXP 	text_4: autoDraw = True
25.3686 	EXP 	text_4: autoDraw = False
25.3686 	EXP 	text_4: autoDraw = False
25.3686 	EXP 	image_7: image = 'test/rightstar.PNG'
26.4675 	EXP 	image_7: autoDraw = True
27.2681 	EXP 	image_7: autoDraw = False
27.2879 	EXP 	New trial (rep=0, index=1): {'stimuli': 1, 'star': 'test/leftstar.PNG', 'CorrectAns': 'left'}
27.3982 	EXP 	image_7: autoDraw = False
27.3982 	EXP 	image_6: image = 'test/fixation.png'
27.3982 	EXP 	image_6: autoDraw = True
27.8183 	EXP 	image_6: autoDraw = False
27.8183 	EXP 	text_4: height = 0.2
27.8183 	EXP 	text_4: height = 0.2
27.8183 	EXP 	text_4: height = 0.2
27.8183 	EXP 	text_4: text = 1
28.3014 	EXP 	text_4: autoDraw = True
28.8120 	EXP 	text_4: autoDraw = False
28.8120 	EXP 	text_4: autoDraw = False
28.8120 	EXP 	image_7: image = 'test/leftstar.PNG'
29.9043 	EXP 	image_7: autoDraw = True
30.3359 	EXP 	New trial (rep=0, index=2): {'stimuli': 1, 'star': 'test/blank.PNG', 'CorrectAns': 'space'}
30.4371 	EXP 	image_7: autoDraw = False
30.4371 	EXP 	image_6: image = 'test/fixation.png'
30.4371 	EXP 	image_6: autoDraw = True
30.8683 	EXP 	image_6: autoDraw = False
30.8683 	EXP 	text_4: height = 0.2
30.8683 	EXP 	text_4: height = 0.2
30.8683 	EXP 	text_4: height = 0.2
30.8683 	EXP 	text_4: text = 1
31.3350 	EXP 	text_4: autoDraw = True
31.7185 	EXP 	text_4: autoDraw = False
31.7185 	EXP 	text_4: autoDraw = False
31.7185 	EXP 	image_7: image = 'test/blank.PNG'
32.9514 	EXP 	image_7: autoDraw = True
33.7514 	EXP 	image_7: autoDraw = False
34.0036 	EXP 	New trial (rep=0, index=3): {'stimuli': 2, 'star': 'test/leftstar.PNG', 'CorrectAns': 'left'}
34.1167 	EXP 	image_7: autoDraw = False
34.1167 	EXP 	image_6: image = 'test/fixation.png'
34.1167 	EXP 	image_6: autoDraw = True
34.5346 	EXP 	image_6: autoDraw = False
34.5346 	EXP 	text_4: height = 0.2
34.5346 	EXP 	text_4: height = 0.2
34.5346 	EXP 	text_4: height = 0.2
34.5346 	EXP 	text_4: text = 2
35.0183 	EXP 	text_4: autoDraw = True
35.5325 	EXP 	text_4: autoDraw = False
35.5325 	EXP 	text_4: autoDraw = False
35.5325 	EXP 	image_7: image = 'test/leftstar.PNG'
36.6228 	EXP 	image_7: autoDraw = True
37.1859 	EXP 	New trial (rep=0, index=4): {'stimuli': 9, 'star': 'test/rightstar.PNG', 'CorrectAns': 'space'}
37.2868 	EXP 	image_7: autoDraw = False
37.2868 	EXP 	image_6: image = 'test/fixation.png'
37.2868 	EXP 	image_6: autoDraw = True
37.7177 	EXP 	image_6: autoDraw = False
37.7177 	EXP 	text_4: height = 0.2
37.7177 	EXP 	text_4: height = 0.2
37.7177 	EXP 	text_4: height = 0.2
37.7177 	EXP 	text_4: text = 9
38.1848 	EXP 	text_4: autoDraw = True
38.6830 	EXP 	text_4: autoDraw = False
38.6830 	EXP 	text_4: autoDraw = False
38.6830 	EXP 	image_7: image = 'test/rightstar.PNG'
39.7897 	EXP 	image_7: autoDraw = True
39.8542 	EXP 	New trial (rep=0, index=5): {'stimuli': 8, 'star': 'test/rightstar.PNG', 'CorrectAns': 'space'}
39.9600 	EXP 	image_7: autoDraw = False
39.9600 	EXP 	image_6: image = 'test/fixation.png'
39.9600 	EXP 	image_6: autoDraw = True
40.3877 	EXP 	image_6: autoDraw = False
40.3877 	EXP 	text_4: height = 0.2
40.3877 	EXP 	text_4: height = 0.2
40.3877 	EXP 	text_4: height = 0.2
40.3877 	EXP 	text_4: text = 8
40.8682 	EXP 	text_4: autoDraw = True
41.3747 	EXP 	text_4: autoDraw = False
41.3747 	EXP 	text_4: autoDraw = False
41.3747 	EXP 	image_7: image = 'test/rightstar.PNG'
42.4726 	EXP 	image_7: autoDraw = True
43.2855 	EXP 	image_7: autoDraw = False
43.8348 	EXP 	image_7: autoDraw = False
43.8348 	EXP 	text_8: autoDraw = True
46.0678 	EXP 	text_8: autoDraw = False
46.0678 	EXP 	text_5: autoDraw = True
47.8541 	EXP 	Imported condition_1/data.xlsx as conditions, 25 conditions, 3 params
47.8547 	EXP 	Created sequence: random, trialTypes=25, nReps=2, seed=None
47.8549 	EXP 	New trial (rep=0, index=0): {'stimuli': 1, 'star': 'condition_1/rightstar.PNG', 'CorrectAns': 'right'}
47.9584 	EXP 	text_5: autoDraw = False
47.9584 	EXP 	image_3: image = 'condition_1/fixation.png'
47.9584 	EXP 	image_3: autoDraw = True
48.3684 	EXP 	image_3: autoDraw = False
48.3684 	EXP 	text_3: height = 0.2
48.3684 	EXP 	text_3: height = 0.2
48.3684 	EXP 	text_3: height = 0.2
48.3684 	EXP 	text_3: text = 1
48.8351 	EXP 	text_3: autoDraw = True
49.3558 	EXP 	text_3: autoDraw = False
49.3558 	EXP 	text_3: autoDraw = False
49.3558 	EXP 	image_2: image = 'condition_1/rightstar.PNG'
50.4665 	EXP 	image_2: autoDraw = True
50.9195 	EXP 	New trial (rep=0, index=1): {'stimuli': 9, 'star': 'condition_1/leftstar.PNG', 'CorrectAns': 'space'}
51.0203 	EXP 	image_2: autoDraw = False
51.0203 	EXP 	image_3: image = 'condition_1/fixation.png'
51.0203 	EXP 	image_3: autoDraw = True
51.4518 	EXP 	image_3: autoDraw = False
51.4518 	EXP 	text_3: height = 0.2
51.4518 	EXP 	text_3: height = 0.2
51.4518 	EXP 	text_3: height = 0.2
51.4518 	EXP 	text_3: text = 9
51.9186 	EXP 	text_3: autoDraw = True
52.4294 	EXP 	text_3: autoDraw = False
52.4294 	EXP 	text_3: autoDraw = False
52.4294 	EXP 	image_2: image = 'condition_1/leftstar.PNG'
53.5386 	EXP 	image_2: autoDraw = True
53.7861 	EXP 	New trial (rep=0, index=2): {'stimuli': 8, 'star': 'condition_1/rightstar.PNG', 'CorrectAns': 'space'}
53.8946 	EXP 	image_2: autoDraw = False
53.8946 	EXP 	image_3: image = 'condition_1/fixation.png'
53.8946 	EXP 	image_3: autoDraw = True
54.3180 	EXP 	image_3: autoDraw = False
54.3180 	EXP 	text_3: height = 0.2
54.3180 	EXP 	text_3: height = 0.2
54.3180 	EXP 	text_3: height = 0.2
54.3180 	EXP 	text_3: text = 8
54.8010 	EXP 	text_3: autoDraw = True
55.3098 	EXP 	text_3: autoDraw = False
55.3098 	EXP 	text_3: autoDraw = False
55.3098 	EXP 	image_2: image = 'condition_1/rightstar.PNG'
56.3898 	EXP 	image_2: autoDraw = True
56.5382 	EXP 	New trial (rep=0, index=3): {'stimuli': 2, 'star': 'condition_1/rightstar.PNG', 'CorrectAns': 'left'}
56.6502 	EXP 	image_2: autoDraw = False
56.6502 	EXP 	image_3: image = 'condition_1/fixation.png'
56.6502 	EXP 	image_3: autoDraw = True
57.0723 	EXP 	image_3: autoDraw = False
57.0723 	EXP 	text_3: height = 0.2
57.0723 	EXP 	text_3: height = 0.2
57.0723 	EXP 	text_3: height = 0.2
57.0723 	EXP 	text_3: text = 2
57.5515 	EXP 	text_3: autoDraw = True
58.0611 	EXP 	text_3: autoDraw = False
58.0611 	EXP 	text_3: autoDraw = False
58.0611 	EXP 	image_2: image = 'condition_1/rightstar.PNG'
59.1539 	EXP 	image_2: autoDraw = True
59.7860 	EXP 	New trial (rep=0, index=4): {'stimuli': 8, 'star': 'condition_1/leftstar.PNG', 'CorrectAns': 'space'}
59.8839 	EXP 	image_2: autoDraw = False
59.8839 	EXP 	image_3: image = 'condition_1/fixation.png'
59.8839 	EXP 	image_3: autoDraw = True
60.3180 	EXP 	image_3: autoDraw = False
60.3180 	EXP 	text_3: height = 0.2
60.3180 	EXP 	text_3: height = 0.2
60.3180 	EXP 	text_3: height = 0.2
60.3180 	EXP 	text_3: text = 8
60.8014 	EXP 	text_3: autoDraw = True
61.3110 	EXP 	text_3: autoDraw = False
61.3110 	EXP 	text_3: autoDraw = False
61.3110 	EXP 	image_2: image = 'condition_1/leftstar.PNG'
62.4054 	EXP 	image_2: autoDraw = True
63.2179 	EXP 	image_2: autoDraw = False
65.6038 	EXP 	New trial (rep=0, index=5): {'stimuli': 2, 'star': 'condition_1/rightstar.PNG', 'CorrectAns': 'right'}
65.7147 	EXP 	image_2: autoDraw = False
65.7147 	EXP 	image_3: image = 'condition_1/fixation.png'
65.7147 	EXP 	image_3: autoDraw = True
66.1353 	EXP 	image_3: autoDraw = False
66.1353 	EXP 	text_3: height = 0.2
66.1353 	EXP 	text_3: height = 0.2
66.1353 	EXP 	text_3: height = 0.2
66.1353 	EXP 	text_3: text = 2
66.6184 	EXP 	text_3: autoDraw = True
67.1268 	EXP 	text_3: autoDraw = False
67.1268 	EXP 	text_3: autoDraw = False
67.1268 	EXP 	image_2: image = 'condition_1/rightstar.PNG'
68.2227 	EXP 	image_2: autoDraw = True
68.6878 	EXP 	New trial (rep=0, index=6): {'stimuli': 1, 'star': 'condition_1/leftstar.PNG', 'CorrectAns': 'left'}
68.7983 	EXP 	image_2: autoDraw = False
68.7983 	EXP 	image_3: image = 'condition_1/fixation.png'
68.7983 	EXP 	image_3: autoDraw = True
69.2179 	EXP 	image_3: autoDraw = False
69.2179 	EXP 	text_3: height = 0.2
69.2179 	EXP 	text_3: height = 0.2
69.2179 	EXP 	text_3: height = 0.2
69.2179 	EXP 	text_3: text = 1
69.7014 	EXP 	text_3: autoDraw = True
70.2083 	EXP 	text_3: autoDraw = False
70.2083 	EXP 	text_3: autoDraw = False
70.2083 	EXP 	image_2: image = 'condition_1/leftstar.PNG'
71.3052 	EXP 	image_2: autoDraw = True
71.7869 	EXP 	New trial (rep=0, index=7): {'stimuli': 2, 'star': 'condition_1/leftstar.PNG', 'CorrectAns': 'left'}
71.8939 	EXP 	image_2: autoDraw = False
71.8939 	EXP 	image_3: image = 'condition_1/fixation.png'
71.8939 	EXP 	image_3: autoDraw = True
72.3181 	EXP 	image_3: autoDraw = False
72.3181 	EXP 	text_3: height = 0.2
72.3181 	EXP 	text_3: height = 0.2
72.3181 	EXP 	text_3: height = 0.2
72.3181 	EXP 	text_3: text = 2
72.8014 	EXP 	text_3: autoDraw = True
73.3079 	EXP 	text_3: autoDraw = False
73.3079 	EXP 	text_3: autoDraw = False
73.3079 	EXP 	image_2: image = 'condition_1/leftstar.PNG'
74.4044 	EXP 	image_2: autoDraw = True
74.8693 	EXP 	New trial (rep=0, index=8): {'stimuli': 8, 'star': 'condition_1/rightstar.PNG', 'CorrectAns': 'space'}
74.9677 	EXP 	image_2: autoDraw = False
74.9677 	EXP 	image_3: image = 'condition_1/fixation.png'
74.9677 	EXP 	image_3: autoDraw = True
75.4011 	EXP 	image_3: autoDraw = False
75.4011 	EXP 	text_3: height = 0.2
75.4011 	EXP 	text_3: height = 0.2
75.4011 	EXP 	text_3: height = 0.2
75.4011 	EXP 	text_3: text = 8
75.8847 	EXP 	text_3: autoDraw = True
76.3996 	EXP 	text_3: autoDraw = False
76.3996 	EXP 	text_3: autoDraw = False
76.3996 	EXP 	image_2: image = 'condition_1/rightstar.PNG'
77.4886 	EXP 	image_2: autoDraw = True
78.1360 	EXP 	New trial (rep=0, index=9): {'stimuli': 1, 'star': 'condition_1/rightstar.PNG', 'CorrectAns': 'right'}
78.2386 	EXP 	image_2: autoDraw = False
78.2386 	EXP 	image_3: image = 'condition_1/fixation.png'
78.2386 	EXP 	image_3: autoDraw = True
78.6774 	EXP 	image_3: autoDraw = False
78.6774 	EXP 	text_3: height = 0.2
78.6774 	EXP 	text_3: height = 0.2
78.6774 	EXP 	text_3: height = 0.2
78.6774 	EXP 	text_3: text = 1
79.1349 	EXP 	text_3: autoDraw = True
79.6497 	EXP 	text_3: autoDraw = False
79.6497 	EXP 	text_3: autoDraw = False
79.6497 	EXP 	image_2: image = 'condition_1/rightstar.PNG'
80.7403 	EXP 	image_2: autoDraw = True
81.3193 	EXP 	New trial (rep=0, index=10): {'stimuli': 9, 'star': 'condition_1/leftstar.PNG', 'CorrectAns': 'space'}
81.4171 	EXP 	image_2: autoDraw = False
81.4171 	EXP 	image_3: image = 'condition_1/fixation.png'
81.4171 	EXP 	image_3: autoDraw = True
81.8513 	EXP 	image_3: autoDraw = False
81.8513 	EXP 	text_3: height = 0.2
81.8513 	EXP 	text_3: height = 0.2
81.8513 	EXP 	text_3: height = 0.2
81.8513 	EXP 	text_3: text = 9
82.3184 	EXP 	text_3: autoDraw = True
82.8305 	EXP 	text_3: autoDraw = False
82.8305 	EXP 	text_3: autoDraw = False
82.8305 	EXP 	image_2: image = 'condition_1/leftstar.PNG'
83.9227 	EXP 	image_2: autoDraw = True
84.3379 	EXP 	New trial (rep=0, index=11): {'stimuli': 8, 'star': 'condition_1/leftstar.PNG', 'CorrectAns': 'space'}
84.4494 	EXP 	image_2: autoDraw = False
84.4494 	EXP 	image_3: image = 'condition_1/fixation.png'
84.4494 	EXP 	image_3: autoDraw = True
84.8680 	EXP 	image_3: autoDraw = False
84.8680 	EXP 	text_3: height = 0.2
84.8680 	EXP 	text_3: height = 0.2
84.8680 	EXP 	text_3: height = 0.2
84.8680 	EXP 	text_3: text = 8
85.3514 	EXP 	text_3: autoDraw = True
85.8574 	EXP 	text_3: autoDraw = False
85.8574 	EXP 	text_3: autoDraw = False
85.8574 	EXP 	image_2: image = 'condition_1/leftstar.PNG'
86.9569 	EXP 	image_2: autoDraw = True
87.3690 	EXP 	New trial (rep=0, index=12): {'stimuli': 8, 'star': 'condition_1/rightstar.PNG', 'CorrectAns': 'space'}
87.4662 	EXP 	image_2: autoDraw = False
87.4662 	EXP 	image_3: image = 'condition_1/fixation.png'
87.4662 	EXP 	image_3: autoDraw = True
87.9014 	EXP 	image_3: autoDraw = False
87.9014 	EXP 	text_3: height = 0.2
87.9014 	EXP 	text_3: height = 0.2
87.9014 	EXP 	text_3: height = 0.2
87.9014 	EXP 	text_3: text = 8
88.3848 	EXP 	text_3: autoDraw = True
88.8925 	EXP 	text_3: autoDraw = False
88.8925 	EXP 	text_3: autoDraw = False
88.8925 	EXP 	image_2: image = 'condition_1/rightstar.PNG'
89.9717 	EXP 	image_2: autoDraw = True
90.2857 	EXP 	New trial (rep=0, index=13): {'stimuli': 9, 'star': 'condition_1/leftstar.PNG', 'CorrectAns': 'space'}
90.3834 	EXP 	image_2: autoDraw = False
90.3834 	EXP 	image_3: image = 'condition_1/fixation.png'
90.3834 	EXP 	image_3: autoDraw = True
90.8180 	EXP 	image_3: autoDraw = False
90.8180 	EXP 	text_3: height = 0.2
90.8180 	EXP 	text_3: height = 0.2
90.8180 	EXP 	text_3: height = 0.2
90.8180 	EXP 	text_3: text = 9
91.3012 	EXP 	text_3: autoDraw = True
91.8094 	EXP 	text_3: autoDraw = False
91.8094 	EXP 	text_3: autoDraw = False
91.8094 	EXP 	image_2: image = 'condition_1/leftstar.PNG'
92.8892 	EXP 	image_2: autoDraw = True
93.1874 	EXP 	New trial (rep=0, index=14): {'stimuli': 2, 'star': 'condition_1/blank.PNG', 'CorrectAns': 'space'}
93.2990 	EXP 	image_2: autoDraw = False
93.2990 	EXP 	image_3: image = 'condition_1/fixation.png'
93.2990 	EXP 	image_3: autoDraw = True
93.7180 	EXP 	image_3: autoDraw = False
93.7180 	EXP 	text_3: height = 0.2
93.7180 	EXP 	text_3: height = 0.2
93.7180 	EXP 	text_3: height = 0.2
93.7180 	EXP 	text_3: text = 2
94.2014 	EXP 	text_3: autoDraw = True
94.5849 	EXP 	text_3: autoDraw = False
94.5849 	EXP 	text_3: autoDraw = False
94.5849 	EXP 	image_2: image = 'condition_1/blank.PNG'
95.8018 	EXP 	image_2: autoDraw = True
96.2190 	EXP 	New trial (rep=0, index=15): {'stimuli': 2, 'star': 'condition_1/leftstar.PNG', 'CorrectAns': 'left'}
96.3200 	EXP 	image_2: autoDraw = False
96.3200 	EXP 	image_3: image = 'condition_1/fixation.png'
96.3200 	EXP 	image_3: autoDraw = True
96.7611 	EXP 	image_3: autoDraw = False
96.7611 	EXP 	text_3: height = 0.2
96.7611 	EXP 	text_3: height = 0.2
96.7611 	EXP 	text_3: height = 0.2
96.7611 	EXP 	text_3: text = 2
97.2185 	EXP 	text_3: autoDraw = True
97.7317 	EXP 	text_3: autoDraw = False
97.7317 	EXP 	text_3: autoDraw = False
97.7317 	EXP 	image_2: image = 'condition_1/leftstar.PNG'
98.8220 	EXP 	image_2: autoDraw = True
99.3857 	EXP 	New trial (rep=0, index=16): {'stimuli': 8, 'star': 'condition_1/blank.PNG', 'CorrectAns': 'space'}
99.4845 	EXP 	image_2: autoDraw = False
99.4845 	EXP 	image_3: image = 'condition_1/fixation.png'
99.4845 	EXP 	image_3: autoDraw = True
99.9185 	EXP 	image_3: autoDraw = False
99.9185 	EXP 	text_3: height = 0.2
99.9185 	EXP 	text_3: height = 0.2
99.9185 	EXP 	text_3: height = 0.2
99.9185 	EXP 	text_3: text = 8
100.3851 	EXP 	text_3: autoDraw = True
100.7592 	EXP 	text_3: autoDraw = False
100.7592 	EXP 	text_3: autoDraw = False
100.7592 	EXP 	image_2: image = 'condition_1/blank.PNG'
101.9847 	EXP 	image_2: autoDraw = True
102.2203 	EXP 	New trial (rep=0, index=17): {'stimuli': 2, 'star': 'condition_1/blank.PNG', 'CorrectAns': 'space'}
102.3322 	EXP 	image_2: autoDraw = False
102.3322 	EXP 	image_3: image = 'condition_1/fixation.png'
102.3322 	EXP 	image_3: autoDraw = True
102.7512 	EXP 	image_3: autoDraw = False
102.7512 	EXP 	text_3: height = 0.2
102.7512 	EXP 	text_3: height = 0.2
102.7512 	EXP 	text_3: height = 0.2
102.7512 	EXP 	text_3: text = 2
103.2349 	EXP 	text_3: autoDraw = True
103.5972 	EXP 	text_3: autoDraw = False
103.5972 	EXP 	text_3: autoDraw = False
103.5972 	EXP 	image_2: image = 'condition_1/blank.PNG'
104.8349 	EXP 	image_2: autoDraw = True
105.2877 	EXP 	New trial (rep=0, index=18): {'stimuli': 9, 'star': 'condition_1/rightstar.PNG', 'CorrectAns': 'space'}
105.4022 	EXP 	image_2: autoDraw = False
105.4022 	EXP 	image_3: image = 'condition_1/fixation.png'
105.4022 	EXP 	image_3: autoDraw = True
105.8179 	EXP 	image_3: autoDraw = False
105.8179 	EXP 	text_3: height = 0.2
105.8179 	EXP 	text_3: height = 0.2
105.8179 	EXP 	text_3: height = 0.2
105.8179 	EXP 	text_3: text = 9
106.3017 	EXP 	text_3: autoDraw = True
106.8246 	EXP 	text_3: autoDraw = False
106.8246 	EXP 	text_3: autoDraw = False
106.8246 	EXP 	image_2: image = 'condition_1/rightstar.PNG'
107.9111 	EXP 	image_2: autoDraw = True
108.3693 	EXP 	New trial (rep=0, index=19): {'stimuli': 9, 'star': 'condition_1/rightstar.PNG', 'CorrectAns': 'space'}
108.4685 	EXP 	image_2: autoDraw = False
108.4685 	EXP 	image_3: image = 'condition_1/fixation.png'
108.4685 	EXP 	image_3: autoDraw = True
108.9013 	EXP 	image_3: autoDraw = False
108.9013 	EXP 	text_3: height = 0.2
108.9013 	EXP 	text_3: height = 0.2
108.9013 	EXP 	text_3: height = 0.2
108.9013 	EXP 	text_3: text = 9
109.3849 	EXP 	text_3: autoDraw = True
109.8972 	EXP 	text_3: autoDraw = False
109.8972 	EXP 	text_3: autoDraw = False
109.8972 	EXP 	image_2: image = 'condition_1/rightstar.PNG'
110.9732 	EXP 	image_2: autoDraw = True
111.1358 	EXP 	New trial (rep=0, index=20): {'stimuli': 9, 'star': 'condition_1/blank.PNG', 'CorrectAns': 'space'}
111.2341 	EXP 	image_2: autoDraw = False
111.2341 	EXP 	image_3: image = 'condition_1/fixation.png'
111.2341 	EXP 	image_3: autoDraw = True
111.6685 	EXP 	image_3: autoDraw = False
111.6685 	EXP 	text_3: height = 0.2
111.6685 	EXP 	text_3: height = 0.2
111.6685 	EXP 	text_3: height = 0.2
111.6685 	EXP 	text_3: text = 9
112.1350 	EXP 	text_3: autoDraw = True
112.5271 	EXP 	text_3: autoDraw = False
112.5271 	EXP 	text_3: autoDraw = False
112.5271 	EXP 	image_2: image = 'condition_1/blank.PNG'
113.7346 	EXP 	image_2: autoDraw = True
114.5347 	EXP 	image_2: autoDraw = False
116.0030 	EXP 	New trial (rep=0, index=21): {'stimuli': 2, 'star': 'condition_1/leftstar.PNG', 'CorrectAns': 'left'}
116.1083 	EXP 	image_2: autoDraw = False
116.1083 	EXP 	image_3: image = 'condition_1/fixation.png'
116.1083 	EXP 	image_3: autoDraw = True
116.5401 	EXP 	image_3: autoDraw = False
116.5401 	EXP 	text_3: height = 0.2
116.5401 	EXP 	text_3: height = 0.2
116.5401 	EXP 	text_3: height = 0.2
116.5401 	EXP 	text_3: text = 2
117.0180 	EXP 	text_3: autoDraw = True
117.5483 	EXP 	text_3: autoDraw = False
117.5483 	EXP 	text_3: autoDraw = False
117.5483 	EXP 	image_2: image = 'condition_1/leftstar.PNG'
118.6238 	EXP 	image_2: autoDraw = True
119.0027 	EXP 	New trial (rep=0, index=22): {'stimuli': 1, 'star': 'condition_1/rightstar.PNG', 'CorrectAns': 'right'}
119.1014 	EXP 	image_2: autoDraw = False
119.1014 	EXP 	image_3: image = 'condition_1/fixation.png'
119.1014 	EXP 	image_3: autoDraw = True
119.5348 	EXP 	image_3: autoDraw = False
119.5348 	EXP 	text_3: height = 0.2
119.5348 	EXP 	text_3: height = 0.2
119.5348 	EXP 	text_3: height = 0.2
119.5348 	EXP 	text_3: text = 1
120.0181 	EXP 	text_3: autoDraw = True
120.5274 	EXP 	text_3: autoDraw = False
120.5274 	EXP 	text_3: autoDraw = False
120.5274 	EXP 	image_2: image = 'condition_1/rightstar.PNG'
121.6228 	EXP 	image_2: autoDraw = True
122.0025 	EXP 	New trial (rep=0, index=23): {'stimuli': 1, 'star': 'condition_1/blank.PNG', 'CorrectAns': 'space'}
122.1025 	EXP 	image_2: autoDraw = False
122.1025 	EXP 	image_3: image = 'condition_1/fixation.png'
122.1025 	EXP 	image_3: autoDraw = True
122.5346 	EXP 	image_3: autoDraw = False
122.5346 	EXP 	text_3: height = 0.2
122.5346 	EXP 	text_3: height = 0.2
122.5346 	EXP 	text_3: height = 0.2
122.5346 	EXP 	text_3: text = 1
123.0013 	EXP 	text_3: autoDraw = True
123.3674 	EXP 	text_3: autoDraw = False
123.3674 	EXP 	text_3: autoDraw = False
123.3674 	EXP 	image_2: image = 'condition_1/blank.PNG'
124.6015 	EXP 	image_2: autoDraw = True
125.4016 	EXP 	image_2: autoDraw = False
125.9877 	EXP 	New trial (rep=0, index=24): {'stimuli': 1, 'star': 'condition_1/leftstar.PNG', 'CorrectAns': 'left'}
126.1014 	EXP 	image_2: autoDraw = False
126.1014 	EXP 	image_3: image = 'condition_1/fixation.png'
126.1014 	EXP 	image_3: autoDraw = True
126.5180 	EXP 	image_3: autoDraw = False
126.5180 	EXP 	text_3: height = 0.2
126.5180 	EXP 	text_3: height = 0.2
126.5180 	EXP 	text_3: height = 0.2
126.5180 	EXP 	text_3: text = 1
127.0015 	EXP 	text_3: autoDraw = True
127.5111 	EXP 	text_3: autoDraw = False
127.5111 	EXP 	text_3: autoDraw = False
127.5111 	EXP 	image_2: image = 'condition_1/leftstar.PNG'
128.6063 	EXP 	image_2: autoDraw = True
128.9550 	EXP 	New trial (rep=1, index=0): {'stimuli': 2, 'star': 'condition_1/blank.PNG', 'CorrectAns': 'space'}
129.0686 	EXP 	image_2: autoDraw = False
129.0686 	EXP 	image_3: image = 'condition_1/fixation.png'
129.0686 	EXP 	image_3: autoDraw = True
129.4846 	EXP 	image_3: autoDraw = False
129.4846 	EXP 	text_3: height = 0.2
129.4846 	EXP 	text_3: height = 0.2
129.4846 	EXP 	text_3: height = 0.2
129.4846 	EXP 	text_3: text = 2
129.9679 	EXP 	text_3: autoDraw = True
130.3321 	EXP 	text_3: autoDraw = False
130.3321 	EXP 	text_3: autoDraw = False
130.3321 	EXP 	image_2: image = 'condition_1/blank.PNG'
131.5681 	EXP 	image_2: autoDraw = True
131.6871 	EXP 	New trial (rep=1, index=1): {'stimuli': 1, 'star': 'condition_1/rightstar.PNG', 'CorrectAns': 'right'}
131.8024 	EXP 	image_2: autoDraw = False
131.8024 	EXP 	image_3: image = 'condition_1/fixation.png'
131.8024 	EXP 	image_3: autoDraw = True
132.2182 	EXP 	image_3: autoDraw = False
132.2182 	EXP 	text_3: height = 0.2
132.2182 	EXP 	text_3: height = 0.2
132.2182 	EXP 	text_3: height = 0.2
132.2182 	EXP 	text_3: text = 1
132.7015 	EXP 	text_3: autoDraw = True
133.2142 	EXP 	text_3: autoDraw = False
133.2142 	EXP 	text_3: autoDraw = False
133.2142 	EXP 	image_2: image = 'condition_1/rightstar.PNG'
134.3057 	EXP 	image_2: autoDraw = True
134.7856 	EXP 	New trial (rep=1, index=2): {'stimuli': 9, 'star': 'condition_1/blank.PNG', 'CorrectAns': 'space'}
134.8843 	EXP 	image_2: autoDraw = False
134.8843 	EXP 	image_3: image = 'condition_1/fixation.png'
134.8843 	EXP 	image_3: autoDraw = True
135.3294 	EXP 	image_3: autoDraw = False
135.3294 	EXP 	text_3: height = 0.2
135.3294 	EXP 	text_3: height = 0.2
135.3294 	EXP 	text_3: height = 0.2
135.3294 	EXP 	text_3: text = 9
135.7848 	EXP 	text_3: autoDraw = True
136.1558 	EXP 	text_3: autoDraw = False
136.1558 	EXP 	text_3: autoDraw = False
136.1558 	EXP 	image_2: image = 'condition_1/blank.PNG'
137.3847 	EXP 	image_2: autoDraw = True
138.1846 	EXP 	image_2: autoDraw = False
138.4365 	EXP 	New trial (rep=1, index=3): {'stimuli': 8, 'star': 'condition_1/blank.PNG', 'CorrectAns': 'space'}
138.5388 	EXP 	image_2: autoDraw = False
138.5388 	EXP 	image_3: image = 'condition_1/fixation.png'
138.5388 	EXP 	image_3: autoDraw = True
138.9684 	EXP 	image_3: autoDraw = False
138.9684 	EXP 	text_3: height = 0.2
138.9684 	EXP 	text_3: height = 0.2
138.9684 	EXP 	text_3: height = 0.2
138.9684 	EXP 	text_3: text = 8
139.4518 	EXP 	text_3: autoDraw = True
139.8093 	EXP 	text_3: autoDraw = False
139.8093 	EXP 	text_3: autoDraw = False
139.8093 	EXP 	image_2: image = 'condition_1/blank.PNG'
141.0515 	EXP 	image_2: autoDraw = True
141.2376 	EXP 	New trial (rep=1, index=4): {'stimuli': 9, 'star': 'condition_1/rightstar.PNG', 'CorrectAns': 'space'}
141.3452 	EXP 	image_2: autoDraw = False
141.3452 	EXP 	image_3: image = 'condition_1/fixation.png'
141.3452 	EXP 	image_3: autoDraw = True
141.7679 	EXP 	image_3: autoDraw = False
141.7679 	EXP 	text_3: height = 0.2
141.7679 	EXP 	text_3: height = 0.2
141.7679 	EXP 	text_3: height = 0.2
141.7679 	EXP 	text_3: text = 9
142.2513 	EXP 	text_3: autoDraw = True
142.7696 	EXP 	text_3: autoDraw = False
142.7696 	EXP 	text_3: autoDraw = False
142.7696 	EXP 	image_2: image = 'condition_1/rightstar.PNG'
143.8612 	EXP 	image_2: autoDraw = True
144.1526 	EXP 	New trial (rep=1, index=5): {'stimuli': 2, 'star': 'condition_1/blank.PNG', 'CorrectAns': 'space'}
144.2509 	EXP 	image_2: autoDraw = False
144.2509 	EXP 	image_3: image = 'condition_1/fixation.png'
144.2509 	EXP 	image_3: autoDraw = True
144.6846 	EXP 	image_3: autoDraw = False
144.6846 	EXP 	text_3: height = 0.2
144.6846 	EXP 	text_3: height = 0.2
144.6846 	EXP 	text_3: height = 0.2
144.6846 	EXP 	text_3: text = 2
145.1518 	EXP 	text_3: autoDraw = True
145.5124 	EXP 	text_3: autoDraw = False
145.5124 	EXP 	text_3: autoDraw = False
145.5124 	EXP 	image_2: image = 'condition_1/blank.PNG'
146.7518 	EXP 	image_2: autoDraw = True
147.5191 	EXP 	New trial (rep=1, index=6): {'stimuli': 2, 'star': 'condition_1/leftstar.PNG', 'CorrectAns': 'left'}
147.6170 	EXP 	image_2: autoDraw = False
147.6170 	EXP 	image_3: image = 'condition_1/fixation.png'
147.6170 	EXP 	image_3: autoDraw = True
148.0518 	EXP 	image_3: autoDraw = False
148.0518 	EXP 	text_3: height = 0.2
148.0518 	EXP 	text_3: height = 0.2
148.0518 	EXP 	text_3: height = 0.2
148.0518 	EXP 	text_3: text = 2
148.5184 	EXP 	text_3: autoDraw = True
149.0270 	EXP 	text_3: autoDraw = False
149.0270 	EXP 	text_3: autoDraw = False
149.0270 	EXP 	image_2: image = 'condition_1/leftstar.PNG'
150.1219 	EXP 	image_2: autoDraw = True
150.6037 	EXP 	New trial (rep=1, index=7): {'stimuli': 8, 'star': 'condition_1/leftstar.PNG', 'CorrectAns': 'space'}
150.7063 	EXP 	image_2: autoDraw = False
150.7063 	EXP 	image_3: image = 'condition_1/fixation.png'
150.7063 	EXP 	image_3: autoDraw = True
151.1346 	EXP 	image_3: autoDraw = False
151.1346 	EXP 	text_3: height = 0.2
151.1346 	EXP 	text_3: height = 0.2
151.1346 	EXP 	text_3: height = 0.2
151.1346 	EXP 	text_3: text = 8
151.6181 	EXP 	text_3: autoDraw = True
152.1197 	EXP 	text_3: autoDraw = False
152.1197 	EXP 	text_3: autoDraw = False
152.1197 	EXP 	image_2: image = 'condition_1/leftstar.PNG'
153.2221 	EXP 	image_2: autoDraw = True
153.5702 	EXP 	New trial (rep=1, index=8): {'stimuli': 9, 'star': 'condition_1/leftstar.PNG', 'CorrectAns': 'space'}
153.6782 	EXP 	image_2: autoDraw = False
153.6782 	EXP 	image_3: image = 'condition_1/fixation.png'
153.6782 	EXP 	image_3: autoDraw = True
154.1090 	EXP 	image_3: autoDraw = False
154.1090 	EXP 	text_3: height = 0.2
154.1090 	EXP 	text_3: height = 0.2
154.1090 	EXP 	text_3: height = 0.2
154.1090 	EXP 	text_3: text = 9
154.5847 	EXP 	text_3: autoDraw = True
155.0919 	EXP 	text_3: autoDraw = False
155.0919 	EXP 	text_3: autoDraw = False
155.0919 	EXP 	image_2: image = 'condition_1/leftstar.PNG'
156.1884 	EXP 	image_2: autoDraw = True
156.6857 	EXP 	New trial (rep=1, index=9): {'stimuli': 1, 'star': 'condition_1/rightstar.PNG', 'CorrectAns': 'right'}
156.7879 	EXP 	image_2: autoDraw = False
156.7879 	EXP 	image_3: image = 'condition_1/fixation.png'
156.7879 	EXP 	image_3: autoDraw = True
157.2177 	EXP 	image_3: autoDraw = False
157.2177 	EXP 	text_3: height = 0.2
157.2177 	EXP 	text_3: height = 0.2
157.2177 	EXP 	text_3: height = 0.2
157.2177 	EXP 	text_3: text = 1
157.6849 	EXP 	text_3: autoDraw = True
158.1989 	EXP 	text_3: autoDraw = False
158.1989 	EXP 	text_3: autoDraw = False
158.1989 	EXP 	image_2: image = 'condition_1/rightstar.PNG'
159.2888 	EXP 	image_2: autoDraw = True
159.6870 	EXP 	New trial (rep=1, index=10): {'stimuli': 8, 'star': 'condition_1/rightstar.PNG', 'CorrectAns': 'space'}
159.7937 	EXP 	image_2: autoDraw = False
159.7937 	EXP 	image_3: image = 'condition_1/fixation.png'
159.7937 	EXP 	image_3: autoDraw = True
160.2179 	EXP 	image_3: autoDraw = False
160.2179 	EXP 	text_3: height = 0.2
160.2179 	EXP 	text_3: height = 0.2
160.2179 	EXP 	text_3: height = 0.2
160.2179 	EXP 	text_3: text = 8
160.7014 	EXP 	text_3: autoDraw = True
161.2093 	EXP 	text_3: autoDraw = False
161.2093 	EXP 	text_3: autoDraw = False
161.2093 	EXP 	image_2: image = 'condition_1/rightstar.PNG'
162.3054 	EXP 	image_2: autoDraw = True
163.0535 	EXP 	New trial (rep=1, index=11): {'stimuli': 9, 'star': 'condition_1/leftstar.PNG', 'CorrectAns': 'space'}
163.1637 	EXP 	image_2: autoDraw = False
163.1637 	EXP 	image_3: image = 'condition_1/fixation.png'
163.1637 	EXP 	image_3: autoDraw = True
163.5853 	EXP 	image_3: autoDraw = False
163.5853 	EXP 	text_3: height = 0.2
163.5853 	EXP 	text_3: height = 0.2
163.5853 	EXP 	text_3: height = 0.2
163.5853 	EXP 	text_3: text = 9
164.0684 	EXP 	text_3: autoDraw = True
164.5745 	EXP 	text_3: autoDraw = False
164.5745 	EXP 	text_3: autoDraw = False
164.5745 	EXP 	image_2: image = 'condition_1/leftstar.PNG'
165.6719 	EXP 	image_2: autoDraw = True
166.1704 	EXP 	New trial (rep=1, index=12): {'stimuli': 1, 'star': 'condition_1/blank.PNG', 'CorrectAns': 'space'}
166.2775 	EXP 	image_2: autoDraw = False
166.2775 	EXP 	image_3: image = 'condition_1/fixation.png'
166.2775 	EXP 	image_3: autoDraw = True
166.7014 	EXP 	image_3: autoDraw = False
166.7014 	EXP 	text_3: height = 0.2
166.7014 	EXP 	text_3: height = 0.2
166.7014 	EXP 	text_3: height = 0.2
166.7014 	EXP 	text_3: text = 1
167.1847 	EXP 	text_3: autoDraw = True
167.5605 	EXP 	text_3: autoDraw = False
167.5605 	EXP 	text_3: autoDraw = False
167.5605 	EXP 	image_2: image = 'condition_1/blank.PNG'
168.7844 	EXP 	image_2: autoDraw = True
169.5554 	EXP 	New trial (rep=1, index=13): {'stimuli': 8, 'star': 'condition_1/rightstar.PNG', 'CorrectAns': 'space'}
169.6677 	EXP 	image_2: autoDraw = False
169.6677 	EXP 	image_3: image = 'condition_1/fixation.png'
169.6677 	EXP 	image_3: autoDraw = True
170.0847 	EXP 	image_3: autoDraw = False
170.0847 	EXP 	text_3: height = 0.2
170.0847 	EXP 	text_3: height = 0.2
170.0847 	EXP 	text_3: height = 0.2
170.0847 	EXP 	text_3: text = 8
170.5680 	EXP 	text_3: autoDraw = True
171.0757 	EXP 	text_3: autoDraw = False
171.0757 	EXP 	text_3: autoDraw = False
171.0757 	EXP 	image_2: image = 'condition_1/rightstar.PNG'
172.1726 	EXP 	image_2: autoDraw = True
172.7044 	EXP 	New trial (rep=1, index=14): {'stimuli': 2, 'star': 'condition_1/leftstar.PNG', 'CorrectAns': 'left'}
172.8153 	EXP 	image_2: autoDraw = False
172.8153 	EXP 	image_3: image = 'condition_1/fixation.png'
172.8153 	EXP 	image_3: autoDraw = True
173.2506 	EXP 	image_3: autoDraw = False
173.2506 	EXP 	text_3: height = 0.2
173.2506 	EXP 	text_3: height = 0.2
173.2506 	EXP 	text_3: height = 0.2
173.2506 	EXP 	text_3: text = 2
173.7181 	EXP 	text_3: autoDraw = True
174.2108 	EXP 	text_3: autoDraw = False
174.2108 	EXP 	text_3: autoDraw = False
174.2108 	EXP 	image_2: image = 'condition_1/leftstar.PNG'
175.3226 	EXP 	image_2: autoDraw = True
175.6543 	EXP 	New trial (rep=1, index=15): {'stimuli': 8, 'star': 'condition_1/rightstar.PNG', 'CorrectAns': 'space'}
175.7668 	EXP 	image_2: autoDraw = False
175.7668 	EXP 	image_3: image = 'condition_1/fixation.png'
175.7668 	EXP 	image_3: autoDraw = True
176.1845 	EXP 	image_3: autoDraw = False
176.1845 	EXP 	text_3: height = 0.2
176.1845 	EXP 	text_3: height = 0.2
176.1845 	EXP 	text_3: height = 0.2
176.1845 	EXP 	text_3: text = 8
176.6682 	EXP 	text_3: autoDraw = True
177.1738 	EXP 	text_3: autoDraw = False
177.1738 	EXP 	text_3: autoDraw = False
177.1738 	EXP 	image_2: image = 'condition_1/rightstar.PNG'
178.2726 	EXP 	image_2: autoDraw = True
178.5693 	EXP 	New trial (rep=1, index=16): {'stimuli': 1, 'star': 'condition_1/leftstar.PNG', 'CorrectAns': 'left'}
178.6666 	EXP 	image_2: autoDraw = False
178.6666 	EXP 	image_3: image = 'condition_1/fixation.png'
178.6666 	EXP 	image_3: autoDraw = True
179.1011 	EXP 	image_3: autoDraw = False
179.1011 	EXP 	text_3: height = 0.2
179.1011 	EXP 	text_3: height = 0.2
179.1011 	EXP 	text_3: height = 0.2
179.1011 	EXP 	text_3: text = 1
179.5848 	EXP 	text_3: autoDraw = True
180.0804 	EXP 	text_3: autoDraw = False
180.0804 	EXP 	text_3: autoDraw = False
180.0804 	EXP 	image_2: image = 'condition_1/leftstar.PNG'
181.1890 	EXP 	image_2: autoDraw = True
181.7359 	EXP 	New trial (rep=1, index=17): {'stimuli': 8, 'star': 'condition_1/leftstar.PNG', 'CorrectAns': 'space'}
181.8341 	EXP 	image_2: autoDraw = False
181.8341 	EXP 	image_3: image = 'condition_1/fixation.png'
181.8341 	EXP 	image_3: autoDraw = True
182.2684 	EXP 	image_3: autoDraw = False
182.2684 	EXP 	text_3: height = 0.2
182.2684 	EXP 	text_3: height = 0.2
182.2684 	EXP 	text_3: height = 0.2
182.2684 	EXP 	text_3: text = 8
182.7351 	EXP 	text_3: autoDraw = True
183.2500 	EXP 	text_3: autoDraw = False
183.2500 	EXP 	text_3: autoDraw = False
183.2500 	EXP 	image_2: image = 'condition_1/leftstar.PNG'
184.3545 	EXP 	image_2: autoDraw = True
184.7526 	EXP 	New trial (rep=1, index=18): {'stimuli': 2, 'star': 'condition_1/rightstar.PNG', 'CorrectAns': 'left'}
184.8535 	EXP 	image_2: autoDraw = False
184.8535 	EXP 	image_3: image = 'condition_1/fixation.png'
184.8535 	EXP 	image_3: autoDraw = True
185.2847 	EXP 	image_3: autoDraw = False
185.2847 	EXP 	text_3: height = 0.2
185.2847 	EXP 	text_3: height = 0.2
185.2847 	EXP 	text_3: height = 0.2
185.2847 	EXP 	text_3: text = 2
185.7680 	EXP 	text_3: autoDraw = True
186.2745 	EXP 	text_3: autoDraw = False
186.2745 	EXP 	text_3: autoDraw = False
186.2745 	EXP 	image_2: image = 'condition_1/rightstar.PNG'
187.3558 	EXP 	image_2: autoDraw = True
187.9540 	EXP 	New trial (rep=1, index=19): {'stimuli': 2, 'star': 'condition_1/leftstar.PNG', 'CorrectAns': 'left'}
188.0612 	EXP 	image_2: autoDraw = False
188.0612 	EXP 	image_3: image = 'condition_1/fixation.png'
188.0612 	EXP 	image_3: autoDraw = True
188.4844 	EXP 	image_3: autoDraw = False
188.4844 	EXP 	text_3: height = 0.2
188.4844 	EXP 	text_3: height = 0.2
188.4844 	EXP 	text_3: height = 0.2
188.4844 	EXP 	text_3: text = 2
188.9681 	EXP 	text_3: autoDraw = True
189.4754 	EXP 	text_3: autoDraw = False
189.4754 	EXP 	text_3: autoDraw = False
189.4754 	EXP 	image_2: image = 'condition_1/leftstar.PNG'
190.5726 	EXP 	image_2: autoDraw = True
191.0858 	EXP 	New trial (rep=1, index=20): {'stimuli': 1, 'star': 'condition_1/leftstar.PNG', 'CorrectAns': 'left'}
191.1866 	EXP 	image_2: autoDraw = False
191.1866 	EXP 	image_3: image = 'condition_1/fixation.png'
191.1866 	EXP 	image_3: autoDraw = True
191.6332 	EXP 	image_3: autoDraw = False
191.6332 	EXP 	text_3: height = 0.2
191.6332 	EXP 	text_3: height = 0.2
191.6332 	EXP 	text_3: height = 0.2
191.6332 	EXP 	text_3: text = 1
192.0848 	EXP 	text_3: autoDraw = True
192.5924 	EXP 	text_3: autoDraw = False
192.5924 	EXP 	text_3: autoDraw = False
192.5924 	EXP 	image_2: image = 'condition_1/leftstar.PNG'
193.7042 	EXP 	image_2: autoDraw = True
194.3026 	EXP 	New trial (rep=1, index=21): {'stimuli': 2, 'star': 'condition_1/rightstar.PNG', 'CorrectAns': 'right'}
194.4027 	EXP 	image_2: autoDraw = False
194.4027 	EXP 	image_3: image = 'condition_1/fixation.png'
194.4027 	EXP 	image_3: autoDraw = True
194.8346 	EXP 	image_3: autoDraw = False
194.8346 	EXP 	text_3: height = 0.2
194.8346 	EXP 	text_3: height = 0.2
194.8346 	EXP 	text_3: height = 0.2
194.8346 	EXP 	text_3: text = 2
195.3178 	EXP 	text_3: autoDraw = True
195.8292 	EXP 	text_3: autoDraw = False
195.8292 	EXP 	text_3: autoDraw = False
195.8292 	EXP 	image_2: image = 'condition_1/rightstar.PNG'
196.9219 	EXP 	image_2: autoDraw = True
197.2870 	EXP 	New trial (rep=1, index=22): {'stimuli': 1, 'star': 'condition_1/rightstar.PNG', 'CorrectAns': 'right'}
197.3930 	EXP 	image_2: autoDraw = False
197.3930 	EXP 	image_3: image = 'condition_1/fixation.png'
197.3930 	EXP 	image_3: autoDraw = True
197.8179 	EXP 	image_3: autoDraw = False
197.8179 	EXP 	text_3: height = 0.2
197.8179 	EXP 	text_3: height = 0.2
197.8179 	EXP 	text_3: height = 0.2
197.8179 	EXP 	text_3: text = 1
198.3014 	EXP 	text_3: autoDraw = True
198.8017 	EXP 	text_3: autoDraw = False
198.8017 	EXP 	text_3: autoDraw = False
198.8017 	EXP 	image_2: image = 'condition_1/rightstar.PNG'
199.9052 	EXP 	image_2: autoDraw = True
200.4355 	EXP 	New trial (rep=1, index=23): {'stimuli': 9, 'star': 'condition_1/rightstar.PNG', 'CorrectAns': 'space'}
200.5323 	EXP 	image_2: autoDraw = False
200.5323 	EXP 	image_3: image = 'condition_1/fixation.png'
200.5323 	EXP 	image_3: autoDraw = True
200.9679 	EXP 	image_3: autoDraw = False
200.9679 	EXP 	text_3: height = 0.2
200.9679 	EXP 	text_3: height = 0.2
200.9679 	EXP 	text_3: height = 0.2
200.9679 	EXP 	text_3: text = 9
201.4347 	EXP 	text_3: autoDraw = True
201.9422 	EXP 	text_3: autoDraw = False
201.9422 	EXP 	text_3: autoDraw = False
201.9422 	EXP 	image_2: image = 'condition_1/rightstar.PNG'
203.0395 	EXP 	image_2: autoDraw = True
203.3691 	EXP 	New trial (rep=1, index=24): {'stimuli': 9, 'star': 'condition_1/leftstar.PNG', 'CorrectAns': 'space'}
203.4701 	EXP 	image_2: autoDraw = False
203.4701 	EXP 	image_3: image = 'condition_1/fixation.png'
203.4701 	EXP 	image_3: autoDraw = True
203.9013 	EXP 	image_3: autoDraw = False
203.9013 	EXP 	text_3: height = 0.2
203.9013 	EXP 	text_3: height = 0.2
203.9013 	EXP 	text_3: height = 0.2
203.9013 	EXP 	text_3: text = 9
204.3681 	EXP 	text_3: autoDraw = True
204.8879 	EXP 	text_3: autoDraw = False
204.8879 	EXP 	text_3: autoDraw = False
204.8879 	EXP 	image_2: image = 'condition_1/leftstar.PNG'
205.9727 	EXP 	image_2: autoDraw = True
206.4345 	EXP 	image_2: autoDraw = False
206.4345 	EXP 	text_10: autoDraw = True
239.0678 	EXP 	text_10: autoDraw = False
239.0678 	EXP 	text_7: autoDraw = True
245.4680 	EXP 	Imported test2/data4.xlsx as conditions, 6 conditions, 3 params
245.4689 	EXP 	Created sequence: random, trialTypes=6, nReps=1, seed=None
245.4692 	EXP 	New trial (rep=0, index=0): {'stimuli': 1, 'star': 'test2/leftstar.PNG', 'CorrectAns': 'space'}
245.5944 	EXP 	text_7: autoDraw = False
245.5944 	EXP 	image_8: image = 'test2/fixation.png'
245.5944 	EXP 	image_8: autoDraw = True
245.9681 	EXP 	image_8: autoDraw = False
245.9681 	EXP 	text_11: height = 0.05
245.9681 	EXP 	text_11: height = 0.05
245.9681 	EXP 	text_11: height = 0.05
245.9681 	EXP 	text_11: text = 1
246.4514 	EXP 	text_11: autoDraw = True
246.9712 	EXP 	text_11: autoDraw = False
246.9712 	EXP 	text_11: autoDraw = False
246.9712 	EXP 	image_9: image = 'test2/leftstar.PNG'
248.0632 	EXP 	image_9: autoDraw = True
248.8678 	EXP 	image_9: autoDraw = False
249.0358 	EXP 	New trial (rep=0, index=1): {'stimuli': 8, 'star': 'test2/rightstar.PNG', 'CorrectAns': 'right'}
249.1270 	EXP 	image_9: autoDraw = False
249.1270 	EXP 	image_8: image = 'test2/fixation.png'
249.1270 	EXP 	image_8: autoDraw = True
249.5679 	EXP 	image_8: autoDraw = False
249.5679 	EXP 	text_11: height = 0.05
249.5679 	EXP 	text_11: height = 0.05
249.5679 	EXP 	text_11: height = 0.05
249.5679 	EXP 	text_11: text = 8
250.0348 	EXP 	text_11: autoDraw = True
250.5450 	EXP 	text_11: autoDraw = False
250.5450 	EXP 	text_11: autoDraw = False
250.5450 	EXP 	image_9: image = 'test2/rightstar.PNG'
251.6393 	EXP 	image_9: autoDraw = True
252.1374 	EXP 	New trial (rep=0, index=2): {'stimuli': 9, 'star': 'test2/rightstar.PNG', 'CorrectAns': 'right'}
252.2415 	EXP 	image_9: autoDraw = False
252.2415 	EXP 	image_8: image = 'test2/fixation.png'
252.2415 	EXP 	image_8: autoDraw = True
252.6680 	EXP 	image_8: autoDraw = False
252.6680 	EXP 	text_11: height = 0.05
252.6680 	EXP 	text_11: height = 0.05
252.6680 	EXP 	text_11: height = 0.05
252.6680 	EXP 	text_11: text = 9
253.1511 	EXP 	text_11: autoDraw = True
253.6619 	EXP 	text_11: autoDraw = False
253.6619 	EXP 	text_11: autoDraw = False
253.6619 	EXP 	image_9: image = 'test2/rightstar.PNG'
254.7552 	EXP 	image_9: autoDraw = True
255.2529 	EXP 	New trial (rep=0, index=3): {'stimuli': 1, 'star': 'test2/blank.PNG', 'CorrectAns': 'space'}
255.3591 	EXP 	image_9: autoDraw = False
255.3591 	EXP 	image_8: image = 'test2/fixation.png'
255.3591 	EXP 	image_8: autoDraw = True
255.7847 	EXP 	image_8: autoDraw = False
255.7847 	EXP 	text_11: height = 0.05
255.7847 	EXP 	text_11: height = 0.05
255.7847 	EXP 	text_11: height = 0.05
255.7847 	EXP 	text_11: text = 1
256.2681 	EXP 	text_11: autoDraw = True
256.6441 	EXP 	text_11: autoDraw = False
256.6441 	EXP 	text_11: autoDraw = False
256.6441 	EXP 	image_9: image = 'test2/blank.PNG'
257.8680 	EXP 	image_9: autoDraw = True
258.3857 	EXP 	New trial (rep=0, index=4): {'stimuli': 2, 'star': 'test2/leftstar.PNG', 'CorrectAns': 'space'}
258.4771 	EXP 	image_9: autoDraw = False
258.4771 	EXP 	image_8: image = 'test2/fixation.png'
258.4771 	EXP 	image_8: autoDraw = True
258.9180 	EXP 	image_8: autoDraw = False
258.9180 	EXP 	text_11: height = 0.05
258.9180 	EXP 	text_11: height = 0.05
258.9180 	EXP 	text_11: height = 0.05
258.9180 	EXP 	text_11: text = 2
259.3847 	EXP 	text_11: autoDraw = True
259.8895 	EXP 	text_11: autoDraw = False
259.8895 	EXP 	text_11: autoDraw = False
259.8895 	EXP 	image_9: image = 'test2/leftstar.PNG'
260.9902 	EXP 	image_9: autoDraw = True
261.6718 	EXP 	New trial (rep=0, index=5): {'stimuli': 8, 'star': 'test2/leftstar.PNG', 'CorrectAns': 'left'}
261.7834 	EXP 	image_9: autoDraw = False
261.7834 	EXP 	image_8: image = 'test2/fixation.png'
261.7834 	EXP 	image_8: autoDraw = True
262.2015 	EXP 	image_8: autoDraw = False
262.2015 	EXP 	text_11: height = 0.05
262.2015 	EXP 	text_11: height = 0.05
262.2015 	EXP 	text_11: height = 0.05
262.2015 	EXP 	text_11: text = 8
262.6848 	EXP 	text_11: autoDraw = True
263.1860 	EXP 	text_11: autoDraw = False
263.1860 	EXP 	text_11: autoDraw = False
263.1860 	EXP 	image_9: image = 'test2/leftstar.PNG'
264.2891 	EXP 	image_9: autoDraw = True
265.1015 	EXP 	image_9: autoDraw = False
265.1851 	EXP 	image_9: autoDraw = False
265.1851 	EXP 	text_12: autoDraw = True
266.1851 	EXP 	text_12: autoDraw = False
270.5845 	EXP 	text_12: autoDraw = False
270.5845 	EXP 	text_13: autoDraw = True
271.5848 	EXP 	text_13: autoDraw = False
274.5740 	EXP 	Imported condition_2/data2.xlsx as conditions, 25 conditions, 3 params
274.5749 	EXP 	Created sequence: random, trialTypes=25, nReps=2, seed=None
274.5752 	EXP 	New trial (rep=0, index=0): {'stimuli': 1, 'star': 'condition_2/leftstar.PNG', 'CorrectAns': 'space'}
274.7075 	EXP 	text_13: autoDraw = False
274.7075 	EXP 	image_4: image = 'condition_2/fixation.png'
274.7075 	EXP 	image_4: autoDraw = True
275.0846 	EXP 	image_4: autoDraw = False
275.0846 	EXP 	text: height = 0.2
275.0846 	EXP 	text: height = 0.2
275.0846 	EXP 	text: height = 0.2
275.0846 	EXP 	text: text = 1
275.5681 	EXP 	text: autoDraw = True
276.0853 	EXP 	text: autoDraw = False
276.0853 	EXP 	text: autoDraw = False
276.0853 	EXP 	image_5: image = 'condition_2/leftstar.PNG'
277.1817 	EXP 	image_5: autoDraw = True
277.8362 	EXP 	New trial (rep=0, index=1): {'stimuli': 9, 'star': 'condition_2/leftstar.PNG', 'CorrectAns': 'left'}
277.9421 	EXP 	image_5: autoDraw = False
277.9421 	EXP 	image_4: image = 'condition_2/fixation.png'
277.9421 	EXP 	image_4: autoDraw = True
278.3679 	EXP 	image_4: autoDraw = False
278.3679 	EXP 	text: height = 0.2
278.3679 	EXP 	text: height = 0.2
278.3679 	EXP 	text: height = 0.2
278.3679 	EXP 	text: text = 9
278.8515 	EXP 	text: autoDraw = True
279.3637 	EXP 	text: autoDraw = False
279.3637 	EXP 	text: autoDraw = False
279.3637 	EXP 	image_5: image = 'condition_2/leftstar.PNG'
280.4552 	EXP 	image_5: autoDraw = True
280.8534 	EXP 	New trial (rep=0, index=2): {'stimuli': 1, 'star': 'condition_2/blank.PNG', 'CorrectAns': 'space'}
280.9588 	EXP 	image_5: autoDraw = False
280.9588 	EXP 	image_4: image = 'condition_2/fixation.png'
280.9588 	EXP 	image_4: autoDraw = True
281.3844 	EXP 	image_4: autoDraw = False
281.3844 	EXP 	text: height = 0.2
281.3844 	EXP 	text: height = 0.2
281.3844 	EXP 	text: height = 0.2
281.3844 	EXP 	text: text = 1
281.8680 	EXP 	text: autoDraw = True
282.2433 	EXP 	text: autoDraw = False
282.2433 	EXP 	text: autoDraw = False
282.2433 	EXP 	image_5: image = 'condition_2/blank.PNG'
283.4680 	EXP 	image_5: autoDraw = True
283.7370 	EXP 	New trial (rep=0, index=3): {'stimuli': 1, 'star': 'condition_2/rightstar.PNG', 'CorrectAns': 'space'}
283.8441 	EXP 	image_5: autoDraw = False
283.8441 	EXP 	image_4: image = 'condition_2/fixation.png'
283.8441 	EXP 	image_4: autoDraw = True
284.2679 	EXP 	image_4: autoDraw = False
284.2679 	EXP 	text: height = 0.2
284.2679 	EXP 	text: height = 0.2
284.2679 	EXP 	text: height = 0.2
284.2679 	EXP 	text: text = 1
284.7513 	EXP 	text: autoDraw = True
285.2675 	EXP 	text: autoDraw = False
285.2675 	EXP 	text: autoDraw = False
285.2675 	EXP 	image_5: image = 'condition_2/rightstar.PNG'
286.3552 	EXP 	image_5: autoDraw = True
286.9536 	EXP 	New trial (rep=0, index=4): {'stimuli': 8, 'star': 'condition_2/rightstar.PNG', 'CorrectAns': 'right'}
287.0636 	EXP 	image_5: autoDraw = False
287.0636 	EXP 	image_4: image = 'condition_2/fixation.png'
287.0636 	EXP 	image_4: autoDraw = True
287.4847 	EXP 	image_4: autoDraw = False
287.4847 	EXP 	text: height = 0.2
287.4847 	EXP 	text: height = 0.2
287.4847 	EXP 	text: height = 0.2
287.4847 	EXP 	text: text = 8
287.9680 	EXP 	text: autoDraw = True
288.4753 	EXP 	text: autoDraw = False
288.4753 	EXP 	text: autoDraw = False
288.4753 	EXP 	image_5: image = 'condition_2/rightstar.PNG'
289.5718 	EXP 	image_5: autoDraw = True
289.9525 	EXP 	New trial (rep=0, index=5): {'stimuli': 2, 'star': 'condition_2/leftstar.PNG', 'CorrectAns': 'space'}
290.0516 	EXP 	image_5: autoDraw = False
290.0516 	EXP 	image_4: image = 'condition_2/fixation.png'
290.0516 	EXP 	image_4: autoDraw = True
290.4850 	EXP 	image_4: autoDraw = False
290.4850 	EXP 	text: height = 0.2
290.4850 	EXP 	text: height = 0.2
290.4850 	EXP 	text: height = 0.2
290.4850 	EXP 	text: text = 2
290.9517 	EXP 	text: autoDraw = True
291.4628 	EXP 	text: autoDraw = False
291.4628 	EXP 	text: autoDraw = False
291.4628 	EXP 	image_5: image = 'condition_2/leftstar.PNG'
292.5719 	EXP 	image_5: autoDraw = True
293.0025 	EXP 	New trial (rep=0, index=6): {'stimuli': 9, 'star': 'condition_2/rightstar.PNG', 'CorrectAns': 'right'}
293.0996 	EXP 	image_5: autoDraw = False
293.0996 	EXP 	image_4: image = 'condition_2/fixation.png'
293.0996 	EXP 	image_4: autoDraw = True
293.5346 	EXP 	image_4: autoDraw = False
293.5346 	EXP 	text: height = 0.2
293.5346 	EXP 	text: height = 0.2
293.5346 	EXP 	text: height = 0.2
293.5346 	EXP 	text: text = 9
294.0180 	EXP 	text: autoDraw = True
294.5264 	EXP 	text: autoDraw = False
294.5264 	EXP 	text: autoDraw = False
294.5264 	EXP 	image_5: image = 'condition_2/rightstar.PNG'
295.6057 	EXP 	image_5: autoDraw = True
296.0040 	EXP 	New trial (rep=0, index=7): {'stimuli': 1, 'star': 'condition_2/leftstar.PNG', 'CorrectAns': 'space'}
296.1171 	EXP 	image_5: autoDraw = False
296.1171 	EXP 	image_4: image = 'condition_2/fixation.png'
296.1171 	EXP 	image_4: autoDraw = True
296.5346 	EXP 	image_4: autoDraw = False
296.5346 	EXP 	text: height = 0.2
296.5346 	EXP 	text: height = 0.2
296.5346 	EXP 	text: height = 0.2
296.5346 	EXP 	text: text = 1
297.0182 	EXP 	text: autoDraw = True
297.5265 	EXP 	text: autoDraw = False
297.5265 	EXP 	text: autoDraw = False
297.5265 	EXP 	image_5: image = 'condition_2/leftstar.PNG'
298.6226 	EXP 	image_5: autoDraw = True
299.1546 	EXP 	New trial (rep=0, index=8): {'stimuli': 2, 'star': 'condition_2/leftstar.PNG', 'CorrectAns': 'space'}
299.2624 	EXP 	image_5: autoDraw = False
299.2624 	EXP 	image_4: image = 'condition_2/fixation.png'
299.2624 	EXP 	image_4: autoDraw = True
299.6951 	EXP 	image_4: autoDraw = False
299.6951 	EXP 	text: height = 0.2
299.6951 	EXP 	text: height = 0.2
299.6951 	EXP 	text: height = 0.2
299.6951 	EXP 	text: text = 2
300.1683 	EXP 	text: autoDraw = True
300.6615 	EXP 	text: autoDraw = False
300.6615 	EXP 	text: autoDraw = False
300.6615 	EXP 	image_5: image = 'condition_2/leftstar.PNG'
301.7712 	EXP 	image_5: autoDraw = True
302.1193 	EXP 	New trial (rep=0, index=9): {'stimuli': 1, 'star': 'condition_2/leftstar.PNG', 'CorrectAns': 'space'}
302.2185 	EXP 	image_5: autoDraw = False
302.2185 	EXP 	image_4: image = 'condition_2/fixation.png'
302.2185 	EXP 	image_4: autoDraw = True
302.6513 	EXP 	image_4: autoDraw = False
302.6513 	EXP 	text: height = 0.2
302.6513 	EXP 	text: height = 0.2
302.6513 	EXP 	text: height = 0.2
302.6513 	EXP 	text: text = 1
303.1347 	EXP 	text: autoDraw = True
303.6462 	EXP 	text: autoDraw = False
303.6462 	EXP 	text: autoDraw = False
303.6462 	EXP 	image_5: image = 'condition_2/leftstar.PNG'
304.7376 	EXP 	image_5: autoDraw = True
305.0692 	EXP 	New trial (rep=0, index=10): {'stimuli': 2, 'star': 'condition_2/blank.PNG', 'CorrectAns': 'space'}
305.1688 	EXP 	image_5: autoDraw = False
305.1688 	EXP 	image_4: image = 'condition_2/fixation.png'
305.1688 	EXP 	image_4: autoDraw = True
305.6013 	EXP 	image_4: autoDraw = False
305.6013 	EXP 	text: height = 0.2
305.6013 	EXP 	text: height = 0.2
305.6013 	EXP 	text: height = 0.2
305.6013 	EXP 	text: text = 2
306.0683 	EXP 	text: autoDraw = True
306.4544 	EXP 	text: autoDraw = False
306.4544 	EXP 	text: autoDraw = False
306.4544 	EXP 	image_5: image = 'condition_2/blank.PNG'
307.6846 	EXP 	image_5: autoDraw = True
307.8037 	EXP 	New trial (rep=0, index=11): {'stimuli': 9, 'star': 'condition_2/leftstar.PNG', 'CorrectAns': 'left'}
307.9088 	EXP 	image_5: autoDraw = False
307.9088 	EXP 	image_4: image = 'condition_2/fixation.png'
307.9088 	EXP 	image_4: autoDraw = True
308.3346 	EXP 	image_4: autoDraw = False
308.3346 	EXP 	text: height = 0.2
308.3346 	EXP 	text: height = 0.2
308.3346 	EXP 	text: height = 0.2
308.3346 	EXP 	text: text = 9
308.8180 	EXP 	text: autoDraw = True
309.3258 	EXP 	text: autoDraw = False
309.3258 	EXP 	text: autoDraw = False
309.3258 	EXP 	image_5: image = 'condition_2/leftstar.PNG'
310.4219 	EXP 	image_5: autoDraw = True
311.0355 	EXP 	New trial (rep=0, index=12): {'stimuli': 9, 'star': 'condition_2/rightstar.PNG', 'CorrectAns': 'right'}
311.1342 	EXP 	image_5: autoDraw = False
311.1342 	EXP 	image_4: image = 'condition_2/fixation.png'
311.1342 	EXP 	image_4: autoDraw = True
311.5685 	EXP 	image_4: autoDraw = False
311.5685 	EXP 	text: height = 0.2
311.5685 	EXP 	text: height = 0.2
311.5685 	EXP 	text: height = 0.2
311.5685 	EXP 	text: text = 9
312.0350 	EXP 	text: autoDraw = True
312.5463 	EXP 	text: autoDraw = False
312.5463 	EXP 	text: autoDraw = False
312.5463 	EXP 	image_5: image = 'condition_2/rightstar.PNG'
313.6391 	EXP 	image_5: autoDraw = True
314.2193 	EXP 	New trial (rep=0, index=13): {'stimuli': 8, 'star': 'condition_2/rightstar.PNG', 'CorrectAns': 'right'}
314.3228 	EXP 	image_5: autoDraw = False
314.3228 	EXP 	image_4: image = 'condition_2/fixation.png'
314.3228 	EXP 	image_4: autoDraw = True
314.7511 	EXP 	image_4: autoDraw = False
314.7511 	EXP 	text: height = 0.2
314.7511 	EXP 	text: height = 0.2
314.7511 	EXP 	text: height = 0.2
314.7511 	EXP 	text: text = 8
315.2347 	EXP 	text: autoDraw = True
315.7415 	EXP 	text: autoDraw = False
315.7415 	EXP 	text: autoDraw = False
315.7415 	EXP 	image_5: image = 'condition_2/rightstar.PNG'
316.8226 	EXP 	image_5: autoDraw = True
317.4526 	EXP 	New trial (rep=0, index=14): {'stimuli': 1, 'star': 'condition_2/rightstar.PNG', 'CorrectAns': 'space'}
317.5500 	EXP 	image_5: autoDraw = False
317.5500 	EXP 	image_4: image = 'condition_2/fixation.png'
317.5500 	EXP 	image_4: autoDraw = True
317.9966 	EXP 	image_4: autoDraw = False
317.9966 	EXP 	text: height = 0.2
317.9966 	EXP 	text: height = 0.2
317.9966 	EXP 	text: height = 0.2
317.9966 	EXP 	text: text = 1
318.4516 	EXP 	text: autoDraw = True
318.9629 	EXP 	text: autoDraw = False
318.9629 	EXP 	text: autoDraw = False
318.9629 	EXP 	image_5: image = 'condition_2/rightstar.PNG'
320.0561 	EXP 	image_5: autoDraw = True
320.6026 	EXP 	New trial (rep=0, index=15): {'stimuli': 8, 'star': 'condition_2/rightstar.PNG', 'CorrectAns': 'right'}
320.7003 	EXP 	image_5: autoDraw = False
320.7003 	EXP 	image_4: image = 'condition_2/fixation.png'
320.7003 	EXP 	image_4: autoDraw = True
321.1345 	EXP 	image_4: autoDraw = False
321.1345 	EXP 	text: height = 0.2
321.1345 	EXP 	text: height = 0.2
321.1345 	EXP 	text: height = 0.2
321.1345 	EXP 	text: text = 8
321.6180 	EXP 	text: autoDraw = True
322.1257 	EXP 	text: autoDraw = False
322.1257 	EXP 	text: autoDraw = False
322.1257 	EXP 	image_5: image = 'condition_2/rightstar.PNG'
323.2219 	EXP 	image_5: autoDraw = True
323.6536 	EXP 	New trial (rep=0, index=16): {'stimuli': 2, 'star': 'condition_2/rightstar.PNG', 'CorrectAns': 'space'}
323.7681 	EXP 	image_5: autoDraw = False
323.7681 	EXP 	image_4: image = 'condition_2/fixation.png'
323.7681 	EXP 	image_4: autoDraw = True
324.1846 	EXP 	image_4: autoDraw = False
324.1846 	EXP 	text: height = 0.2
324.1846 	EXP 	text: height = 0.2
324.1846 	EXP 	text: height = 0.2
324.1846 	EXP 	text: text = 2
324.6679 	EXP 	text: autoDraw = True
325.1804 	EXP 	text: autoDraw = False
325.1804 	EXP 	text: autoDraw = False
325.1804 	EXP 	image_5: image = 'condition_2/rightstar.PNG'
326.2734 	EXP 	image_5: autoDraw = True
326.7357 	EXP 	New trial (rep=0, index=17): {'stimuli': 2, 'star': 'condition_2/rightstar.PNG', 'CorrectAns': 'space'}
326.8289 	EXP 	image_5: autoDraw = False
326.8289 	EXP 	image_4: image = 'condition_2/fixation.png'
326.8289 	EXP 	image_4: autoDraw = True
327.2678 	EXP 	image_4: autoDraw = False
327.2678 	EXP 	text: height = 0.2
327.2678 	EXP 	text: height = 0.2
327.2678 	EXP 	text: height = 0.2
327.2678 	EXP 	text: text = 2
327.7346 	EXP 	text: autoDraw = True
328.2527 	EXP 	text: autoDraw = False
328.2527 	EXP 	text: autoDraw = False
328.2527 	EXP 	image_5: image = 'condition_2/rightstar.PNG'
329.3388 	EXP 	image_5: autoDraw = True
329.5192 	EXP 	New trial (rep=0, index=18): {'stimuli': 2, 'star': 'condition_2/rightstar.PNG', 'CorrectAns': 'space'}
329.6167 	EXP 	image_5: autoDraw = False
329.6167 	EXP 	image_4: image = 'condition_2/fixation.png'
329.6167 	EXP 	image_4: autoDraw = True
330.0512 	EXP 	image_4: autoDraw = False
330.0512 	EXP 	text: height = 0.2
330.0512 	EXP 	text: height = 0.2
330.0512 	EXP 	text: height = 0.2
330.0512 	EXP 	text: text = 2
330.5180 	EXP 	text: autoDraw = True
331.0256 	EXP 	text: autoDraw = False
331.0256 	EXP 	text: autoDraw = False
331.0256 	EXP 	image_5: image = 'condition_2/rightstar.PNG'
332.1206 	EXP 	image_5: autoDraw = True
332.7025 	EXP 	New trial (rep=0, index=19): {'stimuli': 8, 'star': 'condition_2/leftstar.PNG', 'CorrectAns': 'left'}
332.8019 	EXP 	image_5: autoDraw = False
332.8019 	EXP 	image_4: image = 'condition_2/fixation.png'
332.8019 	EXP 	image_4: autoDraw = True
333.2346 	EXP 	image_4: autoDraw = False
333.2346 	EXP 	text: height = 0.2
333.2346 	EXP 	text: height = 0.2
333.2346 	EXP 	text: height = 0.2
333.2346 	EXP 	text: text = 8
333.7179 	EXP 	text: autoDraw = True
334.2395 	EXP 	text: autoDraw = False
334.2395 	EXP 	text: autoDraw = False
334.2395 	EXP 	image_5: image = 'condition_2/leftstar.PNG'
335.3061 	EXP 	image_5: autoDraw = True
335.7710 	EXP 	New trial (rep=0, index=20): {'stimuli': 9, 'star': 'condition_2/leftstar.PNG', 'CorrectAns': 'left'}
335.8759 	EXP 	image_5: autoDraw = False
335.8759 	EXP 	image_4: image = 'condition_2/fixation.png'
335.8759 	EXP 	image_4: autoDraw = True
336.3161 	EXP 	image_4: autoDraw = False
336.3161 	EXP 	text: height = 0.2
336.3161 	EXP 	text: height = 0.2
336.3161 	EXP 	text: height = 0.2
336.3161 	EXP 	text: text = 9
336.7847 	EXP 	text: autoDraw = True
337.2971 	EXP 	text: autoDraw = False
337.2971 	EXP 	text: autoDraw = False
337.2971 	EXP 	image_5: image = 'condition_2/leftstar.PNG'
338.3889 	EXP 	image_5: autoDraw = True
339.1699 	EXP 	New trial (rep=0, index=21): {'stimuli': 9, 'star': 'condition_2/blank.PNG', 'CorrectAns': 'space'}
339.2697 	EXP 	image_5: autoDraw = False
339.2697 	EXP 	image_4: image = 'condition_2/fixation.png'
339.2697 	EXP 	image_4: autoDraw = True
339.7017 	EXP 	image_4: autoDraw = False
339.7017 	EXP 	text: height = 0.2
339.7017 	EXP 	text: height = 0.2
339.7017 	EXP 	text: height = 0.2
339.7017 	EXP 	text: text = 9
340.1844 	EXP 	text: autoDraw = True
340.5756 	EXP 	text: autoDraw = False
340.5756 	EXP 	text: autoDraw = False
340.5756 	EXP 	image_5: image = 'condition_2/blank.PNG'
341.7849 	EXP 	image_5: autoDraw = True
342.5846 	EXP 	image_5: autoDraw = False
342.6358 	EXP 	New trial (rep=0, index=22): {'stimuli': 8, 'star': 'condition_2/blank.PNG', 'CorrectAns': 'space'}
342.7348 	EXP 	image_5: autoDraw = False
342.7348 	EXP 	image_4: image = 'condition_2/fixation.png'
342.7348 	EXP 	image_4: autoDraw = True
343.1685 	EXP 	image_4: autoDraw = False
343.1685 	EXP 	text: height = 0.2
343.1685 	EXP 	text: height = 0.2
343.1685 	EXP 	text: height = 0.2
343.1685 	EXP 	text: text = 8
343.6351 	EXP 	text: autoDraw = True
343.9959 	EXP 	text: autoDraw = False
343.9959 	EXP 	text: autoDraw = False
343.9959 	EXP 	image_5: image = 'condition_2/blank.PNG'
345.2348 	EXP 	image_5: autoDraw = True
346.0348 	EXP 	image_5: autoDraw = False
346.3376 	EXP 	New trial (rep=0, index=23): {'stimuli': 8, 'star': 'condition_2/blank.PNG', 'CorrectAns': 'space'}
346.4480 	EXP 	image_5: autoDraw = False
346.4480 	EXP 	image_4: image = 'condition_2/fixation.png'
346.4480 	EXP 	image_4: autoDraw = True
346.8679 	EXP 	image_4: autoDraw = False
346.8679 	EXP 	text: height = 0.2
346.8679 	EXP 	text: height = 0.2
346.8679 	EXP 	text: height = 0.2
346.8679 	EXP 	text: text = 8
347.3513 	EXP 	text: autoDraw = True
347.7071 	EXP 	text: autoDraw = False
347.7071 	EXP 	text: autoDraw = False
347.7071 	EXP 	image_5: image = 'condition_2/blank.PNG'
348.9513 	EXP 	image_5: autoDraw = True
349.6024 	EXP 	New trial (rep=0, index=24): {'stimuli': 8, 'star': 'condition_2/leftstar.PNG', 'CorrectAns': 'left'}
349.7004 	EXP 	image_5: autoDraw = False
349.7004 	EXP 	image_4: image = 'condition_2/fixation.png'
349.7004 	EXP 	image_4: autoDraw = True
350.1345 	EXP 	image_4: autoDraw = False
350.1345 	EXP 	text: height = 0.2
350.1345 	EXP 	text: height = 0.2
350.1345 	EXP 	text: height = 0.2
350.1345 	EXP 	text: text = 8
350.6013 	EXP 	text: autoDraw = True
351.1297 	EXP 	text: autoDraw = False
351.1297 	EXP 	text: autoDraw = False
351.1297 	EXP 	image_5: image = 'condition_2/leftstar.PNG'
352.2123 	EXP 	image_5: autoDraw = True
352.6859 	EXP 	New trial (rep=1, index=0): {'stimuli': 1, 'star': 'condition_2/rightstar.PNG', 'CorrectAns': 'space'}
352.7882 	EXP 	image_5: autoDraw = False
352.7882 	EXP 	image_4: image = 'condition_2/fixation.png'
352.7882 	EXP 	image_4: autoDraw = True
353.2178 	EXP 	image_4: autoDraw = False
353.2178 	EXP 	text: height = 0.2
353.2178 	EXP 	text: height = 0.2
353.2178 	EXP 	text: height = 0.2
353.2178 	EXP 	text: text = 1
353.7014 	EXP 	text: autoDraw = True
354.2110 	EXP 	text: autoDraw = False
354.2110 	EXP 	text: autoDraw = False
354.2110 	EXP 	image_5: image = 'condition_2/rightstar.PNG'
355.3052 	EXP 	image_5: autoDraw = True
355.7700 	EXP 	New trial (rep=1, index=1): {'stimuli': 8, 'star': 'condition_2/blank.PNG', 'CorrectAns': 'space'}
355.8828 	EXP 	image_5: autoDraw = False
355.8828 	EXP 	image_4: image = 'condition_2/fixation.png'
355.8828 	EXP 	image_4: autoDraw = True
356.3659 	EXP 	image_4: autoDraw = False
356.3659 	EXP 	text: height = 0.2
356.3659 	EXP 	text: height = 0.2
356.3659 	EXP 	text: height = 0.2
356.3659 	EXP 	text: text = 8
356.7848 	EXP 	text: autoDraw = True
357.1550 	EXP 	text: autoDraw = False
357.1550 	EXP 	text: autoDraw = False
357.1550 	EXP 	image_5: image = 'condition_2/blank.PNG'
358.3847 	EXP 	image_5: autoDraw = True
359.1851 	EXP 	image_5: autoDraw = False
359.1887 	EXP 	New trial (rep=1, index=2): {'stimuli': 8, 'star': 'condition_2/leftstar.PNG', 'CorrectAns': 'left'}
359.3037 	EXP 	image_5: autoDraw = False
359.3037 	EXP 	image_4: image = 'condition_2/fixation.png'
359.3037 	EXP 	image_4: autoDraw = True
359.7178 	EXP 	image_4: autoDraw = False
359.7178 	EXP 	text: height = 0.2
359.7178 	EXP 	text: height = 0.2
359.7178 	EXP 	text: height = 0.2
359.7178 	EXP 	text: text = 8
360.2015 	EXP 	text: autoDraw = True
360.7059 	EXP 	text: autoDraw = False
360.7059 	EXP 	text: autoDraw = False
360.7059 	EXP 	image_5: image = 'condition_2/leftstar.PNG'
361.8068 	EXP 	image_5: autoDraw = True
362.1697 	EXP 	New trial (rep=1, index=3): {'stimuli': 1, 'star': 'condition_2/blank.PNG', 'CorrectAns': 'space'}
362.2721 	EXP 	image_5: autoDraw = False
362.2721 	EXP 	image_4: image = 'condition_2/fixation.png'
362.2721 	EXP 	image_4: autoDraw = True
362.7016 	EXP 	image_4: autoDraw = False
362.7016 	EXP 	text: height = 0.2
362.7016 	EXP 	text: height = 0.2
362.7016 	EXP 	text: height = 0.2
362.7016 	EXP 	text: text = 1
363.1850 	EXP 	text: autoDraw = True
363.5502 	EXP 	text: autoDraw = False
363.5502 	EXP 	text: autoDraw = False
363.5502 	EXP 	image_5: image = 'condition_2/blank.PNG'
364.7848 	EXP 	image_5: autoDraw = True
365.5850 	EXP 	image_5: autoDraw = False
365.7722 	EXP 	New trial (rep=1, index=4): {'stimuli': 2, 'star': 'condition_2/leftstar.PNG', 'CorrectAns': 'space'}
365.8875 	EXP 	image_5: autoDraw = False
365.8875 	EXP 	image_4: image = 'condition_2/fixation.png'
365.8875 	EXP 	image_4: autoDraw = True
366.3050 	EXP 	image_4: autoDraw = False
366.3050 	EXP 	text: height = 0.2
366.3050 	EXP 	text: height = 0.2
366.3050 	EXP 	text: height = 0.2
366.3050 	EXP 	text: text = 2
366.7848 	EXP 	text: autoDraw = True
367.2989 	EXP 	text: autoDraw = False
367.2989 	EXP 	text: autoDraw = False
367.2989 	EXP 	image_5: image = 'condition_2/leftstar.PNG'
368.3902 	EXP 	image_5: autoDraw = True
368.7362 	EXP 	New trial (rep=1, index=5): {'stimuli': 8, 'star': 'condition_2/rightstar.PNG', 'CorrectAns': 'right'}
368.8407 	EXP 	image_5: autoDraw = False
368.8407 	EXP 	image_4: image = 'condition_2/fixation.png'
368.8407 	EXP 	image_4: autoDraw = True
369.2681 	EXP 	image_4: autoDraw = False
369.2681 	EXP 	text: height = 0.2
369.2681 	EXP 	text: height = 0.2
369.2681 	EXP 	text: height = 0.2
369.2681 	EXP 	text: text = 8
369.7514 	EXP 	text: autoDraw = True
370.2633 	EXP 	text: autoDraw = False
370.2633 	EXP 	text: autoDraw = False
370.2633 	EXP 	image_5: image = 'condition_2/rightstar.PNG'
371.3553 	EXP 	image_5: autoDraw = True
371.8702 	EXP 	New trial (rep=1, index=6): {'stimuli': 8, 'star': 'condition_2/rightstar.PNG', 'CorrectAns': 'right'}
371.9847 	EXP 	image_5: autoDraw = False
371.9847 	EXP 	image_4: image = 'condition_2/fixation.png'
371.9847 	EXP 	image_4: autoDraw = True
372.4012 	EXP 	image_4: autoDraw = False
372.4012 	EXP 	text: height = 0.2
372.4012 	EXP 	text: height = 0.2
372.4012 	EXP 	text: height = 0.2
372.4012 	EXP 	text: text = 8
372.8847 	EXP 	text: autoDraw = True
373.3952 	EXP 	text: autoDraw = False
373.3952 	EXP 	text: autoDraw = False
373.3952 	EXP 	image_5: image = 'condition_2/rightstar.PNG'
374.4873 	EXP 	image_5: autoDraw = True
375.1027 	EXP 	New trial (rep=1, index=7): {'stimuli': 1, 'star': 'condition_2/leftstar.PNG', 'CorrectAns': 'space'}
375.2041 	EXP 	image_5: autoDraw = False
375.2041 	EXP 	image_4: image = 'condition_2/fixation.png'
375.2041 	EXP 	image_4: autoDraw = True
375.6344 	EXP 	image_4: autoDraw = False
375.6344 	EXP 	text: height = 0.2
375.6344 	EXP 	text: height = 0.2
375.6344 	EXP 	text: height = 0.2
375.6344 	EXP 	text: text = 1
376.1181 	EXP 	text: autoDraw = True
376.6330 	EXP 	text: autoDraw = False
376.6330 	EXP 	text: autoDraw = False
376.6330 	EXP 	image_5: image = 'condition_2/leftstar.PNG'
377.7218 	EXP 	image_5: autoDraw = True
378.0535 	EXP 	New trial (rep=1, index=8): {'stimuli': 1, 'star': 'condition_2/leftstar.PNG', 'CorrectAns': 'space'}
378.1586 	EXP 	image_5: autoDraw = False
378.1586 	EXP 	image_4: image = 'condition_2/fixation.png'
378.1586 	EXP 	image_4: autoDraw = True
378.5850 	EXP 	image_4: autoDraw = False
378.5850 	EXP 	text: height = 0.2
378.5850 	EXP 	text: height = 0.2
378.5850 	EXP 	text: height = 0.2
378.5850 	EXP 	text: text = 1
379.0684 	EXP 	text: autoDraw = True
379.5816 	EXP 	text: autoDraw = False
379.5816 	EXP 	text: autoDraw = False
379.5816 	EXP 	image_5: image = 'condition_2/leftstar.PNG'
380.6717 	EXP 	image_5: autoDraw = True
381.3702 	EXP 	New trial (rep=1, index=9): {'stimuli': 9, 'star': 'condition_2/rightstar.PNG', 'CorrectAns': 'right'}
381.4800 	EXP 	image_5: autoDraw = False
381.4800 	EXP 	image_4: image = 'condition_2/fixation.png'
381.4800 	EXP 	image_4: autoDraw = True
381.9011 	EXP 	image_4: autoDraw = False
381.9011 	EXP 	text: height = 0.2
381.9011 	EXP 	text: height = 0.2
381.9011 	EXP 	text: height = 0.2
381.9011 	EXP 	text: text = 9
382.3847 	EXP 	text: autoDraw = True
382.8968 	EXP 	text: autoDraw = False
382.8968 	EXP 	text: autoDraw = False
382.8968 	EXP 	image_5: image = 'condition_2/rightstar.PNG'
383.9897 	EXP 	image_5: autoDraw = True
384.4549 	EXP 	New trial (rep=1, index=10): {'stimuli': 2, 'star': 'condition_2/rightstar.PNG', 'CorrectAns': 'space'}
384.5696 	EXP 	image_5: autoDraw = False
384.5696 	EXP 	image_4: image = 'condition_2/fixation.png'
384.5696 	EXP 	image_4: autoDraw = True
385.0001 	EXP 	image_4: autoDraw = False
385.0001 	EXP 	text: height = 0.2
385.0001 	EXP 	text: height = 0.2
385.0001 	EXP 	text: height = 0.2
385.0001 	EXP 	text: text = 2
385.4679 	EXP 	text: autoDraw = True
385.9797 	EXP 	text: autoDraw = False
385.9797 	EXP 	text: autoDraw = False
385.9797 	EXP 	image_5: image = 'condition_2/rightstar.PNG'
387.0736 	EXP 	image_5: autoDraw = True
387.7886 	EXP 	New trial (rep=1, index=11): {'stimuli': 2, 'star': 'condition_2/rightstar.PNG', 'CorrectAns': 'space'}
387.8979 	EXP 	image_5: autoDraw = False
387.8979 	EXP 	image_4: image = 'condition_2/fixation.png'
387.8979 	EXP 	image_4: autoDraw = True
388.3179 	EXP 	image_4: autoDraw = False
388.3179 	EXP 	text: height = 0.2
388.3179 	EXP 	text: height = 0.2
388.3179 	EXP 	text: height = 0.2
388.3179 	EXP 	text: text = 2
388.8014 	EXP 	text: autoDraw = True
389.2953 	EXP 	text: autoDraw = False
389.2953 	EXP 	text: autoDraw = False
389.2953 	EXP 	image_5: image = 'condition_2/rightstar.PNG'
390.4042 	EXP 	image_5: autoDraw = True
390.6692 	EXP 	New trial (rep=1, index=12): {'stimuli': 8, 'star': 'condition_2/leftstar.PNG', 'CorrectAns': 'left'}
390.7673 	EXP 	image_5: autoDraw = False
390.7673 	EXP 	image_4: image = 'condition_2/fixation.png'
390.7673 	EXP 	image_4: autoDraw = True
391.2012 	EXP 	image_4: autoDraw = False
391.2012 	EXP 	text: height = 0.2
391.2012 	EXP 	text: height = 0.2
391.2012 	EXP 	text: height = 0.2
391.2012 	EXP 	text: text = 8
391.6846 	EXP 	text: autoDraw = True
392.1910 	EXP 	text: autoDraw = False
392.1910 	EXP 	text: autoDraw = False
392.1910 	EXP 	image_5: image = 'condition_2/leftstar.PNG'
393.2885 	EXP 	image_5: autoDraw = True
393.8535 	EXP 	New trial (rep=1, index=13): {'stimuli': 2, 'star': 'condition_2/blank.PNG', 'CorrectAns': 'space'}
393.9633 	EXP 	image_5: autoDraw = False
393.9633 	EXP 	image_4: image = 'condition_2/fixation.png'
393.9633 	EXP 	image_4: autoDraw = True
394.3846 	EXP 	image_4: autoDraw = False
394.3846 	EXP 	text: height = 0.2
394.3846 	EXP 	text: height = 0.2
394.3846 	EXP 	text: height = 0.2
394.3846 	EXP 	text: text = 2
394.8681 	EXP 	text: autoDraw = True
395.2543 	EXP 	text: autoDraw = False
395.2543 	EXP 	text: autoDraw = False
395.2543 	EXP 	image_5: image = 'condition_2/blank.PNG'
396.4682 	EXP 	image_5: autoDraw = True
397.1693 	EXP 	New trial (rep=1, index=14): {'stimuli': 2, 'star': 'condition_2/leftstar.PNG', 'CorrectAns': 'space'}
397.2686 	EXP 	image_5: autoDraw = False
397.2686 	EXP 	image_4: image = 'condition_2/fixation.png'
397.2686 	EXP 	image_4: autoDraw = True
397.7011 	EXP 	image_4: autoDraw = False
397.7011 	EXP 	text: height = 0.2
397.7011 	EXP 	text: height = 0.2
397.7011 	EXP 	text: height = 0.2
397.7011 	EXP 	text: text = 2
398.1847 	EXP 	text: autoDraw = True
398.6941 	EXP 	text: autoDraw = False
398.6941 	EXP 	text: autoDraw = False
398.6941 	EXP 	image_5: image = 'condition_2/leftstar.PNG'
399.7895 	EXP 	image_5: autoDraw = True
400.1541 	EXP 	New trial (rep=1, index=15): {'stimuli': 9, 'star': 'condition_2/leftstar.PNG', 'CorrectAns': 'left'}
400.2651 	EXP 	image_5: autoDraw = False
400.2651 	EXP 	image_4: image = 'condition_2/fixation.png'
400.2651 	EXP 	image_4: autoDraw = True
400.6846 	EXP 	image_4: autoDraw = False
400.6846 	EXP 	text: height = 0.2
400.6846 	EXP 	text: height = 0.2
400.6846 	EXP 	text: height = 0.2
400.6846 	EXP 	text: text = 9
401.1680 	EXP 	text: autoDraw = True
401.6755 	EXP 	text: autoDraw = False
401.6755 	EXP 	text: autoDraw = False
401.6755 	EXP 	image_5: image = 'condition_2/leftstar.PNG'
402.7718 	EXP 	image_5: autoDraw = True
403.1870 	EXP 	New trial (rep=1, index=16): {'stimuli': 1, 'star': 'condition_2/leftstar.PNG', 'CorrectAns': 'space'}
403.2977 	EXP 	image_5: autoDraw = False
403.2977 	EXP 	image_4: image = 'condition_2/fixation.png'
403.2977 	EXP 	image_4: autoDraw = True
403.7336 	EXP 	image_4: autoDraw = False
403.7336 	EXP 	text: height = 0.2
403.7336 	EXP 	text: height = 0.2
403.7336 	EXP 	text: height = 0.2
403.7336 	EXP 	text: text = 1
404.2014 	EXP 	text: autoDraw = True
404.7092 	EXP 	text: autoDraw = False
404.7092 	EXP 	text: autoDraw = False
404.7092 	EXP 	image_5: image = 'condition_2/leftstar.PNG'
405.8053 	EXP 	image_5: autoDraw = True
406.1026 	EXP 	New trial (rep=1, index=17): {'stimuli': 9, 'star': 'condition_2/rightstar.PNG', 'CorrectAns': 'right'}
406.1995 	EXP 	image_5: autoDraw = False
406.1995 	EXP 	image_4: image = 'condition_2/fixation.png'
406.1995 	EXP 	image_4: autoDraw = True
406.6346 	EXP 	image_4: autoDraw = False
406.6346 	EXP 	text: height = 0.2
406.6346 	EXP 	text: height = 0.2
406.6346 	EXP 	text: height = 0.2
406.6346 	EXP 	text: text = 9
407.1180 	EXP 	text: autoDraw = True
407.6250 	EXP 	text: autoDraw = False
407.6250 	EXP 	text: autoDraw = False
407.6250 	EXP 	image_5: image = 'condition_2/rightstar.PNG'
408.7067 	EXP 	image_5: autoDraw = True
409.3054 	EXP 	New trial (rep=1, index=18): {'stimuli': 8, 'star': 'condition_2/rightstar.PNG', 'CorrectAns': 'right'}
409.4151 	EXP 	image_5: autoDraw = False
409.4151 	EXP 	image_4: image = 'condition_2/fixation.png'
409.4151 	EXP 	image_4: autoDraw = True
409.8345 	EXP 	image_4: autoDraw = False
409.8345 	EXP 	text: height = 0.2
409.8345 	EXP 	text: height = 0.2
409.8345 	EXP 	text: height = 0.2
409.8345 	EXP 	text: text = 8
410.3180 	EXP 	text: autoDraw = True
410.8259 	EXP 	text: autoDraw = False
410.8259 	EXP 	text: autoDraw = False
410.8259 	EXP 	image_5: image = 'condition_2/rightstar.PNG'
411.9228 	EXP 	image_5: autoDraw = True
412.4208 	EXP 	New trial (rep=1, index=19): {'stimuli': 1, 'star': 'condition_2/rightstar.PNG', 'CorrectAns': 'space'}
412.5331 	EXP 	image_5: autoDraw = False
412.5331 	EXP 	image_4: image = 'condition_2/fixation.png'
412.5331 	EXP 	image_4: autoDraw = True
412.9511 	EXP 	image_4: autoDraw = False
412.9511 	EXP 	text: height = 0.2
412.9511 	EXP 	text: height = 0.2
412.9511 	EXP 	text: height = 0.2
412.9511 	EXP 	text: text = 1
413.4347 	EXP 	text: autoDraw = True
413.9463 	EXP 	text: autoDraw = False
413.9463 	EXP 	text: autoDraw = False
413.9463 	EXP 	image_5: image = 'condition_2/rightstar.PNG'
415.0394 	EXP 	image_5: autoDraw = True
415.4708 	EXP 	New trial (rep=1, index=20): {'stimuli': 9, 'star': 'condition_2/leftstar.PNG', 'CorrectAns': 'left'}
415.5841 	EXP 	image_5: autoDraw = False
415.5841 	EXP 	image_4: image = 'condition_2/fixation.png'
415.5841 	EXP 	image_4: autoDraw = True
416.0012 	EXP 	image_4: autoDraw = False
416.0012 	EXP 	text: height = 0.2
416.0012 	EXP 	text: height = 0.2
416.0012 	EXP 	text: height = 0.2
416.0012 	EXP 	text: text = 9
416.4845 	EXP 	text: autoDraw = True
416.9890 	EXP 	text: autoDraw = False
416.9890 	EXP 	text: autoDraw = False
416.9890 	EXP 	image_5: image = 'condition_2/leftstar.PNG'
418.0885 	EXP 	image_5: autoDraw = True
418.4869 	EXP 	New trial (rep=1, index=21): {'stimuli': 9, 'star': 'condition_2/leftstar.PNG', 'CorrectAns': 'left'}
418.5939 	EXP 	image_5: autoDraw = False
418.5939 	EXP 	image_4: image = 'condition_2/fixation.png'
418.5939 	EXP 	image_4: autoDraw = True
419.0177 	EXP 	image_4: autoDraw = False
419.0177 	EXP 	text: height = 0.2
419.0177 	EXP 	text: height = 0.2
419.0177 	EXP 	text: height = 0.2
419.0177 	EXP 	text: text = 9
419.5014 	EXP 	text: autoDraw = True
420.0107 	EXP 	text: autoDraw = False
420.0107 	EXP 	text: autoDraw = False
420.0107 	EXP 	image_5: image = 'condition_2/leftstar.PNG'
421.1052 	EXP 	image_5: autoDraw = True
421.5870 	EXP 	New trial (rep=1, index=22): {'stimuli': 8, 'star': 'condition_2/blank.PNG', 'CorrectAns': 'space'}
421.6946 	EXP 	image_5: autoDraw = False
421.6946 	EXP 	image_4: image = 'condition_2/fixation.png'
421.6946 	EXP 	image_4: autoDraw = True
422.1332 	EXP 	image_4: autoDraw = False
422.1332 	EXP 	text: height = 0.2
422.1332 	EXP 	text: height = 0.2
422.1332 	EXP 	text: height = 0.2
422.1332 	EXP 	text: text = 8
422.6016 	EXP 	text: autoDraw = True
422.9962 	EXP 	text: autoDraw = False
422.9962 	EXP 	text: autoDraw = False
422.9962 	EXP 	image_5: image = 'condition_2/blank.PNG'
424.2012 	EXP 	image_5: autoDraw = True
425.0013 	EXP 	image_5: autoDraw = False
425.6704 	EXP 	New trial (rep=1, index=23): {'stimuli': 9, 'star': 'condition_2/blank.PNG', 'CorrectAns': 'space'}
425.7682 	EXP 	image_5: autoDraw = False
425.7682 	EXP 	image_4: image = 'condition_2/fixation.png'
425.7682 	EXP 	image_4: autoDraw = True
426.2012 	EXP 	image_4: autoDraw = False
426.2012 	EXP 	text: height = 0.2
426.2012 	EXP 	text: height = 0.2
426.2012 	EXP 	text: height = 0.2
426.2012 	EXP 	text: text = 9
426.6847 	EXP 	text: autoDraw = True
427.0293 	EXP 	text: autoDraw = False
427.0293 	EXP 	text: autoDraw = False
427.0293 	EXP 	image_5: image = 'condition_2/blank.PNG'
428.2850 	EXP 	image_5: autoDraw = True
429.0844 	EXP 	image_5: autoDraw = False
429.1197 	EXP 	New trial (rep=1, index=24): {'stimuli': 2, 'star': 'condition_2/rightstar.PNG', 'CorrectAns': 'space'}
429.2169 	EXP 	image_5: autoDraw = False
429.2169 	EXP 	image_4: image = 'condition_2/fixation.png'
429.2169 	EXP 	image_4: autoDraw = True
429.6512 	EXP 	image_4: autoDraw = False
429.6512 	EXP 	text: height = 0.2
429.6512 	EXP 	text: height = 0.2
429.6512 	EXP 	text: height = 0.2
429.6512 	EXP 	text: text = 2
430.1348 	EXP 	text: autoDraw = True
430.6650 	EXP 	text: autoDraw = False
430.6650 	EXP 	text: autoDraw = False
430.6650 	EXP 	image_5: image = 'condition_2/rightstar.PNG'
431.7415 	EXP 	image_5: autoDraw = True
432.1178 	EXP 	image_5: autoDraw = False
432.1179 	EXP 	untitled: status = STOPPED
432.1845 	EXP 	window1: mouseVisible = True
