19.3111 	WARNING 	User requested fullscreen with size [1024  768], but screen is actually [1920, 1080]. Using actual size
20.9166 	EXP 	Created window1 = Window(allowGUI=True, allowStencil=False, autoLog=True, backendConf=UNKNOWN, backgroundFit=<method-wrapper '__getattribute__' of attributeSetter object at 0x00000284C73751F0>, backgroundImage=<method-wrapper '__getattribute__' of attributeSetter object at 0x00000284C7375190>, bitsMode=UNKNOWN, blendMode='avg', bpc=(8, 8, 8), color=array([0, 0, 0]), colorSpace='rgb', depthBits=8, fullscr=<method-wrapper '__getattribute__' of attributeSetter object at 0x00000284C7364400>, gamma=None, gammaErrorPolicy='raise', lms=UNKNOWN, monitor=<psychopy.monitors.calibTools.Monitor object at 0x00000284C7521E20>, multiSample=False, name='window1', numSamples=2, pos=(0, 0), screen=0, size=array([1920, 1080]), stencilBits=0, stereo=False, title='PsychoPy', units='height', useFBO=True, useRetina=False, viewOri=0.0, viewPos=None, viewScale=None, waitBlanking=True, winType='pyglet')
20.9167 	EXP 	window1: mouseVisible = True
20.9168 	EXP 	window1: backgroundImage = ''
20.9168 	EXP 	window1: backgroundFit = 'none'
20.9220 	EXP 	window1: Attempting to measure frame rate of screen (0) ...
20.9221 	EXP 	window1: recordFrameIntervals = False
21.0821 	EXP 	window1: recordFrameIntervals = True
21.2659 	EXP 	Screen (0) actual frame rate measured at 59.91Hz
21.2660 	EXP 	window1: recordFrameIntervals = False
21.2661 	EXP 	window1: mouseVisible = False
23.0830 	EXP 	untitled: status = STARTED
23.0834 	EXP 	window1: mouseVisible = True
23.3201 	EXP 	Created text_9 = TextStim(__class__=<class 'psychopy.visual.text.TextStim'>, alignHoriz=method-wrapper(...), alignText='center', alignVert=method-wrapper(...), anchorHoriz='center', anchorVert='center', antialias=True, autoDraw=False, autoLog=True, bold=False, color=array([1., 1., 1.]), colorSpace='rgb', contrast=1.0, depth=0.0, draggable=False, flipHoriz=False, flipVert=False, font='Open Sans', fontFiles=[], height=0.05, italic=False, languageStyle='LTR', name='text_9', opacity=1.0, ori=0.0, pos=array([0., 0.]), rgb=UNKNOWN, text=str(...), units='height', win=Window(...), wrapWidth=1)
23.3202 	EXP 	window1: mouseVisible = True
23.3663 	EXP 	Created text_6 = TextStim(__class__=<class 'psychopy.visual.text.TextStim'>, alignHoriz=method-wrapper(...), alignText='center', alignVert=method-wrapper(...), anchorHoriz='center', anchorVert='center', antialias=True, autoDraw=False, autoLog=True, bold=False, color=array([1., 1., 1.]), colorSpace='rgb', contrast=1.0, depth=0.0, draggable=False, flipHoriz=False, flipVert=False, font='Open Sans', fontFiles=[], height=0.05, italic=False, languageStyle='LTR', name='text_6', opacity=1.0, ori=0.0, pos=array([0., 0.]), rgb=UNKNOWN, text=str(...), units='height', win=Window(...), wrapWidth=1)
23.3665 	EXP 	window1: mouseVisible = True
23.3849 	EXP 	Created image_6 = ImageStim(__class__=<class 'psychopy.visual.image.ImageStim'>, anchor=('center', 'center'), autoLog=True, color=array([1., 1., 1.]), colorSpace='rgb', contrast=1.0, depth=0.0, draggable=False, flipHoriz=False, flipVert=False, image='default.png', interpolate=True, mask=None, maskParams=None, name='image_6', opacity=1.0, ori=0.0, pos=array([0., 0.]), size=array([2.5, 1.5]), texRes=128.0, units='height', win=Window(...))
23.3851 	EXP 	window1: mouseVisible = True
23.3866 	EXP 	Created text_4 = TextStim(__class__=<class 'psychopy.visual.text.TextStim'>, alignHoriz=method-wrapper(...), alignText='center', alignVert=method-wrapper(...), anchorHoriz='center', anchorVert='center', antialias=True, autoDraw=False, autoLog=True, bold=False, color=array([1., 1., 1.]), colorSpace='rgb', contrast=1.0, depth=0.0, draggable=False, flipHoriz=False, flipVert=False, font='Open Sans', fontFiles=[], height=0.2, italic=False, languageStyle='LTR', name='text_4', opacity=1.0, ori=0.0, pos=array([0., 0.]), rgb=UNKNOWN, text='', units='height', win=Window(...), wrapWidth=1)
23.3867 	EXP 	window1: mouseVisible = True
23.4041 	EXP 	Created image_7 = ImageStim(__class__=<class 'psychopy.visual.image.ImageStim'>, anchor=('center', 'center'), autoLog=True, color=array([1., 1., 1.]), colorSpace='rgb', contrast=1.0, depth=0.0, draggable=False, flipHoriz=False, flipVert=False, image='default.png', interpolate=True, mask=None, maskParams=None, name='image_7', opacity=1.0, ori=0.0, pos=array([0., 0.]), size=array([2.5, 1.5]), texRes=128.0, units='height', win=Window(...))
23.4042 	EXP 	window1: mouseVisible = True
23.4315 	EXP 	Created text_8 = TextStim(__class__=<class 'psychopy.visual.text.TextStim'>, alignHoriz=method-wrapper(...), alignText='center', alignVert=method-wrapper(...), anchorHoriz='center', anchorVert='center', antialias=True, autoDraw=False, autoLog=True, bold=False, color=array([1., 1., 1.]), colorSpace='rgb', contrast=1.0, depth=0.0, draggable=False, flipHoriz=False, flipVert=False, font='Open Sans', fontFiles=[], height=0.05, italic=False, languageStyle='LTR', name='text_8', opacity=1.0, ori=0.0, pos=array([0., 0.]), rgb=UNKNOWN, text='休息一下，下面进入正式测试啦！\n\n准备好可以按 空格 继续', units='height', win=Window(...), wrapWidth=1)
23.4317 	EXP 	window1: mouseVisible = True
23.4457 	EXP 	Created text_5 = TextStim(__class__=<class 'psychopy.visual.text.TextStim'>, alignHoriz=method-wrapper(...), alignText='center', alignVert=method-wrapper(...), anchorHoriz='center', anchorVert='center', antialias=True, autoDraw=False, autoLog=True, bold=False, color=array([1., 1., 1.]), colorSpace='rgb', contrast=1.0, depth=0.0, draggable=False, flipHoriz=False, flipVert=False, font='Open Sans', fontFiles=[], height=0.05, italic=False, languageStyle='LTR', name='text_5', opacity=1.0, ori=0.0, pos=array([0., 0.]), rgb=UNKNOWN, text=str(...), units='height', win=Window(...), wrapWidth=1)
23.4458 	EXP 	window1: mouseVisible = True
23.4558 	EXP 	Created image_3 = ImageStim(__class__=<class 'psychopy.visual.image.ImageStim'>, anchor=('center', 'center'), autoLog=True, color=array([1., 1., 1.]), colorSpace='rgb', contrast=1.0, depth=0.0, draggable=False, flipHoriz=False, flipVert=False, image='default.png', interpolate=True, mask=None, maskParams=None, name='image_3', opacity=1.0, ori=0.0, pos=array([0., 0.]), size=array([2.5, 1.5]), texRes=128.0, units='height', win=Window(...))
23.4560 	EXP 	window1: mouseVisible = True
23.4571 	EXP 	Created text_3 = TextStim(__class__=<class 'psychopy.visual.text.TextStim'>, alignHoriz=method-wrapper(...), alignText='center', alignVert=method-wrapper(...), anchorHoriz='center', anchorVert='center', antialias=True, autoDraw=False, autoLog=True, bold=False, color=array([1., 1., 1.]), colorSpace='rgb', contrast=1.0, depth=0.0, draggable=False, flipHoriz=False, flipVert=False, font='Open Sans', fontFiles=[], height=0.2, italic=False, languageStyle='LTR', name='text_3', opacity=1.0, ori=0.0, pos=array([0., 0.]), rgb=UNKNOWN, text='', units='height', win=Window(...), wrapWidth=1)
23.4572 	EXP 	window1: mouseVisible = True
23.4704 	EXP 	Created image_2 = ImageStim(__class__=<class 'psychopy.visual.image.ImageStim'>, anchor=('center', 'center'), autoLog=True, color=array([1., 1., 1.]), colorSpace='rgb', contrast=1.0, depth=0.0, draggable=False, flipHoriz=False, flipVert=False, image='default.png', interpolate=True, mask=None, maskParams=None, name='image_2', opacity=1.0, ori=0.0, pos=array([0., 0.]), size=array([2.5, 1.5]), texRes=128.0, units='height', win=Window(...))
23.4705 	EXP 	window1: mouseVisible = True
23.4942 	EXP 	Created text_10 = TextStim(__class__=<class 'psychopy.visual.text.TextStim'>, alignHoriz=method-wrapper(...), alignText='center', alignVert=method-wrapper(...), anchorHoriz='center', anchorVert='center', antialias=True, autoDraw=False, autoLog=True, bold=False, color=array([1., 1., 1.]), colorSpace='rgb', contrast=1.0, depth=0.0, draggable=False, flipHoriz=False, flipVert=False, font='Open Sans', fontFiles=[], height=0.05, italic=False, languageStyle='LTR', name='text_10', opacity=1.0, ori=0.0, pos=array([0., 0.]), rgb=UNKNOWN, text=str(...), units='height', win=Window(...), wrapWidth=1)
23.4943 	EXP 	window1: mouseVisible = True
23.5049 	EXP 	Created text_7 = TextStim(__class__=<class 'psychopy.visual.text.TextStim'>, alignHoriz=method-wrapper(...), alignText='center', alignVert=method-wrapper(...), anchorHoriz='center', anchorVert='center', antialias=True, autoDraw=False, autoLog=True, bold=False, color=array([1., 1., 1.]), colorSpace='rgb', contrast=1.0, depth=0.0, draggable=False, flipHoriz=False, flipVert=False, font='Open Sans', fontFiles=[], height=0.05, italic=False, languageStyle='LTR', name='text_7', opacity=1.0, ori=0.0, pos=array([0., 0.]), rgb=UNKNOWN, text=str(...), units='height', win=Window(...), wrapWidth=1)
23.5050 	EXP 	window1: mouseVisible = True
23.5152 	EXP 	Created image_8 = ImageStim(__class__=<class 'psychopy.visual.image.ImageStim'>, anchor=('center', 'center'), autoLog=True, color=array([1., 1., 1.]), colorSpace='rgb', contrast=1.0, depth=0.0, draggable=False, flipHoriz=False, flipVert=False, image='default.png', interpolate=True, mask=None, maskParams=None, name='image_8', opacity=1.0, ori=0.0, pos=array([0., 0.]), size=array([0.5, 0.5]), texRes=128.0, units='height', win=Window(...))
23.5153 	EXP 	window1: mouseVisible = True
23.5164 	EXP 	Created text_11 = TextStim(__class__=<class 'psychopy.visual.text.TextStim'>, alignHoriz=method-wrapper(...), alignText='center', alignVert=method-wrapper(...), anchorHoriz='center', anchorVert='center', antialias=True, autoDraw=False, autoLog=True, bold=False, color=array([1., 1., 1.]), colorSpace='rgb', contrast=1.0, depth=0.0, draggable=False, flipHoriz=False, flipVert=False, font='Open Sans', fontFiles=[], height=0.05, italic=False, languageStyle='LTR', name='text_11', opacity=1.0, ori=0.0, pos=array([0., 0.]), rgb=UNKNOWN, text='', units='height', win=Window(...), wrapWidth=1)
23.5165 	EXP 	window1: mouseVisible = True
23.5286 	EXP 	Created image_9 = ImageStim(__class__=<class 'psychopy.visual.image.ImageStim'>, anchor=('center', 'center'), autoLog=True, color=array([1., 1., 1.]), colorSpace='rgb', contrast=1.0, depth=0.0, draggable=False, flipHoriz=False, flipVert=False, image='default.png', interpolate=True, mask=None, maskParams=None, name='image_9', opacity=1.0, ori=0.0, pos=array([0., 0.]), size=array([2.5, 1.5]), texRes=128.0, units='height', win=Window(...))
23.5288 	EXP 	window1: mouseVisible = True
23.5343 	EXP 	Created text_12 = TextStim(__class__=<class 'psychopy.visual.text.TextStim'>, alignHoriz=method-wrapper(...), alignText='center', alignVert=method-wrapper(...), anchorHoriz='center', anchorVert='center', antialias=True, autoDraw=False, autoLog=True, bold=False, color=array([1., 1., 1.]), colorSpace='rgb', contrast=1.0, depth=0.0, draggable=False, flipHoriz=False, flipVert=False, font='Open Sans', fontFiles=[], height=0.05, italic=False, languageStyle='LTR', name='text_12', opacity=1.0, ori=0.0, pos=array([0., 0.]), rgb=UNKNOWN, text='休息一下，下面进入正式测试啦！\n\n准备好可以按 空格 继续', units='height', win=Window(...), wrapWidth=1)
23.5344 	EXP 	window1: mouseVisible = True
23.5440 	EXP 	Created text_13 = TextStim(__class__=<class 'psychopy.visual.text.TextStim'>, alignHoriz=method-wrapper(...), alignText='center', alignVert=method-wrapper(...), anchorHoriz='center', anchorVert='center', antialias=True, autoDraw=False, autoLog=True, bold=False, color=array([1., 1., 1.]), colorSpace='rgb', contrast=1.0, depth=0.0, draggable=False, flipHoriz=False, flipVert=False, font='Open Sans', fontFiles=[], height=0.05, italic=False, languageStyle='LTR', name='text_13', opacity=1.0, ori=0.0, pos=array([0., 0.]), rgb=UNKNOWN, text=str(...), units='height', win=Window(...), wrapWidth=1)
23.5441 	EXP 	window1: mouseVisible = True
23.5603 	EXP 	Created image_4 = ImageStim(__class__=<class 'psychopy.visual.image.ImageStim'>, anchor=('center', 'center'), autoLog=True, color=array([1., 1., 1.]), colorSpace='rgb', contrast=1.0, depth=0.0, draggable=False, flipHoriz=False, flipVert=False, image='default.png', interpolate=True, mask=None, maskParams=None, name='image_4', opacity=1.0, ori=0.0, pos=array([0., 0.]), size=array([2.5, 1.5]), texRes=128.0, units='height', win=Window(...))
23.5604 	EXP 	window1: mouseVisible = True
23.5616 	EXP 	Created text = TextStim(__class__=<class 'psychopy.visual.text.TextStim'>, alignHoriz=method-wrapper(...), alignText='center', alignVert=method-wrapper(...), anchorHoriz='center', anchorVert='center', antialias=True, autoDraw=False, autoLog=True, bold=False, color=array([1., 1., 1.]), colorSpace='rgb', contrast=1.0, depth=0.0, draggable=False, flipHoriz=False, flipVert=False, font='Open Sans', fontFiles=[], height=0.2, italic=False, languageStyle='LTR', name='text', opacity=1.0, ori=0.0, pos=array([0., 0.]), rgb=UNKNOWN, text='', units='height', win=Window(...), wrapWidth=1)
23.5616 	EXP 	window1: mouseVisible = True
23.5789 	EXP 	Created image_5 = ImageStim(__class__=<class 'psychopy.visual.image.ImageStim'>, anchor=('center', 'center'), autoLog=True, color=array([1., 1., 1.]), colorSpace='rgb', contrast=1.0, depth=0.0, draggable=False, flipHoriz=False, flipVert=False, image='default.png', interpolate=True, mask=None, maskParams=None, name='image_5', opacity=1.0, ori=0.0, pos=array([0., 0.]), size=array([2.5, 1.5]), texRes=128.0, units='height', win=Window(...))
0.0088 	EXP 	text_9: autoDraw = True
8.7533 	EXP 	text_9: autoDraw = False
8.7533 	EXP 	text_6: autoDraw = True
46.4991 	EXP 	Imported test/data3.xlsx as conditions, 6 conditions, 3 params
46.4998 	EXP 	Created sequence: random, trialTypes=6, nReps=1, seed=None
46.5001 	EXP 	New trial (rep=0, index=0): {'stimuli': 1, 'star': 'test/blank.PNG', 'CorrectAns': 'space'}
46.6725 	EXP 	text_6: autoDraw = False
46.6725 	EXP 	image_6: image = 'test/fixation.png'
46.6725 	EXP 	image_6: autoDraw = True
47.0033 	EXP 	image_6: autoDraw = False
47.0033 	EXP 	text_4: height = 0.2
47.0033 	EXP 	text_4: height = 0.2
47.0033 	EXP 	text_4: height = 0.2
47.0033 	EXP 	text_4: text = 1
47.5030 	EXP 	text_4: autoDraw = True
47.9123 	EXP 	text_4: autoDraw = False
47.9123 	EXP 	text_4: autoDraw = False
47.9123 	EXP 	image_7: image = 'test/blank.PNG'
49.1080 	EXP 	image_7: autoDraw = True
49.9195 	EXP 	image_7: autoDraw = False
52.0571 	EXP 	New trial (rep=0, index=1): {'stimuli': 8, 'star': 'test/rightstar.PNG', 'CorrectAns': 'space'}
52.1591 	EXP 	image_7: autoDraw = False
52.1591 	EXP 	image_6: image = 'test/fixation.png'
52.1591 	EXP 	image_6: autoDraw = True
52.5694 	EXP 	image_6: autoDraw = False
52.5694 	EXP 	text_4: height = 0.2
52.5694 	EXP 	text_4: height = 0.2
52.5694 	EXP 	text_4: height = 0.2
52.5694 	EXP 	text_4: text = 8
53.0697 	EXP 	text_4: autoDraw = True
53.5852 	EXP 	text_4: autoDraw = False
53.5852 	EXP 	text_4: autoDraw = False
53.5852 	EXP 	image_7: image = 'test/rightstar.PNG'
54.6823 	EXP 	image_7: autoDraw = True
55.4861 	EXP 	image_7: autoDraw = False
55.6378 	EXP 	New trial (rep=0, index=2): {'stimuli': 2, 'star': 'test/leftstar.PNG', 'CorrectAns': 'left'}
55.7414 	EXP 	image_7: autoDraw = False
55.7414 	EXP 	image_6: image = 'test/fixation.png'
55.7414 	EXP 	image_6: autoDraw = True
56.1527 	EXP 	image_6: autoDraw = False
56.1527 	EXP 	text_4: height = 0.2
56.1527 	EXP 	text_4: height = 0.2
56.1527 	EXP 	text_4: height = 0.2
56.1527 	EXP 	text_4: text = 2
56.6530 	EXP 	text_4: autoDraw = True
57.1670 	EXP 	text_4: autoDraw = False
57.1670 	EXP 	text_4: autoDraw = False
57.1670 	EXP 	image_7: image = 'test/leftstar.PNG'
58.2656 	EXP 	image_7: autoDraw = True
59.0695 	EXP 	image_7: autoDraw = False
61.8213 	EXP 	New trial (rep=0, index=3): {'stimuli': 9, 'star': 'test/rightstar.PNG', 'CorrectAns': 'space'}
61.9172 	EXP 	image_7: autoDraw = False
61.9172 	EXP 	image_6: image = 'test/fixation.png'
61.9172 	EXP 	image_6: autoDraw = True
62.3362 	EXP 	image_6: autoDraw = False
62.3362 	EXP 	text_4: height = 0.2
62.3362 	EXP 	text_4: height = 0.2
62.3362 	EXP 	text_4: height = 0.2
62.3362 	EXP 	text_4: text = 9
62.8363 	EXP 	text_4: autoDraw = True
63.3393 	EXP 	text_4: autoDraw = False
63.3393 	EXP 	text_4: autoDraw = False
63.3393 	EXP 	image_7: image = 'test/rightstar.PNG'
64.4489 	EXP 	image_7: autoDraw = True
65.1926 	EXP 	New trial (rep=0, index=4): {'stimuli': 1, 'star': 'test/leftstar.PNG', 'CorrectAns': 'left'}
65.2938 	EXP 	image_7: autoDraw = False
65.2938 	EXP 	image_6: image = 'test/fixation.png'
65.2938 	EXP 	image_6: autoDraw = True
65.7195 	EXP 	image_6: autoDraw = False
65.7195 	EXP 	text_4: height = 0.2
65.7195 	EXP 	text_4: height = 0.2
65.7195 	EXP 	text_4: height = 0.2
65.7195 	EXP 	text_4: text = 1
66.2030 	EXP 	text_4: autoDraw = True
66.7008 	EXP 	text_4: autoDraw = False
66.7008 	EXP 	text_4: autoDraw = False
66.7008 	EXP 	image_7: image = 'test/leftstar.PNG'
67.8156 	EXP 	image_7: autoDraw = True
68.6195 	EXP 	image_7: autoDraw = False
70.4540 	EXP 	New trial (rep=0, index=5): {'stimuli': 8, 'star': 'test/rightstar.PNG', 'CorrectAns': 'space'}
70.5485 	EXP 	image_7: autoDraw = False
70.5485 	EXP 	image_6: image = 'test/fixation.png'
70.5485 	EXP 	image_6: autoDraw = True
70.9695 	EXP 	image_6: autoDraw = False
70.9695 	EXP 	text_4: height = 0.2
70.9695 	EXP 	text_4: height = 0.2
70.9695 	EXP 	text_4: height = 0.2
70.9695 	EXP 	text_4: text = 8
71.4529 	EXP 	text_4: autoDraw = True
71.9555 	EXP 	text_4: autoDraw = False
71.9555 	EXP 	text_4: autoDraw = False
71.9555 	EXP 	image_7: image = 'test/rightstar.PNG'
73.0657 	EXP 	image_7: autoDraw = True
73.4864 	EXP 	image_7: autoDraw = False
73.4864 	EXP 	text_8: autoDraw = True
81.3369 	EXP 	text_8: autoDraw = False
81.3369 	EXP 	text_5: autoDraw = True
83.1462 	EXP 	Imported condition_1/data.xlsx as conditions, 25 conditions, 3 params
83.1468 	EXP 	Created sequence: random, trialTypes=25, nReps=2, seed=None
83.1469 	EXP 	New trial (rep=0, index=0): {'stimuli': 1, 'star': 'condition_1/leftstar.PNG', 'CorrectAns': 'left'}
83.2948 	EXP 	text_5: autoDraw = False
83.2948 	EXP 	image_3: image = 'condition_1/fixation.png'
83.2948 	EXP 	image_3: autoDraw = True
83.6362 	EXP 	image_3: autoDraw = False
83.6362 	EXP 	text_3: height = 0.2
83.6362 	EXP 	text_3: height = 0.2
83.6362 	EXP 	text_3: height = 0.2
83.6362 	EXP 	text_3: text = 1
84.1364 	EXP 	text_3: autoDraw = True
84.6464 	EXP 	text_3: autoDraw = False
84.6464 	EXP 	text_3: autoDraw = False
84.6464 	EXP 	image_2: image = 'condition_1/leftstar.PNG'
85.7491 	EXP 	image_2: autoDraw = True
86.5529 	EXP 	image_2: autoDraw = False
87.2883 	EXP 	New trial (rep=0, index=1): {'stimuli': 1, 'star': 'condition_1/rightstar.PNG', 'CorrectAns': 'right'}
87.3895 	EXP 	image_2: autoDraw = False
87.3895 	EXP 	image_3: image = 'condition_1/fixation.png'
87.3895 	EXP 	image_3: autoDraw = True
87.8029 	EXP 	image_3: autoDraw = False
87.8029 	EXP 	text_3: height = 0.2
87.8029 	EXP 	text_3: height = 0.2
87.8029 	EXP 	text_3: height = 0.2
87.8029 	EXP 	text_3: text = 1
88.3030 	EXP 	text_3: autoDraw = True
88.7978 	EXP 	text_3: autoDraw = False
88.7978 	EXP 	text_3: autoDraw = False
88.7978 	EXP 	image_2: image = 'condition_1/rightstar.PNG'
89.9162 	EXP 	image_2: autoDraw = True
90.7196 	EXP 	image_2: autoDraw = False
90.7542 	EXP 	New trial (rep=0, index=2): {'stimuli': 8, 'star': 'condition_1/blank.PNG', 'CorrectAns': 'space'}
90.8516 	EXP 	image_2: autoDraw = False
90.8516 	EXP 	image_3: image = 'condition_1/fixation.png'
90.8516 	EXP 	image_3: autoDraw = True
91.2695 	EXP 	image_3: autoDraw = False
91.2695 	EXP 	text_3: height = 0.2
91.2695 	EXP 	text_3: height = 0.2
91.2695 	EXP 	text_3: height = 0.2
91.2695 	EXP 	text_3: text = 8
91.7531 	EXP 	text_3: autoDraw = True
92.1512 	EXP 	text_3: autoDraw = False
92.1512 	EXP 	text_3: autoDraw = False
92.1512 	EXP 	image_2: image = 'condition_1/blank.PNG'
93.3747 	EXP 	image_2: autoDraw = True
94.1699 	EXP 	image_2: autoDraw = False
95.4553 	EXP 	New trial (rep=0, index=3): {'stimuli': 2, 'star': 'condition_1/leftstar.PNG', 'CorrectAns': 'left'}
95.5538 	EXP 	image_2: autoDraw = False
95.5538 	EXP 	image_3: image = 'condition_1/fixation.png'
95.5538 	EXP 	image_3: autoDraw = True
95.9717 	EXP 	image_3: autoDraw = False
95.9717 	EXP 	text_3: height = 0.2
95.9717 	EXP 	text_3: height = 0.2
95.9717 	EXP 	text_3: height = 0.2
95.9717 	EXP 	text_3: text = 2
96.4696 	EXP 	text_3: autoDraw = True
96.9799 	EXP 	text_3: autoDraw = False
96.9799 	EXP 	text_3: autoDraw = False
96.9799 	EXP 	image_2: image = 'condition_1/leftstar.PNG'
98.0823 	EXP 	image_2: autoDraw = True
98.8863 	EXP 	image_2: autoDraw = False
99.0901 	EXP 	New trial (rep=0, index=4): {'stimuli': 1, 'star': 'condition_1/blank.PNG', 'CorrectAns': 'space'}
99.1861 	EXP 	image_2: autoDraw = False
99.1861 	EXP 	image_3: image = 'condition_1/fixation.png'
99.1861 	EXP 	image_3: autoDraw = True
99.6029 	EXP 	image_3: autoDraw = False
99.6029 	EXP 	text_3: height = 0.2
99.6029 	EXP 	text_3: height = 0.2
99.6029 	EXP 	text_3: height = 0.2
99.6029 	EXP 	text_3: text = 1
100.1032 	EXP 	text_3: autoDraw = True
100.4634 	EXP 	text_3: autoDraw = False
100.4634 	EXP 	text_3: autoDraw = False
100.4634 	EXP 	image_2: image = 'condition_1/blank.PNG'
101.7081 	EXP 	image_2: autoDraw = True
102.5032 	EXP 	image_2: autoDraw = False
103.5715 	EXP 	New trial (rep=0, index=5): {'stimuli': 2, 'star': 'condition_1/leftstar.PNG', 'CorrectAns': 'left'}
103.6747 	EXP 	image_2: autoDraw = False
103.6747 	EXP 	image_3: image = 'condition_1/fixation.png'
103.6747 	EXP 	image_3: autoDraw = True
104.0863 	EXP 	image_3: autoDraw = False
104.0863 	EXP 	text_3: height = 0.2
104.0863 	EXP 	text_3: height = 0.2
104.0863 	EXP 	text_3: height = 0.2
104.0863 	EXP 	text_3: text = 2
104.5863 	EXP 	text_3: autoDraw = True
105.0889 	EXP 	text_3: autoDraw = False
105.0889 	EXP 	text_3: autoDraw = False
105.0889 	EXP 	image_2: image = 'condition_1/leftstar.PNG'
106.1991 	EXP 	image_2: autoDraw = True
107.0029 	EXP 	image_2: autoDraw = False
107.1056 	EXP 	New trial (rep=0, index=6): {'stimuli': 2, 'star': 'condition_1/leftstar.PNG', 'CorrectAns': 'left'}
107.2079 	EXP 	image_2: autoDraw = False
107.2079 	EXP 	image_3: image = 'condition_1/fixation.png'
107.2079 	EXP 	image_3: autoDraw = True
107.6196 	EXP 	image_3: autoDraw = False
107.6196 	EXP 	text_3: height = 0.2
107.6196 	EXP 	text_3: height = 0.2
107.6196 	EXP 	text_3: height = 0.2
107.6196 	EXP 	text_3: text = 2
108.1197 	EXP 	text_3: autoDraw = True
108.6200 	EXP 	text_3: autoDraw = False
108.6200 	EXP 	text_3: autoDraw = False
108.6200 	EXP 	image_2: image = 'condition_1/leftstar.PNG'
109.7323 	EXP 	image_2: autoDraw = True
110.1764 	EXP 	New trial (rep=0, index=7): {'stimuli': 8, 'star': 'condition_1/leftstar.PNG', 'CorrectAns': 'space'}
110.2720 	EXP 	image_2: autoDraw = False
110.2720 	EXP 	image_3: image = 'condition_1/fixation.png'
110.2720 	EXP 	image_3: autoDraw = True
110.7029 	EXP 	image_3: autoDraw = False
110.7029 	EXP 	text_3: height = 0.2
110.7029 	EXP 	text_3: height = 0.2
110.7029 	EXP 	text_3: height = 0.2
110.7029 	EXP 	text_3: text = 8
111.1863 	EXP 	text_3: autoDraw = True
111.6902 	EXP 	text_3: autoDraw = False
111.6902 	EXP 	text_3: autoDraw = False
111.6902 	EXP 	image_2: image = 'condition_1/leftstar.PNG'
112.7990 	EXP 	image_2: autoDraw = True
113.4275 	EXP 	New trial (rep=0, index=8): {'stimuli': 8, 'star': 'condition_1/rightstar.PNG', 'CorrectAns': 'space'}
113.5344 	EXP 	image_2: autoDraw = False
113.5344 	EXP 	image_3: image = 'condition_1/fixation.png'
113.5344 	EXP 	image_3: autoDraw = True
113.9530 	EXP 	image_3: autoDraw = False
113.9530 	EXP 	text_3: height = 0.2
113.9530 	EXP 	text_3: height = 0.2
113.9530 	EXP 	text_3: height = 0.2
113.9530 	EXP 	text_3: text = 8
114.4364 	EXP 	text_3: autoDraw = True
114.9457 	EXP 	text_3: autoDraw = False
114.9457 	EXP 	text_3: autoDraw = False
114.9457 	EXP 	image_2: image = 'condition_1/rightstar.PNG'
116.0490 	EXP 	image_2: autoDraw = True
116.5253 	EXP 	New trial (rep=0, index=9): {'stimuli': 1, 'star': 'condition_1/rightstar.PNG', 'CorrectAns': 'right'}
116.6228 	EXP 	image_2: autoDraw = False
116.6228 	EXP 	image_3: image = 'condition_1/fixation.png'
116.6228 	EXP 	image_3: autoDraw = True
117.0654 	EXP 	image_3: autoDraw = False
117.0654 	EXP 	text_3: height = 0.2
117.0654 	EXP 	text_3: height = 0.2
117.0654 	EXP 	text_3: height = 0.2
117.0654 	EXP 	text_3: text = 1
117.5364 	EXP 	text_3: autoDraw = True
118.0342 	EXP 	text_3: autoDraw = False
118.0342 	EXP 	text_3: autoDraw = False
118.0342 	EXP 	image_2: image = 'condition_1/rightstar.PNG'
119.1493 	EXP 	image_2: autoDraw = True
119.7767 	EXP 	New trial (rep=0, index=10): {'stimuli': 1, 'star': 'condition_1/leftstar.PNG', 'CorrectAns': 'left'}
119.8727 	EXP 	image_2: autoDraw = False
119.8727 	EXP 	image_3: image = 'condition_1/fixation.png'
119.8727 	EXP 	image_3: autoDraw = True
120.3030 	EXP 	image_3: autoDraw = False
120.3030 	EXP 	text_3: height = 0.2
120.3030 	EXP 	text_3: height = 0.2
120.3030 	EXP 	text_3: height = 0.2
120.3030 	EXP 	text_3: text = 1
120.7864 	EXP 	text_3: autoDraw = True
121.2888 	EXP 	text_3: autoDraw = False
121.2888 	EXP 	text_3: autoDraw = False
121.2888 	EXP 	image_2: image = 'condition_1/leftstar.PNG'
122.3990 	EXP 	image_2: autoDraw = True
122.8584 	EXP 	New trial (rep=0, index=11): {'stimuli': 8, 'star': 'condition_1/rightstar.PNG', 'CorrectAns': 'space'}
122.9524 	EXP 	image_2: autoDraw = False
122.9524 	EXP 	image_3: image = 'condition_1/fixation.png'
122.9524 	EXP 	image_3: autoDraw = True
123.3861 	EXP 	image_3: autoDraw = False
123.3861 	EXP 	text_3: height = 0.2
123.3861 	EXP 	text_3: height = 0.2
123.3861 	EXP 	text_3: height = 0.2
123.3861 	EXP 	text_3: text = 8
123.8698 	EXP 	text_3: autoDraw = True
124.3803 	EXP 	text_3: autoDraw = False
124.3803 	EXP 	text_3: autoDraw = False
124.3803 	EXP 	image_2: image = 'condition_1/rightstar.PNG'
125.4825 	EXP 	image_2: autoDraw = True
125.8750 	EXP 	New trial (rep=0, index=12): {'stimuli': 9, 'star': 'condition_1/rightstar.PNG', 'CorrectAns': 'space'}
125.9690 	EXP 	image_2: autoDraw = False
125.9690 	EXP 	image_3: image = 'condition_1/fixation.png'
125.9690 	EXP 	image_3: autoDraw = True
126.4030 	EXP 	image_3: autoDraw = False
126.4030 	EXP 	text_3: height = 0.2
126.4030 	EXP 	text_3: height = 0.2
126.4030 	EXP 	text_3: height = 0.2
126.4030 	EXP 	text_3: text = 9
126.8864 	EXP 	text_3: autoDraw = True
127.3866 	EXP 	text_3: autoDraw = False
127.3866 	EXP 	text_3: autoDraw = False
127.3866 	EXP 	image_2: image = 'condition_1/rightstar.PNG'
128.4991 	EXP 	image_2: autoDraw = True
128.9927 	EXP 	New trial (rep=0, index=13): {'stimuli': 8, 'star': 'condition_1/leftstar.PNG', 'CorrectAns': 'space'}
129.0891 	EXP 	image_2: autoDraw = False
129.0891 	EXP 	image_3: image = 'condition_1/fixation.png'
129.0891 	EXP 	image_3: autoDraw = True
129.5196 	EXP 	image_3: autoDraw = False
129.5196 	EXP 	text_3: height = 0.2
129.5196 	EXP 	text_3: height = 0.2
129.5196 	EXP 	text_3: height = 0.2
129.5196 	EXP 	text_3: text = 8
130.0031 	EXP 	text_3: autoDraw = True
130.5052 	EXP 	text_3: autoDraw = False
130.5052 	EXP 	text_3: autoDraw = False
130.5052 	EXP 	image_2: image = 'condition_1/leftstar.PNG'
131.6158 	EXP 	image_2: autoDraw = True
131.9583 	EXP 	New trial (rep=0, index=14): {'stimuli': 9, 'star': 'condition_1/leftstar.PNG', 'CorrectAns': 'space'}
132.0528 	EXP 	image_2: autoDraw = False
132.0528 	EXP 	image_3: image = 'condition_1/fixation.png'
132.0528 	EXP 	image_3: autoDraw = True
132.4862 	EXP 	image_3: autoDraw = False
132.4862 	EXP 	text_3: height = 0.2
132.4862 	EXP 	text_3: height = 0.2
132.4862 	EXP 	text_3: height = 0.2
132.4862 	EXP 	text_3: text = 9
132.9698 	EXP 	text_3: autoDraw = True
133.4762 	EXP 	text_3: autoDraw = False
133.4762 	EXP 	text_3: autoDraw = False
133.4762 	EXP 	image_2: image = 'condition_1/leftstar.PNG'
134.5826 	EXP 	image_2: autoDraw = True
135.0084 	EXP 	New trial (rep=0, index=15): {'stimuli': 1, 'star': 'condition_1/rightstar.PNG', 'CorrectAns': 'right'}
135.1029 	EXP 	image_2: autoDraw = False
135.1029 	EXP 	image_3: image = 'condition_1/fixation.png'
135.1029 	EXP 	image_3: autoDraw = True
135.5542 	EXP 	image_3: autoDraw = False
135.5542 	EXP 	text_3: height = 0.2
135.5542 	EXP 	text_3: height = 0.2
135.5542 	EXP 	text_3: height = 0.2
135.5542 	EXP 	text_3: text = 1
136.0198 	EXP 	text_3: autoDraw = True
136.5203 	EXP 	text_3: autoDraw = False
136.5203 	EXP 	text_3: autoDraw = False
136.5203 	EXP 	image_2: image = 'condition_1/rightstar.PNG'
137.6324 	EXP 	image_2: autoDraw = True
138.4366 	EXP 	image_2: autoDraw = False
138.5876 	EXP 	New trial (rep=0, index=16): {'stimuli': 2, 'star': 'condition_1/blank.PNG', 'CorrectAns': 'space'}
138.6834 	EXP 	image_2: autoDraw = False
138.6834 	EXP 	image_3: image = 'condition_1/fixation.png'
138.6834 	EXP 	image_3: autoDraw = True
139.1029 	EXP 	image_3: autoDraw = False
139.1029 	EXP 	text_3: height = 0.2
139.1029 	EXP 	text_3: height = 0.2
139.1029 	EXP 	text_3: height = 0.2
139.1029 	EXP 	text_3: text = 2
139.6032 	EXP 	text_3: autoDraw = True
140.0162 	EXP 	text_3: autoDraw = False
140.0162 	EXP 	text_3: autoDraw = False
140.0162 	EXP 	image_2: image = 'condition_1/blank.PNG'
141.2082 	EXP 	image_2: autoDraw = True
142.0030 	EXP 	image_2: autoDraw = False
142.8722 	EXP 	New trial (rep=0, index=17): {'stimuli': 9, 'star': 'condition_1/leftstar.PNG', 'CorrectAns': 'space'}
142.9808 	EXP 	image_2: autoDraw = False
142.9808 	EXP 	image_3: image = 'condition_1/fixation.png'
142.9808 	EXP 	image_3: autoDraw = True
143.3863 	EXP 	image_3: autoDraw = False
143.3863 	EXP 	text_3: height = 0.2
143.3863 	EXP 	text_3: height = 0.2
143.3863 	EXP 	text_3: height = 0.2
143.3863 	EXP 	text_3: text = 9
143.8864 	EXP 	text_3: autoDraw = True
144.3878 	EXP 	text_3: autoDraw = False
144.3878 	EXP 	text_3: autoDraw = False
144.3878 	EXP 	image_2: image = 'condition_1/leftstar.PNG'
145.4990 	EXP 	image_2: autoDraw = True
145.8586 	EXP 	New trial (rep=0, index=18): {'stimuli': 9, 'star': 'condition_1/rightstar.PNG', 'CorrectAns': 'space'}
145.9564 	EXP 	image_2: autoDraw = False
145.9564 	EXP 	image_3: image = 'condition_1/fixation.png'
145.9564 	EXP 	image_3: autoDraw = True
146.3862 	EXP 	image_3: autoDraw = False
146.3862 	EXP 	text_3: height = 0.2
146.3862 	EXP 	text_3: height = 0.2
146.3862 	EXP 	text_3: height = 0.2
146.3862 	EXP 	text_3: text = 9
146.8697 	EXP 	text_3: autoDraw = True
147.3741 	EXP 	text_3: autoDraw = False
147.3741 	EXP 	text_3: autoDraw = False
147.3741 	EXP 	image_2: image = 'condition_1/rightstar.PNG'
148.4825 	EXP 	image_2: autoDraw = True
148.9086 	EXP 	New trial (rep=0, index=19): {'stimuli': 8, 'star': 'condition_1/rightstar.PNG', 'CorrectAns': 'space'}
149.0060 	EXP 	image_2: autoDraw = False
149.0060 	EXP 	image_3: image = 'condition_1/fixation.png'
149.0060 	EXP 	image_3: autoDraw = True
149.4363 	EXP 	image_3: autoDraw = False
149.4363 	EXP 	text_3: height = 0.2
149.4363 	EXP 	text_3: height = 0.2
149.4363 	EXP 	text_3: height = 0.2
149.4363 	EXP 	text_3: text = 8
149.9198 	EXP 	text_3: autoDraw = True
150.4267 	EXP 	text_3: autoDraw = False
150.4267 	EXP 	text_3: autoDraw = False
150.4267 	EXP 	image_2: image = 'condition_1/rightstar.PNG'
151.5325 	EXP 	image_2: autoDraw = True
151.9251 	EXP 	New trial (rep=0, index=20): {'stimuli': 2, 'star': 'condition_1/rightstar.PNG', 'CorrectAns': 'left'}
152.0262 	EXP 	image_2: autoDraw = False
152.0262 	EXP 	image_3: image = 'condition_1/fixation.png'
152.0262 	EXP 	image_3: autoDraw = True
152.4530 	EXP 	image_3: autoDraw = False
152.4530 	EXP 	text_3: height = 0.2
152.4530 	EXP 	text_3: height = 0.2
152.4530 	EXP 	text_3: height = 0.2
152.4530 	EXP 	text_3: text = 2
152.9366 	EXP 	text_3: autoDraw = True
153.4449 	EXP 	text_3: autoDraw = False
153.4449 	EXP 	text_3: autoDraw = False
153.4449 	EXP 	image_2: image = 'condition_1/rightstar.PNG'
154.5493 	EXP 	image_2: autoDraw = True
155.3258 	EXP 	New trial (rep=0, index=21): {'stimuli': 9, 'star': 'condition_1/leftstar.PNG', 'CorrectAns': 'space'}
155.4343 	EXP 	image_2: autoDraw = False
155.4343 	EXP 	image_3: image = 'condition_1/fixation.png'
155.4343 	EXP 	image_3: autoDraw = True
155.8686 	EXP 	image_3: autoDraw = False
155.8686 	EXP 	text_3: height = 0.2
155.8686 	EXP 	text_3: height = 0.2
155.8686 	EXP 	text_3: height = 0.2
155.8686 	EXP 	text_3: text = 9
156.3365 	EXP 	text_3: autoDraw = True
156.8306 	EXP 	text_3: autoDraw = False
156.8306 	EXP 	text_3: autoDraw = False
156.8306 	EXP 	image_2: image = 'condition_1/leftstar.PNG'
157.9490 	EXP 	image_2: autoDraw = True
158.3107 	EXP 	New trial (rep=0, index=22): {'stimuli': 2, 'star': 'condition_1/blank.PNG', 'CorrectAns': 'space'}
158.4150 	EXP 	image_2: autoDraw = False
158.4150 	EXP 	image_3: image = 'condition_1/fixation.png'
158.4150 	EXP 	image_3: autoDraw = True
158.8363 	EXP 	image_3: autoDraw = False
158.8363 	EXP 	text_3: height = 0.2
158.8363 	EXP 	text_3: height = 0.2
158.8363 	EXP 	text_3: height = 0.2
158.8363 	EXP 	text_3: text = 2
159.3198 	EXP 	text_3: autoDraw = True
159.7195 	EXP 	text_3: autoDraw = False
159.7195 	EXP 	text_3: autoDraw = False
159.7195 	EXP 	image_2: image = 'condition_1/blank.PNG'
160.9249 	EXP 	image_2: autoDraw = True
161.7364 	EXP 	image_2: autoDraw = False
161.8047 	EXP 	New trial (rep=0, index=23): {'stimuli': 9, 'star': 'condition_1/blank.PNG', 'CorrectAns': 'space'}
161.9063 	EXP 	image_2: autoDraw = False
161.9063 	EXP 	image_3: image = 'condition_1/fixation.png'
161.9063 	EXP 	image_3: autoDraw = True
162.3197 	EXP 	image_3: autoDraw = False
162.3197 	EXP 	text_3: height = 0.2
162.3197 	EXP 	text_3: height = 0.2
162.3197 	EXP 	text_3: height = 0.2
162.3197 	EXP 	text_3: text = 9
162.8199 	EXP 	text_3: autoDraw = True
163.1737 	EXP 	text_3: autoDraw = False
163.1737 	EXP 	text_3: autoDraw = False
163.1737 	EXP 	image_2: image = 'condition_1/blank.PNG'
164.4249 	EXP 	image_2: autoDraw = True
165.2363 	EXP 	image_2: autoDraw = False
165.3547 	EXP 	New trial (rep=0, index=24): {'stimuli': 2, 'star': 'condition_1/rightstar.PNG', 'CorrectAns': 'right'}
165.4524 	EXP 	image_2: autoDraw = False
165.4524 	EXP 	image_3: image = 'condition_1/fixation.png'
165.4524 	EXP 	image_3: autoDraw = True
165.8697 	EXP 	image_3: autoDraw = False
165.8697 	EXP 	text_3: height = 0.2
165.8697 	EXP 	text_3: height = 0.2
165.8697 	EXP 	text_3: height = 0.2
165.8697 	EXP 	text_3: text = 2
166.3698 	EXP 	text_3: autoDraw = True
166.8679 	EXP 	text_3: autoDraw = False
166.8679 	EXP 	text_3: autoDraw = False
166.8679 	EXP 	image_2: image = 'condition_1/rightstar.PNG'
167.9833 	EXP 	image_2: autoDraw = True
168.7864 	EXP 	image_2: autoDraw = False
168.8225 	EXP 	New trial (rep=1, index=0): {'stimuli': 9, 'star': 'condition_1/leftstar.PNG', 'CorrectAns': 'space'}
168.9695 	EXP 	image_2: autoDraw = False
168.9695 	EXP 	image_3: image = 'condition_1/fixation.png'
168.9695 	EXP 	image_3: autoDraw = True
169.3364 	EXP 	image_3: autoDraw = False
169.3364 	EXP 	text_3: height = 0.2
169.3364 	EXP 	text_3: height = 0.2
169.3364 	EXP 	text_3: height = 0.2
169.3364 	EXP 	text_3: text = 9
169.8365 	EXP 	text_3: autoDraw = True
170.3425 	EXP 	text_3: autoDraw = False
170.3425 	EXP 	text_3: autoDraw = False
170.3425 	EXP 	image_2: image = 'condition_1/leftstar.PNG'
171.4493 	EXP 	image_2: autoDraw = True
171.7763 	EXP 	New trial (rep=1, index=1): {'stimuli': 2, 'star': 'condition_1/leftstar.PNG', 'CorrectAns': 'left'}
171.8769 	EXP 	image_2: autoDraw = False
171.8769 	EXP 	image_3: image = 'condition_1/fixation.png'
171.8769 	EXP 	image_3: autoDraw = True
172.3029 	EXP 	image_3: autoDraw = False
172.3029 	EXP 	text_3: height = 0.2
172.3029 	EXP 	text_3: height = 0.2
172.3029 	EXP 	text_3: height = 0.2
172.3029 	EXP 	text_3: text = 2
172.7866 	EXP 	text_3: autoDraw = True
173.2903 	EXP 	text_3: autoDraw = False
173.2903 	EXP 	text_3: autoDraw = False
173.2903 	EXP 	image_2: image = 'condition_1/leftstar.PNG'
174.3992 	EXP 	image_2: autoDraw = True
174.9085 	EXP 	New trial (rep=1, index=2): {'stimuli': 2, 'star': 'condition_1/rightstar.PNG', 'CorrectAns': 'left'}
175.0066 	EXP 	image_2: autoDraw = False
175.0066 	EXP 	image_3: image = 'condition_1/fixation.png'
175.0066 	EXP 	image_3: autoDraw = True
175.4498 	EXP 	image_3: autoDraw = False
175.4498 	EXP 	text_3: height = 0.2
175.4498 	EXP 	text_3: height = 0.2
175.4498 	EXP 	text_3: height = 0.2
175.4498 	EXP 	text_3: text = 2
175.9198 	EXP 	text_3: autoDraw = True
176.4148 	EXP 	text_3: autoDraw = False
176.4148 	EXP 	text_3: autoDraw = False
176.4148 	EXP 	image_2: image = 'condition_1/rightstar.PNG'
177.5326 	EXP 	image_2: autoDraw = True
178.0591 	EXP 	New trial (rep=1, index=3): {'stimuli': 2, 'star': 'condition_1/blank.PNG', 'CorrectAns': 'space'}
178.1544 	EXP 	image_2: autoDraw = False
178.1544 	EXP 	image_3: image = 'condition_1/fixation.png'
178.1544 	EXP 	image_3: autoDraw = True
178.5862 	EXP 	image_3: autoDraw = False
178.5862 	EXP 	text_3: height = 0.2
178.5862 	EXP 	text_3: height = 0.2
178.5862 	EXP 	text_3: height = 0.2
178.5862 	EXP 	text_3: text = 2
179.0697 	EXP 	text_3: autoDraw = True
179.4628 	EXP 	text_3: autoDraw = False
179.4628 	EXP 	text_3: autoDraw = False
179.4628 	EXP 	image_2: image = 'condition_1/blank.PNG'
180.6747 	EXP 	image_2: autoDraw = True
181.4696 	EXP 	image_2: autoDraw = False
181.5708 	EXP 	New trial (rep=1, index=4): {'stimuli': 9, 'star': 'condition_1/blank.PNG', 'CorrectAns': 'space'}
181.6749 	EXP 	image_2: autoDraw = False
181.6749 	EXP 	image_3: image = 'condition_1/fixation.png'
181.6749 	EXP 	image_3: autoDraw = True
182.0866 	EXP 	image_3: autoDraw = False
182.0866 	EXP 	text_3: height = 0.2
182.0866 	EXP 	text_3: height = 0.2
182.0866 	EXP 	text_3: height = 0.2
182.0866 	EXP 	text_3: text = 9
182.5863 	EXP 	text_3: autoDraw = True
182.9319 	EXP 	text_3: autoDraw = False
182.9319 	EXP 	text_3: autoDraw = False
182.9319 	EXP 	image_2: image = 'condition_1/blank.PNG'
184.1913 	EXP 	image_2: autoDraw = True
185.0029 	EXP 	image_2: autoDraw = False
185.5708 	EXP 	New trial (rep=1, index=5): {'stimuli': 1, 'star': 'condition_1/rightstar.PNG', 'CorrectAns': 'right'}
185.6685 	EXP 	image_2: autoDraw = False
185.6685 	EXP 	image_3: image = 'condition_1/fixation.png'
185.6685 	EXP 	image_3: autoDraw = True
186.0864 	EXP 	image_3: autoDraw = False
186.0864 	EXP 	text_3: height = 0.2
186.0864 	EXP 	text_3: height = 0.2
186.0864 	EXP 	text_3: height = 0.2
186.0864 	EXP 	text_3: text = 1
186.5698 	EXP 	text_3: autoDraw = True
187.1022 	EXP 	text_3: autoDraw = False
187.1022 	EXP 	text_3: autoDraw = False
187.1022 	EXP 	image_2: image = 'condition_1/rightstar.PNG'
188.1829 	EXP 	image_2: autoDraw = True
188.5419 	EXP 	New trial (rep=1, index=6): {'stimuli': 8, 'star': 'condition_1/rightstar.PNG', 'CorrectAns': 'space'}
188.6367 	EXP 	image_2: autoDraw = False
188.6367 	EXP 	image_3: image = 'condition_1/fixation.png'
188.6367 	EXP 	image_3: autoDraw = True
189.0695 	EXP 	image_3: autoDraw = False
189.0695 	EXP 	text_3: height = 0.2
189.0695 	EXP 	text_3: height = 0.2
189.0695 	EXP 	text_3: height = 0.2
189.0695 	EXP 	text_3: text = 8
189.5530 	EXP 	text_3: autoDraw = True
190.0570 	EXP 	text_3: autoDraw = False
190.0570 	EXP 	text_3: autoDraw = False
190.0570 	EXP 	image_2: image = 'condition_1/rightstar.PNG'
191.1662 	EXP 	image_2: autoDraw = True
191.5253 	EXP 	New trial (rep=1, index=7): {'stimuli': 1, 'star': 'condition_1/blank.PNG', 'CorrectAns': 'space'}
191.6196 	EXP 	image_2: autoDraw = False
191.6196 	EXP 	image_3: image = 'condition_1/fixation.png'
191.6196 	EXP 	image_3: autoDraw = True
192.0530 	EXP 	image_3: autoDraw = False
192.0530 	EXP 	text_3: height = 0.2
192.0530 	EXP 	text_3: height = 0.2
192.0530 	EXP 	text_3: height = 0.2
192.0530 	EXP 	text_3: text = 1
192.5363 	EXP 	text_3: autoDraw = True
192.9135 	EXP 	text_3: autoDraw = False
192.9135 	EXP 	text_3: autoDraw = False
192.9135 	EXP 	image_2: image = 'condition_1/blank.PNG'
194.1414 	EXP 	image_2: autoDraw = True
194.8777 	EXP 	New trial (rep=1, index=8): {'stimuli': 9, 'star': 'condition_1/leftstar.PNG', 'CorrectAns': 'space'}
194.9937 	EXP 	image_2: autoDraw = False
194.9937 	EXP 	image_3: image = 'condition_1/fixation.png'
194.9937 	EXP 	image_3: autoDraw = True
195.4217 	EXP 	image_3: autoDraw = False
195.4217 	EXP 	text_3: height = 0.2
195.4217 	EXP 	text_3: height = 0.2
195.4217 	EXP 	text_3: height = 0.2
195.4217 	EXP 	text_3: text = 9
195.8867 	EXP 	text_3: autoDraw = True
196.3884 	EXP 	text_3: autoDraw = False
196.3884 	EXP 	text_3: autoDraw = False
196.3884 	EXP 	image_2: image = 'condition_1/leftstar.PNG'
197.4993 	EXP 	image_2: autoDraw = True
197.8096 	EXP 	New trial (rep=1, index=9): {'stimuli': 1, 'star': 'condition_1/leftstar.PNG', 'CorrectAns': 'left'}
197.9150 	EXP 	image_2: autoDraw = False
197.9150 	EXP 	image_3: image = 'condition_1/fixation.png'
197.9150 	EXP 	image_3: autoDraw = True
198.3363 	EXP 	image_3: autoDraw = False
198.3363 	EXP 	text_3: height = 0.2
198.3363 	EXP 	text_3: height = 0.2
198.3363 	EXP 	text_3: height = 0.2
198.3363 	EXP 	text_3: text = 1
198.8199 	EXP 	text_3: autoDraw = True
199.3159 	EXP 	text_3: autoDraw = False
199.3159 	EXP 	text_3: autoDraw = False
199.3159 	EXP 	image_2: image = 'condition_1/leftstar.PNG'
200.4325 	EXP 	image_2: autoDraw = True
200.8257 	EXP 	New trial (rep=1, index=10): {'stimuli': 2, 'star': 'condition_1/leftstar.PNG', 'CorrectAns': 'left'}
200.9227 	EXP 	image_2: autoDraw = False
200.9227 	EXP 	image_3: image = 'condition_1/fixation.png'
200.9227 	EXP 	image_3: autoDraw = True
201.3530 	EXP 	image_3: autoDraw = False
201.3530 	EXP 	text_3: height = 0.2
201.3530 	EXP 	text_3: height = 0.2
201.3530 	EXP 	text_3: height = 0.2
201.3530 	EXP 	text_3: text = 2
201.8367 	EXP 	text_3: autoDraw = True
202.3274 	EXP 	text_3: autoDraw = False
202.3274 	EXP 	text_3: autoDraw = False
202.3274 	EXP 	image_2: image = 'condition_1/leftstar.PNG'
203.4491 	EXP 	image_2: autoDraw = True
204.2531 	EXP 	image_2: autoDraw = False
204.3552 	EXP 	New trial (rep=1, index=11): {'stimuli': 1, 'star': 'condition_1/rightstar.PNG', 'CorrectAns': 'right'}
204.4582 	EXP 	image_2: autoDraw = False
204.4582 	EXP 	image_3: image = 'condition_1/fixation.png'
204.4582 	EXP 	image_3: autoDraw = True
204.8697 	EXP 	image_3: autoDraw = False
204.8697 	EXP 	text_3: height = 0.2
204.8697 	EXP 	text_3: height = 0.2
204.8697 	EXP 	text_3: height = 0.2
204.8697 	EXP 	text_3: text = 1
205.3701 	EXP 	text_3: autoDraw = True
205.8754 	EXP 	text_3: autoDraw = False
205.8754 	EXP 	text_3: autoDraw = False
205.8754 	EXP 	image_2: image = 'condition_1/rightstar.PNG'
206.9825 	EXP 	image_2: autoDraw = True
207.4254 	EXP 	New trial (rep=1, index=12): {'stimuli': 2, 'star': 'condition_1/blank.PNG', 'CorrectAns': 'space'}
207.5241 	EXP 	image_2: autoDraw = False
207.5241 	EXP 	image_3: image = 'condition_1/fixation.png'
207.5241 	EXP 	image_3: autoDraw = True
207.9531 	EXP 	image_3: autoDraw = False
207.9531 	EXP 	text_3: height = 0.2
207.9531 	EXP 	text_3: height = 0.2
207.9531 	EXP 	text_3: height = 0.2
207.9531 	EXP 	text_3: text = 2
208.4365 	EXP 	text_3: autoDraw = True
208.8427 	EXP 	text_3: autoDraw = False
208.8427 	EXP 	text_3: autoDraw = False
208.8427 	EXP 	image_2: image = 'condition_1/blank.PNG'
210.0416 	EXP 	image_2: autoDraw = True
210.5416 	EXP 	New trial (rep=1, index=13): {'stimuli': 8, 'star': 'condition_1/blank.PNG', 'CorrectAns': 'space'}
210.6329 	EXP 	image_2: autoDraw = False
210.6329 	EXP 	image_3: image = 'condition_1/fixation.png'
210.6329 	EXP 	image_3: autoDraw = True
211.0699 	EXP 	image_3: autoDraw = False
211.0699 	EXP 	text_3: height = 0.2
211.0699 	EXP 	text_3: height = 0.2
211.0699 	EXP 	text_3: height = 0.2
211.0699 	EXP 	text_3: text = 8
211.5533 	EXP 	text_3: autoDraw = True
211.9055 	EXP 	text_3: autoDraw = False
211.9055 	EXP 	text_3: autoDraw = False
211.9055 	EXP 	image_2: image = 'condition_1/blank.PNG'
213.1584 	EXP 	image_2: autoDraw = True
213.9696 	EXP 	image_2: autoDraw = False
214.0709 	EXP 	New trial (rep=1, index=14): {'stimuli': 9, 'star': 'condition_1/leftstar.PNG', 'CorrectAns': 'space'}
214.1683 	EXP 	image_2: autoDraw = False
214.1683 	EXP 	image_3: image = 'condition_1/fixation.png'
214.1683 	EXP 	image_3: autoDraw = True
214.5916 	EXP 	image_3: autoDraw = False
214.5916 	EXP 	text_3: height = 0.2
214.5916 	EXP 	text_3: height = 0.2
214.5916 	EXP 	text_3: height = 0.2
214.5916 	EXP 	text_3: text = 9
215.0863 	EXP 	text_3: autoDraw = True
215.5887 	EXP 	text_3: autoDraw = False
215.5887 	EXP 	text_3: autoDraw = False
215.5887 	EXP 	image_2: image = 'condition_1/leftstar.PNG'
216.6989 	EXP 	image_2: autoDraw = True
217.2257 	EXP 	New trial (rep=1, index=15): {'stimuli': 1, 'star': 'condition_1/leftstar.PNG', 'CorrectAns': 'left'}
217.3180 	EXP 	image_2: autoDraw = False
217.3180 	EXP 	image_3: image = 'condition_1/fixation.png'
217.3180 	EXP 	image_3: autoDraw = True
217.7529 	EXP 	image_3: autoDraw = False
217.7529 	EXP 	text_3: height = 0.2
217.7529 	EXP 	text_3: height = 0.2
217.7529 	EXP 	text_3: height = 0.2
217.7529 	EXP 	text_3: text = 1
218.2364 	EXP 	text_3: autoDraw = True
218.7283 	EXP 	text_3: autoDraw = False
218.7283 	EXP 	text_3: autoDraw = False
218.7283 	EXP 	image_2: image = 'condition_1/leftstar.PNG'
219.8490 	EXP 	image_2: autoDraw = True
220.1417 	EXP 	New trial (rep=1, index=16): {'stimuli': 8, 'star': 'condition_1/leftstar.PNG', 'CorrectAns': 'space'}
220.2334 	EXP 	image_2: autoDraw = False
220.2334 	EXP 	image_3: image = 'condition_1/fixation.png'
220.2334 	EXP 	image_3: autoDraw = True
220.6695 	EXP 	image_3: autoDraw = False
220.6695 	EXP 	text_3: height = 0.2
220.6695 	EXP 	text_3: height = 0.2
220.6695 	EXP 	text_3: height = 0.2
220.6695 	EXP 	text_3: text = 8
221.1530 	EXP 	text_3: autoDraw = True
221.6428 	EXP 	text_3: autoDraw = False
221.6428 	EXP 	text_3: autoDraw = False
221.6428 	EXP 	image_2: image = 'condition_1/leftstar.PNG'
222.7662 	EXP 	image_2: autoDraw = True
223.1084 	EXP 	New trial (rep=1, index=17): {'stimuli': 8, 'star': 'condition_1/leftstar.PNG', 'CorrectAns': 'space'}
223.2020 	EXP 	image_2: autoDraw = False
223.2020 	EXP 	image_3: image = 'condition_1/fixation.png'
223.2020 	EXP 	image_3: autoDraw = True
223.6363 	EXP 	image_3: autoDraw = False
223.6363 	EXP 	text_3: height = 0.2
223.6363 	EXP 	text_3: height = 0.2
223.6363 	EXP 	text_3: height = 0.2
223.6363 	EXP 	text_3: text = 8
224.1197 	EXP 	text_3: autoDraw = True
224.6141 	EXP 	text_3: autoDraw = False
224.6141 	EXP 	text_3: autoDraw = False
224.6141 	EXP 	image_2: image = 'condition_1/leftstar.PNG'
225.7321 	EXP 	image_2: autoDraw = True
226.2586 	EXP 	New trial (rep=1, index=18): {'stimuli': 8, 'star': 'condition_1/rightstar.PNG', 'CorrectAns': 'space'}
226.3527 	EXP 	image_2: autoDraw = False
226.3527 	EXP 	image_3: image = 'condition_1/fixation.png'
226.3527 	EXP 	image_3: autoDraw = True
226.7863 	EXP 	image_3: autoDraw = False
226.7863 	EXP 	text_3: height = 0.2
226.7863 	EXP 	text_3: height = 0.2
226.7863 	EXP 	text_3: height = 0.2
226.7863 	EXP 	text_3: text = 8
227.2697 	EXP 	text_3: autoDraw = True
227.7691 	EXP 	text_3: autoDraw = False
227.7691 	EXP 	text_3: autoDraw = False
227.7691 	EXP 	image_2: image = 'condition_1/rightstar.PNG'
228.8822 	EXP 	image_2: autoDraw = True
229.1582 	EXP 	New trial (rep=1, index=19): {'stimuli': 8, 'star': 'condition_1/rightstar.PNG', 'CorrectAns': 'space'}
229.2492 	EXP 	image_2: autoDraw = False
229.2492 	EXP 	image_3: image = 'condition_1/fixation.png'
229.2492 	EXP 	image_3: autoDraw = True
229.6863 	EXP 	image_3: autoDraw = False
229.6863 	EXP 	text_3: height = 0.2
229.6863 	EXP 	text_3: height = 0.2
229.6863 	EXP 	text_3: height = 0.2
229.6863 	EXP 	text_3: text = 8
230.1697 	EXP 	text_3: autoDraw = True
230.6629 	EXP 	text_3: autoDraw = False
230.6629 	EXP 	text_3: autoDraw = False
230.6629 	EXP 	image_2: image = 'condition_1/rightstar.PNG'
231.7821 	EXP 	image_2: autoDraw = True
232.1088 	EXP 	New trial (rep=1, index=20): {'stimuli': 9, 'star': 'condition_1/rightstar.PNG', 'CorrectAns': 'space'}
232.2089 	EXP 	image_2: autoDraw = False
232.2089 	EXP 	image_3: image = 'condition_1/fixation.png'
232.2089 	EXP 	image_3: autoDraw = True
232.6538 	EXP 	image_3: autoDraw = False
232.6538 	EXP 	text_3: height = 0.2
232.6538 	EXP 	text_3: height = 0.2
232.6538 	EXP 	text_3: height = 0.2
232.6538 	EXP 	text_3: text = 9
233.1198 	EXP 	text_3: autoDraw = True
233.6142 	EXP 	text_3: autoDraw = False
233.6142 	EXP 	text_3: autoDraw = False
233.6142 	EXP 	image_2: image = 'condition_1/rightstar.PNG'
234.7327 	EXP 	image_2: autoDraw = True
235.0426 	EXP 	New trial (rep=1, index=21): {'stimuli': 9, 'star': 'condition_1/rightstar.PNG', 'CorrectAns': 'space'}
235.1391 	EXP 	image_2: autoDraw = False
235.1391 	EXP 	image_3: image = 'condition_1/fixation.png'
235.1391 	EXP 	image_3: autoDraw = True
235.5697 	EXP 	image_3: autoDraw = False
235.5697 	EXP 	text_3: height = 0.2
235.5697 	EXP 	text_3: height = 0.2
235.5697 	EXP 	text_3: height = 0.2
235.5697 	EXP 	text_3: text = 9
236.0535 	EXP 	text_3: autoDraw = True
236.5715 	EXP 	text_3: autoDraw = False
236.5715 	EXP 	text_3: autoDraw = False
236.5715 	EXP 	image_2: image = 'condition_1/rightstar.PNG'
237.6658 	EXP 	image_2: autoDraw = True
237.9766 	EXP 	New trial (rep=1, index=22): {'stimuli': 2, 'star': 'condition_1/leftstar.PNG', 'CorrectAns': 'left'}
238.0815 	EXP 	image_2: autoDraw = False
238.0815 	EXP 	image_3: image = 'condition_1/fixation.png'
238.0815 	EXP 	image_3: autoDraw = True
238.5030 	EXP 	image_3: autoDraw = False
238.5030 	EXP 	text_3: height = 0.2
238.5030 	EXP 	text_3: height = 0.2
238.5030 	EXP 	text_3: height = 0.2
238.5030 	EXP 	text_3: text = 2
238.9867 	EXP 	text_3: autoDraw = True
239.5008 	EXP 	text_3: autoDraw = False
239.5008 	EXP 	text_3: autoDraw = False
239.5008 	EXP 	image_2: image = 'condition_1/leftstar.PNG'
240.5995 	EXP 	image_2: autoDraw = True
240.9451 	EXP 	New trial (rep=1, index=23): {'stimuli': 1, 'star': 'condition_1/rightstar.PNG', 'CorrectAns': 'right'}
241.0549 	EXP 	image_2: autoDraw = False
241.0549 	EXP 	image_3: image = 'condition_1/fixation.png'
241.0549 	EXP 	image_3: autoDraw = True
241.4700 	EXP 	image_3: autoDraw = False
241.4700 	EXP 	text_3: height = 0.2
241.4700 	EXP 	text_3: height = 0.2
241.4700 	EXP 	text_3: height = 0.2
241.4700 	EXP 	text_3: text = 1
241.9534 	EXP 	text_3: autoDraw = True
242.4572 	EXP 	text_3: autoDraw = False
242.4572 	EXP 	text_3: autoDraw = False
242.4572 	EXP 	image_2: image = 'condition_1/rightstar.PNG'
243.5658 	EXP 	image_2: autoDraw = True
243.8934 	EXP 	New trial (rep=1, index=24): {'stimuli': 2, 'star': 'condition_1/rightstar.PNG', 'CorrectAns': 'right'}
244.0007 	EXP 	image_2: autoDraw = False
244.0007 	EXP 	image_3: image = 'condition_1/fixation.png'
244.0007 	EXP 	image_3: autoDraw = True
244.4199 	EXP 	image_3: autoDraw = False
244.4199 	EXP 	text_3: height = 0.2
244.4199 	EXP 	text_3: height = 0.2
244.4199 	EXP 	text_3: height = 0.2
244.4199 	EXP 	text_3: text = 2
244.9034 	EXP 	text_3: autoDraw = True
245.4326 	EXP 	text_3: autoDraw = False
245.4326 	EXP 	text_3: autoDraw = False
245.4326 	EXP 	image_2: image = 'condition_1/rightstar.PNG'
246.5166 	EXP 	image_2: autoDraw = True
246.8702 	EXP 	image_2: autoDraw = False
246.8702 	EXP 	text_10: autoDraw = True
267.7534 	EXP 	text_10: autoDraw = False
267.7534 	EXP 	text_7: autoDraw = True
300.3811 	EXP 	Imported test2/data4.xlsx as conditions, 6 conditions, 3 params
300.3820 	EXP 	Created sequence: random, trialTypes=6, nReps=1, seed=None
300.3823 	EXP 	New trial (rep=0, index=0): {'stimuli': 9, 'star': 'test2/rightstar.PNG', 'CorrectAns': 'right'}
300.5351 	EXP 	text_7: autoDraw = False
300.5351 	EXP 	image_8: image = 'test2/fixation.png'
300.5351 	EXP 	image_8: autoDraw = True
300.8866 	EXP 	image_8: autoDraw = False
300.8866 	EXP 	text_11: height = 0.05
300.8866 	EXP 	text_11: height = 0.05
300.8866 	EXP 	text_11: height = 0.05
300.8866 	EXP 	text_11: text = 9
301.3699 	EXP 	text_11: autoDraw = True
301.9048 	EXP 	text_11: autoDraw = False
301.9048 	EXP 	text_11: autoDraw = False
301.9048 	EXP 	image_9: image = 'test2/rightstar.PNG'
302.9826 	EXP 	image_9: autoDraw = True
303.7422 	EXP 	New trial (rep=0, index=1): {'stimuli': 8, 'star': 'test2/leftstar.PNG', 'CorrectAns': 'left'}
303.8351 	EXP 	image_9: autoDraw = False
303.8351 	EXP 	image_8: image = 'test2/fixation.png'
303.8351 	EXP 	image_8: autoDraw = True
304.2699 	EXP 	image_8: autoDraw = False
304.2699 	EXP 	text_11: height = 0.05
304.2699 	EXP 	text_11: height = 0.05
304.2699 	EXP 	text_11: height = 0.05
304.2699 	EXP 	text_11: text = 8
304.7533 	EXP 	text_11: autoDraw = True
305.2517 	EXP 	text_11: autoDraw = False
305.2517 	EXP 	text_11: autoDraw = False
305.2517 	EXP 	image_9: image = 'test2/leftstar.PNG'
306.3657 	EXP 	image_9: autoDraw = True
306.8587 	EXP 	New trial (rep=0, index=2): {'stimuli': 2, 'star': 'test2/leftstar.PNG', 'CorrectAns': 'space'}
306.9492 	EXP 	image_9: autoDraw = False
306.9492 	EXP 	image_8: image = 'test2/fixation.png'
306.9492 	EXP 	image_8: autoDraw = True
307.3868 	EXP 	image_8: autoDraw = False
307.3868 	EXP 	text_11: height = 0.05
307.3868 	EXP 	text_11: height = 0.05
307.3868 	EXP 	text_11: height = 0.05
307.3868 	EXP 	text_11: text = 2
307.8700 	EXP 	text_11: autoDraw = True
308.3755 	EXP 	text_11: autoDraw = False
308.3755 	EXP 	text_11: autoDraw = False
308.3755 	EXP 	image_9: image = 'test2/leftstar.PNG'
309.4827 	EXP 	image_9: autoDraw = True
309.9254 	EXP 	New trial (rep=0, index=3): {'stimuli': 1, 'star': 'test2/blank.PNG', 'CorrectAns': 'space'}
310.0172 	EXP 	image_9: autoDraw = False
310.0172 	EXP 	image_8: image = 'test2/fixation.png'
310.0172 	EXP 	image_8: autoDraw = True
310.4586 	EXP 	image_8: autoDraw = False
310.4586 	EXP 	text_11: height = 0.05
310.4586 	EXP 	text_11: height = 0.05
310.4586 	EXP 	text_11: height = 0.05
310.4586 	EXP 	text_11: text = 1
310.9366 	EXP 	text_11: autoDraw = True
311.3565 	EXP 	text_11: autoDraw = False
311.3565 	EXP 	text_11: autoDraw = False
311.3565 	EXP 	image_9: image = 'test2/blank.PNG'
312.5418 	EXP 	image_9: autoDraw = True
313.3533 	EXP 	image_9: autoDraw = False
313.5383 	EXP 	New trial (rep=0, index=4): {'stimuli': 8, 'star': 'test2/rightstar.PNG', 'CorrectAns': 'right'}
313.6354 	EXP 	image_9: autoDraw = False
313.6354 	EXP 	image_8: image = 'test2/fixation.png'
313.6354 	EXP 	image_8: autoDraw = True
314.0701 	EXP 	image_8: autoDraw = False
314.0701 	EXP 	text_11: height = 0.05
314.0701 	EXP 	text_11: height = 0.05
314.0701 	EXP 	text_11: height = 0.05
314.0701 	EXP 	text_11: text = 8
314.5534 	EXP 	text_11: autoDraw = True
315.0562 	EXP 	text_11: autoDraw = False
315.0562 	EXP 	text_11: autoDraw = False
315.0562 	EXP 	image_9: image = 'test2/rightstar.PNG'
316.1661 	EXP 	image_9: autoDraw = True
316.4093 	EXP 	New trial (rep=0, index=5): {'stimuli': 1, 'star': 'test2/leftstar.PNG', 'CorrectAns': 'space'}
316.5020 	EXP 	image_9: autoDraw = False
316.5020 	EXP 	image_8: image = 'test2/fixation.png'
316.5020 	EXP 	image_8: autoDraw = True
316.9365 	EXP 	image_8: autoDraw = False
316.9365 	EXP 	text_11: height = 0.05
316.9365 	EXP 	text_11: height = 0.05
316.9365 	EXP 	text_11: height = 0.05
316.9365 	EXP 	text_11: text = 1
317.4199 	EXP 	text_11: autoDraw = True
317.9197 	EXP 	text_11: autoDraw = False
317.9197 	EXP 	text_11: autoDraw = False
317.9197 	EXP 	image_9: image = 'test2/leftstar.PNG'
319.0327 	EXP 	image_9: autoDraw = True
319.3370 	EXP 	image_9: autoDraw = False
319.3370 	EXP 	text_12: autoDraw = True
320.3368 	EXP 	text_12: autoDraw = False
325.2039 	EXP 	text_12: autoDraw = False
325.2039 	EXP 	text_13: autoDraw = True
326.1376 	EXP 	Imported condition_2/data2.xlsx as conditions, 25 conditions, 3 params
326.1385 	EXP 	Created sequence: random, trialTypes=25, nReps=2, seed=None
326.1387 	EXP 	New trial (rep=0, index=0): {'stimuli': 8, 'star': 'condition_2/rightstar.PNG', 'CorrectAns': 'right'}
326.2592 	EXP 	text_13: autoDraw = False
326.2592 	EXP 	image_4: image = 'condition_2/fixation.png'
326.2592 	EXP 	image_4: autoDraw = True
326.6366 	EXP 	image_4: autoDraw = False
326.6366 	EXP 	text: height = 0.2
326.6366 	EXP 	text: height = 0.2
326.6366 	EXP 	text: height = 0.2
326.6366 	EXP 	text: text = 8
327.1367 	EXP 	text: autoDraw = True
327.6319 	EXP 	text: autoDraw = False
327.6319 	EXP 	text: autoDraw = False
327.6319 	EXP 	image_5: image = 'condition_2/rightstar.PNG'
328.7499 	EXP 	image_5: autoDraw = True
329.1108 	EXP 	New trial (rep=0, index=1): {'stimuli': 9, 'star': 'condition_2/leftstar.PNG', 'CorrectAns': 'left'}
329.2065 	EXP 	image_5: autoDraw = False
329.2065 	EXP 	image_4: image = 'condition_2/fixation.png'
329.2065 	EXP 	image_4: autoDraw = True
329.6364 	EXP 	image_4: autoDraw = False
329.6364 	EXP 	text: height = 0.2
329.6364 	EXP 	text: height = 0.2
329.6364 	EXP 	text: height = 0.2
329.6364 	EXP 	text: text = 9
330.1201 	EXP 	text: autoDraw = True
330.6226 	EXP 	text: autoDraw = False
330.6226 	EXP 	text: autoDraw = False
330.6226 	EXP 	image_5: image = 'condition_2/leftstar.PNG'
331.7328 	EXP 	image_5: autoDraw = True
331.9936 	EXP 	New trial (rep=0, index=2): {'stimuli': 9, 'star': 'condition_2/blank.PNG', 'CorrectAns': 'space'}
332.0988 	EXP 	image_5: autoDraw = False
332.0988 	EXP 	image_4: image = 'condition_2/fixation.png'
332.0988 	EXP 	image_4: autoDraw = True
332.5198 	EXP 	image_4: autoDraw = False
332.5198 	EXP 	text: height = 0.2
332.5198 	EXP 	text: height = 0.2
332.5198 	EXP 	text: height = 0.2
332.5198 	EXP 	text: text = 9
333.0032 	EXP 	text: autoDraw = True
333.4079 	EXP 	text: autoDraw = False
333.4079 	EXP 	text: autoDraw = False
333.4079 	EXP 	image_5: image = 'condition_2/blank.PNG'
334.6084 	EXP 	image_5: autoDraw = True
334.8091 	EXP 	New trial (rep=0, index=3): {'stimuli': 9, 'star': 'condition_2/rightstar.PNG', 'CorrectAns': 'right'}
334.9107 	EXP 	image_5: autoDraw = False
334.9107 	EXP 	image_4: image = 'condition_2/fixation.png'
334.9107 	EXP 	image_4: autoDraw = True
335.3403 	EXP 	image_4: autoDraw = False
335.3403 	EXP 	text: height = 0.2
335.3403 	EXP 	text: height = 0.2
335.3403 	EXP 	text: height = 0.2
335.3403 	EXP 	text: text = 9
335.8201 	EXP 	text: autoDraw = True
336.3243 	EXP 	text: autoDraw = False
336.3243 	EXP 	text: autoDraw = False
336.3243 	EXP 	image_5: image = 'condition_2/rightstar.PNG'
337.4328 	EXP 	image_5: autoDraw = True
338.0921 	EXP 	New trial (rep=0, index=4): {'stimuli': 1, 'star': 'condition_2/blank.PNG', 'CorrectAns': 'space'}
338.1890 	EXP 	image_5: autoDraw = False
338.1890 	EXP 	image_4: image = 'condition_2/fixation.png'
338.1890 	EXP 	image_4: autoDraw = True
338.6199 	EXP 	image_4: autoDraw = False
338.6199 	EXP 	text: height = 0.2
338.6199 	EXP 	text: height = 0.2
338.6199 	EXP 	text: height = 0.2
338.6199 	EXP 	text: text = 1
339.1033 	EXP 	text: autoDraw = True
339.4730 	EXP 	text: autoDraw = False
339.4730 	EXP 	text: autoDraw = False
339.4730 	EXP 	image_5: image = 'condition_2/blank.PNG'
340.7085 	EXP 	image_5: autoDraw = True
341.3755 	EXP 	New trial (rep=0, index=5): {'stimuli': 8, 'star': 'condition_2/leftstar.PNG', 'CorrectAns': 'left'}
341.4715 	EXP 	image_5: autoDraw = False
341.4715 	EXP 	image_4: image = 'condition_2/fixation.png'
341.4715 	EXP 	image_4: autoDraw = True
341.9033 	EXP 	image_4: autoDraw = False
341.9033 	EXP 	text: height = 0.2
341.9033 	EXP 	text: height = 0.2
341.9033 	EXP 	text: height = 0.2
341.9033 	EXP 	text: text = 8
342.3868 	EXP 	text: autoDraw = True
342.9009 	EXP 	text: autoDraw = False
342.9009 	EXP 	text: autoDraw = False
342.9009 	EXP 	image_5: image = 'condition_2/leftstar.PNG'
343.9994 	EXP 	image_5: autoDraw = True
344.2753 	EXP 	New trial (rep=0, index=6): {'stimuli': 1, 'star': 'condition_2/rightstar.PNG', 'CorrectAns': 'space'}
344.3708 	EXP 	image_5: autoDraw = False
344.3708 	EXP 	image_4: image = 'condition_2/fixation.png'
344.3708 	EXP 	image_4: autoDraw = True
344.8033 	EXP 	image_4: autoDraw = False
344.8033 	EXP 	text: height = 0.2
344.8033 	EXP 	text: height = 0.2
344.8033 	EXP 	text: height = 0.2
344.8033 	EXP 	text: text = 1
345.2868 	EXP 	text: autoDraw = True
345.7870 	EXP 	text: autoDraw = False
345.7870 	EXP 	text: autoDraw = False
345.7870 	EXP 	image_5: image = 'condition_2/rightstar.PNG'
346.8994 	EXP 	image_5: autoDraw = True
347.3090 	EXP 	New trial (rep=0, index=7): {'stimuli': 8, 'star': 'condition_2/blank.PNG', 'CorrectAns': 'space'}
347.4027 	EXP 	image_5: autoDraw = False
347.4027 	EXP 	image_4: image = 'condition_2/fixation.png'
347.4027 	EXP 	image_4: autoDraw = True
347.8366 	EXP 	image_4: autoDraw = False
347.8366 	EXP 	text: height = 0.2
347.8366 	EXP 	text: height = 0.2
347.8366 	EXP 	text: height = 0.2
347.8366 	EXP 	text: text = 8
348.3200 	EXP 	text: autoDraw = True
348.7084 	EXP 	text: autoDraw = False
348.7084 	EXP 	text: autoDraw = False
348.7084 	EXP 	image_5: image = 'condition_2/blank.PNG'
349.9251 	EXP 	image_5: autoDraw = True
350.7200 	EXP 	image_5: autoDraw = False
350.7384 	EXP 	New trial (rep=0, index=8): {'stimuli': 1, 'star': 'condition_2/leftstar.PNG', 'CorrectAns': 'space'}
350.8428 	EXP 	image_5: autoDraw = False
350.8428 	EXP 	image_4: image = 'condition_2/fixation.png'
350.8428 	EXP 	image_4: autoDraw = True
351.2533 	EXP 	image_4: autoDraw = False
351.2533 	EXP 	text: height = 0.2
351.2533 	EXP 	text: height = 0.2
351.2533 	EXP 	text: height = 0.2
351.2533 	EXP 	text: text = 1
351.7536 	EXP 	text: autoDraw = True
352.2579 	EXP 	text: autoDraw = False
352.2579 	EXP 	text: autoDraw = False
352.2579 	EXP 	image_5: image = 'condition_2/leftstar.PNG'
353.3661 	EXP 	image_5: autoDraw = True
353.7921 	EXP 	New trial (rep=0, index=9): {'stimuli': 2, 'star': 'condition_2/rightstar.PNG', 'CorrectAns': 'space'}
353.8870 	EXP 	image_5: autoDraw = False
353.8870 	EXP 	image_4: image = 'condition_2/fixation.png'
353.8870 	EXP 	image_4: autoDraw = True
354.3281 	EXP 	image_4: autoDraw = False
354.3281 	EXP 	text: height = 0.2
354.3281 	EXP 	text: height = 0.2
354.3281 	EXP 	text: height = 0.2
354.3281 	EXP 	text: text = 2
354.8036 	EXP 	text: autoDraw = True
355.2974 	EXP 	text: autoDraw = False
355.2974 	EXP 	text: autoDraw = False
355.2974 	EXP 	image_5: image = 'condition_2/rightstar.PNG'
356.4163 	EXP 	image_5: autoDraw = True
356.6939 	EXP 	New trial (rep=0, index=10): {'stimuli': 2, 'star': 'condition_2/leftstar.PNG', 'CorrectAns': 'space'}
356.7970 	EXP 	image_5: autoDraw = False
356.7970 	EXP 	image_4: image = 'condition_2/fixation.png'
356.7970 	EXP 	image_4: autoDraw = True
357.2200 	EXP 	image_4: autoDraw = False
357.2200 	EXP 	text: height = 0.2
357.2200 	EXP 	text: height = 0.2
357.2200 	EXP 	text: height = 0.2
357.2200 	EXP 	text: text = 2
357.7035 	EXP 	text: autoDraw = True
358.2077 	EXP 	text: autoDraw = False
358.2077 	EXP 	text: autoDraw = False
358.2077 	EXP 	image_5: image = 'condition_2/leftstar.PNG'
359.3162 	EXP 	image_5: autoDraw = True
359.6087 	EXP 	New trial (rep=0, index=11): {'stimuli': 2, 'star': 'condition_2/leftstar.PNG', 'CorrectAns': 'space'}
359.7054 	EXP 	image_5: autoDraw = False
359.7054 	EXP 	image_4: image = 'condition_2/fixation.png'
359.7054 	EXP 	image_4: autoDraw = True
360.1366 	EXP 	image_4: autoDraw = False
360.1366 	EXP 	text: height = 0.2
360.1366 	EXP 	text: height = 0.2
360.1366 	EXP 	text: height = 0.2
360.1366 	EXP 	text: text = 2
360.6201 	EXP 	text: autoDraw = True
361.1168 	EXP 	text: autoDraw = False
361.1168 	EXP 	text: autoDraw = False
361.1168 	EXP 	image_5: image = 'condition_2/leftstar.PNG'
362.2326 	EXP 	image_5: autoDraw = True
362.6271 	EXP 	New trial (rep=0, index=12): {'stimuli': 9, 'star': 'condition_2/leftstar.PNG', 'CorrectAns': 'left'}
362.7299 	EXP 	image_5: autoDraw = False
362.7299 	EXP 	image_4: image = 'condition_2/fixation.png'
362.7299 	EXP 	image_4: autoDraw = True
363.1533 	EXP 	image_4: autoDraw = False
363.1533 	EXP 	text: height = 0.2
363.1533 	EXP 	text: height = 0.2
363.1533 	EXP 	text: height = 0.2
363.1533 	EXP 	text: text = 9
363.6368 	EXP 	text: autoDraw = True
364.1301 	EXP 	text: autoDraw = False
364.1301 	EXP 	text: autoDraw = False
364.1301 	EXP 	image_5: image = 'condition_2/leftstar.PNG'
365.2494 	EXP 	image_5: autoDraw = True
365.9090 	EXP 	New trial (rep=0, index=13): {'stimuli': 8, 'star': 'condition_2/rightstar.PNG', 'CorrectAns': 'right'}
366.0094 	EXP 	image_5: autoDraw = False
366.0094 	EXP 	image_4: image = 'condition_2/fixation.png'
366.0094 	EXP 	image_4: autoDraw = True
366.4366 	EXP 	image_4: autoDraw = False
366.4366 	EXP 	text: height = 0.2
366.4366 	EXP 	text: height = 0.2
366.4366 	EXP 	text: height = 0.2
366.4366 	EXP 	text: text = 8
366.9201 	EXP 	text: autoDraw = True
367.4198 	EXP 	text: autoDraw = False
367.4198 	EXP 	text: autoDraw = False
367.4198 	EXP 	image_5: image = 'condition_2/rightstar.PNG'
368.5328 	EXP 	image_5: autoDraw = True
368.8087 	EXP 	New trial (rep=0, index=14): {'stimuli': 8, 'star': 'condition_2/rightstar.PNG', 'CorrectAns': 'right'}
368.9035 	EXP 	image_5: autoDraw = False
368.9035 	EXP 	image_4: image = 'condition_2/fixation.png'
368.9035 	EXP 	image_4: autoDraw = True
369.3369 	EXP 	image_4: autoDraw = False
369.3369 	EXP 	text: height = 0.2
369.3369 	EXP 	text: height = 0.2
369.3369 	EXP 	text: height = 0.2
369.3369 	EXP 	text: text = 8
369.8201 	EXP 	text: autoDraw = True
370.3208 	EXP 	text: autoDraw = False
370.3208 	EXP 	text: autoDraw = False
370.3208 	EXP 	image_5: image = 'condition_2/rightstar.PNG'
371.4328 	EXP 	image_5: autoDraw = True
371.7756 	EXP 	New trial (rep=0, index=15): {'stimuli': 2, 'star': 'condition_2/blank.PNG', 'CorrectAns': 'space'}
371.8667 	EXP 	image_5: autoDraw = False
371.8667 	EXP 	image_4: image = 'condition_2/fixation.png'
371.8667 	EXP 	image_4: autoDraw = True
372.3162 	EXP 	image_4: autoDraw = False
372.3162 	EXP 	text: height = 0.2
372.3162 	EXP 	text: height = 0.2
372.3162 	EXP 	text: height = 0.2
372.3162 	EXP 	text: text = 2
372.7867 	EXP 	text: autoDraw = True
373.1897 	EXP 	text: autoDraw = False
373.1897 	EXP 	text: autoDraw = False
373.1897 	EXP 	image_5: image = 'condition_2/blank.PNG'
374.3917 	EXP 	image_5: autoDraw = True
374.9920 	EXP 	New trial (rep=0, index=16): {'stimuli': 8, 'star': 'condition_2/blank.PNG', 'CorrectAns': 'space'}
375.0832 	EXP 	image_5: autoDraw = False
375.0832 	EXP 	image_4: image = 'condition_2/fixation.png'
375.0832 	EXP 	image_4: autoDraw = True
375.5200 	EXP 	image_4: autoDraw = False
375.5200 	EXP 	text: height = 0.2
375.5200 	EXP 	text: height = 0.2
375.5200 	EXP 	text: height = 0.2
375.5200 	EXP 	text: text = 8
376.0034 	EXP 	text: autoDraw = True
376.3460 	EXP 	text: autoDraw = False
376.3460 	EXP 	text: autoDraw = False
376.3460 	EXP 	image_5: image = 'condition_2/blank.PNG'
377.6086 	EXP 	image_5: autoDraw = True
378.4200 	EXP 	image_5: autoDraw = False
379.0553 	EXP 	New trial (rep=0, index=17): {'stimuli': 8, 'star': 'condition_2/leftstar.PNG', 'CorrectAns': 'left'}
379.1579 	EXP 	image_5: autoDraw = False
379.1579 	EXP 	image_4: image = 'condition_2/fixation.png'
379.1579 	EXP 	image_4: autoDraw = True
379.5699 	EXP 	image_4: autoDraw = False
379.5699 	EXP 	text: height = 0.2
379.5699 	EXP 	text: height = 0.2
379.5699 	EXP 	text: height = 0.2
379.5699 	EXP 	text: text = 8
380.0703 	EXP 	text: autoDraw = True
380.5872 	EXP 	text: autoDraw = False
380.5872 	EXP 	text: autoDraw = False
380.5872 	EXP 	image_5: image = 'condition_2/leftstar.PNG'
381.6831 	EXP 	image_5: autoDraw = True
382.0088 	EXP 	New trial (rep=0, index=18): {'stimuli': 2, 'star': 'condition_2/rightstar.PNG', 'CorrectAns': 'space'}
382.1026 	EXP 	image_5: autoDraw = False
382.1026 	EXP 	image_4: image = 'condition_2/fixation.png'
382.1026 	EXP 	image_4: autoDraw = True
382.5366 	EXP 	image_4: autoDraw = False
382.5366 	EXP 	text: height = 0.2
382.5366 	EXP 	text: height = 0.2
382.5366 	EXP 	text: height = 0.2
382.5366 	EXP 	text: text = 2
383.0201 	EXP 	text: autoDraw = True
383.5182 	EXP 	text: autoDraw = False
383.5182 	EXP 	text: autoDraw = False
383.5182 	EXP 	image_5: image = 'condition_2/rightstar.PNG'
384.6329 	EXP 	image_5: autoDraw = True
384.8754 	EXP 	New trial (rep=0, index=19): {'stimuli': 9, 'star': 'condition_2/leftstar.PNG', 'CorrectAns': 'left'}
384.9698 	EXP 	image_5: autoDraw = False
384.9698 	EXP 	image_4: image = 'condition_2/fixation.png'
384.9698 	EXP 	image_4: autoDraw = True
385.4034 	EXP 	image_4: autoDraw = False
385.4034 	EXP 	text: height = 0.2
385.4034 	EXP 	text: height = 0.2
385.4034 	EXP 	text: height = 0.2
385.4034 	EXP 	text: text = 9
385.8869 	EXP 	text: autoDraw = True
386.3786 	EXP 	text: autoDraw = False
386.3786 	EXP 	text: autoDraw = False
386.3786 	EXP 	image_5: image = 'condition_2/leftstar.PNG'
387.4994 	EXP 	image_5: autoDraw = True
387.5431 	EXP 	New trial (rep=0, index=20): {'stimuli': 1, 'star': 'condition_2/leftstar.PNG', 'CorrectAns': 'space'}
387.6437 	EXP 	image_5: autoDraw = False
387.6437 	EXP 	image_4: image = 'condition_2/fixation.png'
387.6437 	EXP 	image_4: autoDraw = True
388.0700 	EXP 	image_4: autoDraw = False
388.0700 	EXP 	text: height = 0.2
388.0700 	EXP 	text: height = 0.2
388.0700 	EXP 	text: height = 0.2
388.0700 	EXP 	text: text = 1
388.5535 	EXP 	text: autoDraw = True
389.0522 	EXP 	text: autoDraw = False
389.0522 	EXP 	text: autoDraw = False
389.0522 	EXP 	image_5: image = 'condition_2/leftstar.PNG'
390.1665 	EXP 	image_5: autoDraw = True
390.5086 	EXP 	New trial (rep=0, index=21): {'stimuli': 9, 'star': 'condition_2/rightstar.PNG', 'CorrectAns': 'right'}
390.6017 	EXP 	image_5: autoDraw = False
390.6017 	EXP 	image_4: image = 'condition_2/fixation.png'
390.6017 	EXP 	image_4: autoDraw = True
391.1021 	EXP 	image_4: autoDraw = False
391.1021 	EXP 	text: height = 0.2
391.1021 	EXP 	text: height = 0.2
391.1021 	EXP 	text: height = 0.2
391.1021 	EXP 	text: text = 9
391.5201 	EXP 	text: autoDraw = True
392.0119 	EXP 	text: autoDraw = False
392.0119 	EXP 	text: autoDraw = False
392.0119 	EXP 	image_5: image = 'condition_2/rightstar.PNG'
393.1329 	EXP 	image_5: autoDraw = True
393.5089 	EXP 	New trial (rep=0, index=22): {'stimuli': 1, 'star': 'condition_2/rightstar.PNG', 'CorrectAns': 'space'}
393.6032 	EXP 	image_5: autoDraw = False
393.6032 	EXP 	image_4: image = 'condition_2/fixation.png'
393.6032 	EXP 	image_4: autoDraw = True
394.0367 	EXP 	image_4: autoDraw = False
394.0367 	EXP 	text: height = 0.2
394.0367 	EXP 	text: height = 0.2
394.0367 	EXP 	text: height = 0.2
394.0367 	EXP 	text: text = 1
394.5201 	EXP 	text: autoDraw = True
395.0103 	EXP 	text: autoDraw = False
395.0103 	EXP 	text: autoDraw = False
395.0103 	EXP 	image_5: image = 'condition_2/rightstar.PNG'
396.1326 	EXP 	image_5: autoDraw = True
396.4254 	EXP 	New trial (rep=0, index=23): {'stimuli': 2, 'star': 'condition_2/rightstar.PNG', 'CorrectAns': 'space'}
396.5217 	EXP 	image_5: autoDraw = False
396.5217 	EXP 	image_4: image = 'condition_2/fixation.png'
396.5217 	EXP 	image_4: autoDraw = True
396.9533 	EXP 	image_4: autoDraw = False
396.9533 	EXP 	text: height = 0.2
396.9533 	EXP 	text: height = 0.2
396.9533 	EXP 	text: height = 0.2
396.9533 	EXP 	text: text = 2
397.4368 	EXP 	text: autoDraw = True
397.9422 	EXP 	text: autoDraw = False
397.9422 	EXP 	text: autoDraw = False
397.9422 	EXP 	image_5: image = 'condition_2/rightstar.PNG'
399.0495 	EXP 	image_5: autoDraw = True
399.3766 	EXP 	New trial (rep=0, index=24): {'stimuli': 1, 'star': 'condition_2/leftstar.PNG', 'CorrectAns': 'space'}
399.4691 	EXP 	image_5: autoDraw = False
399.4691 	EXP 	image_4: image = 'condition_2/fixation.png'
399.4691 	EXP 	image_4: autoDraw = True
399.9034 	EXP 	image_4: autoDraw = False
399.9034 	EXP 	text: height = 0.2
399.9034 	EXP 	text: height = 0.2
399.9034 	EXP 	text: height = 0.2
399.9034 	EXP 	text: text = 1
400.3867 	EXP 	text: autoDraw = True
400.8790 	EXP 	text: autoDraw = False
400.8790 	EXP 	text: autoDraw = False
400.8790 	EXP 	image_5: image = 'condition_2/leftstar.PNG'
401.9995 	EXP 	image_5: autoDraw = True
402.2760 	EXP 	New trial (rep=1, index=0): {'stimuli': 8, 'star': 'condition_2/blank.PNG', 'CorrectAns': 'space'}
402.3755 	EXP 	image_5: autoDraw = False
402.3755 	EXP 	image_4: image = 'condition_2/fixation.png'
402.3755 	EXP 	image_4: autoDraw = True
402.8034 	EXP 	image_4: autoDraw = False
402.8034 	EXP 	text: height = 0.2
402.8034 	EXP 	text: height = 0.2
402.8034 	EXP 	text: height = 0.2
402.8034 	EXP 	text: text = 8
403.2869 	EXP 	text: autoDraw = True
403.6918 	EXP 	text: autoDraw = False
403.6918 	EXP 	text: autoDraw = False
403.6918 	EXP 	image_5: image = 'condition_2/blank.PNG'
404.8918 	EXP 	image_5: autoDraw = True
405.7032 	EXP 	image_5: autoDraw = False
405.7544 	EXP 	New trial (rep=1, index=1): {'stimuli': 9, 'star': 'condition_2/leftstar.PNG', 'CorrectAns': 'left'}
405.8453 	EXP 	image_5: autoDraw = False
405.8453 	EXP 	image_4: image = 'condition_2/fixation.png'
405.8453 	EXP 	image_4: autoDraw = True
406.2701 	EXP 	image_4: autoDraw = False
406.2701 	EXP 	text: height = 0.2
406.2701 	EXP 	text: height = 0.2
406.2701 	EXP 	text: height = 0.2
406.2701 	EXP 	text: text = 9
406.7534 	EXP 	text: autoDraw = True
407.2465 	EXP 	text: autoDraw = False
407.2465 	EXP 	text: autoDraw = False
407.2465 	EXP 	image_5: image = 'condition_2/leftstar.PNG'
408.3661 	EXP 	image_5: autoDraw = True
408.8098 	EXP 	New trial (rep=1, index=2): {'stimuli': 2, 'star': 'condition_2/rightstar.PNG', 'CorrectAns': 'space'}
408.9118 	EXP 	image_5: autoDraw = False
408.9118 	EXP 	image_4: image = 'condition_2/fixation.png'
408.9118 	EXP 	image_4: autoDraw = True
409.3367 	EXP 	image_4: autoDraw = False
409.3367 	EXP 	text: height = 0.2
409.3367 	EXP 	text: height = 0.2
409.3367 	EXP 	text: height = 0.2
409.3367 	EXP 	text: text = 2
409.8201 	EXP 	text: autoDraw = True
410.3217 	EXP 	text: autoDraw = False
410.3217 	EXP 	text: autoDraw = False
410.3217 	EXP 	image_5: image = 'condition_2/rightstar.PNG'
411.4330 	EXP 	image_5: autoDraw = True
411.8437 	EXP 	New trial (rep=1, index=3): {'stimuli': 1, 'star': 'condition_2/rightstar.PNG', 'CorrectAns': 'space'}
411.9372 	EXP 	image_5: autoDraw = False
411.9372 	EXP 	image_4: image = 'condition_2/fixation.png'
411.9372 	EXP 	image_4: autoDraw = True
412.3701 	EXP 	image_4: autoDraw = False
412.3701 	EXP 	text: height = 0.2
412.3701 	EXP 	text: height = 0.2
412.3701 	EXP 	text: height = 0.2
412.3701 	EXP 	text: text = 1
412.8536 	EXP 	text: autoDraw = True
413.3578 	EXP 	text: autoDraw = False
413.3578 	EXP 	text: autoDraw = False
413.3578 	EXP 	image_5: image = 'condition_2/rightstar.PNG'
414.4662 	EXP 	image_5: autoDraw = True
414.8117 	EXP 	New trial (rep=1, index=4): {'stimuli': 9, 'star': 'condition_2/blank.PNG', 'CorrectAns': 'space'}
414.9066 	EXP 	image_5: autoDraw = False
414.9066 	EXP 	image_4: image = 'condition_2/fixation.png'
414.9066 	EXP 	image_4: autoDraw = True
415.3368 	EXP 	image_4: autoDraw = False
415.3368 	EXP 	text: height = 0.2
415.3368 	EXP 	text: height = 0.2
415.3368 	EXP 	text: height = 0.2
415.3368 	EXP 	text: text = 9
415.8202 	EXP 	text: autoDraw = True
416.1917 	EXP 	text: autoDraw = False
416.1917 	EXP 	text: autoDraw = False
416.1917 	EXP 	image_5: image = 'condition_2/blank.PNG'
417.4254 	EXP 	image_5: autoDraw = True
418.2102 	EXP 	New trial (rep=1, index=5): {'stimuli': 8, 'star': 'condition_2/leftstar.PNG', 'CorrectAns': 'left'}
418.3113 	EXP 	image_5: autoDraw = False
418.3113 	EXP 	image_4: image = 'condition_2/fixation.png'
418.3113 	EXP 	image_4: autoDraw = True
418.7367 	EXP 	image_4: autoDraw = False
418.7367 	EXP 	text: height = 0.2
418.7367 	EXP 	text: height = 0.2
418.7367 	EXP 	text: height = 0.2
418.7367 	EXP 	text: text = 8
419.2203 	EXP 	text: autoDraw = True
419.7221 	EXP 	text: autoDraw = False
419.7221 	EXP 	text: autoDraw = False
419.7221 	EXP 	image_5: image = 'condition_2/leftstar.PNG'
420.8328 	EXP 	image_5: autoDraw = True
421.2591 	EXP 	New trial (rep=1, index=6): {'stimuli': 9, 'star': 'condition_2/leftstar.PNG', 'CorrectAns': 'left'}
421.3538 	EXP 	image_5: autoDraw = False
421.3538 	EXP 	image_4: image = 'condition_2/fixation.png'
421.3538 	EXP 	image_4: autoDraw = True
421.8033 	EXP 	image_4: autoDraw = False
421.8033 	EXP 	text: height = 0.2
421.8033 	EXP 	text: height = 0.2
421.8033 	EXP 	text: height = 0.2
421.8033 	EXP 	text: text = 9
422.2701 	EXP 	text: autoDraw = True
422.7626 	EXP 	text: autoDraw = False
422.7626 	EXP 	text: autoDraw = False
422.7626 	EXP 	image_5: image = 'condition_2/leftstar.PNG'
423.8829 	EXP 	image_5: autoDraw = True
424.3428 	EXP 	New trial (rep=1, index=7): {'stimuli': 9, 'star': 'condition_2/rightstar.PNG', 'CorrectAns': 'right'}
424.4386 	EXP 	image_5: autoDraw = False
424.4386 	EXP 	image_4: image = 'condition_2/fixation.png'
424.4386 	EXP 	image_4: autoDraw = True
424.8701 	EXP 	image_4: autoDraw = False
424.8701 	EXP 	text: height = 0.2
424.8701 	EXP 	text: height = 0.2
424.8701 	EXP 	text: height = 0.2
424.8701 	EXP 	text: text = 9
425.3535 	EXP 	text: autoDraw = True
425.8561 	EXP 	text: autoDraw = False
425.8561 	EXP 	text: autoDraw = False
425.8561 	EXP 	image_5: image = 'condition_2/rightstar.PNG'
426.9662 	EXP 	image_5: autoDraw = True
427.2266 	EXP 	New trial (rep=1, index=8): {'stimuli': 2, 'star': 'condition_2/leftstar.PNG', 'CorrectAns': 'space'}
427.3227 	EXP 	image_5: autoDraw = False
427.3227 	EXP 	image_4: image = 'condition_2/fixation.png'
427.3227 	EXP 	image_4: autoDraw = True
427.7534 	EXP 	image_4: autoDraw = False
427.7534 	EXP 	text: height = 0.2
427.7534 	EXP 	text: height = 0.2
427.7534 	EXP 	text: height = 0.2
427.7534 	EXP 	text: text = 2
428.2369 	EXP 	text: autoDraw = True
428.7321 	EXP 	text: autoDraw = False
428.7321 	EXP 	text: autoDraw = False
428.7321 	EXP 	image_5: image = 'condition_2/leftstar.PNG'
429.8495 	EXP 	image_5: autoDraw = True
430.1754 	EXP 	New trial (rep=1, index=9): {'stimuli': 1, 'star': 'condition_2/leftstar.PNG', 'CorrectAns': 'space'}
430.2701 	EXP 	image_5: autoDraw = False
430.2701 	EXP 	image_4: image = 'condition_2/fixation.png'
430.2701 	EXP 	image_4: autoDraw = True
430.7035 	EXP 	image_4: autoDraw = False
430.7035 	EXP 	text: height = 0.2
430.7035 	EXP 	text: height = 0.2
430.7035 	EXP 	text: height = 0.2
430.7035 	EXP 	text: text = 1
431.1869 	EXP 	text: autoDraw = True
431.6871 	EXP 	text: autoDraw = False
431.6871 	EXP 	text: autoDraw = False
431.6871 	EXP 	image_5: image = 'condition_2/leftstar.PNG'
432.7995 	EXP 	image_5: autoDraw = True
433.4755 	EXP 	New trial (rep=1, index=10): {'stimuli': 2, 'star': 'condition_2/rightstar.PNG', 'CorrectAns': 'space'}
433.5777 	EXP 	image_5: autoDraw = False
433.5777 	EXP 	image_4: image = 'condition_2/fixation.png'
433.5777 	EXP 	image_4: autoDraw = True
434.0034 	EXP 	image_4: autoDraw = False
434.0034 	EXP 	text: height = 0.2
434.0034 	EXP 	text: height = 0.2
434.0034 	EXP 	text: height = 0.2
434.0034 	EXP 	text: text = 2
434.4869 	EXP 	text: autoDraw = True
434.9888 	EXP 	text: autoDraw = False
434.9888 	EXP 	text: autoDraw = False
434.9888 	EXP 	image_5: image = 'condition_2/rightstar.PNG'
436.0994 	EXP 	image_5: autoDraw = True
436.4588 	EXP 	New trial (rep=1, index=11): {'stimuli': 8, 'star': 'condition_2/leftstar.PNG', 'CorrectAns': 'left'}
436.5487 	EXP 	image_5: autoDraw = False
436.5487 	EXP 	image_4: image = 'condition_2/fixation.png'
436.5487 	EXP 	image_4: autoDraw = True
436.9867 	EXP 	image_4: autoDraw = False
436.9867 	EXP 	text: height = 0.2
436.9867 	EXP 	text: height = 0.2
436.9867 	EXP 	text: height = 0.2
436.9867 	EXP 	text: text = 8
437.4702 	EXP 	text: autoDraw = True
437.9702 	EXP 	text: autoDraw = False
437.9702 	EXP 	text: autoDraw = False
437.9702 	EXP 	image_5: image = 'condition_2/leftstar.PNG'
439.0829 	EXP 	image_5: autoDraw = True
439.3927 	EXP 	New trial (rep=1, index=12): {'stimuli': 1, 'star': 'condition_2/leftstar.PNG', 'CorrectAns': 'space'}
439.4887 	EXP 	image_5: autoDraw = False
439.4887 	EXP 	image_4: image = 'condition_2/fixation.png'
439.4887 	EXP 	image_4: autoDraw = True
439.9358 	EXP 	image_4: autoDraw = False
439.9358 	EXP 	text: height = 0.2
439.9358 	EXP 	text: height = 0.2
439.9358 	EXP 	text: height = 0.2
439.9358 	EXP 	text: text = 1
440.4036 	EXP 	text: autoDraw = True
440.9070 	EXP 	text: autoDraw = False
440.9070 	EXP 	text: autoDraw = False
440.9070 	EXP 	image_5: image = 'condition_2/leftstar.PNG'
442.0164 	EXP 	image_5: autoDraw = True
442.2772 	EXP 	New trial (rep=1, index=13): {'stimuli': 8, 'star': 'condition_2/rightstar.PNG', 'CorrectAns': 'right'}
442.3743 	EXP 	image_5: autoDraw = False
442.3743 	EXP 	image_4: image = 'condition_2/fixation.png'
442.3743 	EXP 	image_4: autoDraw = True
442.8035 	EXP 	image_4: autoDraw = False
442.8035 	EXP 	text: height = 0.2
442.8035 	EXP 	text: height = 0.2
442.8035 	EXP 	text: height = 0.2
442.8035 	EXP 	text: text = 8
443.2868 	EXP 	text: autoDraw = True
443.7940 	EXP 	text: autoDraw = False
443.7940 	EXP 	text: autoDraw = False
443.7940 	EXP 	image_5: image = 'condition_2/rightstar.PNG'
444.8998 	EXP 	image_5: autoDraw = True
445.4276 	EXP 	New trial (rep=1, index=14): {'stimuli': 1, 'star': 'condition_2/rightstar.PNG', 'CorrectAns': 'space'}
445.5278 	EXP 	image_5: autoDraw = False
445.5278 	EXP 	image_4: image = 'condition_2/fixation.png'
445.5278 	EXP 	image_4: autoDraw = True
445.9534 	EXP 	image_4: autoDraw = False
445.9534 	EXP 	text: height = 0.2
445.9534 	EXP 	text: height = 0.2
445.9534 	EXP 	text: height = 0.2
445.9534 	EXP 	text: text = 1
446.4370 	EXP 	text: autoDraw = True
446.9278 	EXP 	text: autoDraw = False
446.9278 	EXP 	text: autoDraw = False
446.9278 	EXP 	image_5: image = 'condition_2/rightstar.PNG'
448.0496 	EXP 	image_5: autoDraw = True
448.5265 	EXP 	New trial (rep=1, index=15): {'stimuli': 8, 'star': 'condition_2/rightstar.PNG', 'CorrectAns': 'right'}
448.6273 	EXP 	image_5: autoDraw = False
448.6273 	EXP 	image_4: image = 'condition_2/fixation.png'
448.6273 	EXP 	image_4: autoDraw = True
449.0534 	EXP 	image_4: autoDraw = False
449.0534 	EXP 	text: height = 0.2
449.0534 	EXP 	text: height = 0.2
449.0534 	EXP 	text: height = 0.2
449.0534 	EXP 	text: text = 8
449.5369 	EXP 	text: autoDraw = True
450.0385 	EXP 	text: autoDraw = False
450.0385 	EXP 	text: autoDraw = False
450.0385 	EXP 	image_5: image = 'condition_2/rightstar.PNG'
451.1495 	EXP 	image_5: autoDraw = True
451.4604 	EXP 	New trial (rep=1, index=16): {'stimuli': 2, 'star': 'condition_2/leftstar.PNG', 'CorrectAns': 'space'}
451.5617 	EXP 	image_5: autoDraw = False
451.5617 	EXP 	image_4: image = 'condition_2/fixation.png'
451.5617 	EXP 	image_4: autoDraw = True
451.9867 	EXP 	image_4: autoDraw = False
451.9867 	EXP 	text: height = 0.2
451.9867 	EXP 	text: height = 0.2
451.9867 	EXP 	text: height = 0.2
451.9867 	EXP 	text: text = 2
452.4702 	EXP 	text: autoDraw = True
452.9716 	EXP 	text: autoDraw = False
452.9716 	EXP 	text: autoDraw = False
452.9716 	EXP 	image_5: image = 'condition_2/leftstar.PNG'
454.0831 	EXP 	image_5: autoDraw = True
454.4932 	EXP 	New trial (rep=1, index=17): {'stimuli': 1, 'star': 'condition_2/blank.PNG', 'CorrectAns': 'space'}
454.5895 	EXP 	image_5: autoDraw = False
454.5895 	EXP 	image_4: image = 'condition_2/fixation.png'
454.5895 	EXP 	image_4: autoDraw = True
455.0201 	EXP 	image_4: autoDraw = False
455.0201 	EXP 	text: height = 0.2
455.0201 	EXP 	text: height = 0.2
455.0201 	EXP 	text: height = 0.2
455.0201 	EXP 	text: text = 1
455.5037 	EXP 	text: autoDraw = True
455.9185 	EXP 	text: autoDraw = False
455.9185 	EXP 	text: autoDraw = False
455.9185 	EXP 	image_5: image = 'condition_2/blank.PNG'
457.1086 	EXP 	image_5: autoDraw = True
457.2086 	EXP 	New trial (rep=1, index=18): {'stimuli': 2, 'star': 'condition_2/blank.PNG', 'CorrectAns': 'space'}
457.2998 	EXP 	image_5: autoDraw = False
457.2998 	EXP 	image_4: image = 'condition_2/fixation.png'
457.2998 	EXP 	image_4: autoDraw = True
457.7517 	EXP 	image_4: autoDraw = False
457.7517 	EXP 	text: height = 0.2
457.7517 	EXP 	text: height = 0.2
457.7517 	EXP 	text: height = 0.2
457.7517 	EXP 	text: text = 2
458.2203 	EXP 	text: autoDraw = True
458.5635 	EXP 	text: autoDraw = False
458.5635 	EXP 	text: autoDraw = False
458.5635 	EXP 	image_5: image = 'condition_2/blank.PNG'
459.8252 	EXP 	image_5: autoDraw = True
460.6369 	EXP 	image_5: autoDraw = False
461.2722 	EXP 	New trial (rep=1, index=19): {'stimuli': 8, 'star': 'condition_2/rightstar.PNG', 'CorrectAns': 'right'}
461.3743 	EXP 	image_5: autoDraw = False
461.3743 	EXP 	image_4: image = 'condition_2/fixation.png'
461.3743 	EXP 	image_4: autoDraw = True
461.7868 	EXP 	image_4: autoDraw = False
461.7868 	EXP 	text: height = 0.2
461.7868 	EXP 	text: height = 0.2
461.7868 	EXP 	text: height = 0.2
461.7868 	EXP 	text: text = 8
462.2869 	EXP 	text: autoDraw = True
462.7907 	EXP 	text: autoDraw = False
462.7907 	EXP 	text: autoDraw = False
462.7907 	EXP 	image_5: image = 'condition_2/rightstar.PNG'
463.8997 	EXP 	image_5: autoDraw = True
464.1589 	EXP 	New trial (rep=1, index=20): {'stimuli': 2, 'star': 'condition_2/rightstar.PNG', 'CorrectAns': 'space'}
464.2527 	EXP 	image_5: autoDraw = False
464.2527 	EXP 	image_4: image = 'condition_2/fixation.png'
464.2527 	EXP 	image_4: autoDraw = True
464.6867 	EXP 	image_4: autoDraw = False
464.6867 	EXP 	text: height = 0.2
464.6867 	EXP 	text: height = 0.2
464.6867 	EXP 	text: height = 0.2
464.6867 	EXP 	text: text = 2
465.1703 	EXP 	text: autoDraw = True
465.6767 	EXP 	text: autoDraw = False
465.6767 	EXP 	text: autoDraw = False
465.6767 	EXP 	image_5: image = 'condition_2/rightstar.PNG'
466.7833 	EXP 	image_5: autoDraw = True
467.2256 	EXP 	New trial (rep=1, index=21): {'stimuli': 8, 'star': 'condition_2/blank.PNG', 'CorrectAns': 'space'}
467.3206 	EXP 	image_5: autoDraw = False
467.3206 	EXP 	image_4: image = 'condition_2/fixation.png'
467.3206 	EXP 	image_4: autoDraw = True
467.7533 	EXP 	image_4: autoDraw = False
467.7533 	EXP 	text: height = 0.2
467.7533 	EXP 	text: height = 0.2
467.7533 	EXP 	text: height = 0.2
467.7533 	EXP 	text: text = 8
468.2371 	EXP 	text: autoDraw = True
468.6127 	EXP 	text: autoDraw = False
468.6127 	EXP 	text: autoDraw = False
468.6127 	EXP 	image_5: image = 'condition_2/blank.PNG'
469.8419 	EXP 	image_5: autoDraw = True
470.6368 	EXP 	image_5: autoDraw = False
470.7220 	EXP 	New trial (rep=1, index=22): {'stimuli': 9, 'star': 'condition_2/rightstar.PNG', 'CorrectAns': 'right'}
470.8202 	EXP 	image_5: autoDraw = False
470.8202 	EXP 	image_4: image = 'condition_2/fixation.png'
470.8202 	EXP 	image_4: autoDraw = True
471.2367 	EXP 	image_4: autoDraw = False
471.2367 	EXP 	text: height = 0.2
471.2367 	EXP 	text: height = 0.2
471.2367 	EXP 	text: height = 0.2
471.2367 	EXP 	text: text = 9
471.7370 	EXP 	text: autoDraw = True
472.2405 	EXP 	text: autoDraw = False
472.2405 	EXP 	text: autoDraw = False
472.2405 	EXP 	image_5: image = 'condition_2/rightstar.PNG'
473.3500 	EXP 	image_5: autoDraw = True
474.0267 	EXP 	New trial (rep=1, index=23): {'stimuli': 9, 'star': 'condition_2/leftstar.PNG', 'CorrectAns': 'left'}
474.1312 	EXP 	image_5: autoDraw = False
474.1312 	EXP 	image_4: image = 'condition_2/fixation.png'
474.1312 	EXP 	image_4: autoDraw = True
474.5535 	EXP 	image_4: autoDraw = False
474.5535 	EXP 	text: height = 0.2
474.5535 	EXP 	text: height = 0.2
474.5535 	EXP 	text: height = 0.2
474.5535 	EXP 	text: text = 9
475.0370 	EXP 	text: autoDraw = True
475.5313 	EXP 	text: autoDraw = False
475.5313 	EXP 	text: autoDraw = False
475.5313 	EXP 	image_5: image = 'condition_2/leftstar.PNG'
476.6496 	EXP 	image_5: autoDraw = True
477.4540 	EXP 	image_5: autoDraw = False
477.5557 	EXP 	New trial (rep=1, index=24): {'stimuli': 1, 'star': 'condition_2/leftstar.PNG', 'CorrectAns': 'space'}
477.6550 	EXP 	image_5: autoDraw = False
477.6550 	EXP 	image_4: image = 'condition_2/fixation.png'
477.6550 	EXP 	image_4: autoDraw = True
478.0832 	EXP 	image_4: autoDraw = False
478.0832 	EXP 	text: height = 0.2
478.0832 	EXP 	text: height = 0.2
478.0832 	EXP 	text: height = 0.2
478.0832 	EXP 	text: text = 1
478.5702 	EXP 	text: autoDraw = True
479.0746 	EXP 	text: autoDraw = False
479.0746 	EXP 	text: autoDraw = False
479.0746 	EXP 	image_5: image = 'condition_2/leftstar.PNG'
480.1832 	EXP 	image_5: autoDraw = True
480.7035 	EXP 	image_5: autoDraw = False
480.7036 	EXP 	untitled: status = STOPPED
480.8996 	EXP 	window1: mouseVisible = True
