11.0172 	WARNING 	User requested fullscreen with size [1024  768], but screen is actually [1920, 1080]. Using actual size
12.5292 	EXP 	Created window1 = Window(allowGUI=True, allowStencil=False, autoLog=True, backendConf=UNKNOWN, backgroundFit=<method-wrapper '__getattribute__' of attributeSetter object at 0x00000172843D1F40>, backgroundImage=<method-wrapper '__getattribute__' of attributeSetter object at 0x00000172843D1FA0>, bitsMode=UNKNOWN, blendMode='avg', bpc=(8, 8, 8), color=array([0, 0, 0]), colorSpace='rgb', depthBits=8, fullscr=<method-wrapper '__getattribute__' of attributeSetter object at 0x00000172843D1DC0>, gamma=None, gammaErrorPolicy='raise', lms=UNKNOWN, monitor=<psychopy.monitors.calibTools.Monitor object at 0x00000172845A5C10>, multiSample=False, name='window1', numSamples=2, pos=(0, 0), screen=0, size=array([1920, 1080]), stencilBits=0, stereo=False, title='PsychoPy', units='height', useFBO=True, useRetina=False, viewOri=0.0, viewPos=None, viewScale=None, waitBlanking=True, winType='pyglet')
12.5294 	EXP 	window1: mouseVisible = True
12.5294 	EXP 	window1: backgroundImage = ''
12.5294 	EXP 	window1: backgroundFit = 'none'
12.5333 	EXP 	window1: Attempting to measure frame rate of screen (0) ...
12.5333 	EXP 	window1: recordFrameIntervals = False
12.6959 	EXP 	window1: recordFrameIntervals = True
12.8790 	EXP 	Screen (0) actual frame rate measured at 59.94Hz
12.8791 	EXP 	window1: recordFrameIntervals = False
12.8796 	EXP 	window1: mouseVisible = False
14.3909 	EXP 	untitled: status = STARTED
14.3923 	EXP 	window1: mouseVisible = True
14.5535 	EXP 	Created text_9 = TextStim(__class__=<class 'psychopy.visual.text.TextStim'>, alignHoriz=method-wrapper(...), alignText='center', alignVert=method-wrapper(...), anchorHoriz='center', anchorVert='center', antialias=True, autoDraw=False, autoLog=True, bold=False, color=array([1., 1., 1.]), colorSpace='rgb', contrast=1.0, depth=0.0, draggable=False, flipHoriz=False, flipVert=False, font='Open Sans', fontFiles=[], height=0.05, italic=False, languageStyle='LTR', name='text_9', opacity=1.0, ori=0.0, pos=array([0., 0.]), rgb=UNKNOWN, text=str(...), units='height', win=Window(...), wrapWidth=1)
14.5536 	EXP 	window1: mouseVisible = True
14.5906 	EXP 	Created text_6 = TextStim(__class__=<class 'psychopy.visual.text.TextStim'>, alignHoriz=method-wrapper(...), alignText='center', alignVert=method-wrapper(...), anchorHoriz='center', anchorVert='center', antialias=True, autoDraw=False, autoLog=True, bold=False, color=array([1., 1., 1.]), colorSpace='rgb', contrast=1.0, depth=0.0, draggable=False, flipHoriz=False, flipVert=False, font='Open Sans', fontFiles=[], height=0.05, italic=False, languageStyle='LTR', name='text_6', opacity=1.0, ori=0.0, pos=array([0., 0.]), rgb=UNKNOWN, text=str(...), units='height', win=Window(...), wrapWidth=1)
14.5907 	EXP 	window1: mouseVisible = True
14.6087 	EXP 	Created image_6 = ImageStim(__class__=<class 'psychopy.visual.image.ImageStim'>, anchor=('center', 'center'), autoLog=True, color=array([1., 1., 1.]), colorSpace='rgb', contrast=1.0, depth=0.0, draggable=False, flipHoriz=False, flipVert=False, image='default.png', interpolate=True, mask=None, maskParams=None, name='image_6', opacity=1.0, ori=0.0, pos=array([0., 0.]), size=array([2.5, 1.5]), texRes=128.0, units='height', win=Window(...))
14.6088 	EXP 	window1: mouseVisible = True
14.6122 	EXP 	Created text_4 = TextStim(__class__=<class 'psychopy.visual.text.TextStim'>, alignHoriz=method-wrapper(...), alignText='center', alignVert=method-wrapper(...), anchorHoriz='center', anchorVert='center', antialias=True, autoDraw=False, autoLog=True, bold=False, color=array([1., 1., 1.]), colorSpace='rgb', contrast=1.0, depth=0.0, draggable=False, flipHoriz=False, flipVert=False, font='Open Sans', fontFiles=[], height=0.2, italic=False, languageStyle='LTR', name='text_4', opacity=1.0, ori=0.0, pos=array([0., 0.]), rgb=UNKNOWN, text='', units='height', win=Window(...), wrapWidth=1)
14.6123 	EXP 	window1: mouseVisible = True
14.6253 	EXP 	Created image_7 = ImageStim(__class__=<class 'psychopy.visual.image.ImageStim'>, anchor=('center', 'center'), autoLog=True, color=array([1., 1., 1.]), colorSpace='rgb', contrast=1.0, depth=0.0, draggable=False, flipHoriz=False, flipVert=False, image='default.png', interpolate=True, mask=None, maskParams=None, name='image_7', opacity=1.0, ori=0.0, pos=array([0., 0.]), size=array([2.5, 1.5]), texRes=128.0, units='height', win=Window(...))
14.6255 	EXP 	window1: mouseVisible = True
14.6439 	EXP 	Created text_8 = TextStim(__class__=<class 'psychopy.visual.text.TextStim'>, alignHoriz=method-wrapper(...), alignText='center', alignVert=method-wrapper(...), anchorHoriz='center', anchorVert='center', antialias=True, autoDraw=False, autoLog=True, bold=False, color=array([1., 1., 1.]), colorSpace='rgb', contrast=1.0, depth=0.0, draggable=False, flipHoriz=False, flipVert=False, font='Open Sans', fontFiles=[], height=0.05, italic=False, languageStyle='LTR', name='text_8', opacity=1.0, ori=0.0, pos=array([0., 0.]), rgb=UNKNOWN, text='休息一下，下面进入正式测试啦！\n\n准备好可以按 空格 继续', units='height', win=Window(...), wrapWidth=1)
14.6440 	EXP 	window1: mouseVisible = True
14.6575 	EXP 	Created text_5 = TextStim(__class__=<class 'psychopy.visual.text.TextStim'>, alignHoriz=method-wrapper(...), alignText='center', alignVert=method-wrapper(...), anchorHoriz='center', anchorVert='center', antialias=True, autoDraw=False, autoLog=True, bold=False, color=array([1., 1., 1.]), colorSpace='rgb', contrast=1.0, depth=0.0, draggable=False, flipHoriz=False, flipVert=False, font='Open Sans', fontFiles=[], height=0.05, italic=False, languageStyle='LTR', name='text_5', opacity=1.0, ori=0.0, pos=array([0., 0.]), rgb=UNKNOWN, text=str(...), units='height', win=Window(...), wrapWidth=1)
14.6576 	EXP 	window1: mouseVisible = True
14.6673 	EXP 	Created image_3 = ImageStim(__class__=<class 'psychopy.visual.image.ImageStim'>, anchor=('center', 'center'), autoLog=True, color=array([1., 1., 1.]), colorSpace='rgb', contrast=1.0, depth=0.0, draggable=False, flipHoriz=False, flipVert=False, image='default.png', interpolate=True, mask=None, maskParams=None, name='image_3', opacity=1.0, ori=0.0, pos=array([0., 0.]), size=array([2.5, 1.5]), texRes=128.0, units='height', win=Window(...))
14.6674 	EXP 	window1: mouseVisible = True
14.6684 	EXP 	Created text_3 = TextStim(__class__=<class 'psychopy.visual.text.TextStim'>, alignHoriz=method-wrapper(...), alignText='center', alignVert=method-wrapper(...), anchorHoriz='center', anchorVert='center', antialias=True, autoDraw=False, autoLog=True, bold=False, color=array([1., 1., 1.]), colorSpace='rgb', contrast=1.0, depth=0.0, draggable=False, flipHoriz=False, flipVert=False, font='Open Sans', fontFiles=[], height=0.2, italic=False, languageStyle='LTR', name='text_3', opacity=1.0, ori=0.0, pos=array([0., 0.]), rgb=UNKNOWN, text='', units='height', win=Window(...), wrapWidth=1)
14.6684 	EXP 	window1: mouseVisible = True
14.6786 	EXP 	Created image_2 = ImageStim(__class__=<class 'psychopy.visual.image.ImageStim'>, anchor=('center', 'center'), autoLog=True, color=array([1., 1., 1.]), colorSpace='rgb', contrast=1.0, depth=0.0, draggable=False, flipHoriz=False, flipVert=False, image='default.png', interpolate=True, mask=None, maskParams=None, name='image_2', opacity=1.0, ori=0.0, pos=array([0., 0.]), size=array([2.5, 1.5]), texRes=128.0, units='height', win=Window(...))
14.6787 	EXP 	window1: mouseVisible = True
14.6997 	EXP 	Created text_10 = TextStim(__class__=<class 'psychopy.visual.text.TextStim'>, alignHoriz=method-wrapper(...), alignText='center', alignVert=method-wrapper(...), anchorHoriz='center', anchorVert='center', antialias=True, autoDraw=False, autoLog=True, bold=False, color=array([1., 1., 1.]), colorSpace='rgb', contrast=1.0, depth=0.0, draggable=False, flipHoriz=False, flipVert=False, font='Open Sans', fontFiles=[], height=0.05, italic=False, languageStyle='LTR', name='text_10', opacity=1.0, ori=0.0, pos=array([0., 0.]), rgb=UNKNOWN, text=str(...), units='height', win=Window(...), wrapWidth=1)
14.6998 	EXP 	window1: mouseVisible = True
14.7109 	EXP 	Created text_7 = TextStim(__class__=<class 'psychopy.visual.text.TextStim'>, alignHoriz=method-wrapper(...), alignText='center', alignVert=method-wrapper(...), anchorHoriz='center', anchorVert='center', antialias=True, autoDraw=False, autoLog=True, bold=False, color=array([1., 1., 1.]), colorSpace='rgb', contrast=1.0, depth=0.0, draggable=False, flipHoriz=False, flipVert=False, font='Open Sans', fontFiles=[], height=0.05, italic=False, languageStyle='LTR', name='text_7', opacity=1.0, ori=0.0, pos=array([0., 0.]), rgb=UNKNOWN, text=str(...), units='height', win=Window(...), wrapWidth=1)
14.7110 	EXP 	window1: mouseVisible = True
14.7196 	EXP 	Created image_8 = ImageStim(__class__=<class 'psychopy.visual.image.ImageStim'>, anchor=('center', 'center'), autoLog=True, color=array([1., 1., 1.]), colorSpace='rgb', contrast=1.0, depth=0.0, draggable=False, flipHoriz=False, flipVert=False, image='default.png', interpolate=True, mask=None, maskParams=None, name='image_8', opacity=1.0, ori=0.0, pos=array([0., 0.]), size=array([0.5, 0.5]), texRes=128.0, units='height', win=Window(...))
14.7197 	EXP 	window1: mouseVisible = True
14.7206 	EXP 	Created text_11 = TextStim(__class__=<class 'psychopy.visual.text.TextStim'>, alignHoriz=method-wrapper(...), alignText='center', alignVert=method-wrapper(...), anchorHoriz='center', anchorVert='center', antialias=True, autoDraw=False, autoLog=True, bold=False, color=array([1., 1., 1.]), colorSpace='rgb', contrast=1.0, depth=0.0, draggable=False, flipHoriz=False, flipVert=False, font='Open Sans', fontFiles=[], height=0.05, italic=False, languageStyle='LTR', name='text_11', opacity=1.0, ori=0.0, pos=array([0., 0.]), rgb=UNKNOWN, text='', units='height', win=Window(...), wrapWidth=1)
14.7207 	EXP 	window1: mouseVisible = True
14.7317 	EXP 	Created image_9 = ImageStim(__class__=<class 'psychopy.visual.image.ImageStim'>, anchor=('center', 'center'), autoLog=True, color=array([1., 1., 1.]), colorSpace='rgb', contrast=1.0, depth=0.0, draggable=False, flipHoriz=False, flipVert=False, image='default.png', interpolate=True, mask=None, maskParams=None, name='image_9', opacity=1.0, ori=0.0, pos=array([0., 0.]), size=array([2.5, 1.5]), texRes=128.0, units='height', win=Window(...))
14.7319 	EXP 	window1: mouseVisible = True
14.7388 	EXP 	Created text_12 = TextStim(__class__=<class 'psychopy.visual.text.TextStim'>, alignHoriz=method-wrapper(...), alignText='center', alignVert=method-wrapper(...), anchorHoriz='center', anchorVert='center', antialias=True, autoDraw=False, autoLog=True, bold=False, color=array([1., 1., 1.]), colorSpace='rgb', contrast=1.0, depth=0.0, draggable=False, flipHoriz=False, flipVert=False, font='Open Sans', fontFiles=[], height=0.05, italic=False, languageStyle='LTR', name='text_12', opacity=1.0, ori=0.0, pos=array([0., 0.]), rgb=UNKNOWN, text='休息一下，下面进入正式测试啦！\n\n准备好可以按 空格 继续', units='height', win=Window(...), wrapWidth=1)
14.7389 	EXP 	window1: mouseVisible = True
14.7486 	EXP 	Created text_13 = TextStim(__class__=<class 'psychopy.visual.text.TextStim'>, alignHoriz=method-wrapper(...), alignText='center', alignVert=method-wrapper(...), anchorHoriz='center', anchorVert='center', antialias=True, autoDraw=False, autoLog=True, bold=False, color=array([1., 1., 1.]), colorSpace='rgb', contrast=1.0, depth=0.0, draggable=False, flipHoriz=False, flipVert=False, font='Open Sans', fontFiles=[], height=0.05, italic=False, languageStyle='LTR', name='text_13', opacity=1.0, ori=0.0, pos=array([0., 0.]), rgb=UNKNOWN, text=str(...), units='height', win=Window(...), wrapWidth=1)
14.7487 	EXP 	window1: mouseVisible = True
14.7651 	EXP 	Created image_4 = ImageStim(__class__=<class 'psychopy.visual.image.ImageStim'>, anchor=('center', 'center'), autoLog=True, color=array([1., 1., 1.]), colorSpace='rgb', contrast=1.0, depth=0.0, draggable=False, flipHoriz=False, flipVert=False, image='default.png', interpolate=True, mask=None, maskParams=None, name='image_4', opacity=1.0, ori=0.0, pos=array([0., 0.]), size=array([2.5, 1.5]), texRes=128.0, units='height', win=Window(...))
14.7653 	EXP 	window1: mouseVisible = True
14.7662 	EXP 	Created text = TextStim(__class__=<class 'psychopy.visual.text.TextStim'>, alignHoriz=method-wrapper(...), alignText='center', alignVert=method-wrapper(...), anchorHoriz='center', anchorVert='center', antialias=True, autoDraw=False, autoLog=True, bold=False, color=array([1., 1., 1.]), colorSpace='rgb', contrast=1.0, depth=0.0, draggable=False, flipHoriz=False, flipVert=False, font='Open Sans', fontFiles=[], height=0.2, italic=False, languageStyle='LTR', name='text', opacity=1.0, ori=0.0, pos=array([0., 0.]), rgb=UNKNOWN, text='', units='height', win=Window(...), wrapWidth=1)
14.7663 	EXP 	window1: mouseVisible = True
14.7791 	EXP 	Created image_5 = ImageStim(__class__=<class 'psychopy.visual.image.ImageStim'>, anchor=('center', 'center'), autoLog=True, color=array([1., 1., 1.]), colorSpace='rgb', contrast=1.0, depth=0.0, draggable=False, flipHoriz=False, flipVert=False, image='default.png', interpolate=True, mask=None, maskParams=None, name='image_5', opacity=1.0, ori=0.0, pos=array([0., 0.]), size=array([2.5, 1.5]), texRes=128.0, units='height', win=Window(...))
0.0067 	EXP 	text_9: autoDraw = True
8.1888 	DATA 	Keypress: space
8.1987 	EXP 	text_9: autoDraw = False
8.1987 	EXP 	text_6: autoDraw = True
42.5423 	EXP 	Imported test/data4.xlsx as conditions, 6 conditions, 3 params
42.5427 	EXP 	Created sequence: random, trialTypes=6, nReps=1, seed=None
42.5430 	EXP 	New trial (rep=0, index=0): {'stimuli': 1, 'star': 'test/leftstar.PNG', 'CorrectAns': 'space'}
42.6727 	DATA 	Keypress: space
42.6820 	EXP 	text_6: autoDraw = False
42.6820 	EXP 	image_6: image = 'test/fixation.png'
42.6820 	EXP 	image_6: autoDraw = True
43.0662 	EXP 	image_6: autoDraw = False
43.0662 	EXP 	text_4: height = 0.2
43.0662 	EXP 	text_4: height = 0.2
43.0662 	EXP 	text_4: height = 0.2
43.0662 	EXP 	text_4: text = 1
43.5486 	EXP 	text_4: autoDraw = True
44.0843 	EXP 	text_4: autoDraw = False
44.0843 	EXP 	text_4: autoDraw = False
44.0843 	EXP 	image_7: image = 'test/leftstar.PNG'
45.1529 	EXP 	image_7: autoDraw = True
45.9654 	EXP 	image_7: autoDraw = False
47.1690 	EXP 	New trial (rep=0, index=1): {'stimuli': 2, 'star': 'test/leftstar.PNG', 'CorrectAns': 'space'}
47.2315 	DATA 	Keypress: space
47.2363 	EXP 	image_7: autoDraw = False
47.2363 	EXP 	image_6: image = 'test/fixation.png'
47.2363 	EXP 	image_6: autoDraw = True
47.6985 	EXP 	image_6: autoDraw = False
47.6985 	EXP 	text_4: height = 0.2
47.6985 	EXP 	text_4: height = 0.2
47.6985 	EXP 	text_4: height = 0.2
47.6985 	EXP 	text_4: text = 2
48.1818 	EXP 	text_4: autoDraw = True
48.5987 	EXP 	text_4: autoDraw = False
48.5987 	EXP 	text_4: autoDraw = False
48.5987 	EXP 	image_7: image = 'test/leftstar.PNG'
49.7842 	EXP 	image_7: autoDraw = True
50.5988 	EXP 	image_7: autoDraw = False
50.8012 	EXP 	New trial (rep=0, index=2): {'stimuli': 9, 'star': 'test/rightstar.PNG', 'CorrectAns': 'right'}
50.8509 	DATA 	Keypress: space
50.8563 	EXP 	image_7: autoDraw = False
50.8563 	EXP 	image_6: image = 'test/fixation.png'
50.8563 	EXP 	image_6: autoDraw = True
51.3319 	EXP 	image_6: autoDraw = False
51.3319 	EXP 	text_4: height = 0.2
51.3319 	EXP 	text_4: height = 0.2
51.3319 	EXP 	text_4: height = 0.2
51.3319 	EXP 	text_4: text = 9
51.8153 	EXP 	text_4: autoDraw = True
52.2318 	EXP 	text_4: autoDraw = False
52.2318 	EXP 	text_4: autoDraw = False
52.2318 	EXP 	image_7: image = 'test/rightstar.PNG'
53.4177 	EXP 	image_7: autoDraw = True
54.2319 	EXP 	image_7: autoDraw = False
54.7519 	EXP 	New trial (rep=0, index=3): {'stimuli': 1, 'star': 'test/blank.PNG', 'CorrectAns': 'space'}
54.8019 	DATA 	Keypress: right
54.8061 	EXP 	image_7: autoDraw = False
54.8061 	EXP 	image_6: image = 'test/fixation.png'
54.8061 	EXP 	image_6: autoDraw = True
55.2821 	EXP 	image_6: autoDraw = False
55.2821 	EXP 	text_4: height = 0.2
55.2821 	EXP 	text_4: height = 0.2
55.2821 	EXP 	text_4: height = 0.2
55.2821 	EXP 	text_4: text = 1
55.7657 	EXP 	text_4: autoDraw = True
56.1876 	EXP 	text_4: autoDraw = False
56.1876 	EXP 	text_4: autoDraw = False
56.1876 	EXP 	image_7: image = 'test/blank.PNG'
57.3667 	EXP 	image_7: autoDraw = True
58.1654 	EXP 	image_7: autoDraw = False
58.9012 	EXP 	New trial (rep=0, index=4): {'stimuli': 8, 'star': 'test/rightstar.PNG', 'CorrectAns': 'right'}
58.9506 	DATA 	Keypress: space
58.9555 	EXP 	image_7: autoDraw = False
58.9555 	EXP 	image_6: image = 'test/fixation.png'
58.9555 	EXP 	image_6: autoDraw = True
59.4319 	EXP 	image_6: autoDraw = False
59.4319 	EXP 	text_4: height = 0.2
59.4319 	EXP 	text_4: height = 0.2
59.4319 	EXP 	text_4: height = 0.2
59.4319 	EXP 	text_4: text = 8
59.9153 	EXP 	text_4: autoDraw = True
60.4321 	EXP 	text_4: autoDraw = False
60.4321 	EXP 	text_4: autoDraw = False
60.4321 	EXP 	image_7: image = 'test/rightstar.PNG'
61.5176 	EXP 	image_7: autoDraw = True
61.8351 	EXP 	New trial (rep=0, index=5): {'stimuli': 8, 'star': 'test/leftstar.PNG', 'CorrectAns': 'left'}
61.8930 	DATA 	Keypress: space
61.8974 	EXP 	image_7: autoDraw = False
61.8974 	EXP 	image_6: image = 'test/fixation.png'
61.8974 	EXP 	image_6: autoDraw = True
62.3655 	EXP 	image_6: autoDraw = False
62.3655 	EXP 	text_4: height = 0.2
62.3655 	EXP 	text_4: height = 0.2
62.3655 	EXP 	text_4: height = 0.2
62.3655 	EXP 	text_4: text = 8
62.8487 	EXP 	text_4: autoDraw = True
63.2771 	EXP 	text_4: autoDraw = False
63.2771 	EXP 	text_4: autoDraw = False
63.2771 	EXP 	image_7: image = 'test/leftstar.PNG'
64.4509 	EXP 	image_7: autoDraw = True
65.2655 	EXP 	image_7: autoDraw = False
65.6407 	DATA 	Keypress: left
65.6486 	EXP 	image_7: autoDraw = False
65.6486 	EXP 	text_8: autoDraw = True
69.8215 	DATA 	Keypress: space
69.8320 	EXP 	text_8: autoDraw = False
69.8320 	EXP 	text_5: autoDraw = True
75.6847 	EXP 	Imported condition_1/data2.xlsx as conditions, 25 conditions, 3 params
75.6852 	EXP 	Created sequence: random, trialTypes=25, nReps=2, seed=None
75.6854 	EXP 	New trial (rep=0, index=0): {'stimuli': 8, 'star': 'condition_1/blank.PNG', 'CorrectAns': 'space'}
75.7482 	DATA 	Keypress: space
75.7552 	EXP 	text_5: autoDraw = False
75.7552 	EXP 	image_3: image = 'condition_1/fixation.png'
75.7552 	EXP 	image_3: autoDraw = True
76.1992 	EXP 	image_3: autoDraw = False
76.1992 	EXP 	text_3: height = 0.2
76.1992 	EXP 	text_3: height = 0.2
76.1992 	EXP 	text_3: height = 0.2
76.1992 	EXP 	text_3: text = 8
76.6821 	EXP 	text_3: autoDraw = True
77.0554 	EXP 	text_3: autoDraw = False
77.0554 	EXP 	text_3: autoDraw = False
77.0554 	EXP 	image_2: image = 'condition_1/blank.PNG'
78.2842 	EXP 	image_2: autoDraw = True
78.9361 	DATA 	Keypress: space
78.9520 	EXP 	New trial (rep=0, index=1): {'stimuli': 9, 'star': 'condition_1/rightstar.PNG', 'CorrectAns': 'right'}
79.0766 	EXP 	image_2: autoDraw = False
79.0766 	EXP 	image_3: image = 'condition_1/fixation.png'
79.0766 	EXP 	image_3: autoDraw = True
79.4821 	EXP 	image_3: autoDraw = False
79.4821 	EXP 	text_3: height = 0.2
79.4821 	EXP 	text_3: height = 0.2
79.4821 	EXP 	text_3: height = 0.2
79.4821 	EXP 	text_3: text = 9
79.9653 	EXP 	text_3: autoDraw = True
80.5245 	EXP 	text_3: autoDraw = False
80.5245 	EXP 	text_3: autoDraw = False
80.5245 	EXP 	image_2: image = 'condition_1/rightstar.PNG'
81.5674 	EXP 	image_2: autoDraw = True
82.3821 	EXP 	image_2: autoDraw = False
82.6348 	EXP 	New trial (rep=0, index=2): {'stimuli': 8, 'star': 'condition_1/rightstar.PNG', 'CorrectAns': 'right'}
82.6881 	DATA 	Keypress: right
82.6923 	EXP 	image_2: autoDraw = False
82.6923 	EXP 	image_3: image = 'condition_1/fixation.png'
82.6923 	EXP 	image_3: autoDraw = True
83.1655 	EXP 	image_3: autoDraw = False
83.1655 	EXP 	text_3: height = 0.2
83.1655 	EXP 	text_3: height = 0.2
83.1655 	EXP 	text_3: height = 0.2
83.1655 	EXP 	text_3: text = 8
83.6488 	EXP 	text_3: autoDraw = True
84.0619 	EXP 	text_3: autoDraw = False
84.0619 	EXP 	text_3: autoDraw = False
84.0619 	EXP 	image_2: image = 'condition_1/rightstar.PNG'
85.2509 	EXP 	image_2: autoDraw = True
86.0656 	EXP 	image_2: autoDraw = False
86.0685 	DATA 	Keypress: right
86.0851 	EXP 	New trial (rep=0, index=3): {'stimuli': 9, 'star': 'condition_1/blank.PNG', 'CorrectAns': 'space'}
86.1453 	EXP 	image_2: autoDraw = False
86.1453 	EXP 	image_3: image = 'condition_1/fixation.png'
86.1453 	EXP 	image_3: autoDraw = True
86.6154 	EXP 	image_3: autoDraw = False
86.6154 	EXP 	text_3: height = 0.2
86.6154 	EXP 	text_3: height = 0.2
86.6154 	EXP 	text_3: height = 0.2
86.6154 	EXP 	text_3: text = 9
87.0988 	EXP 	text_3: autoDraw = True
87.4809 	EXP 	text_3: autoDraw = False
87.4809 	EXP 	text_3: autoDraw = False
87.4809 	EXP 	image_2: image = 'condition_1/blank.PNG'
88.6999 	EXP 	image_2: autoDraw = True
89.4849 	DATA 	Keypress: space
89.4989 	EXP 	image_2: autoDraw = False
89.5014 	EXP 	New trial (rep=0, index=4): {'stimuli': 2, 'star': 'condition_1/leftstar.PNG', 'CorrectAns': 'space'}
89.5633 	EXP 	image_2: autoDraw = False
89.5633 	EXP 	image_3: image = 'condition_1/fixation.png'
89.5633 	EXP 	image_3: autoDraw = True
90.0320 	EXP 	image_3: autoDraw = False
90.0320 	EXP 	text_3: height = 0.2
90.0320 	EXP 	text_3: height = 0.2
90.0320 	EXP 	text_3: height = 0.2
90.0320 	EXP 	text_3: text = 2
90.5155 	EXP 	text_3: autoDraw = True
91.0503 	EXP 	text_3: autoDraw = False
91.0503 	EXP 	text_3: autoDraw = False
91.0503 	EXP 	image_2: image = 'condition_1/leftstar.PNG'
92.1173 	EXP 	image_2: autoDraw = True
92.9321 	EXP 	image_2: autoDraw = False
93.3025 	EXP 	New trial (rep=0, index=5): {'stimuli': 9, 'star': 'condition_1/leftstar.PNG', 'CorrectAns': 'left'}
93.3558 	DATA 	Keypress: space
93.3602 	EXP 	image_2: autoDraw = False
93.3602 	EXP 	image_3: image = 'condition_1/fixation.png'
93.3602 	EXP 	image_3: autoDraw = True
93.8319 	EXP 	image_3: autoDraw = False
93.8319 	EXP 	text_3: height = 0.2
93.8319 	EXP 	text_3: height = 0.2
93.8319 	EXP 	text_3: height = 0.2
93.8319 	EXP 	text_3: text = 9
94.3157 	EXP 	text_3: autoDraw = True
94.7226 	EXP 	text_3: autoDraw = False
94.7226 	EXP 	text_3: autoDraw = False
94.7226 	EXP 	image_2: image = 'condition_1/leftstar.PNG'
95.9175 	EXP 	image_2: autoDraw = True
96.7191 	EXP 	New trial (rep=0, index=6): {'stimuli': 9, 'star': 'condition_1/leftstar.PNG', 'CorrectAns': 'left'}
96.7710 	DATA 	Keypress: left
96.7758 	EXP 	image_2: autoDraw = False
96.7758 	EXP 	image_2: autoDraw = False
96.7758 	EXP 	image_3: image = 'condition_1/fixation.png'
96.7758 	EXP 	image_3: autoDraw = True
97.2489 	EXP 	image_3: autoDraw = False
97.2489 	EXP 	text_3: height = 0.2
97.2489 	EXP 	text_3: height = 0.2
97.2489 	EXP 	text_3: height = 0.2
97.2489 	EXP 	text_3: text = 9
97.7320 	EXP 	text_3: autoDraw = True
98.1411 	EXP 	text_3: autoDraw = False
98.1411 	EXP 	text_3: autoDraw = False
98.1411 	EXP 	image_2: image = 'condition_1/leftstar.PNG'
99.3343 	EXP 	image_2: autoDraw = True
100.1486 	EXP 	image_2: autoDraw = False
100.2512 	EXP 	New trial (rep=0, index=7): {'stimuli': 2, 'star': 'condition_1/rightstar.PNG', 'CorrectAns': 'space'}
100.3003 	DATA 	Keypress: left
100.3045 	EXP 	image_2: autoDraw = False
100.3045 	EXP 	image_3: image = 'condition_1/fixation.png'
100.3045 	EXP 	image_3: autoDraw = True
100.7818 	EXP 	image_3: autoDraw = False
100.7818 	EXP 	text_3: height = 0.2
100.7818 	EXP 	text_3: height = 0.2
100.7818 	EXP 	text_3: height = 0.2
100.7818 	EXP 	text_3: text = 2
101.2654 	EXP 	text_3: autoDraw = True
101.7037 	EXP 	text_3: autoDraw = False
101.7037 	EXP 	text_3: autoDraw = False
101.7037 	EXP 	image_2: image = 'condition_1/rightstar.PNG'
102.8679 	EXP 	image_2: autoDraw = True
103.6822 	EXP 	image_2: autoDraw = False
103.9681 	EXP 	New trial (rep=0, index=8): {'stimuli': 9, 'star': 'condition_1/leftstar.PNG', 'CorrectAns': 'left'}
104.0190 	DATA 	Keypress: space
104.0234 	EXP 	image_2: autoDraw = False
104.0234 	EXP 	image_3: image = 'condition_1/fixation.png'
104.0234 	EXP 	image_3: autoDraw = True
104.4987 	EXP 	image_3: autoDraw = False
104.4987 	EXP 	text_3: height = 0.2
104.4987 	EXP 	text_3: height = 0.2
104.4987 	EXP 	text_3: height = 0.2
104.4987 	EXP 	text_3: text = 9
104.9821 	EXP 	text_3: autoDraw = True
105.4440 	EXP 	text_3: autoDraw = False
105.4440 	EXP 	text_3: autoDraw = False
105.4440 	EXP 	image_2: image = 'condition_1/leftstar.PNG'
106.5844 	EXP 	image_2: autoDraw = True
107.3187 	EXP 	New trial (rep=0, index=9): {'stimuli': 1, 'star': 'condition_1/rightstar.PNG', 'CorrectAns': 'space'}
107.3978 	DATA 	Keypress: left
107.4021 	EXP 	image_2: autoDraw = False
107.4021 	EXP 	image_3: image = 'condition_1/fixation.png'
107.4021 	EXP 	image_3: autoDraw = True
107.8554 	EXP 	image_3: autoDraw = False
107.8554 	EXP 	text_3: height = 0.2
107.8554 	EXP 	text_3: height = 0.2
107.8554 	EXP 	text_3: height = 0.2
107.8554 	EXP 	text_3: text = 1
108.3326 	EXP 	text_3: autoDraw = True
108.7414 	EXP 	text_3: autoDraw = False
108.7414 	EXP 	text_3: autoDraw = False
108.7414 	EXP 	image_2: image = 'condition_1/rightstar.PNG'
109.9345 	EXP 	image_2: autoDraw = True
110.5698 	EXP 	New trial (rep=0, index=10): {'stimuli': 9, 'star': 'condition_1/rightstar.PNG', 'CorrectAns': 'right'}
110.6179 	DATA 	Keypress: space
110.6225 	EXP 	image_2: autoDraw = False
110.6225 	EXP 	image_3: image = 'condition_1/fixation.png'
110.6225 	EXP 	image_3: autoDraw = True
111.0988 	EXP 	image_3: autoDraw = False
111.0988 	EXP 	text_3: height = 0.2
111.0988 	EXP 	text_3: height = 0.2
111.0988 	EXP 	text_3: height = 0.2
111.0988 	EXP 	text_3: text = 9
111.5822 	EXP 	text_3: autoDraw = True
111.9962 	EXP 	text_3: autoDraw = False
111.9962 	EXP 	text_3: autoDraw = False
111.9962 	EXP 	image_2: image = 'condition_1/rightstar.PNG'
113.1841 	EXP 	image_2: autoDraw = True
113.9519 	EXP 	New trial (rep=0, index=11): {'stimuli': 8, 'star': 'condition_1/rightstar.PNG', 'CorrectAns': 'right'}
114.0044 	DATA 	Keypress: right
114.0106 	EXP 	image_2: autoDraw = False
114.0106 	EXP 	image_3: image = 'condition_1/fixation.png'
114.0106 	EXP 	image_3: autoDraw = True
114.4820 	EXP 	image_3: autoDraw = False
114.4820 	EXP 	text_3: height = 0.2
114.4820 	EXP 	text_3: height = 0.2
114.4820 	EXP 	text_3: height = 0.2
114.4820 	EXP 	text_3: text = 8
114.9653 	EXP 	text_3: autoDraw = True
115.3733 	EXP 	text_3: autoDraw = False
115.3733 	EXP 	text_3: autoDraw = False
115.3733 	EXP 	image_2: image = 'condition_1/rightstar.PNG'
116.5676 	EXP 	image_2: autoDraw = True
117.2869 	DATA 	Keypress: right
117.3018 	EXP 	New trial (rep=0, index=12): {'stimuli': 1, 'star': 'condition_1/leftstar.PNG', 'CorrectAns': 'space'}
117.3560 	EXP 	image_2: autoDraw = False
117.3560 	EXP 	image_3: image = 'condition_1/fixation.png'
117.3560 	EXP 	image_3: autoDraw = True
117.8321 	EXP 	image_3: autoDraw = False
117.8321 	EXP 	text_3: height = 0.2
117.8321 	EXP 	text_3: height = 0.2
117.8321 	EXP 	text_3: height = 0.2
117.8321 	EXP 	text_3: text = 1
118.3155 	EXP 	text_3: autoDraw = True
118.7245 	EXP 	text_3: autoDraw = False
118.7245 	EXP 	text_3: autoDraw = False
118.7245 	EXP 	image_2: image = 'condition_1/leftstar.PNG'
119.9174 	EXP 	image_2: autoDraw = True
120.2683 	EXP 	New trial (rep=0, index=13): {'stimuli': 2, 'star': 'condition_1/rightstar.PNG', 'CorrectAns': 'space'}
120.3180 	DATA 	Keypress: space
120.3225 	EXP 	image_2: autoDraw = False
120.3225 	EXP 	image_3: image = 'condition_1/fixation.png'
120.3225 	EXP 	image_3: autoDraw = True
120.7989 	EXP 	image_3: autoDraw = False
120.7989 	EXP 	text_3: height = 0.2
120.7989 	EXP 	text_3: height = 0.2
120.7989 	EXP 	text_3: height = 0.2
120.7989 	EXP 	text_3: text = 2
121.2818 	EXP 	text_3: autoDraw = True
121.6820 	EXP 	text_3: autoDraw = False
121.6820 	EXP 	text_3: autoDraw = False
121.6820 	EXP 	image_2: image = 'condition_1/rightstar.PNG'
122.8841 	EXP 	image_2: autoDraw = True
123.0530 	EXP 	New trial (rep=0, index=14): {'stimuli': 8, 'star': 'condition_1/leftstar.PNG', 'CorrectAns': 'left'}
123.1046 	DATA 	Keypress: space
123.1092 	EXP 	image_2: autoDraw = False
123.1092 	EXP 	image_3: image = 'condition_1/fixation.png'
123.1092 	EXP 	image_3: autoDraw = True
123.5820 	EXP 	image_3: autoDraw = False
123.5820 	EXP 	text_3: height = 0.2
123.5820 	EXP 	text_3: height = 0.2
123.5820 	EXP 	text_3: height = 0.2
123.5820 	EXP 	text_3: text = 8
124.0655 	EXP 	text_3: autoDraw = True
124.4828 	EXP 	text_3: autoDraw = False
124.4828 	EXP 	text_3: autoDraw = False
124.4828 	EXP 	image_2: image = 'condition_1/leftstar.PNG'
125.6675 	EXP 	image_2: autoDraw = True
126.4027 	EXP 	New trial (rep=0, index=15): {'stimuli': 2, 'star': 'condition_1/leftstar.PNG', 'CorrectAns': 'space'}
126.4527 	DATA 	Keypress: left
126.4570 	EXP 	image_2: autoDraw = False
126.4570 	EXP 	image_3: image = 'condition_1/fixation.png'
126.4570 	EXP 	image_3: autoDraw = True
126.9452 	EXP 	image_3: autoDraw = False
126.9452 	EXP 	text_3: height = 0.2
126.9452 	EXP 	text_3: height = 0.2
126.9452 	EXP 	text_3: height = 0.2
126.9452 	EXP 	text_3: text = 2
127.4154 	EXP 	text_3: autoDraw = True
127.8274 	EXP 	text_3: autoDraw = False
127.8274 	EXP 	text_3: autoDraw = False
127.8274 	EXP 	image_2: image = 'condition_1/leftstar.PNG'
129.0180 	EXP 	image_2: autoDraw = True
129.4354 	EXP 	New trial (rep=0, index=16): {'stimuli': 8, 'star': 'condition_1/leftstar.PNG', 'CorrectAns': 'left'}
129.4853 	DATA 	Keypress: space
129.4896 	EXP 	image_2: autoDraw = False
129.4896 	EXP 	image_3: image = 'condition_1/fixation.png'
129.4896 	EXP 	image_3: autoDraw = True
129.9652 	EXP 	image_3: autoDraw = False
129.9652 	EXP 	text_3: height = 0.2
129.9652 	EXP 	text_3: height = 0.2
129.9652 	EXP 	text_3: height = 0.2
129.9652 	EXP 	text_3: text = 8
130.4492 	EXP 	text_3: autoDraw = True
130.8510 	EXP 	text_3: autoDraw = False
130.8510 	EXP 	text_3: autoDraw = False
130.8510 	EXP 	image_2: image = 'condition_1/leftstar.PNG'
132.0506 	EXP 	image_2: autoDraw = True
132.8654 	EXP 	image_2: autoDraw = False
132.8854 	EXP 	New trial (rep=0, index=17): {'stimuli': 2, 'star': 'condition_1/rightstar.PNG', 'CorrectAns': 'space'}
132.9352 	DATA 	Keypress: left
132.9394 	EXP 	image_2: autoDraw = False
132.9394 	EXP 	image_3: image = 'condition_1/fixation.png'
132.9394 	EXP 	image_3: autoDraw = True
133.4151 	EXP 	image_3: autoDraw = False
133.4151 	EXP 	text_3: height = 0.2
133.4151 	EXP 	text_3: height = 0.2
133.4151 	EXP 	text_3: height = 0.2
133.4151 	EXP 	text_3: text = 2
133.8986 	EXP 	text_3: autoDraw = True
134.2993 	EXP 	text_3: autoDraw = False
134.2993 	EXP 	text_3: autoDraw = False
134.2993 	EXP 	image_2: image = 'condition_1/rightstar.PNG'
135.5008 	EXP 	image_2: autoDraw = True
135.8352 	EXP 	New trial (rep=0, index=18): {'stimuli': 8, 'star': 'condition_1/blank.PNG', 'CorrectAns': 'space'}
135.8850 	DATA 	Keypress: space
135.8892 	EXP 	image_2: autoDraw = False
135.8892 	EXP 	image_3: image = 'condition_1/fixation.png'
135.8892 	EXP 	image_3: autoDraw = True
136.3657 	EXP 	image_3: autoDraw = False
136.3657 	EXP 	text_3: height = 0.2
136.3657 	EXP 	text_3: height = 0.2
136.3657 	EXP 	text_3: height = 0.2
136.3657 	EXP 	text_3: text = 8
136.8485 	EXP 	text_3: autoDraw = True
137.2643 	EXP 	text_3: autoDraw = False
137.2643 	EXP 	text_3: autoDraw = False
137.2643 	EXP 	image_2: image = 'condition_1/blank.PNG'
138.4500 	EXP 	image_2: autoDraw = True
139.1023 	EXP 	New trial (rep=0, index=19): {'stimuli': 1, 'star': 'condition_1/leftstar.PNG', 'CorrectAns': 'space'}
139.1491 	DATA 	Keypress: space
139.1534 	EXP 	image_2: autoDraw = False
139.1534 	EXP 	image_3: image = 'condition_1/fixation.png'
139.1534 	EXP 	image_3: autoDraw = True
139.6319 	EXP 	image_3: autoDraw = False
139.6319 	EXP 	text_3: height = 0.2
139.6319 	EXP 	text_3: height = 0.2
139.6319 	EXP 	text_3: height = 0.2
139.6319 	EXP 	text_3: text = 1
140.1153 	EXP 	text_3: autoDraw = True
140.6309 	EXP 	text_3: autoDraw = False
140.6309 	EXP 	text_3: autoDraw = False
140.6309 	EXP 	image_2: image = 'condition_1/leftstar.PNG'
141.7176 	EXP 	image_2: autoDraw = True
141.8352 	EXP 	New trial (rep=0, index=20): {'stimuli': 1, 'star': 'condition_1/rightstar.PNG', 'CorrectAns': 'space'}
141.8856 	DATA 	Keypress: space
141.8900 	EXP 	image_2: autoDraw = False
141.8900 	EXP 	image_3: image = 'condition_1/fixation.png'
141.8900 	EXP 	image_3: autoDraw = True
142.3652 	EXP 	image_3: autoDraw = False
142.3652 	EXP 	text_3: height = 0.2
142.3652 	EXP 	text_3: height = 0.2
142.3652 	EXP 	text_3: height = 0.2
142.3652 	EXP 	text_3: text = 1
142.8487 	EXP 	text_3: autoDraw = True
143.2659 	EXP 	text_3: autoDraw = False
143.2659 	EXP 	text_3: autoDraw = False
143.2659 	EXP 	image_2: image = 'condition_1/rightstar.PNG'
143.5675 	DATA 	Keypress: space
144.4507 	EXP 	image_2: autoDraw = True
145.2655 	EXP 	image_2: autoDraw = False
145.7515 	EXP 	New trial (rep=0, index=21): {'stimuli': 2, 'star': 'condition_1/blank.PNG', 'CorrectAns': 'space'}
145.8114 	DATA 	Keypress: space
145.8160 	EXP 	image_2: autoDraw = False
145.8160 	EXP 	image_3: image = 'condition_1/fixation.png'
145.8160 	EXP 	image_3: autoDraw = True
146.2936 	EXP 	image_3: autoDraw = False
146.2936 	EXP 	text_3: height = 0.2
146.2936 	EXP 	text_3: height = 0.2
146.2936 	EXP 	text_3: height = 0.2
146.2936 	EXP 	text_3: text = 2
146.7654 	EXP 	text_3: autoDraw = True
147.1314 	EXP 	text_3: autoDraw = False
147.1314 	EXP 	text_3: autoDraw = False
147.1314 	EXP 	image_2: image = 'condition_1/blank.PNG'
148.3665 	EXP 	image_2: autoDraw = True
149.0008 	EXP 	New trial (rep=0, index=22): {'stimuli': 1, 'star': 'condition_1/leftstar.PNG', 'CorrectAns': 'space'}
149.0425 	DATA 	Keypress: space
149.0474 	EXP 	image_2: autoDraw = False
149.0474 	EXP 	image_3: image = 'condition_1/fixation.png'
149.0474 	EXP 	image_3: autoDraw = True
149.5320 	EXP 	image_3: autoDraw = False
149.5320 	EXP 	text_3: height = 0.2
149.5320 	EXP 	text_3: height = 0.2
149.5320 	EXP 	text_3: height = 0.2
149.5320 	EXP 	text_3: text = 1
150.0154 	EXP 	text_3: autoDraw = True
150.5538 	EXP 	text_3: autoDraw = False
150.5538 	EXP 	text_3: autoDraw = False
150.5538 	EXP 	image_2: image = 'condition_1/leftstar.PNG'
151.6175 	EXP 	image_2: autoDraw = True
151.9517 	EXP 	New trial (rep=0, index=23): {'stimuli': 8, 'star': 'condition_1/rightstar.PNG', 'CorrectAns': 'right'}
152.0025 	DATA 	Keypress: space
152.0072 	EXP 	image_2: autoDraw = False
152.0072 	EXP 	image_3: image = 'condition_1/fixation.png'
152.0072 	EXP 	image_3: autoDraw = True
152.4820 	EXP 	image_3: autoDraw = False
152.4820 	EXP 	text_3: height = 0.2
152.4820 	EXP 	text_3: height = 0.2
152.4820 	EXP 	text_3: height = 0.2
152.4820 	EXP 	text_3: text = 8
152.9655 	EXP 	text_3: autoDraw = True
153.3900 	EXP 	text_3: autoDraw = False
153.3900 	EXP 	text_3: autoDraw = False
153.3900 	EXP 	image_2: image = 'condition_1/rightstar.PNG'
154.5678 	EXP 	image_2: autoDraw = True
154.9032 	EXP 	New trial (rep=0, index=24): {'stimuli': 1, 'star': 'condition_1/blank.PNG', 'CorrectAns': 'space'}
154.9620 	DATA 	Keypress: right
154.9669 	EXP 	image_2: autoDraw = False
154.9669 	EXP 	image_3: image = 'condition_1/fixation.png'
154.9669 	EXP 	image_3: autoDraw = True
155.4320 	EXP 	image_3: autoDraw = False
155.4320 	EXP 	text_3: height = 0.2
155.4320 	EXP 	text_3: height = 0.2
155.4320 	EXP 	text_3: height = 0.2
155.4320 	EXP 	text_3: text = 1
155.9155 	EXP 	text_3: autoDraw = True
156.2905 	EXP 	text_3: autoDraw = False
156.2905 	EXP 	text_3: autoDraw = False
156.2905 	EXP 	image_2: image = 'condition_1/blank.PNG'
157.5167 	EXP 	image_2: autoDraw = True
158.0351 	EXP 	New trial (rep=1, index=0): {'stimuli': 8, 'star': 'condition_1/rightstar.PNG', 'CorrectAns': 'right'}
158.0996 	DATA 	Keypress: space
158.1044 	EXP 	image_2: autoDraw = False
158.1044 	EXP 	image_3: image = 'condition_1/fixation.png'
158.1044 	EXP 	image_3: autoDraw = True
158.5654 	EXP 	image_3: autoDraw = False
158.5654 	EXP 	text_3: height = 0.2
158.5654 	EXP 	text_3: height = 0.2
158.5654 	EXP 	text_3: height = 0.2
158.5654 	EXP 	text_3: text = 8
159.0486 	EXP 	text_3: autoDraw = True
159.6076 	EXP 	text_3: autoDraw = False
159.6076 	EXP 	text_3: autoDraw = False
159.6076 	EXP 	image_2: image = 'condition_1/rightstar.PNG'
160.6507 	EXP 	image_2: autoDraw = True
161.0189 	EXP 	New trial (rep=1, index=1): {'stimuli': 9, 'star': 'condition_1/rightstar.PNG', 'CorrectAns': 'right'}
161.0715 	DATA 	Keypress: right
161.0762 	EXP 	image_2: autoDraw = False
161.0762 	EXP 	image_3: image = 'condition_1/fixation.png'
161.0762 	EXP 	image_3: autoDraw = True
161.5487 	EXP 	image_3: autoDraw = False
161.5487 	EXP 	text_3: height = 0.2
161.5487 	EXP 	text_3: height = 0.2
161.5487 	EXP 	text_3: height = 0.2
161.5487 	EXP 	text_3: text = 9
162.0318 	EXP 	text_3: autoDraw = True
162.4577 	EXP 	text_3: autoDraw = False
162.4577 	EXP 	text_3: autoDraw = False
162.4577 	EXP 	image_2: image = 'condition_1/rightstar.PNG'
163.6342 	EXP 	image_2: autoDraw = True
163.9686 	EXP 	New trial (rep=1, index=2): {'stimuli': 8, 'star': 'condition_1/blank.PNG', 'CorrectAns': 'space'}
164.0213 	DATA 	Keypress: right
164.0254 	EXP 	image_2: autoDraw = False
164.0254 	EXP 	image_3: image = 'condition_1/fixation.png'
164.0254 	EXP 	image_3: autoDraw = True
164.5062 	EXP 	image_3: autoDraw = False
164.5062 	EXP 	text_3: height = 0.2
164.5062 	EXP 	text_3: height = 0.2
164.5062 	EXP 	text_3: height = 0.2
164.5062 	EXP 	text_3: text = 8
164.9821 	EXP 	text_3: autoDraw = True
165.3457 	EXP 	text_3: autoDraw = False
165.3457 	EXP 	text_3: autoDraw = False
165.3457 	EXP 	image_2: image = 'condition_1/blank.PNG'
166.5831 	EXP 	image_2: autoDraw = True
167.3819 	EXP 	image_2: autoDraw = False
167.5511 	EXP 	New trial (rep=1, index=3): {'stimuli': 8, 'star': 'condition_1/rightstar.PNG', 'CorrectAns': 'right'}
167.6117 	DATA 	Keypress: space
167.6161 	EXP 	image_2: autoDraw = False
167.6161 	EXP 	image_3: image = 'condition_1/fixation.png'
167.6161 	EXP 	image_3: autoDraw = True
168.0820 	EXP 	image_3: autoDraw = False
168.0820 	EXP 	text_3: height = 0.2
168.0820 	EXP 	text_3: height = 0.2
168.0820 	EXP 	text_3: height = 0.2
168.0820 	EXP 	text_3: text = 8
168.5654 	EXP 	text_3: autoDraw = True
169.0944 	EXP 	text_3: autoDraw = False
169.0944 	EXP 	text_3: autoDraw = False
169.0944 	EXP 	image_2: image = 'condition_1/rightstar.PNG'
170.1676 	EXP 	image_2: autoDraw = True
170.5351 	EXP 	New trial (rep=1, index=4): {'stimuli': 8, 'star': 'condition_1/rightstar.PNG', 'CorrectAns': 'right'}
170.6122 	DATA 	Keypress: right
170.6163 	EXP 	image_2: autoDraw = False
170.6163 	EXP 	image_3: image = 'condition_1/fixation.png'
170.6163 	EXP 	image_3: autoDraw = True
171.0653 	EXP 	image_3: autoDraw = False
171.0653 	EXP 	text_3: height = 0.2
171.0653 	EXP 	text_3: height = 0.2
171.0653 	EXP 	text_3: height = 0.2
171.0653 	EXP 	text_3: text = 8
171.5486 	EXP 	text_3: autoDraw = True
171.9721 	EXP 	text_3: autoDraw = False
171.9721 	EXP 	text_3: autoDraw = False
171.9721 	EXP 	image_2: image = 'condition_1/rightstar.PNG'
173.1511 	EXP 	image_2: autoDraw = True
173.5018 	EXP 	New trial (rep=1, index=5): {'stimuli': 9, 'star': 'condition_1/leftstar.PNG', 'CorrectAns': 'left'}
173.5519 	DATA 	Keypress: right
173.5566 	EXP 	image_2: autoDraw = False
173.5566 	EXP 	image_3: image = 'condition_1/fixation.png'
173.5566 	EXP 	image_3: autoDraw = True
174.0319 	EXP 	image_3: autoDraw = False
174.0319 	EXP 	text_3: height = 0.2
174.0319 	EXP 	text_3: height = 0.2
174.0319 	EXP 	text_3: height = 0.2
174.0319 	EXP 	text_3: text = 9
174.5153 	EXP 	text_3: autoDraw = True
174.9308 	EXP 	text_3: autoDraw = False
174.9308 	EXP 	text_3: autoDraw = False
174.9308 	EXP 	image_2: image = 'condition_1/leftstar.PNG'
176.1176 	EXP 	image_2: autoDraw = True
176.6184 	EXP 	New trial (rep=1, index=6): {'stimuli': 2, 'star': 'condition_1/rightstar.PNG', 'CorrectAns': 'space'}
176.6672 	DATA 	Keypress: left
176.6715 	EXP 	image_2: autoDraw = False
176.6715 	EXP 	image_3: image = 'condition_1/fixation.png'
176.6715 	EXP 	image_3: autoDraw = True
177.1486 	EXP 	image_3: autoDraw = False
177.1486 	EXP 	text_3: height = 0.2
177.1486 	EXP 	text_3: height = 0.2
177.1486 	EXP 	text_3: height = 0.2
177.1486 	EXP 	text_3: text = 2
177.6321 	EXP 	text_3: autoDraw = True
178.0429 	EXP 	text_3: autoDraw = False
178.0429 	EXP 	text_3: autoDraw = False
178.0429 	EXP 	image_2: image = 'condition_1/rightstar.PNG'
179.2340 	EXP 	image_2: autoDraw = True
180.0487 	EXP 	image_2: autoDraw = False
180.2849 	EXP 	New trial (rep=1, index=7): {'stimuli': 2, 'star': 'condition_1/blank.PNG', 'CorrectAns': 'space'}
180.3753 	DATA 	Keypress: space
180.3796 	EXP 	image_2: autoDraw = False
180.3796 	EXP 	image_3: image = 'condition_1/fixation.png'
180.3796 	EXP 	image_3: autoDraw = True
180.8153 	EXP 	image_3: autoDraw = False
180.8153 	EXP 	text_3: height = 0.2
180.8153 	EXP 	text_3: height = 0.2
180.8153 	EXP 	text_3: height = 0.2
180.8153 	EXP 	text_3: text = 2
181.2987 	EXP 	text_3: autoDraw = True
181.7217 	EXP 	text_3: autoDraw = False
181.7217 	EXP 	text_3: autoDraw = False
181.7217 	EXP 	image_2: image = 'condition_1/blank.PNG'
182.8999 	EXP 	image_2: autoDraw = True
183.6849 	EXP 	New trial (rep=1, index=8): {'stimuli': 8, 'star': 'condition_1/leftstar.PNG', 'CorrectAns': 'left'}
183.7584 	DATA 	Keypress: space
183.7634 	EXP 	image_2: autoDraw = False
183.7634 	EXP 	image_2: autoDraw = False
183.7634 	EXP 	image_3: image = 'condition_1/fixation.png'
183.7634 	EXP 	image_3: autoDraw = True
184.2203 	EXP 	image_3: autoDraw = False
184.2203 	EXP 	text_3: height = 0.2
184.2203 	EXP 	text_3: height = 0.2
184.2203 	EXP 	text_3: height = 0.2
184.2203 	EXP 	text_3: text = 8
184.6985 	EXP 	text_3: autoDraw = True
185.2754 	EXP 	text_3: autoDraw = False
185.2754 	EXP 	text_3: autoDraw = False
185.2754 	EXP 	image_2: image = 'condition_1/leftstar.PNG'
186.3007 	EXP 	image_2: autoDraw = True
186.7355 	EXP 	New trial (rep=1, index=9): {'stimuli': 2, 'star': 'condition_1/leftstar.PNG', 'CorrectAns': 'space'}
186.7816 	DATA 	Keypress: left
186.7857 	EXP 	image_2: autoDraw = False
186.7857 	EXP 	image_3: image = 'condition_1/fixation.png'
186.7857 	EXP 	image_3: autoDraw = True
187.2652 	EXP 	image_3: autoDraw = False
187.2652 	EXP 	text_3: height = 0.2
187.2652 	EXP 	text_3: height = 0.2
187.2652 	EXP 	text_3: height = 0.2
187.2652 	EXP 	text_3: text = 2
187.7486 	EXP 	text_3: autoDraw = True
188.1517 	EXP 	text_3: autoDraw = False
188.1517 	EXP 	text_3: autoDraw = False
188.1517 	EXP 	image_2: image = 'condition_1/leftstar.PNG'
189.3508 	EXP 	image_2: autoDraw = True
190.1022 	EXP 	New trial (rep=1, index=10): {'stimuli': 9, 'star': 'condition_1/rightstar.PNG', 'CorrectAns': 'right'}
190.1530 	DATA 	Keypress: space
190.1577 	EXP 	image_2: autoDraw = False
190.1577 	EXP 	image_3: image = 'condition_1/fixation.png'
190.1577 	EXP 	image_3: autoDraw = True
190.6319 	EXP 	image_3: autoDraw = False
190.6319 	EXP 	text_3: height = 0.2
190.6319 	EXP 	text_3: height = 0.2
190.6319 	EXP 	text_3: height = 0.2
190.6319 	EXP 	text_3: text = 9
191.1154 	EXP 	text_3: autoDraw = True
191.5175 	EXP 	text_3: autoDraw = False
191.5175 	EXP 	text_3: autoDraw = False
191.5175 	EXP 	image_2: image = 'condition_1/rightstar.PNG'
192.7174 	EXP 	image_2: autoDraw = True
193.2018 	EXP 	New trial (rep=1, index=11): {'stimuli': 2, 'star': 'condition_1/rightstar.PNG', 'CorrectAns': 'space'}
193.3017 	DATA 	Keypress: space
193.3060 	EXP 	image_2: autoDraw = False
193.3060 	EXP 	image_3: image = 'condition_1/fixation.png'
193.3060 	EXP 	image_3: autoDraw = True
193.7319 	EXP 	image_3: autoDraw = False
193.7319 	EXP 	text_3: height = 0.2
193.7319 	EXP 	text_3: height = 0.2
193.7319 	EXP 	text_3: height = 0.2
193.7319 	EXP 	text_3: text = 2
194.2152 	EXP 	text_3: autoDraw = True
194.6198 	EXP 	text_3: autoDraw = False
194.6198 	EXP 	text_3: autoDraw = False
194.6198 	EXP 	image_2: image = 'condition_1/rightstar.PNG'
195.8175 	EXP 	image_2: autoDraw = True
196.6030 	EXP 	New trial (rep=1, index=12): {'stimuli': 1, 'star': 'condition_1/leftstar.PNG', 'CorrectAns': 'space'}
196.6523 	DATA 	Keypress: space
196.6567 	EXP 	image_2: autoDraw = False
196.6567 	EXP 	image_3: image = 'condition_1/fixation.png'
196.6567 	EXP 	image_3: autoDraw = True
197.1321 	EXP 	image_3: autoDraw = False
197.1321 	EXP 	text_3: height = 0.2
197.1321 	EXP 	text_3: height = 0.2
197.1321 	EXP 	text_3: height = 0.2
197.1321 	EXP 	text_3: text = 1
197.6154 	EXP 	text_3: autoDraw = True
198.0211 	EXP 	text_3: autoDraw = False
198.0211 	EXP 	text_3: autoDraw = False
198.0211 	EXP 	image_2: image = 'condition_1/leftstar.PNG'
199.2175 	EXP 	image_2: autoDraw = True
199.5353 	EXP 	New trial (rep=1, index=13): {'stimuli': 9, 'star': 'condition_1/blank.PNG', 'CorrectAns': 'space'}
199.5834 	DATA 	Keypress: space
199.5884 	EXP 	image_2: autoDraw = False
199.5884 	EXP 	image_3: image = 'condition_1/fixation.png'
199.5884 	EXP 	image_3: autoDraw = True
200.0653 	EXP 	image_3: autoDraw = False
200.0653 	EXP 	text_3: height = 0.2
200.0653 	EXP 	text_3: height = 0.2
200.0653 	EXP 	text_3: height = 0.2
200.0653 	EXP 	text_3: text = 9
200.5485 	EXP 	text_3: autoDraw = True
200.9638 	EXP 	text_3: autoDraw = False
200.9638 	EXP 	text_3: autoDraw = False
200.9638 	EXP 	image_2: image = 'condition_1/blank.PNG'
202.1498 	EXP 	image_2: autoDraw = True
202.6027 	EXP 	New trial (rep=1, index=14): {'stimuli': 9, 'star': 'condition_1/leftstar.PNG', 'CorrectAns': 'left'}
202.6665 	DATA 	Keypress: space
202.6711 	EXP 	image_2: autoDraw = False
202.6711 	EXP 	image_3: image = 'condition_1/fixation.png'
202.6711 	EXP 	image_3: autoDraw = True
203.1423 	EXP 	image_3: autoDraw = False
203.1423 	EXP 	text_3: height = 0.2
203.1423 	EXP 	text_3: height = 0.2
203.1423 	EXP 	text_3: height = 0.2
203.1423 	EXP 	text_3: text = 9
203.6153 	EXP 	text_3: autoDraw = True
204.1399 	EXP 	text_3: autoDraw = False
204.1399 	EXP 	text_3: autoDraw = False
204.1399 	EXP 	image_2: image = 'condition_1/leftstar.PNG'
205.2172 	EXP 	image_2: autoDraw = True
205.6516 	EXP 	New trial (rep=1, index=15): {'stimuli': 1, 'star': 'condition_1/blank.PNG', 'CorrectAns': 'space'}
205.6997 	DATA 	Keypress: left
205.7041 	EXP 	image_2: autoDraw = False
205.7041 	EXP 	image_3: image = 'condition_1/fixation.png'
205.7041 	EXP 	image_3: autoDraw = True
206.1824 	EXP 	image_3: autoDraw = False
206.1824 	EXP 	text_3: height = 0.2
206.1824 	EXP 	text_3: height = 0.2
206.1824 	EXP 	text_3: height = 0.2
206.1824 	EXP 	text_3: text = 1
206.6651 	EXP 	text_3: autoDraw = True
207.0329 	EXP 	text_3: autoDraw = False
207.0329 	EXP 	text_3: autoDraw = False
207.0329 	EXP 	image_2: image = 'condition_1/blank.PNG'
208.1507 	DATA 	Keypress: space
208.2664 	EXP 	image_2: autoDraw = True
209.0652 	EXP 	image_2: autoDraw = False
209.5837 	EXP 	New trial (rep=1, index=16): {'stimuli': 9, 'star': 'condition_1/leftstar.PNG', 'CorrectAns': 'left'}
209.6337 	DATA 	Keypress: space
209.6386 	EXP 	image_2: autoDraw = False
209.6386 	EXP 	image_3: image = 'condition_1/fixation.png'
209.6386 	EXP 	image_3: autoDraw = True
210.1152 	EXP 	image_3: autoDraw = False
210.1152 	EXP 	text_3: height = 0.2
210.1152 	EXP 	text_3: height = 0.2
210.1152 	EXP 	text_3: height = 0.2
210.1152 	EXP 	text_3: text = 9
210.5987 	EXP 	text_3: autoDraw = True
211.0096 	EXP 	text_3: autoDraw = False
211.0096 	EXP 	text_3: autoDraw = False
211.0096 	EXP 	image_2: image = 'condition_1/leftstar.PNG'
212.2006 	EXP 	image_2: autoDraw = True
212.6355 	EXP 	New trial (rep=1, index=17): {'stimuli': 1, 'star': 'condition_1/rightstar.PNG', 'CorrectAns': 'space'}
212.6791 	DATA 	Keypress: left
212.6864 	EXP 	image_2: autoDraw = False
212.6864 	EXP 	image_3: image = 'condition_1/fixation.png'
212.6864 	EXP 	image_3: autoDraw = True
213.1652 	EXP 	image_3: autoDraw = False
213.1652 	EXP 	text_3: height = 0.2
213.1652 	EXP 	text_3: height = 0.2
213.1652 	EXP 	text_3: height = 0.2
213.1652 	EXP 	text_3: text = 1
213.6486 	EXP 	text_3: autoDraw = True
214.0467 	EXP 	text_3: autoDraw = False
214.0467 	EXP 	text_3: autoDraw = False
214.0467 	EXP 	image_2: image = 'condition_1/rightstar.PNG'
215.2507 	EXP 	image_2: autoDraw = True
215.4188 	EXP 	New trial (rep=1, index=18): {'stimuli': 8, 'star': 'condition_1/blank.PNG', 'CorrectAns': 'space'}
215.4664 	DATA 	Keypress: space
215.4709 	EXP 	image_2: autoDraw = False
215.4709 	EXP 	image_3: image = 'condition_1/fixation.png'
215.4709 	EXP 	image_3: autoDraw = True
215.9485 	EXP 	image_3: autoDraw = False
215.9485 	EXP 	text_3: height = 0.2
215.9485 	EXP 	text_3: height = 0.2
215.9485 	EXP 	text_3: height = 0.2
215.9485 	EXP 	text_3: text = 8
216.4320 	EXP 	text_3: autoDraw = True
216.7976 	EXP 	text_3: autoDraw = False
216.7976 	EXP 	text_3: autoDraw = False
216.7976 	EXP 	image_2: image = 'condition_1/blank.PNG'
218.0337 	EXP 	image_2: autoDraw = True
218.4024 	EXP 	New trial (rep=1, index=19): {'stimuli': 1, 'star': 'condition_1/leftstar.PNG', 'CorrectAns': 'space'}
218.4573 	DATA 	Keypress: space
218.4621 	EXP 	image_2: autoDraw = False
218.4621 	EXP 	image_3: image = 'condition_1/fixation.png'
218.4621 	EXP 	image_3: autoDraw = True
218.9319 	EXP 	image_3: autoDraw = False
218.9319 	EXP 	text_3: height = 0.2
218.9319 	EXP 	text_3: height = 0.2
218.9319 	EXP 	text_3: height = 0.2
218.9319 	EXP 	text_3: text = 1
219.4152 	EXP 	text_3: autoDraw = True
219.9644 	EXP 	text_3: autoDraw = False
219.9644 	EXP 	text_3: autoDraw = False
219.9644 	EXP 	image_2: image = 'condition_1/leftstar.PNG'
221.0175 	EXP 	image_2: autoDraw = True
221.2186 	EXP 	New trial (rep=1, index=20): {'stimuli': 8, 'star': 'condition_1/leftstar.PNG', 'CorrectAns': 'left'}
221.2659 	DATA 	Keypress: space
221.2701 	EXP 	image_2: autoDraw = False
221.2701 	EXP 	image_3: image = 'condition_1/fixation.png'
221.2701 	EXP 	image_3: autoDraw = True
221.7534 	EXP 	image_3: autoDraw = False
221.7534 	EXP 	text_3: height = 0.2
221.7534 	EXP 	text_3: height = 0.2
221.7534 	EXP 	text_3: height = 0.2
221.7534 	EXP 	text_3: text = 8
222.2317 	EXP 	text_3: autoDraw = True
222.6481 	EXP 	text_3: autoDraw = False
222.6481 	EXP 	text_3: autoDraw = False
222.6481 	EXP 	image_2: image = 'condition_1/leftstar.PNG'
223.8341 	EXP 	image_2: autoDraw = True
224.5190 	EXP 	New trial (rep=1, index=21): {'stimuli': 1, 'star': 'condition_1/leftstar.PNG', 'CorrectAns': 'space'}
224.5755 	DATA 	Keypress: left
224.5803 	EXP 	image_2: autoDraw = False
224.5803 	EXP 	image_3: image = 'condition_1/fixation.png'
224.5803 	EXP 	image_3: autoDraw = True
225.0487 	EXP 	image_3: autoDraw = False
225.0487 	EXP 	text_3: height = 0.2
225.0487 	EXP 	text_3: height = 0.2
225.0487 	EXP 	text_3: height = 0.2
225.0487 	EXP 	text_3: text = 1
225.5321 	EXP 	text_3: autoDraw = True
225.9595 	EXP 	text_3: autoDraw = False
225.9595 	EXP 	text_3: autoDraw = False
225.9595 	EXP 	image_2: image = 'condition_1/leftstar.PNG'
227.1341 	EXP 	image_2: autoDraw = True
227.9486 	EXP 	image_2: autoDraw = False
228.1340 	EXP 	New trial (rep=1, index=22): {'stimuli': 2, 'star': 'condition_1/leftstar.PNG', 'CorrectAns': 'space'}
228.1847 	DATA 	Keypress: space
228.1893 	EXP 	image_2: autoDraw = False
228.1893 	EXP 	image_3: image = 'condition_1/fixation.png'
228.1893 	EXP 	image_3: autoDraw = True
228.6652 	EXP 	image_3: autoDraw = False
228.6652 	EXP 	text_3: height = 0.2
228.6652 	EXP 	text_3: height = 0.2
228.6652 	EXP 	text_3: height = 0.2
228.6652 	EXP 	text_3: text = 2
229.1488 	EXP 	text_3: autoDraw = True
229.5626 	EXP 	text_3: autoDraw = False
229.5626 	EXP 	text_3: autoDraw = False
229.5626 	EXP 	image_2: image = 'condition_1/leftstar.PNG'
230.7506 	EXP 	image_2: autoDraw = True
231.3352 	EXP 	New trial (rep=1, index=23): {'stimuli': 2, 'star': 'condition_1/rightstar.PNG', 'CorrectAns': 'space'}
231.3858 	DATA 	Keypress: space
231.3901 	EXP 	image_2: autoDraw = False
231.3901 	EXP 	image_3: image = 'condition_1/fixation.png'
231.3901 	EXP 	image_3: autoDraw = True
231.8656 	EXP 	image_3: autoDraw = False
231.8656 	EXP 	text_3: height = 0.2
231.8656 	EXP 	text_3: height = 0.2
231.8656 	EXP 	text_3: height = 0.2
231.8656 	EXP 	text_3: text = 2
232.3487 	EXP 	text_3: autoDraw = True
232.7512 	EXP 	text_3: autoDraw = False
232.7512 	EXP 	text_3: autoDraw = False
232.7512 	EXP 	image_2: image = 'condition_1/rightstar.PNG'
233.9508 	EXP 	image_2: autoDraw = True
234.6353 	EXP 	New trial (rep=1, index=24): {'stimuli': 1, 'star': 'condition_1/rightstar.PNG', 'CorrectAns': 'space'}
234.6795 	DATA 	Keypress: space
234.6841 	EXP 	image_2: autoDraw = False
234.6841 	EXP 	image_3: image = 'condition_1/fixation.png'
234.6841 	EXP 	image_3: autoDraw = True
235.1653 	EXP 	image_3: autoDraw = False
235.1653 	EXP 	text_3: height = 0.2
235.1653 	EXP 	text_3: height = 0.2
235.1653 	EXP 	text_3: height = 0.2
235.1653 	EXP 	text_3: text = 1
235.6489 	EXP 	text_3: autoDraw = True
236.0506 	EXP 	text_3: autoDraw = False
236.0506 	EXP 	text_3: autoDraw = False
236.0506 	EXP 	image_2: image = 'condition_1/rightstar.PNG'
237.2507 	EXP 	image_2: autoDraw = True
237.5772 	DATA 	Keypress: space
237.5819 	EXP 	image_2: autoDraw = False
237.5819 	EXP 	text_10: autoDraw = True
247.1555 	DATA 	Keypress: space
247.1655 	EXP 	text_10: autoDraw = False
247.1655 	EXP 	text_7: autoDraw = True
257.6868 	EXP 	Imported test2/data3.xlsx as conditions, 6 conditions, 3 params
257.6873 	EXP 	Created sequence: random, trialTypes=6, nReps=1, seed=None
257.6874 	EXP 	New trial (rep=0, index=0): {'stimuli': 8, 'star': 'test2/rightstar.PNG', 'CorrectAns': 'space'}
257.7662 	DATA 	Keypress: space
257.7725 	EXP 	text_7: autoDraw = False
257.7725 	EXP 	image_8: image = 'test2/fixation.png'
257.7725 	EXP 	image_8: autoDraw = True
258.1985 	EXP 	image_8: autoDraw = False
258.1985 	EXP 	text_11: height = 0.05
258.1985 	EXP 	text_11: height = 0.05
258.1985 	EXP 	text_11: height = 0.05
258.1985 	EXP 	text_11: text = 8
258.6819 	EXP 	text_11: autoDraw = True
259.2109 	EXP 	text_11: autoDraw = False
259.2109 	EXP 	text_11: autoDraw = False
259.2109 	EXP 	image_9: image = 'test2/rightstar.PNG'
260.2979 	EXP 	image_9: autoDraw = True
261.0985 	EXP 	image_9: autoDraw = False
264.1517 	EXP 	New trial (rep=0, index=1): {'stimuli': 2, 'star': 'test2/leftstar.PNG', 'CorrectAns': 'left'}
264.2003 	DATA 	Keypress: space
264.2053 	EXP 	image_9: autoDraw = False
264.2053 	EXP 	image_8: image = 'test2/fixation.png'
264.2053 	EXP 	image_8: autoDraw = True
264.6815 	EXP 	image_8: autoDraw = False
264.6815 	EXP 	text_11: height = 0.05
264.6815 	EXP 	text_11: height = 0.05
264.6815 	EXP 	text_11: height = 0.05
264.6815 	EXP 	text_11: text = 2
265.1653 	EXP 	text_11: autoDraw = True
265.5664 	EXP 	text_11: autoDraw = False
265.5664 	EXP 	text_11: autoDraw = False
265.5664 	EXP 	image_9: image = 'test2/leftstar.PNG'
266.7676 	EXP 	image_9: autoDraw = True
267.3014 	EXP 	New trial (rep=0, index=2): {'stimuli': 9, 'star': 'test2/rightstar.PNG', 'CorrectAns': 'space'}
267.3583 	DATA 	Keypress: left
267.3641 	EXP 	image_9: autoDraw = False
267.3641 	EXP 	image_8: image = 'test2/fixation.png'
267.3641 	EXP 	image_8: autoDraw = True
267.8318 	EXP 	image_8: autoDraw = False
267.8318 	EXP 	text_11: height = 0.05
267.8318 	EXP 	text_11: height = 0.05
267.8318 	EXP 	text_11: height = 0.05
267.8318 	EXP 	text_11: text = 9
268.3157 	EXP 	text_11: autoDraw = True
268.7219 	EXP 	text_11: autoDraw = False
268.7219 	EXP 	text_11: autoDraw = False
268.7219 	EXP 	image_9: image = 'test2/rightstar.PNG'
269.2347 	DATA 	Keypress: space
269.9173 	EXP 	image_9: autoDraw = True
270.7320 	EXP 	image_9: autoDraw = False
270.9193 	EXP 	New trial (rep=0, index=3): {'stimuli': 1, 'star': 'test2/leftstar.PNG', 'CorrectAns': 'left'}
270.9729 	DATA 	Keypress: space
270.9769 	EXP 	image_9: autoDraw = False
270.9769 	EXP 	image_8: image = 'test2/fixation.png'
270.9769 	EXP 	image_8: autoDraw = True
271.4485 	EXP 	image_8: autoDraw = False
271.4485 	EXP 	text_11: height = 0.05
271.4485 	EXP 	text_11: height = 0.05
271.4485 	EXP 	text_11: height = 0.05
271.4485 	EXP 	text_11: text = 1
271.9318 	EXP 	text_11: autoDraw = True
272.3439 	EXP 	text_11: autoDraw = False
272.3439 	EXP 	text_11: autoDraw = False
272.3439 	EXP 	image_9: image = 'test2/leftstar.PNG'
273.5343 	EXP 	image_9: autoDraw = True
274.0185 	EXP 	New trial (rep=0, index=4): {'stimuli': 8, 'star': 'test2/rightstar.PNG', 'CorrectAns': 'space'}
274.0681 	DATA 	Keypress: left
274.0721 	EXP 	image_9: autoDraw = False
274.0721 	EXP 	image_8: image = 'test2/fixation.png'
274.0721 	EXP 	image_8: autoDraw = True
274.5486 	EXP 	image_8: autoDraw = False
274.5486 	EXP 	text_11: height = 0.05
274.5486 	EXP 	text_11: height = 0.05
274.5486 	EXP 	text_11: height = 0.05
274.5486 	EXP 	text_11: text = 8
275.0319 	EXP 	text_11: autoDraw = True
275.4450 	EXP 	text_11: autoDraw = False
275.4450 	EXP 	text_11: autoDraw = False
275.4450 	EXP 	image_9: image = 'test2/rightstar.PNG'
276.6341 	EXP 	image_9: autoDraw = True
276.9853 	EXP 	New trial (rep=0, index=5): {'stimuli': 1, 'star': 'test2/blank.PNG', 'CorrectAns': 'space'}
277.0311 	DATA 	Keypress: space
277.0354 	EXP 	image_9: autoDraw = False
277.0354 	EXP 	image_8: image = 'test2/fixation.png'
277.0354 	EXP 	image_8: autoDraw = True
277.5153 	EXP 	image_8: autoDraw = False
277.5153 	EXP 	text_11: height = 0.05
277.5153 	EXP 	text_11: height = 0.05
277.5153 	EXP 	text_11: height = 0.05
277.5153 	EXP 	text_11: text = 1
277.9987 	EXP 	text_11: autoDraw = True
278.4207 	EXP 	text_11: autoDraw = False
278.4207 	EXP 	text_11: autoDraw = False
278.4207 	EXP 	image_9: image = 'test2/blank.PNG'
279.6000 	EXP 	image_9: autoDraw = True
280.3085 	DATA 	Keypress: space
280.3153 	EXP 	image_9: autoDraw = False
280.3153 	EXP 	text_12: autoDraw = True
281.3154 	EXP 	text_12: autoDraw = False
284.7271 	DATA 	Keypress: space
284.7319 	EXP 	text_12: autoDraw = False
284.7319 	EXP 	text_13: autoDraw = True
285.7319 	EXP 	text_13: autoDraw = False
288.0374 	EXP 	Imported condition_2/data.xlsx as conditions, 25 conditions, 3 params
288.0379 	EXP 	Created sequence: random, trialTypes=25, nReps=2, seed=None
288.0380 	EXP 	New trial (rep=0, index=0): {'stimuli': 2, 'star': 'condition_2/leftstar.PNG', 'CorrectAns': 'left'}
288.1014 	DATA 	Keypress: space
288.1072 	EXP 	text_13: autoDraw = False
288.1072 	EXP 	image_4: image = 'condition_2/fixation.png'
288.1072 	EXP 	image_4: autoDraw = True
288.5487 	EXP 	image_4: autoDraw = False
288.5487 	EXP 	text: height = 0.2
288.5487 	EXP 	text: height = 0.2
288.5487 	EXP 	text: height = 0.2
288.5487 	EXP 	text: text = 2
289.0317 	EXP 	text: autoDraw = True
289.5779 	EXP 	text: autoDraw = False
289.5779 	EXP 	text: autoDraw = False
289.5779 	EXP 	image_5: image = 'condition_2/leftstar.PNG'
290.6472 	EXP 	image_5: autoDraw = True
291.1197 	EXP 	New trial (rep=0, index=1): {'stimuli': 2, 'star': 'condition_2/blank.PNG', 'CorrectAns': 'space'}
291.1760 	DATA 	Keypress: left
291.1805 	EXP 	image_5: autoDraw = False
291.1805 	EXP 	image_4: image = 'condition_2/fixation.png'
291.1805 	EXP 	image_4: autoDraw = True
291.6485 	EXP 	image_4: autoDraw = False
291.6485 	EXP 	text: height = 0.2
291.6485 	EXP 	text: height = 0.2
291.6485 	EXP 	text: height = 0.2
291.6485 	EXP 	text: text = 2
292.1320 	EXP 	text: autoDraw = True
292.5156 	EXP 	text: autoDraw = False
292.5156 	EXP 	text: autoDraw = False
292.5156 	EXP 	image_5: image = 'condition_2/blank.PNG'
293.7332 	EXP 	image_5: autoDraw = True
294.1519 	EXP 	New trial (rep=0, index=2): {'stimuli': 8, 'star': 'condition_2/rightstar.PNG', 'CorrectAns': 'space'}
294.1974 	DATA 	Keypress: space
294.2017 	EXP 	image_5: autoDraw = False
294.2017 	EXP 	image_4: image = 'condition_2/fixation.png'
294.2017 	EXP 	image_4: autoDraw = True
294.6820 	EXP 	image_4: autoDraw = False
294.6820 	EXP 	text: height = 0.2
294.6820 	EXP 	text: height = 0.2
294.6820 	EXP 	text: height = 0.2
294.6820 	EXP 	text: text = 8
295.1656 	EXP 	text: autoDraw = True
295.6001 	EXP 	text: autoDraw = False
295.6001 	EXP 	text: autoDraw = False
295.6001 	EXP 	image_5: image = 'condition_2/rightstar.PNG'
296.7676 	EXP 	image_5: autoDraw = True
297.0861 	EXP 	New trial (rep=0, index=3): {'stimuli': 8, 'star': 'condition_2/leftstar.PNG', 'CorrectAns': 'space'}
297.1391 	DATA 	Keypress: space
297.1436 	EXP 	image_5: autoDraw = False
297.1436 	EXP 	image_4: image = 'condition_2/fixation.png'
297.1436 	EXP 	image_4: autoDraw = True
297.6154 	EXP 	image_4: autoDraw = False
297.6154 	EXP 	text: height = 0.2
297.6154 	EXP 	text: height = 0.2
297.6154 	EXP 	text: height = 0.2
297.6154 	EXP 	text: text = 8
298.0988 	EXP 	text: autoDraw = True
298.5231 	EXP 	text: autoDraw = False
298.5231 	EXP 	text: autoDraw = False
298.5231 	EXP 	image_5: image = 'condition_2/leftstar.PNG'
299.3181 	DATA 	Keypress: space
299.7007 	EXP 	image_5: autoDraw = True
300.5151 	EXP 	image_5: autoDraw = False
300.5681 	EXP 	New trial (rep=0, index=4): {'stimuli': 1, 'star': 'condition_2/leftstar.PNG', 'CorrectAns': 'left'}
300.6296 	DATA 	Keypress: space
300.6345 	EXP 	image_5: autoDraw = False
300.6345 	EXP 	image_4: image = 'condition_2/fixation.png'
300.6345 	EXP 	image_4: autoDraw = True
301.0986 	EXP 	image_4: autoDraw = False
301.0986 	EXP 	text: height = 0.2
301.0986 	EXP 	text: height = 0.2
301.0986 	EXP 	text: height = 0.2
301.0986 	EXP 	text: text = 1
301.5819 	EXP 	text: autoDraw = True
302.0268 	EXP 	text: autoDraw = False
302.0268 	EXP 	text: autoDraw = False
302.0268 	EXP 	image_5: image = 'condition_2/leftstar.PNG'
303.1838 	EXP 	image_5: autoDraw = True
303.6352 	EXP 	New trial (rep=0, index=5): {'stimuli': 1, 'star': 'condition_2/rightstar.PNG', 'CorrectAns': 'right'}
303.6823 	DATA 	Keypress: left
303.6866 	EXP 	image_5: autoDraw = False
303.6866 	EXP 	image_4: image = 'condition_2/fixation.png'
303.6866 	EXP 	image_4: autoDraw = True
304.1744 	EXP 	image_4: autoDraw = False
304.1744 	EXP 	text: height = 0.2
304.1744 	EXP 	text: height = 0.2
304.1744 	EXP 	text: height = 0.2
304.1744 	EXP 	text: text = 1
304.6486 	EXP 	text: autoDraw = True
305.0510 	EXP 	text: autoDraw = False
305.0510 	EXP 	text: autoDraw = False
305.0510 	EXP 	image_5: image = 'condition_2/rightstar.PNG'
306.2508 	EXP 	image_5: autoDraw = True
306.8348 	EXP 	New trial (rep=0, index=6): {'stimuli': 1, 'star': 'condition_2/rightstar.PNG', 'CorrectAns': 'right'}
306.8830 	DATA 	Keypress: right
306.8871 	EXP 	image_5: autoDraw = False
306.8871 	EXP 	image_4: image = 'condition_2/fixation.png'
306.8871 	EXP 	image_4: autoDraw = True
307.3651 	EXP 	image_4: autoDraw = False
307.3651 	EXP 	text: height = 0.2
307.3651 	EXP 	text: height = 0.2
307.3651 	EXP 	text: height = 0.2
307.3651 	EXP 	text: text = 1
307.8488 	EXP 	text: autoDraw = True
308.2490 	EXP 	text: autoDraw = False
308.2490 	EXP 	text: autoDraw = False
308.2490 	EXP 	image_5: image = 'condition_2/rightstar.PNG'
309.4507 	EXP 	image_5: autoDraw = True
309.8685 	EXP 	New trial (rep=0, index=7): {'stimuli': 1, 'star': 'condition_2/leftstar.PNG', 'CorrectAns': 'left'}
309.9178 	DATA 	Keypress: right
309.9221 	EXP 	image_5: autoDraw = False
309.9221 	EXP 	image_4: image = 'condition_2/fixation.png'
309.9221 	EXP 	image_4: autoDraw = True
310.3984 	EXP 	image_4: autoDraw = False
310.3984 	EXP 	text: height = 0.2
310.3984 	EXP 	text: height = 0.2
310.3984 	EXP 	text: height = 0.2
310.3984 	EXP 	text: text = 1
310.8820 	EXP 	text: autoDraw = True
311.2837 	EXP 	text: autoDraw = False
311.2837 	EXP 	text: autoDraw = False
311.2837 	EXP 	image_5: image = 'condition_2/leftstar.PNG'
312.4839 	EXP 	image_5: autoDraw = True
312.9517 	EXP 	New trial (rep=0, index=8): {'stimuli': 9, 'star': 'condition_2/blank.PNG', 'CorrectAns': 'space'}
313.0061 	DATA 	Keypress: left
313.0106 	EXP 	image_5: autoDraw = False
313.0106 	EXP 	image_4: image = 'condition_2/fixation.png'
313.0106 	EXP 	image_4: autoDraw = True
313.4820 	EXP 	image_4: autoDraw = False
313.4820 	EXP 	text: height = 0.2
313.4820 	EXP 	text: height = 0.2
313.4820 	EXP 	text: height = 0.2
313.4820 	EXP 	text: text = 9
313.9652 	EXP 	text: autoDraw = True
314.3839 	EXP 	text: autoDraw = False
314.3839 	EXP 	text: autoDraw = False
314.3839 	EXP 	image_5: image = 'condition_2/blank.PNG'
315.5665 	EXP 	image_5: autoDraw = True
316.0682 	DATA 	Keypress: space
316.0856 	EXP 	New trial (rep=0, index=9): {'stimuli': 9, 'star': 'condition_2/leftstar.PNG', 'CorrectAns': 'space'}
316.1405 	EXP 	image_5: autoDraw = False
316.1405 	EXP 	image_4: image = 'condition_2/fixation.png'
316.1405 	EXP 	image_4: autoDraw = True
316.6154 	EXP 	image_4: autoDraw = False
316.6154 	EXP 	text: height = 0.2
316.6154 	EXP 	text: height = 0.2
316.6154 	EXP 	text: height = 0.2
316.6154 	EXP 	text: text = 9
317.0986 	EXP 	text: autoDraw = True
317.6612 	EXP 	text: autoDraw = False
317.6612 	EXP 	text: autoDraw = False
317.6612 	EXP 	image_5: image = 'condition_2/leftstar.PNG'
318.7010 	EXP 	image_5: autoDraw = True
319.3193 	EXP 	New trial (rep=0, index=10): {'stimuli': 1, 'star': 'condition_2/blank.PNG', 'CorrectAns': 'space'}
319.3664 	DATA 	Keypress: space
319.3711 	EXP 	image_5: autoDraw = False
319.3711 	EXP 	image_4: image = 'condition_2/fixation.png'
319.3711 	EXP 	image_4: autoDraw = True
319.8488 	EXP 	image_4: autoDraw = False
319.8488 	EXP 	text: height = 0.2
319.8488 	EXP 	text: height = 0.2
319.8488 	EXP 	text: height = 0.2
319.8488 	EXP 	text: text = 1
320.3320 	EXP 	text: autoDraw = True
320.6939 	EXP 	text: autoDraw = False
320.6939 	EXP 	text: autoDraw = False
320.6939 	EXP 	image_5: image = 'condition_2/blank.PNG'
321.9332 	EXP 	image_5: autoDraw = True
322.7318 	EXP 	image_5: autoDraw = False
323.0181 	EXP 	New trial (rep=0, index=11): {'stimuli': 2, 'star': 'condition_2/blank.PNG', 'CorrectAns': 'space'}
323.0676 	DATA 	Keypress: space
323.0723 	EXP 	image_5: autoDraw = False
323.0723 	EXP 	image_4: image = 'condition_2/fixation.png'
323.0723 	EXP 	image_4: autoDraw = True
323.5575 	EXP 	image_4: autoDraw = False
323.5575 	EXP 	text: height = 0.2
323.5575 	EXP 	text: height = 0.2
323.5575 	EXP 	text: height = 0.2
323.5575 	EXP 	text: text = 2
324.0320 	EXP 	text: autoDraw = True
324.3517 	EXP 	text: autoDraw = False
324.3517 	EXP 	text: autoDraw = False
324.3517 	EXP 	image_5: image = 'condition_2/blank.PNG'
325.6330 	EXP 	image_5: autoDraw = True
326.3519 	EXP 	New trial (rep=0, index=12): {'stimuli': 8, 'star': 'condition_2/rightstar.PNG', 'CorrectAns': 'space'}
326.3994 	DATA 	Keypress: space
326.4036 	EXP 	image_5: autoDraw = False
326.4036 	EXP 	image_4: image = 'condition_2/fixation.png'
326.4036 	EXP 	image_4: autoDraw = True
326.8817 	EXP 	image_4: autoDraw = False
326.8817 	EXP 	text: height = 0.2
326.8817 	EXP 	text: height = 0.2
326.8817 	EXP 	text: height = 0.2
326.8817 	EXP 	text: text = 8
327.3651 	EXP 	text: autoDraw = True
327.8710 	EXP 	text: autoDraw = False
327.8710 	EXP 	text: autoDraw = False
327.8710 	EXP 	image_5: image = 'condition_2/rightstar.PNG'
328.9671 	EXP 	image_5: autoDraw = True
329.0360 	EXP 	New trial (rep=0, index=13): {'stimuli': 9, 'star': 'condition_2/leftstar.PNG', 'CorrectAns': 'space'}
329.1121 	DATA 	Keypress: space
329.1162 	EXP 	image_5: autoDraw = False
329.1162 	EXP 	image_4: image = 'condition_2/fixation.png'
329.1162 	EXP 	image_4: autoDraw = True
329.5652 	EXP 	image_4: autoDraw = False
329.5652 	EXP 	text: height = 0.2
329.5652 	EXP 	text: height = 0.2
329.5652 	EXP 	text: height = 0.2
329.5652 	EXP 	text: text = 9
330.0485 	EXP 	text: autoDraw = True
330.4654 	EXP 	text: autoDraw = False
330.4654 	EXP 	text: autoDraw = False
330.4654 	EXP 	image_5: image = 'condition_2/leftstar.PNG'
331.6507 	EXP 	image_5: autoDraw = True
331.9188 	EXP 	New trial (rep=0, index=14): {'stimuli': 8, 'star': 'condition_2/rightstar.PNG', 'CorrectAns': 'space'}
331.9724 	DATA 	Keypress: space
331.9763 	EXP 	image_5: autoDraw = False
331.9763 	EXP 	image_4: image = 'condition_2/fixation.png'
331.9763 	EXP 	image_4: autoDraw = True
332.4485 	EXP 	image_4: autoDraw = False
332.4485 	EXP 	text: height = 0.2
332.4485 	EXP 	text: height = 0.2
332.4485 	EXP 	text: height = 0.2
332.4485 	EXP 	text: text = 8
332.9322 	EXP 	text: autoDraw = True
333.3534 	EXP 	text: autoDraw = False
333.3534 	EXP 	text: autoDraw = False
333.3534 	EXP 	image_5: image = 'condition_2/rightstar.PNG'
334.5341 	EXP 	image_5: autoDraw = True
335.0025 	EXP 	New trial (rep=0, index=15): {'stimuli': 1, 'star': 'condition_2/rightstar.PNG', 'CorrectAns': 'right'}
335.0492 	DATA 	Keypress: space
335.0538 	EXP 	image_5: autoDraw = False
335.0538 	EXP 	image_4: image = 'condition_2/fixation.png'
335.0538 	EXP 	image_4: autoDraw = True
335.5319 	EXP 	image_4: autoDraw = False
335.5319 	EXP 	text: height = 0.2
335.5319 	EXP 	text: height = 0.2
335.5319 	EXP 	text: height = 0.2
335.5319 	EXP 	text: text = 1
336.0151 	EXP 	text: autoDraw = True
336.4280 	EXP 	text: autoDraw = False
336.4280 	EXP 	text: autoDraw = False
336.4280 	EXP 	image_5: image = 'condition_2/rightstar.PNG'
337.6172 	EXP 	image_5: autoDraw = True
338.0023 	DATA 	Keypress: right
338.0184 	EXP 	New trial (rep=0, index=16): {'stimuli': 2, 'star': 'condition_2/leftstar.PNG', 'CorrectAns': 'left'}
338.0694 	EXP 	image_5: autoDraw = False
338.0694 	EXP 	image_4: image = 'condition_2/fixation.png'
338.0694 	EXP 	image_4: autoDraw = True
338.5485 	EXP 	image_4: autoDraw = False
338.5485 	EXP 	text: height = 0.2
338.5485 	EXP 	text: height = 0.2
338.5485 	EXP 	text: height = 0.2
338.5485 	EXP 	text: text = 2
339.0321 	EXP 	text: autoDraw = True
339.4520 	EXP 	text: autoDraw = False
339.4520 	EXP 	text: autoDraw = False
339.4520 	EXP 	image_5: image = 'condition_2/leftstar.PNG'
340.6337 	EXP 	image_5: autoDraw = True
341.1689 	EXP 	New trial (rep=0, index=17): {'stimuli': 2, 'star': 'condition_2/leftstar.PNG', 'CorrectAns': 'left'}
341.2187 	DATA 	Keypress: left
341.2227 	EXP 	image_5: autoDraw = False
341.2227 	EXP 	image_4: image = 'condition_2/fixation.png'
341.2227 	EXP 	image_4: autoDraw = True
341.7093 	EXP 	image_4: autoDraw = False
341.7093 	EXP 	text: height = 0.2
341.7093 	EXP 	text: height = 0.2
341.7093 	EXP 	text: height = 0.2
341.7093 	EXP 	text: text = 2
342.1818 	EXP 	text: autoDraw = True
342.6286 	EXP 	text: autoDraw = False
342.6286 	EXP 	text: autoDraw = False
342.6286 	EXP 	image_5: image = 'condition_2/leftstar.PNG'
343.7840 	EXP 	image_5: autoDraw = True
344.1515 	EXP 	New trial (rep=0, index=18): {'stimuli': 9, 'star': 'condition_2/rightstar.PNG', 'CorrectAns': 'space'}
344.2049 	DATA 	Keypress: left
344.2091 	EXP 	image_5: autoDraw = False
344.2091 	EXP 	image_4: image = 'condition_2/fixation.png'
344.2091 	EXP 	image_4: autoDraw = True
344.6820 	EXP 	image_4: autoDraw = False
344.6820 	EXP 	text: height = 0.2
344.6820 	EXP 	text: height = 0.2
344.6820 	EXP 	text: height = 0.2
344.6820 	EXP 	text: text = 9
345.1652 	EXP 	text: autoDraw = True
345.5727 	EXP 	text: autoDraw = False
345.5727 	EXP 	text: autoDraw = False
345.5727 	EXP 	image_5: image = 'condition_2/rightstar.PNG'
346.7675 	EXP 	image_5: autoDraw = True
347.0857 	EXP 	New trial (rep=0, index=19): {'stimuli': 9, 'star': 'condition_2/leftstar.PNG', 'CorrectAns': 'space'}
347.1307 	DATA 	Keypress: space
347.1358 	EXP 	image_5: autoDraw = False
347.1358 	EXP 	image_4: image = 'condition_2/fixation.png'
347.1358 	EXP 	image_4: autoDraw = True
347.6155 	EXP 	image_4: autoDraw = False
347.6155 	EXP 	text: height = 0.2
347.6155 	EXP 	text: height = 0.2
347.6155 	EXP 	text: height = 0.2
347.6155 	EXP 	text: text = 9
348.0987 	EXP 	text: autoDraw = True
348.4973 	EXP 	text: autoDraw = False
348.4973 	EXP 	text: autoDraw = False
348.4973 	EXP 	image_5: image = 'condition_2/leftstar.PNG'
349.7005 	EXP 	image_5: autoDraw = True
350.2686 	EXP 	New trial (rep=0, index=20): {'stimuli': 8, 'star': 'condition_2/blank.PNG', 'CorrectAns': 'space'}
350.3194 	DATA 	Keypress: space
350.3237 	EXP 	image_5: autoDraw = False
350.3237 	EXP 	image_4: image = 'condition_2/fixation.png'
350.3237 	EXP 	image_4: autoDraw = True
350.7985 	EXP 	image_4: autoDraw = False
350.7985 	EXP 	text: height = 0.2
350.7985 	EXP 	text: height = 0.2
350.7985 	EXP 	text: height = 0.2
350.7985 	EXP 	text: text = 8
351.2819 	EXP 	text: autoDraw = True
351.6953 	EXP 	text: autoDraw = False
351.6953 	EXP 	text: autoDraw = False
351.6953 	EXP 	image_5: image = 'condition_2/blank.PNG'
352.8831 	EXP 	image_5: autoDraw = True
353.6818 	EXP 	image_5: autoDraw = False
353.8676 	EXP 	New trial (rep=0, index=21): {'stimuli': 8, 'star': 'condition_2/leftstar.PNG', 'CorrectAns': 'space'}
353.9130 	DATA 	Keypress: space
353.9173 	EXP 	image_5: autoDraw = False
353.9173 	EXP 	image_4: image = 'condition_2/fixation.png'
353.9173 	EXP 	image_4: autoDraw = True
354.3985 	EXP 	image_4: autoDraw = False
354.3985 	EXP 	text: height = 0.2
354.3985 	EXP 	text: height = 0.2
354.3985 	EXP 	text: height = 0.2
354.3985 	EXP 	text: text = 8
354.8818 	EXP 	text: autoDraw = True
355.3886 	EXP 	text: autoDraw = False
355.3886 	EXP 	text: autoDraw = False
355.3886 	EXP 	image_5: image = 'condition_2/leftstar.PNG'
356.4841 	EXP 	image_5: autoDraw = True
356.9185 	DATA 	Keypress: ralt
357.2985 	EXP 	image_5: autoDraw = False
360.6177 	EXP 	New trial (rep=0, index=22): {'stimuli': 2, 'star': 'condition_2/rightstar.PNG', 'CorrectAns': 'left'}
360.6657 	DATA 	Keypress: space
360.6703 	EXP 	image_5: autoDraw = False
360.6703 	EXP 	image_4: image = 'condition_2/fixation.png'
360.6703 	EXP 	image_4: autoDraw = True
361.1486 	EXP 	image_4: autoDraw = False
361.1486 	EXP 	text: height = 0.2
361.1486 	EXP 	text: height = 0.2
361.1486 	EXP 	text: height = 0.2
361.1486 	EXP 	text: text = 2
361.6320 	EXP 	text: autoDraw = True
362.0527 	EXP 	text: autoDraw = False
362.0527 	EXP 	text: autoDraw = False
362.0527 	EXP 	image_5: image = 'condition_2/rightstar.PNG'
363.2338 	EXP 	image_5: autoDraw = True
363.8019 	EXP 	New trial (rep=0, index=23): {'stimuli': 2, 'star': 'condition_2/rightstar.PNG', 'CorrectAns': 'right'}
363.8820 	DATA 	Keypress: right
363.8859 	EXP 	image_5: autoDraw = False
363.8859 	EXP 	image_4: image = 'condition_2/fixation.png'
363.8859 	EXP 	image_4: autoDraw = True
364.3414 	EXP 	image_4: autoDraw = False
364.3414 	EXP 	text: height = 0.2
364.3414 	EXP 	text: height = 0.2
364.3414 	EXP 	text: height = 0.2
364.3414 	EXP 	text: text = 2
364.8153 	EXP 	text: autoDraw = True
365.2334 	EXP 	text: autoDraw = False
365.2334 	EXP 	text: autoDraw = False
365.2334 	EXP 	image_5: image = 'condition_2/rightstar.PNG'
366.4171 	EXP 	image_5: autoDraw = True
366.8350 	EXP 	New trial (rep=0, index=24): {'stimuli': 9, 'star': 'condition_2/rightstar.PNG', 'CorrectAns': 'space'}
366.8807 	DATA 	Keypress: right
366.8851 	EXP 	image_5: autoDraw = False
366.8851 	EXP 	image_4: image = 'condition_2/fixation.png'
366.8851 	EXP 	image_4: autoDraw = True
367.3651 	EXP 	image_4: autoDraw = False
367.3651 	EXP 	text: height = 0.2
367.3651 	EXP 	text: height = 0.2
367.3651 	EXP 	text: height = 0.2
367.3651 	EXP 	text: text = 9
367.8484 	EXP 	text: autoDraw = True
368.2588 	EXP 	text: autoDraw = False
368.2588 	EXP 	text: autoDraw = False
368.2588 	EXP 	image_5: image = 'condition_2/rightstar.PNG'
369.4509 	EXP 	image_5: autoDraw = True
369.8519 	EXP 	New trial (rep=1, index=0): {'stimuli': 2, 'star': 'condition_2/blank.PNG', 'CorrectAns': 'space'}
369.9094 	DATA 	Keypress: space
369.9137 	EXP 	image_5: autoDraw = False
369.9137 	EXP 	image_4: image = 'condition_2/fixation.png'
369.9137 	EXP 	image_4: autoDraw = True
370.3817 	EXP 	image_4: autoDraw = False
370.3817 	EXP 	text: height = 0.2
370.3817 	EXP 	text: height = 0.2
370.3817 	EXP 	text: height = 0.2
370.3817 	EXP 	text: text = 2
370.8651 	EXP 	text: autoDraw = True
371.2782 	EXP 	text: autoDraw = False
371.2782 	EXP 	text: autoDraw = False
371.2782 	EXP 	image_5: image = 'condition_2/blank.PNG'
372.4664 	EXP 	image_5: autoDraw = True
373.2650 	EXP 	image_5: autoDraw = False
373.8188 	DATA 	Keypress: space
373.8343 	EXP 	New trial (rep=1, index=1): {'stimuli': 9, 'star': 'condition_2/rightstar.PNG', 'CorrectAns': 'space'}
373.8989 	EXP 	image_5: autoDraw = False
373.8989 	EXP 	image_4: image = 'condition_2/fixation.png'
373.8989 	EXP 	image_4: autoDraw = True
374.3651 	EXP 	image_4: autoDraw = False
374.3651 	EXP 	text: height = 0.2
374.3651 	EXP 	text: height = 0.2
374.3651 	EXP 	text: height = 0.2
374.3651 	EXP 	text: text = 9
374.8486 	EXP 	text: autoDraw = True
375.3576 	EXP 	text: autoDraw = False
375.3576 	EXP 	text: autoDraw = False
375.3576 	EXP 	image_5: image = 'condition_2/rightstar.PNG'
376.4509 	EXP 	image_5: autoDraw = True
376.7350 	EXP 	New trial (rep=1, index=2): {'stimuli': 1, 'star': 'condition_2/leftstar.PNG', 'CorrectAns': 'left'}
376.7875 	DATA 	Keypress: space
376.7920 	EXP 	image_5: autoDraw = False
376.7920 	EXP 	image_4: image = 'condition_2/fixation.png'
376.7920 	EXP 	image_4: autoDraw = True
377.2653 	EXP 	image_4: autoDraw = False
377.2653 	EXP 	text: height = 0.2
377.2653 	EXP 	text: height = 0.2
377.2653 	EXP 	text: height = 0.2
377.2653 	EXP 	text: text = 1
377.7487 	EXP 	text: autoDraw = True
378.1705 	EXP 	text: autoDraw = False
378.1705 	EXP 	text: autoDraw = False
378.1705 	EXP 	image_5: image = 'condition_2/leftstar.PNG'
379.3508 	EXP 	image_5: autoDraw = True
379.8694 	EXP 	New trial (rep=1, index=3): {'stimuli': 8, 'star': 'condition_2/leftstar.PNG', 'CorrectAns': 'space'}
379.9134 	DATA 	Keypress: left
379.9177 	EXP 	image_5: autoDraw = False
379.9177 	EXP 	image_4: image = 'condition_2/fixation.png'
379.9177 	EXP 	image_4: autoDraw = True
380.3984 	EXP 	image_4: autoDraw = False
380.3984 	EXP 	text: height = 0.2
380.3984 	EXP 	text: height = 0.2
380.3984 	EXP 	text: height = 0.2
380.3984 	EXP 	text: text = 8
380.8822 	EXP 	text: autoDraw = True
381.3006 	EXP 	text: autoDraw = False
381.3006 	EXP 	text: autoDraw = False
381.3006 	EXP 	image_5: image = 'condition_2/leftstar.PNG'
382.4841 	EXP 	image_5: autoDraw = True
383.0018 	EXP 	New trial (rep=1, index=4): {'stimuli': 1, 'star': 'condition_2/leftstar.PNG', 'CorrectAns': 'left'}
383.0687 	DATA 	Keypress: space
383.0732 	EXP 	image_5: autoDraw = False
383.0732 	EXP 	image_4: image = 'condition_2/fixation.png'
383.0732 	EXP 	image_4: autoDraw = True
383.5398 	EXP 	image_4: autoDraw = False
383.5398 	EXP 	text: height = 0.2
383.5398 	EXP 	text: height = 0.2
383.5398 	EXP 	text: height = 0.2
383.5398 	EXP 	text: text = 1
384.0152 	EXP 	text: autoDraw = True
384.4191 	EXP 	text: autoDraw = False
384.4191 	EXP 	text: autoDraw = False
384.4191 	EXP 	image_5: image = 'condition_2/leftstar.PNG'
385.6172 	EXP 	image_5: autoDraw = True
386.0374 	EXP 	New trial (rep=1, index=5): {'stimuli': 9, 'star': 'condition_2/leftstar.PNG', 'CorrectAns': 'space'}
386.0876 	DATA 	Keypress: left
386.0922 	EXP 	image_5: autoDraw = False
386.0922 	EXP 	image_4: image = 'condition_2/fixation.png'
386.0922 	EXP 	image_4: autoDraw = True
386.5652 	EXP 	image_4: autoDraw = False
386.5652 	EXP 	text: height = 0.2
386.5652 	EXP 	text: height = 0.2
386.5652 	EXP 	text: height = 0.2
386.5652 	EXP 	text: text = 9
387.0486 	EXP 	text: autoDraw = True
387.4683 	EXP 	text: autoDraw = False
387.4683 	EXP 	text: autoDraw = False
387.4683 	EXP 	image_5: image = 'condition_2/leftstar.PNG'
388.6505 	EXP 	image_5: autoDraw = True
389.2517 	EXP 	New trial (rep=1, index=6): {'stimuli': 2, 'star': 'condition_2/rightstar.PNG', 'CorrectAns': 'right'}
389.2949 	DATA 	Keypress: space
389.2998 	EXP 	image_5: autoDraw = False
389.2998 	EXP 	image_4: image = 'condition_2/fixation.png'
389.2998 	EXP 	image_4: autoDraw = True
389.7819 	EXP 	image_4: autoDraw = False
389.7819 	EXP 	text: height = 0.2
389.7819 	EXP 	text: height = 0.2
389.7819 	EXP 	text: height = 0.2
389.7819 	EXP 	text: text = 2
390.2652 	EXP 	text: autoDraw = True
390.6636 	EXP 	text: autoDraw = False
390.6636 	EXP 	text: autoDraw = False
390.6636 	EXP 	image_5: image = 'condition_2/rightstar.PNG'
391.8672 	EXP 	image_5: autoDraw = True
392.3356 	EXP 	New trial (rep=1, index=7): {'stimuli': 8, 'star': 'condition_2/rightstar.PNG', 'CorrectAns': 'space'}
392.3873 	DATA 	Keypress: right
392.3918 	EXP 	image_5: autoDraw = False
392.3918 	EXP 	image_4: image = 'condition_2/fixation.png'
392.3918 	EXP 	image_4: autoDraw = True
392.8652 	EXP 	image_4: autoDraw = False
392.8652 	EXP 	text: height = 0.2
392.8652 	EXP 	text: height = 0.2
392.8652 	EXP 	text: height = 0.2
392.8652 	EXP 	text: text = 8
393.3485 	EXP 	text: autoDraw = True
393.7468 	EXP 	text: autoDraw = False
393.7468 	EXP 	text: autoDraw = False
393.7468 	EXP 	image_5: image = 'condition_2/rightstar.PNG'
394.9506 	EXP 	image_5: autoDraw = True
395.2176 	DATA 	Keypress: space
395.2343 	EXP 	New trial (rep=1, index=8): {'stimuli': 2, 'star': 'condition_2/rightstar.PNG', 'CorrectAns': 'left'}
395.2820 	EXP 	image_5: autoDraw = False
395.2820 	EXP 	image_4: image = 'condition_2/fixation.png'
395.2820 	EXP 	image_4: autoDraw = True
395.7651 	EXP 	image_4: autoDraw = False
395.7651 	EXP 	text: height = 0.2
395.7651 	EXP 	text: height = 0.2
395.7651 	EXP 	text: height = 0.2
395.7651 	EXP 	text: text = 2
396.2484 	EXP 	text: autoDraw = True
396.6540 	EXP 	text: autoDraw = False
396.6540 	EXP 	text: autoDraw = False
396.6540 	EXP 	image_5: image = 'condition_2/rightstar.PNG'
397.8507 	EXP 	image_5: autoDraw = True
398.2845 	EXP 	New trial (rep=1, index=9): {'stimuli': 2, 'star': 'condition_2/blank.PNG', 'CorrectAns': 'space'}
398.3275 	DATA 	Keypress: right
398.3319 	EXP 	image_5: autoDraw = False
398.3319 	EXP 	image_4: image = 'condition_2/fixation.png'
398.3319 	EXP 	image_4: autoDraw = True
398.8152 	EXP 	image_4: autoDraw = False
398.8152 	EXP 	text: height = 0.2
398.8152 	EXP 	text: height = 0.2
398.8152 	EXP 	text: height = 0.2
398.8152 	EXP 	text: text = 2
399.2985 	EXP 	text: autoDraw = True
399.7185 	EXP 	text: autoDraw = False
399.7185 	EXP 	text: autoDraw = False
399.7185 	EXP 	image_5: image = 'condition_2/blank.PNG'
400.9002 	EXP 	image_5: autoDraw = True
401.6842 	EXP 	New trial (rep=1, index=10): {'stimuli': 1, 'star': 'condition_2/rightstar.PNG', 'CorrectAns': 'right'}
401.7246 	DATA 	Keypress: space
401.7294 	EXP 	image_5: autoDraw = False
401.7294 	EXP 	image_4: image = 'condition_2/fixation.png'
401.7294 	EXP 	image_4: autoDraw = True
402.2206 	EXP 	image_4: autoDraw = False
402.2206 	EXP 	text: height = 0.2
402.2206 	EXP 	text: height = 0.2
402.2206 	EXP 	text: height = 0.2
402.2206 	EXP 	text: text = 1
402.6986 	EXP 	text: autoDraw = True
403.2079 	EXP 	text: autoDraw = False
403.2079 	EXP 	text: autoDraw = False
403.2079 	EXP 	image_5: image = 'condition_2/rightstar.PNG'
404.3006 	EXP 	image_5: autoDraw = True
404.8363 	EXP 	New trial (rep=1, index=11): {'stimuli': 9, 'star': 'condition_2/leftstar.PNG', 'CorrectAns': 'space'}
404.8801 	DATA 	Keypress: right
404.8847 	EXP 	image_5: autoDraw = False
404.8847 	EXP 	image_4: image = 'condition_2/fixation.png'
404.8847 	EXP 	image_4: autoDraw = True
405.3653 	EXP 	image_4: autoDraw = False
405.3653 	EXP 	text: height = 0.2
405.3653 	EXP 	text: height = 0.2
405.3653 	EXP 	text: height = 0.2
405.3653 	EXP 	text: text = 9
405.8485 	EXP 	text: autoDraw = True
406.2467 	EXP 	text: autoDraw = False
406.2467 	EXP 	text: autoDraw = False
406.2467 	EXP 	image_5: image = 'condition_2/leftstar.PNG'
407.4507 	EXP 	image_5: autoDraw = True
408.0184 	EXP 	New trial (rep=1, index=12): {'stimuli': 2, 'star': 'condition_2/leftstar.PNG', 'CorrectAns': 'left'}
408.0742 	DATA 	Keypress: space
408.0787 	EXP 	image_5: autoDraw = False
408.0787 	EXP 	image_4: image = 'condition_2/fixation.png'
408.0787 	EXP 	image_4: autoDraw = True
408.5485 	EXP 	image_4: autoDraw = False
408.5485 	EXP 	text: height = 0.2
408.5485 	EXP 	text: height = 0.2
408.5485 	EXP 	text: height = 0.2
408.5485 	EXP 	text: text = 2
409.0320 	EXP 	text: autoDraw = True
409.4366 	EXP 	text: autoDraw = False
409.4366 	EXP 	text: autoDraw = False
409.4366 	EXP 	image_5: image = 'condition_2/leftstar.PNG'
410.6340 	EXP 	image_5: autoDraw = True
411.0352 	EXP 	New trial (rep=1, index=13): {'stimuli': 8, 'star': 'condition_2/leftstar.PNG', 'CorrectAns': 'space'}
411.0953 	DATA 	Keypress: left
411.0998 	EXP 	image_5: autoDraw = False
411.0998 	EXP 	image_4: image = 'condition_2/fixation.png'
411.0998 	EXP 	image_4: autoDraw = True
411.5653 	EXP 	image_4: autoDraw = False
411.5653 	EXP 	text: height = 0.2
411.5653 	EXP 	text: height = 0.2
411.5653 	EXP 	text: height = 0.2
411.5653 	EXP 	text: text = 8
412.0488 	EXP 	text: autoDraw = True
412.4863 	EXP 	text: autoDraw = False
412.4863 	EXP 	text: autoDraw = False
412.4863 	EXP 	image_5: image = 'condition_2/leftstar.PNG'
413.6509 	EXP 	image_5: autoDraw = True
413.9356 	EXP 	New trial (rep=1, index=14): {'stimuli': 8, 'star': 'condition_2/rightstar.PNG', 'CorrectAns': 'space'}
413.9931 	DATA 	Keypress: space
413.9975 	EXP 	image_5: autoDraw = False
413.9975 	EXP 	image_4: image = 'condition_2/fixation.png'
413.9975 	EXP 	image_4: autoDraw = True
414.4653 	EXP 	image_4: autoDraw = False
414.4653 	EXP 	text: height = 0.2
414.4653 	EXP 	text: height = 0.2
414.4653 	EXP 	text: height = 0.2
414.4653 	EXP 	text: text = 8
414.9488 	EXP 	text: autoDraw = True
415.3878 	EXP 	text: autoDraw = False
415.3878 	EXP 	text: autoDraw = False
415.3878 	EXP 	image_5: image = 'condition_2/rightstar.PNG'
416.5507 	EXP 	image_5: autoDraw = True
416.8856 	EXP 	New trial (rep=1, index=15): {'stimuli': 2, 'star': 'condition_2/leftstar.PNG', 'CorrectAns': 'left'}
416.9349 	DATA 	Keypress: space
416.9396 	EXP 	image_5: autoDraw = False
416.9396 	EXP 	image_4: image = 'condition_2/fixation.png'
416.9396 	EXP 	image_4: autoDraw = True
417.4151 	EXP 	image_4: autoDraw = False
417.4151 	EXP 	text: height = 0.2
417.4151 	EXP 	text: height = 0.2
417.4151 	EXP 	text: height = 0.2
417.4151 	EXP 	text: text = 2
417.8986 	EXP 	text: autoDraw = True
418.3113 	EXP 	text: autoDraw = False
418.3113 	EXP 	text: autoDraw = False
418.3113 	EXP 	image_5: image = 'condition_2/leftstar.PNG'
419.5005 	EXP 	image_5: autoDraw = True
419.9672 	EXP 	New trial (rep=1, index=16): {'stimuli': 1, 'star': 'condition_2/rightstar.PNG', 'CorrectAns': 'right'}
420.0071 	DATA 	Keypress: left
420.0120 	EXP 	image_5: autoDraw = False
420.0120 	EXP 	image_4: image = 'condition_2/fixation.png'
420.0120 	EXP 	image_4: autoDraw = True
420.5087 	EXP 	image_4: autoDraw = False
420.5087 	EXP 	text: height = 0.2
420.5087 	EXP 	text: height = 0.2
420.5087 	EXP 	text: height = 0.2
420.5087 	EXP 	text: text = 1
420.9818 	EXP 	text: autoDraw = True
421.3791 	EXP 	text: autoDraw = False
421.3791 	EXP 	text: autoDraw = False
421.3791 	EXP 	image_5: image = 'condition_2/rightstar.PNG'
422.5841 	EXP 	image_5: autoDraw = True
422.9193 	EXP 	New trial (rep=1, index=17): {'stimuli': 1, 'star': 'condition_2/rightstar.PNG', 'CorrectAns': 'right'}
422.9672 	DATA 	Keypress: right
422.9715 	EXP 	image_5: autoDraw = False
422.9715 	EXP 	image_4: image = 'condition_2/fixation.png'
422.9715 	EXP 	image_4: autoDraw = True
423.4483 	EXP 	image_4: autoDraw = False
423.4483 	EXP 	text: height = 0.2
423.4483 	EXP 	text: height = 0.2
423.4483 	EXP 	text: height = 0.2
423.4483 	EXP 	text: text = 1
423.9317 	EXP 	text: autoDraw = True
424.3249 	EXP 	text: autoDraw = False
424.3249 	EXP 	text: autoDraw = False
424.3249 	EXP 	image_5: image = 'condition_2/rightstar.PNG'
425.5339 	EXP 	image_5: autoDraw = True
425.9024 	DATA 	Keypress: right
425.9181 	EXP 	New trial (rep=1, index=18): {'stimuli': 1, 'star': 'condition_2/blank.PNG', 'CorrectAns': 'space'}
425.9808 	EXP 	image_5: autoDraw = False
425.9808 	EXP 	image_4: image = 'condition_2/fixation.png'
425.9808 	EXP 	image_4: autoDraw = True
426.4485 	EXP 	image_4: autoDraw = False
426.4485 	EXP 	text: height = 0.2
426.4485 	EXP 	text: height = 0.2
426.4485 	EXP 	text: height = 0.2
426.4485 	EXP 	text: text = 1
426.9320 	EXP 	text: autoDraw = True
427.3432 	EXP 	text: autoDraw = False
427.3432 	EXP 	text: autoDraw = False
427.3432 	EXP 	image_5: image = 'condition_2/blank.PNG'
428.5330 	EXP 	image_5: autoDraw = True
429.3317 	EXP 	image_5: autoDraw = False
429.5173 	EXP 	New trial (rep=1, index=19): {'stimuli': 9, 'star': 'condition_2/blank.PNG', 'CorrectAns': 'space'}
429.5642 	DATA 	Keypress: space
429.5691 	EXP 	image_5: autoDraw = False
429.5691 	EXP 	image_4: image = 'condition_2/fixation.png'
429.5691 	EXP 	image_4: autoDraw = True
430.0483 	EXP 	image_4: autoDraw = False
430.0483 	EXP 	text: height = 0.2
430.0483 	EXP 	text: height = 0.2
430.0483 	EXP 	text: height = 0.2
430.0483 	EXP 	text: text = 9
430.5317 	EXP 	text: autoDraw = True
430.8528 	EXP 	text: autoDraw = False
430.8528 	EXP 	text: autoDraw = False
430.8528 	EXP 	image_5: image = 'condition_2/blank.PNG'
432.1329 	EXP 	image_5: autoDraw = True
432.7350 	EXP 	New trial (rep=1, index=20): {'stimuli': 8, 'star': 'condition_2/blank.PNG', 'CorrectAns': 'space'}
432.7816 	DATA 	Keypress: space
432.7859 	EXP 	image_5: autoDraw = False
432.7859 	EXP 	image_4: image = 'condition_2/fixation.png'
432.7859 	EXP 	image_4: autoDraw = True
433.2652 	EXP 	image_4: autoDraw = False
433.2652 	EXP 	text: height = 0.2
433.2652 	EXP 	text: height = 0.2
433.2652 	EXP 	text: height = 0.2
433.2652 	EXP 	text: text = 8
433.7485 	EXP 	text: autoDraw = True
434.0715 	EXP 	text: autoDraw = False
434.0715 	EXP 	text: autoDraw = False
434.0715 	EXP 	image_5: image = 'condition_2/blank.PNG'
435.3500 	EXP 	image_5: autoDraw = True
436.1009 	EXP 	New trial (rep=1, index=21): {'stimuli': 2, 'star': 'condition_2/leftstar.PNG', 'CorrectAns': 'left'}
436.1535 	DATA 	Keypress: space
436.1587 	EXP 	image_5: autoDraw = False
436.1587 	EXP 	image_4: image = 'condition_2/fixation.png'
436.1587 	EXP 	image_4: autoDraw = True
436.6316 	EXP 	image_4: autoDraw = False
436.6316 	EXP 	text: height = 0.2
436.6316 	EXP 	text: height = 0.2
436.6316 	EXP 	text: height = 0.2
436.6316 	EXP 	text: text = 2
437.1150 	EXP 	text: autoDraw = True
437.7119 	EXP 	text: autoDraw = False
437.7119 	EXP 	text: autoDraw = False
437.7119 	EXP 	image_5: image = 'condition_2/leftstar.PNG'
438.7172 	EXP 	image_5: autoDraw = True
439.0837 	EXP 	New trial (rep=1, index=22): {'stimuli': 8, 'star': 'condition_2/rightstar.PNG', 'CorrectAns': 'space'}
439.1302 	DATA 	Keypress: left
439.1349 	EXP 	image_5: autoDraw = False
439.1349 	EXP 	image_4: image = 'condition_2/fixation.png'
439.1349 	EXP 	image_4: autoDraw = True
439.6226 	EXP 	image_4: autoDraw = False
439.6226 	EXP 	text: height = 0.2
439.6226 	EXP 	text: height = 0.2
439.6226 	EXP 	text: height = 0.2
439.6226 	EXP 	text: text = 8
440.0983 	EXP 	text: autoDraw = True
440.5085 	EXP 	text: autoDraw = False
440.5085 	EXP 	text: autoDraw = False
440.5085 	EXP 	image_5: image = 'condition_2/rightstar.PNG'
441.7005 	EXP 	image_5: autoDraw = True
441.9519 	EXP 	New trial (rep=1, index=23): {'stimuli': 9, 'star': 'condition_2/leftstar.PNG', 'CorrectAns': 'space'}
441.9995 	DATA 	Keypress: space
442.0038 	EXP 	image_5: autoDraw = False
442.0038 	EXP 	image_4: image = 'condition_2/fixation.png'
442.0038 	EXP 	image_4: autoDraw = True
442.4817 	EXP 	image_4: autoDraw = False
442.4817 	EXP 	text: height = 0.2
442.4817 	EXP 	text: height = 0.2
442.4817 	EXP 	text: height = 0.2
442.4817 	EXP 	text: text = 9
442.9655 	EXP 	text: autoDraw = True
443.3631 	EXP 	text: autoDraw = False
443.3631 	EXP 	text: autoDraw = False
443.3631 	EXP 	image_5: image = 'condition_2/leftstar.PNG'
444.5674 	EXP 	image_5: autoDraw = True
445.1687 	EXP 	New trial (rep=1, index=24): {'stimuli': 9, 'star': 'condition_2/rightstar.PNG', 'CorrectAns': 'space'}
445.2152 	DATA 	Keypress: space
445.2197 	EXP 	image_5: autoDraw = False
445.2197 	EXP 	image_4: image = 'condition_2/fixation.png'
445.2197 	EXP 	image_4: autoDraw = True
445.6988 	EXP 	image_4: autoDraw = False
445.6988 	EXP 	text: height = 0.2
445.6988 	EXP 	text: height = 0.2
445.6988 	EXP 	text: height = 0.2
445.6988 	EXP 	text: text = 9
446.1820 	EXP 	text: autoDraw = True
446.5841 	EXP 	text: autoDraw = False
446.5841 	EXP 	text: autoDraw = False
446.5841 	EXP 	image_5: image = 'condition_2/rightstar.PNG'
447.7838 	EXP 	image_5: autoDraw = True
448.0526 	DATA 	Keypress: space
448.0652 	EXP 	image_5: autoDraw = False
448.0653 	EXP 	untitled: status = STOPPED
448.3222 	EXP 	window1: mouseVisible = True
