10.2831 	WARNING 	User requested fullscreen with size [1024  768], but screen is actually [1920, 1080]. Using actual size
11.7893 	EXP 	Created window1 = Window(allowGUI=True, allowStencil=False, autoLog=True, backendConf=UNKNOWN, backgroundFit=<method-wrapper '__getattribute__' of attributeSetter object at 0x0000020EBB693D00>, backgroundImage=<method-wrapper '__getattribute__' of attributeSetter object at 0x0000020EBB693CA0>, bitsMode=UNKNOWN, blendMode='avg', bpc=(8, 8, 8), color=array([0, 0, 0]), colorSpace='rgb', depthBits=8, fullscr=<method-wrapper '__getattribute__' of attributeSetter object at 0x0000020EBB693AC0>, gamma=None, gammaErrorPolicy='raise', lms=UNKNOWN, monitor=<psychopy.monitors.calibTools.Monitor object at 0x0000020EBB866910>, multiSample=False, name='window1', numSamples=2, pos=(0, 0), screen=0, size=array([1920, 1080]), stencilBits=0, stereo=False, title='PsychoPy', units='height', useFBO=True, useRetina=False, viewOri=0.0, viewPos=None, viewScale=None, waitBlanking=True, winType='pyglet')
11.7895 	EXP 	window1: mouseVisible = True
11.7895 	EXP 	window1: backgroundImage = ''
11.7895 	EXP 	window1: backgroundFit = 'none'
11.7934 	EXP 	window1: Attempting to measure frame rate of screen (0) ...
11.7935 	EXP 	window1: recordFrameIntervals = False
11.9548 	EXP 	window1: recordFrameIntervals = True
12.1384 	EXP 	Screen (0) actual frame rate measured at 60.15Hz
12.1385 	EXP 	window1: recordFrameIntervals = False
12.1387 	EXP 	window1: mouseVisible = False
13.5359 	EXP 	untitled: status = STARTED
13.5369 	EXP 	window1: mouseVisible = True
13.6392 	EXP 	Created text_9 = TextStim(__class__=<class 'psychopy.visual.text.TextStim'>, alignHoriz=method-wrapper(...), alignText='center', alignVert=method-wrapper(...), anchorHoriz='center', anchorVert='center', antialias=True, autoDraw=False, autoLog=True, bold=False, color=array([1., 1., 1.]), colorSpace='rgb', contrast=1.0, depth=0.0, draggable=False, flipHoriz=False, flipVert=False, font='Open Sans', fontFiles=[], height=0.05, italic=False, languageStyle='LTR', name='text_9', opacity=1.0, ori=0.0, pos=array([0., 0.]), rgb=UNKNOWN, text=str(...), units='height', win=Window(...), wrapWidth=1)
13.6394 	EXP 	window1: mouseVisible = True
13.6739 	EXP 	Created text_6 = TextStim(__class__=<class 'psychopy.visual.text.TextStim'>, alignHoriz=method-wrapper(...), alignText='center', alignVert=method-wrapper(...), anchorHoriz='center', anchorVert='center', antialias=True, autoDraw=False, autoLog=True, bold=False, color=array([1., 1., 1.]), colorSpace='rgb', contrast=1.0, depth=0.0, draggable=False, flipHoriz=False, flipVert=False, font='Open Sans', fontFiles=[], height=0.05, italic=False, languageStyle='LTR', name='text_6', opacity=1.0, ori=0.0, pos=array([0., 0.]), rgb=UNKNOWN, text=str(...), units='height', win=Window(...), wrapWidth=1)
13.6741 	EXP 	window1: mouseVisible = True
13.6936 	EXP 	Created image_6 = ImageStim(__class__=<class 'psychopy.visual.image.ImageStim'>, anchor=('center', 'center'), autoLog=True, color=array([1., 1., 1.]), colorSpace='rgb', contrast=1.0, depth=0.0, draggable=False, flipHoriz=False, flipVert=False, image='default.png', interpolate=True, mask=None, maskParams=None, name='image_6', opacity=1.0, ori=0.0, pos=array([0., 0.]), size=array([2.5, 1.5]), texRes=128.0, units='height', win=Window(...))
13.6937 	EXP 	window1: mouseVisible = True
13.6969 	EXP 	Created text_4 = TextStim(__class__=<class 'psychopy.visual.text.TextStim'>, alignHoriz=method-wrapper(...), alignText='center', alignVert=method-wrapper(...), anchorHoriz='center', anchorVert='center', antialias=True, autoDraw=False, autoLog=True, bold=False, color=array([1., 1., 1.]), colorSpace='rgb', contrast=1.0, depth=0.0, draggable=False, flipHoriz=False, flipVert=False, font='Open Sans', fontFiles=[], height=0.2, italic=False, languageStyle='LTR', name='text_4', opacity=1.0, ori=0.0, pos=array([0., 0.]), rgb=UNKNOWN, text='', units='height', win=Window(...), wrapWidth=1)
13.6970 	EXP 	window1: mouseVisible = True
13.7101 	EXP 	Created image_7 = ImageStim(__class__=<class 'psychopy.visual.image.ImageStim'>, anchor=('center', 'center'), autoLog=True, color=array([1., 1., 1.]), colorSpace='rgb', contrast=1.0, depth=0.0, draggable=False, flipHoriz=False, flipVert=False, image='default.png', interpolate=True, mask=None, maskParams=None, name='image_7', opacity=1.0, ori=0.0, pos=array([0., 0.]), size=array([2.5, 1.5]), texRes=128.0, units='height', win=Window(...))
13.7103 	EXP 	window1: mouseVisible = True
13.7277 	EXP 	Created text_8 = TextStim(__class__=<class 'psychopy.visual.text.TextStim'>, alignHoriz=method-wrapper(...), alignText='center', alignVert=method-wrapper(...), anchorHoriz='center', anchorVert='center', antialias=True, autoDraw=False, autoLog=True, bold=False, color=array([1., 1., 1.]), colorSpace='rgb', contrast=1.0, depth=0.0, draggable=False, flipHoriz=False, flipVert=False, font='Open Sans', fontFiles=[], height=0.05, italic=False, languageStyle='LTR', name='text_8', opacity=1.0, ori=0.0, pos=array([0., 0.]), rgb=UNKNOWN, text='休息一下，下面进入正式测试啦！\n\n准备好可以按 空格 继续', units='height', win=Window(...), wrapWidth=1)
13.7281 	EXP 	window1: mouseVisible = True
13.7409 	EXP 	Created text_5 = TextStim(__class__=<class 'psychopy.visual.text.TextStim'>, alignHoriz=method-wrapper(...), alignText='center', alignVert=method-wrapper(...), anchorHoriz='center', anchorVert='center', antialias=True, autoDraw=False, autoLog=True, bold=False, color=array([1., 1., 1.]), colorSpace='rgb', contrast=1.0, depth=0.0, draggable=False, flipHoriz=False, flipVert=False, font='Open Sans', fontFiles=[], height=0.05, italic=False, languageStyle='LTR', name='text_5', opacity=1.0, ori=0.0, pos=array([0., 0.]), rgb=UNKNOWN, text=str(...), units='height', win=Window(...), wrapWidth=1)
13.7410 	EXP 	window1: mouseVisible = True
13.7507 	EXP 	Created image_3 = ImageStim(__class__=<class 'psychopy.visual.image.ImageStim'>, anchor=('center', 'center'), autoLog=True, color=array([1., 1., 1.]), colorSpace='rgb', contrast=1.0, depth=0.0, draggable=False, flipHoriz=False, flipVert=False, image='default.png', interpolate=True, mask=None, maskParams=None, name='image_3', opacity=1.0, ori=0.0, pos=array([0., 0.]), size=array([2.5, 1.5]), texRes=128.0, units='height', win=Window(...))
13.7508 	EXP 	window1: mouseVisible = True
13.7518 	EXP 	Created text_3 = TextStim(__class__=<class 'psychopy.visual.text.TextStim'>, alignHoriz=method-wrapper(...), alignText='center', alignVert=method-wrapper(...), anchorHoriz='center', anchorVert='center', antialias=True, autoDraw=False, autoLog=True, bold=False, color=array([1., 1., 1.]), colorSpace='rgb', contrast=1.0, depth=0.0, draggable=False, flipHoriz=False, flipVert=False, font='Open Sans', fontFiles=[], height=0.2, italic=False, languageStyle='LTR', name='text_3', opacity=1.0, ori=0.0, pos=array([0., 0.]), rgb=UNKNOWN, text='', units='height', win=Window(...), wrapWidth=1)
13.7518 	EXP 	window1: mouseVisible = True
13.7631 	EXP 	Created image_2 = ImageStim(__class__=<class 'psychopy.visual.image.ImageStim'>, anchor=('center', 'center'), autoLog=True, color=array([1., 1., 1.]), colorSpace='rgb', contrast=1.0, depth=0.0, draggable=False, flipHoriz=False, flipVert=False, image='default.png', interpolate=True, mask=None, maskParams=None, name='image_2', opacity=1.0, ori=0.0, pos=array([0., 0.]), size=array([2.5, 1.5]), texRes=128.0, units='height', win=Window(...))
13.7632 	EXP 	window1: mouseVisible = True
13.7834 	EXP 	Created text_10 = TextStim(__class__=<class 'psychopy.visual.text.TextStim'>, alignHoriz=method-wrapper(...), alignText='center', alignVert=method-wrapper(...), anchorHoriz='center', anchorVert='center', antialias=True, autoDraw=False, autoLog=True, bold=False, color=array([1., 1., 1.]), colorSpace='rgb', contrast=1.0, depth=0.0, draggable=False, flipHoriz=False, flipVert=False, font='Open Sans', fontFiles=[], height=0.05, italic=False, languageStyle='LTR', name='text_10', opacity=1.0, ori=0.0, pos=array([0., 0.]), rgb=UNKNOWN, text=str(...), units='height', win=Window(...), wrapWidth=1)
13.7836 	EXP 	window1: mouseVisible = True
13.7962 	EXP 	Created text_7 = TextStim(__class__=<class 'psychopy.visual.text.TextStim'>, alignHoriz=method-wrapper(...), alignText='center', alignVert=method-wrapper(...), anchorHoriz='center', anchorVert='center', antialias=True, autoDraw=False, autoLog=True, bold=False, color=array([1., 1., 1.]), colorSpace='rgb', contrast=1.0, depth=0.0, draggable=False, flipHoriz=False, flipVert=False, font='Open Sans', fontFiles=[], height=0.05, italic=False, languageStyle='LTR', name='text_7', opacity=1.0, ori=0.0, pos=array([0., 0.]), rgb=UNKNOWN, text=str(...), units='height', win=Window(...), wrapWidth=1)
13.7963 	EXP 	window1: mouseVisible = True
13.8044 	EXP 	Created image_8 = ImageStim(__class__=<class 'psychopy.visual.image.ImageStim'>, anchor=('center', 'center'), autoLog=True, color=array([1., 1., 1.]), colorSpace='rgb', contrast=1.0, depth=0.0, draggable=False, flipHoriz=False, flipVert=False, image='default.png', interpolate=True, mask=None, maskParams=None, name='image_8', opacity=1.0, ori=0.0, pos=array([0., 0.]), size=array([0.5, 0.5]), texRes=128.0, units='height', win=Window(...))
13.8045 	EXP 	window1: mouseVisible = True
13.8063 	EXP 	Created text_11 = TextStim(__class__=<class 'psychopy.visual.text.TextStim'>, alignHoriz=method-wrapper(...), alignText='center', alignVert=method-wrapper(...), anchorHoriz='center', anchorVert='center', antialias=True, autoDraw=False, autoLog=True, bold=False, color=array([1., 1., 1.]), colorSpace='rgb', contrast=1.0, depth=0.0, draggable=False, flipHoriz=False, flipVert=False, font='Open Sans', fontFiles=[], height=0.05, italic=False, languageStyle='LTR', name='text_11', opacity=1.0, ori=0.0, pos=array([0., 0.]), rgb=UNKNOWN, text='', units='height', win=Window(...), wrapWidth=1)
13.8064 	EXP 	window1: mouseVisible = True
13.8153 	EXP 	Created image_9 = ImageStim(__class__=<class 'psychopy.visual.image.ImageStim'>, anchor=('center', 'center'), autoLog=True, color=array([1., 1., 1.]), colorSpace='rgb', contrast=1.0, depth=0.0, draggable=False, flipHoriz=False, flipVert=False, image='default.png', interpolate=True, mask=None, maskParams=None, name='image_9', opacity=1.0, ori=0.0, pos=array([0., 0.]), size=array([2.5, 1.5]), texRes=128.0, units='height', win=Window(...))
13.8154 	EXP 	window1: mouseVisible = True
13.8216 	EXP 	Created text_12 = TextStim(__class__=<class 'psychopy.visual.text.TextStim'>, alignHoriz=method-wrapper(...), alignText='center', alignVert=method-wrapper(...), anchorHoriz='center', anchorVert='center', antialias=True, autoDraw=False, autoLog=True, bold=False, color=array([1., 1., 1.]), colorSpace='rgb', contrast=1.0, depth=0.0, draggable=False, flipHoriz=False, flipVert=False, font='Open Sans', fontFiles=[], height=0.05, italic=False, languageStyle='LTR', name='text_12', opacity=1.0, ori=0.0, pos=array([0., 0.]), rgb=UNKNOWN, text='休息一下，下面进入正式测试啦！\n\n准备好可以按 空格 继续', units='height', win=Window(...), wrapWidth=1)
13.8217 	EXP 	window1: mouseVisible = True
13.8326 	EXP 	Created text_13 = TextStim(__class__=<class 'psychopy.visual.text.TextStim'>, alignHoriz=method-wrapper(...), alignText='center', alignVert=method-wrapper(...), anchorHoriz='center', anchorVert='center', antialias=True, autoDraw=False, autoLog=True, bold=False, color=array([1., 1., 1.]), colorSpace='rgb', contrast=1.0, depth=0.0, draggable=False, flipHoriz=False, flipVert=False, font='Open Sans', fontFiles=[], height=0.05, italic=False, languageStyle='LTR', name='text_13', opacity=1.0, ori=0.0, pos=array([0., 0.]), rgb=UNKNOWN, text=str(...), units='height', win=Window(...), wrapWidth=1)
13.8327 	EXP 	window1: mouseVisible = True
13.8469 	EXP 	Created image_4 = ImageStim(__class__=<class 'psychopy.visual.image.ImageStim'>, anchor=('center', 'center'), autoLog=True, color=array([1., 1., 1.]), colorSpace='rgb', contrast=1.0, depth=0.0, draggable=False, flipHoriz=False, flipVert=False, image='default.png', interpolate=True, mask=None, maskParams=None, name='image_4', opacity=1.0, ori=0.0, pos=array([0., 0.]), size=array([2.5, 1.5]), texRes=128.0, units='height', win=Window(...))
13.8470 	EXP 	window1: mouseVisible = True
13.8480 	EXP 	Created text = TextStim(__class__=<class 'psychopy.visual.text.TextStim'>, alignHoriz=method-wrapper(...), alignText='center', alignVert=method-wrapper(...), anchorHoriz='center', anchorVert='center', antialias=True, autoDraw=False, autoLog=True, bold=False, color=array([1., 1., 1.]), colorSpace='rgb', contrast=1.0, depth=0.0, draggable=False, flipHoriz=False, flipVert=False, font='Open Sans', fontFiles=[], height=0.2, italic=False, languageStyle='LTR', name='text', opacity=1.0, ori=0.0, pos=array([0., 0.]), rgb=UNKNOWN, text='', units='height', win=Window(...), wrapWidth=1)
13.8480 	EXP 	window1: mouseVisible = True
13.8600 	EXP 	Created image_5 = ImageStim(__class__=<class 'psychopy.visual.image.ImageStim'>, anchor=('center', 'center'), autoLog=True, color=array([1., 1., 1.]), colorSpace='rgb', contrast=1.0, depth=0.0, draggable=False, flipHoriz=False, flipVert=False, image='default.png', interpolate=True, mask=None, maskParams=None, name='image_5', opacity=1.0, ori=0.0, pos=array([0., 0.]), size=array([2.5, 1.5]), texRes=128.0, units='height', win=Window(...))
0.0071 	EXP 	text_9: autoDraw = True
0.9159 	DATA 	Keypress: space
0.9446 	EXP 	text_9: autoDraw = False
0.9446 	EXP 	text_6: autoDraw = True
23.7395 	EXP 	Imported test/data3.xlsx as conditions, 6 conditions, 3 params
23.7401 	EXP 	Created sequence: random, trialTypes=6, nReps=1, seed=None
23.7403 	EXP 	New trial (rep=0, index=0): {'stimuli': 8, 'star': 'test/rightstar.PNG', 'CorrectAns': 'space'}
23.8819 	DATA 	Keypress: space
23.8928 	EXP 	text_6: autoDraw = False
23.8928 	EXP 	image_6: image = 'test/fixation.png'
23.8928 	EXP 	image_6: autoDraw = True
24.2609 	EXP 	image_6: autoDraw = False
24.2609 	EXP 	text_4: height = 0.2
24.2609 	EXP 	text_4: height = 0.2
24.2609 	EXP 	text_4: height = 0.2
24.2609 	EXP 	text_4: text = 8
24.7444 	EXP 	text_4: autoDraw = True
25.2845 	EXP 	text_4: autoDraw = False
25.2845 	EXP 	text_4: autoDraw = False
25.2845 	EXP 	image_7: image = 'test/rightstar.PNG'
26.3525 	EXP 	image_7: autoDraw = True
27.1612 	EXP 	image_7: autoDraw = False
27.8307 	EXP 	New trial (rep=0, index=1): {'stimuli': 8, 'star': 'test/rightstar.PNG', 'CorrectAns': 'space'}
27.8848 	DATA 	Keypress: right
27.8903 	EXP 	image_7: autoDraw = False
27.8903 	EXP 	image_6: image = 'test/fixation.png'
27.8903 	EXP 	image_6: autoDraw = True
28.3610 	EXP 	image_6: autoDraw = False
28.3610 	EXP 	text_4: height = 0.2
28.3610 	EXP 	text_4: height = 0.2
28.3610 	EXP 	text_4: height = 0.2
28.3610 	EXP 	text_4: text = 8
28.8442 	EXP 	text_4: autoDraw = True
29.2645 	EXP 	text_4: autoDraw = False
29.2645 	EXP 	text_4: autoDraw = False
29.2645 	EXP 	image_7: image = 'test/rightstar.PNG'
30.4466 	EXP 	image_7: autoDraw = True
31.2613 	EXP 	image_7: autoDraw = False
33.2140 	EXP 	New trial (rep=0, index=2): {'stimuli': 1, 'star': 'test/leftstar.PNG', 'CorrectAns': 'left'}
33.2657 	DATA 	Keypress: right
33.2702 	EXP 	image_7: autoDraw = False
33.2702 	EXP 	image_6: image = 'test/fixation.png'
33.2702 	EXP 	image_6: autoDraw = True
33.7442 	EXP 	image_6: autoDraw = False
33.7442 	EXP 	text_4: height = 0.2
33.7442 	EXP 	text_4: height = 0.2
33.7442 	EXP 	text_4: height = 0.2
33.7442 	EXP 	text_4: text = 1
34.2276 	EXP 	text_4: autoDraw = True
34.6556 	EXP 	text_4: autoDraw = False
34.6556 	EXP 	text_4: autoDraw = False
34.6556 	EXP 	image_7: image = 'test/leftstar.PNG'
35.8298 	EXP 	image_7: autoDraw = True
36.2476 	EXP 	New trial (rep=0, index=3): {'stimuli': 2, 'star': 'test/leftstar.PNG', 'CorrectAns': 'left'}
36.3032 	DATA 	Keypress: left
36.3075 	EXP 	image_7: autoDraw = False
36.3075 	EXP 	image_6: image = 'test/fixation.png'
36.3075 	EXP 	image_6: autoDraw = True
36.7774 	EXP 	image_6: autoDraw = False
36.7774 	EXP 	text_4: height = 0.2
36.7774 	EXP 	text_4: height = 0.2
36.7774 	EXP 	text_4: height = 0.2
36.7774 	EXP 	text_4: text = 2
37.2609 	EXP 	text_4: autoDraw = True
37.6997 	EXP 	text_4: autoDraw = False
37.6997 	EXP 	text_4: autoDraw = False
37.6997 	EXP 	image_7: image = 'test/leftstar.PNG'
38.8634 	EXP 	image_7: autoDraw = True
39.5645 	EXP 	New trial (rep=0, index=4): {'stimuli': 1, 'star': 'test/blank.PNG', 'CorrectAns': 'space'}
39.6225 	DATA 	Keypress: left
39.6273 	EXP 	image_7: autoDraw = False
39.6273 	EXP 	image_6: image = 'test/fixation.png'
39.6273 	EXP 	image_6: autoDraw = True
40.1043 	EXP 	image_6: autoDraw = False
40.1043 	EXP 	text_4: height = 0.2
40.1043 	EXP 	text_4: height = 0.2
40.1043 	EXP 	text_4: height = 0.2
40.1043 	EXP 	text_4: text = 1
40.5775 	EXP 	text_4: autoDraw = True
41.0054 	EXP 	text_4: autoDraw = False
41.0054 	EXP 	text_4: autoDraw = False
41.0054 	EXP 	image_7: image = 'test/blank.PNG'
42.1791 	EXP 	image_7: autoDraw = True
42.9779 	EXP 	image_7: autoDraw = False
43.7468 	EXP 	New trial (rep=0, index=5): {'stimuli': 9, 'star': 'test/rightstar.PNG', 'CorrectAns': 'space'}
43.7999 	DATA 	Keypress: space
43.8053 	EXP 	image_7: autoDraw = False
43.8053 	EXP 	image_6: image = 'test/fixation.png'
43.8053 	EXP 	image_6: autoDraw = True
44.2773 	EXP 	image_6: autoDraw = False
44.2773 	EXP 	text_4: height = 0.2
44.2773 	EXP 	text_4: height = 0.2
44.2773 	EXP 	text_4: height = 0.2
44.2773 	EXP 	text_4: text = 9
44.7613 	EXP 	text_4: autoDraw = True
45.3176 	EXP 	text_4: autoDraw = False
45.3176 	EXP 	text_4: autoDraw = False
45.3176 	EXP 	image_7: image = 'test/rightstar.PNG'
46.3632 	EXP 	image_7: autoDraw = True
47.1561 	DATA 	Keypress: space
47.1609 	EXP 	image_7: autoDraw = False
47.1609 	EXP 	text_8: autoDraw = True
49.5994 	DATA 	Keypress: space
49.6277 	EXP 	text_8: autoDraw = False
49.6277 	EXP 	text_5: autoDraw = True
51.5115 	EXP 	Imported condition_1/data.xlsx as conditions, 25 conditions, 3 params
51.5120 	EXP 	Created sequence: random, trialTypes=25, nReps=2, seed=None
51.5122 	EXP 	New trial (rep=0, index=0): {'stimuli': 2, 'star': 'condition_1/blank.PNG', 'CorrectAns': 'space'}
51.5659 	DATA 	Keypress: space
51.5720 	EXP 	text_5: autoDraw = False
51.5720 	EXP 	image_3: image = 'condition_1/fixation.png'
51.5720 	EXP 	image_3: autoDraw = True
52.0275 	EXP 	image_3: autoDraw = False
52.0275 	EXP 	text_3: height = 0.2
52.0275 	EXP 	text_3: height = 0.2
52.0275 	EXP 	text_3: height = 0.2
52.0275 	EXP 	text_3: text = 2
52.5111 	EXP 	text_3: autoDraw = True
52.8822 	EXP 	text_3: autoDraw = False
52.8822 	EXP 	text_3: autoDraw = False
52.8822 	EXP 	image_2: image = 'condition_1/blank.PNG'
54.1126 	EXP 	image_2: autoDraw = True
54.9279 	EXP 	image_2: autoDraw = False
55.2649 	EXP 	New trial (rep=0, index=1): {'stimuli': 9, 'star': 'condition_1/rightstar.PNG', 'CorrectAns': 'space'}
55.3888 	DATA 	Keypress: space
55.3950 	EXP 	image_2: autoDraw = False
55.3950 	EXP 	image_3: image = 'condition_1/fixation.png'
55.3950 	EXP 	image_3: autoDraw = True
55.7946 	EXP 	image_3: autoDraw = False
55.7946 	EXP 	text_3: height = 0.2
55.7946 	EXP 	text_3: height = 0.2
55.7946 	EXP 	text_3: height = 0.2
55.7946 	EXP 	text_3: text = 9
56.2779 	EXP 	text_3: autoDraw = True
56.8499 	EXP 	text_3: autoDraw = False
56.8499 	EXP 	text_3: autoDraw = False
56.8499 	EXP 	image_2: image = 'condition_1/rightstar.PNG'
57.8800 	EXP 	image_2: autoDraw = True
57.8850 	DATA 	Keypress: space
57.8980 	EXP 	New trial (rep=0, index=2): {'stimuli': 8, 'star': 'condition_1/rightstar.PNG', 'CorrectAns': 'space'}
57.9947 	EXP 	image_2: autoDraw = False
57.9947 	EXP 	image_3: image = 'condition_1/fixation.png'
57.9947 	EXP 	image_3: autoDraw = True
58.4276 	EXP 	image_3: autoDraw = False
58.4276 	EXP 	text_3: height = 0.2
58.4276 	EXP 	text_3: height = 0.2
58.4276 	EXP 	text_3: height = 0.2
58.4276 	EXP 	text_3: text = 8
58.9114 	EXP 	text_3: autoDraw = True
59.3460 	EXP 	text_3: autoDraw = False
59.3460 	EXP 	text_3: autoDraw = False
59.3460 	EXP 	image_2: image = 'condition_1/rightstar.PNG'
60.5138 	EXP 	image_2: autoDraw = True
61.1665 	EXP 	New trial (rep=0, index=3): {'stimuli': 1, 'star': 'condition_1/leftstar.PNG', 'CorrectAns': 'left'}
61.2236 	DATA 	Keypress: space
61.2285 	EXP 	image_2: autoDraw = False
61.2285 	EXP 	image_3: image = 'condition_1/fixation.png'
61.2285 	EXP 	image_3: autoDraw = True
61.6944 	EXP 	image_3: autoDraw = False
61.6944 	EXP 	text_3: height = 0.2
61.6944 	EXP 	text_3: height = 0.2
61.6944 	EXP 	text_3: height = 0.2
61.6944 	EXP 	text_3: text = 1
62.1775 	EXP 	text_3: autoDraw = True
62.6177 	EXP 	text_3: autoDraw = False
62.6177 	EXP 	text_3: autoDraw = False
62.6177 	EXP 	image_2: image = 'condition_1/leftstar.PNG'
63.7799 	EXP 	image_2: autoDraw = True
64.5943 	EXP 	image_2: autoDraw = False
64.6477 	EXP 	New trial (rep=0, index=4): {'stimuli': 2, 'star': 'condition_1/leftstar.PNG', 'CorrectAns': 'left'}
64.7110 	DATA 	Keypress: left
64.7154 	EXP 	image_2: autoDraw = False
64.7154 	EXP 	image_3: image = 'condition_1/fixation.png'
64.7154 	EXP 	image_3: autoDraw = True
65.1779 	EXP 	image_3: autoDraw = False
65.1779 	EXP 	text_3: height = 0.2
65.1779 	EXP 	text_3: height = 0.2
65.1779 	EXP 	text_3: height = 0.2
65.1779 	EXP 	text_3: text = 2
65.6609 	EXP 	text_3: autoDraw = True
66.1075 	EXP 	text_3: autoDraw = False
66.1075 	EXP 	text_3: autoDraw = False
66.1075 	EXP 	image_2: image = 'condition_1/leftstar.PNG'
67.2630 	EXP 	image_2: autoDraw = True
67.7639 	EXP 	New trial (rep=0, index=5): {'stimuli': 9, 'star': 'condition_1/leftstar.PNG', 'CorrectAns': 'space'}
67.8307 	DATA 	Keypress: left
67.8352 	EXP 	image_2: autoDraw = False
67.8352 	EXP 	image_3: image = 'condition_1/fixation.png'
67.8352 	EXP 	image_3: autoDraw = True
68.3010 	EXP 	image_3: autoDraw = False
68.3010 	EXP 	text_3: height = 0.2
68.3010 	EXP 	text_3: height = 0.2
68.3010 	EXP 	text_3: height = 0.2
68.3010 	EXP 	text_3: text = 9
68.7777 	EXP 	text_3: autoDraw = True
69.1853 	EXP 	text_3: autoDraw = False
69.1853 	EXP 	text_3: autoDraw = False
69.1853 	EXP 	image_2: image = 'condition_1/leftstar.PNG'
70.3796 	EXP 	image_2: autoDraw = True
71.1943 	EXP 	image_2: autoDraw = False
71.2136 	EXP 	New trial (rep=0, index=6): {'stimuli': 9, 'star': 'condition_1/rightstar.PNG', 'CorrectAns': 'space'}
71.2662 	DATA 	Keypress: space
71.2716 	EXP 	image_2: autoDraw = False
71.2716 	EXP 	image_3: image = 'condition_1/fixation.png'
71.2716 	EXP 	image_3: autoDraw = True
71.7445 	EXP 	image_3: autoDraw = False
71.7445 	EXP 	text_3: height = 0.2
71.7445 	EXP 	text_3: height = 0.2
71.7445 	EXP 	text_3: height = 0.2
71.7445 	EXP 	text_3: text = 9
72.2279 	EXP 	text_3: autoDraw = True
72.6401 	EXP 	text_3: autoDraw = False
72.6401 	EXP 	text_3: autoDraw = False
72.6401 	EXP 	image_2: image = 'condition_1/rightstar.PNG'
73.8304 	EXP 	image_2: autoDraw = True
74.2814 	EXP 	New trial (rep=0, index=7): {'stimuli': 2, 'star': 'condition_1/leftstar.PNG', 'CorrectAns': 'left'}
74.3364 	DATA 	Keypress: space
74.3429 	EXP 	image_2: autoDraw = False
74.3429 	EXP 	image_3: image = 'condition_1/fixation.png'
74.3429 	EXP 	image_3: autoDraw = True
74.8112 	EXP 	image_3: autoDraw = False
74.8112 	EXP 	text_3: height = 0.2
74.8112 	EXP 	text_3: height = 0.2
74.8112 	EXP 	text_3: height = 0.2
74.8112 	EXP 	text_3: text = 2
75.2943 	EXP 	text_3: autoDraw = True
75.7345 	EXP 	text_3: autoDraw = False
75.7345 	EXP 	text_3: autoDraw = False
75.7345 	EXP 	image_2: image = 'condition_1/leftstar.PNG'
76.8963 	EXP 	image_2: autoDraw = True
77.7111 	EXP 	image_2: autoDraw = False
78.3135 	EXP 	New trial (rep=0, index=8): {'stimuli': 1, 'star': 'condition_1/rightstar.PNG', 'CorrectAns': 'right'}
78.3687 	DATA 	Keypress: space
78.3745 	EXP 	image_2: autoDraw = False
78.3745 	EXP 	image_3: image = 'condition_1/fixation.png'
78.3745 	EXP 	image_3: autoDraw = True
78.8442 	EXP 	image_3: autoDraw = False
78.8442 	EXP 	text_3: height = 0.2
78.8442 	EXP 	text_3: height = 0.2
78.8442 	EXP 	text_3: height = 0.2
78.8442 	EXP 	text_3: text = 1
79.3280 	EXP 	text_3: autoDraw = True
79.7330 	EXP 	text_3: autoDraw = False
79.7330 	EXP 	text_3: autoDraw = False
79.7330 	EXP 	image_2: image = 'condition_1/rightstar.PNG'
80.9301 	EXP 	image_2: autoDraw = True
81.5152 	EXP 	New trial (rep=0, index=9): {'stimuli': 8, 'star': 'condition_1/blank.PNG', 'CorrectAns': 'space'}
81.5672 	DATA 	Keypress: right
81.5716 	EXP 	image_2: autoDraw = False
81.5716 	EXP 	image_3: image = 'condition_1/fixation.png'
81.5716 	EXP 	image_3: autoDraw = True
82.0443 	EXP 	image_3: autoDraw = False
82.0443 	EXP 	text_3: height = 0.2
82.0443 	EXP 	text_3: height = 0.2
82.0443 	EXP 	text_3: height = 0.2
82.0443 	EXP 	text_3: text = 8
82.5278 	EXP 	text_3: autoDraw = True
82.9458 	EXP 	text_3: autoDraw = False
82.9458 	EXP 	text_3: autoDraw = False
82.9458 	EXP 	image_2: image = 'condition_1/blank.PNG'
84.1289 	EXP 	image_2: autoDraw = True
84.9278 	EXP 	image_2: autoDraw = False
85.0980 	EXP 	New trial (rep=0, index=10): {'stimuli': 8, 'star': 'condition_1/leftstar.PNG', 'CorrectAns': 'space'}
85.1442 	DATA 	Keypress: space
85.1487 	EXP 	image_2: autoDraw = False
85.1487 	EXP 	image_3: image = 'condition_1/fixation.png'
85.1487 	EXP 	image_3: autoDraw = True
85.6277 	EXP 	image_3: autoDraw = False
85.6277 	EXP 	text_3: height = 0.2
85.6277 	EXP 	text_3: height = 0.2
85.6277 	EXP 	text_3: height = 0.2
85.6277 	EXP 	text_3: text = 8
86.1112 	EXP 	text_3: autoDraw = True
86.6393 	EXP 	text_3: autoDraw = False
86.6393 	EXP 	text_3: autoDraw = False
86.6393 	EXP 	image_2: image = 'condition_1/leftstar.PNG'
87.7132 	EXP 	image_2: autoDraw = True
88.5279 	EXP 	image_2: autoDraw = False
88.5638 	EXP 	New trial (rep=0, index=11): {'stimuli': 9, 'star': 'condition_1/leftstar.PNG', 'CorrectAns': 'space'}
88.6148 	DATA 	Keypress: space
88.6195 	EXP 	image_2: autoDraw = False
88.6195 	EXP 	image_3: image = 'condition_1/fixation.png'
88.6195 	EXP 	image_3: autoDraw = True
89.0944 	EXP 	image_3: autoDraw = False
89.0944 	EXP 	text_3: height = 0.2
89.0944 	EXP 	text_3: height = 0.2
89.0944 	EXP 	text_3: height = 0.2
89.0944 	EXP 	text_3: text = 9
89.5777 	EXP 	text_3: autoDraw = True
89.9925 	EXP 	text_3: autoDraw = False
89.9925 	EXP 	text_3: autoDraw = False
89.9925 	EXP 	image_2: image = 'condition_1/leftstar.PNG'
91.1801 	EXP 	image_2: autoDraw = True
91.9942 	EXP 	image_2: autoDraw = False
92.0805 	EXP 	New trial (rep=0, index=12): {'stimuli': 2, 'star': 'condition_1/blank.PNG', 'CorrectAns': 'space'}
92.1338 	DATA 	Keypress: space
92.1384 	EXP 	image_2: autoDraw = False
92.1384 	EXP 	image_3: image = 'condition_1/fixation.png'
92.1384 	EXP 	image_3: autoDraw = True
92.6109 	EXP 	image_3: autoDraw = False
92.6109 	EXP 	text_3: height = 0.2
92.6109 	EXP 	text_3: height = 0.2
92.6109 	EXP 	text_3: height = 0.2
92.6109 	EXP 	text_3: text = 2
93.0944 	EXP 	text_3: autoDraw = True
93.4743 	EXP 	text_3: autoDraw = False
93.4743 	EXP 	text_3: autoDraw = False
93.4743 	EXP 	image_2: image = 'condition_1/blank.PNG'
94.6955 	EXP 	image_2: autoDraw = True
95.3993 	EXP 	New trial (rep=0, index=13): {'stimuli': 1, 'star': 'condition_1/rightstar.PNG', 'CorrectAns': 'right'}
95.4612 	DATA 	Keypress: space
95.4664 	EXP 	image_2: autoDraw = False
95.4664 	EXP 	image_3: image = 'condition_1/fixation.png'
95.4664 	EXP 	image_3: autoDraw = True
95.9275 	EXP 	image_3: autoDraw = False
95.9275 	EXP 	text_3: height = 0.2
95.9275 	EXP 	text_3: height = 0.2
95.9275 	EXP 	text_3: height = 0.2
95.9275 	EXP 	text_3: text = 1
96.4112 	EXP 	text_3: autoDraw = True
97.0060 	EXP 	text_3: autoDraw = False
97.0060 	EXP 	text_3: autoDraw = False
97.0060 	EXP 	image_2: image = 'condition_1/rightstar.PNG'
98.0136 	EXP 	image_2: autoDraw = True
98.6143 	EXP 	New trial (rep=0, index=14): {'stimuli': 2, 'star': 'condition_1/rightstar.PNG', 'CorrectAns': 'left'}
98.6651 	DATA 	Keypress: right
98.6697 	EXP 	image_2: autoDraw = False
98.6697 	EXP 	image_3: image = 'condition_1/fixation.png'
98.6697 	EXP 	image_3: autoDraw = True
99.1444 	EXP 	image_3: autoDraw = False
99.1444 	EXP 	text_3: height = 0.2
99.1444 	EXP 	text_3: height = 0.2
99.1444 	EXP 	text_3: height = 0.2
99.1444 	EXP 	text_3: text = 2
99.6276 	EXP 	text_3: autoDraw = True
100.0553 	EXP 	text_3: autoDraw = False
100.0553 	EXP 	text_3: autoDraw = False
100.0553 	EXP 	image_2: image = 'condition_1/rightstar.PNG'
101.2298 	EXP 	image_2: autoDraw = True
102.0441 	EXP 	image_2: autoDraw = False
102.0468 	EXP 	New trial (rep=0, index=15): {'stimuli': 9, 'star': 'condition_1/leftstar.PNG', 'CorrectAns': 'space'}
102.1042 	DATA 	Keypress: right
102.1086 	EXP 	image_2: autoDraw = False
102.1086 	EXP 	image_3: image = 'condition_1/fixation.png'
102.1086 	EXP 	image_3: autoDraw = True
102.5904 	EXP 	image_3: autoDraw = False
102.5904 	EXP 	text_3: height = 0.2
102.5904 	EXP 	text_3: height = 0.2
102.5904 	EXP 	text_3: height = 0.2
102.5904 	EXP 	text_3: text = 9
103.0611 	EXP 	text_3: autoDraw = True
103.4711 	EXP 	text_3: autoDraw = False
103.4711 	EXP 	text_3: autoDraw = False
103.4711 	EXP 	image_2: image = 'condition_1/leftstar.PNG'
104.6633 	EXP 	image_2: autoDraw = True
104.9830 	EXP 	New trial (rep=0, index=16): {'stimuli': 8, 'star': 'condition_1/leftstar.PNG', 'CorrectAns': 'space'}
105.0404 	DATA 	Keypress: space
105.0452 	EXP 	image_2: autoDraw = False
105.0452 	EXP 	image_3: image = 'condition_1/fixation.png'
105.0452 	EXP 	image_3: autoDraw = True
105.5112 	EXP 	image_3: autoDraw = False
105.5112 	EXP 	text_3: height = 0.2
105.5112 	EXP 	text_3: height = 0.2
105.5112 	EXP 	text_3: height = 0.2
105.5112 	EXP 	text_3: text = 8
105.9945 	EXP 	text_3: autoDraw = True
106.4109 	EXP 	text_3: autoDraw = False
106.4109 	EXP 	text_3: autoDraw = False
106.4109 	EXP 	image_2: image = 'condition_1/leftstar.PNG'
107.5963 	EXP 	image_2: autoDraw = True
108.0984 	EXP 	New trial (rep=0, index=17): {'stimuli': 8, 'star': 'condition_1/rightstar.PNG', 'CorrectAns': 'space'}
108.1512 	DATA 	Keypress: left
108.1566 	EXP 	image_2: autoDraw = False
108.1566 	EXP 	image_3: image = 'condition_1/fixation.png'
108.1566 	EXP 	image_3: autoDraw = True
108.6275 	EXP 	image_3: autoDraw = False
108.6275 	EXP 	text_3: height = 0.2
108.6275 	EXP 	text_3: height = 0.2
108.6275 	EXP 	text_3: height = 0.2
108.6275 	EXP 	text_3: text = 8
109.1107 	EXP 	text_3: autoDraw = True
109.5240 	EXP 	text_3: autoDraw = False
109.5240 	EXP 	text_3: autoDraw = False
109.5240 	EXP 	image_2: image = 'condition_1/rightstar.PNG'
110.7130 	EXP 	image_2: autoDraw = True
111.4319 	EXP 	New trial (rep=0, index=18): {'stimuli': 1, 'star': 'condition_1/leftstar.PNG', 'CorrectAns': 'left'}
111.4825 	DATA 	Keypress: space
111.4871 	EXP 	image_2: autoDraw = False
111.4871 	EXP 	image_3: image = 'condition_1/fixation.png'
111.4871 	EXP 	image_3: autoDraw = True
111.9615 	EXP 	image_3: autoDraw = False
111.9615 	EXP 	text_3: height = 0.2
111.9615 	EXP 	text_3: height = 0.2
111.9615 	EXP 	text_3: height = 0.2
111.9615 	EXP 	text_3: text = 1
112.4445 	EXP 	text_3: autoDraw = True
112.8658 	EXP 	text_3: autoDraw = False
112.8658 	EXP 	text_3: autoDraw = False
112.8658 	EXP 	image_2: image = 'condition_1/leftstar.PNG'
114.0464 	EXP 	image_2: autoDraw = True
114.4648 	DATA 	Keypress: left
114.4809 	EXP 	New trial (rep=0, index=19): {'stimuli': 1, 'star': 'condition_1/rightstar.PNG', 'CorrectAns': 'right'}
114.5363 	EXP 	image_2: autoDraw = False
114.5363 	EXP 	image_3: image = 'condition_1/fixation.png'
114.5363 	EXP 	image_3: autoDraw = True
115.0110 	EXP 	image_3: autoDraw = False
115.0110 	EXP 	text_3: height = 0.2
115.0110 	EXP 	text_3: height = 0.2
115.0110 	EXP 	text_3: height = 0.2
115.0110 	EXP 	text_3: text = 1
115.4944 	EXP 	text_3: autoDraw = True
115.9144 	EXP 	text_3: autoDraw = False
115.9144 	EXP 	text_3: autoDraw = False
115.9144 	EXP 	image_2: image = 'condition_1/rightstar.PNG'
117.0965 	EXP 	image_2: autoDraw = True
117.8675 	DATA 	Keypress: right
117.8809 	EXP 	New trial (rep=0, index=20): {'stimuli': 2, 'star': 'condition_1/leftstar.PNG', 'CorrectAns': 'left'}
117.9353 	EXP 	image_2: autoDraw = False
117.9353 	EXP 	image_3: image = 'condition_1/fixation.png'
117.9353 	EXP 	image_3: autoDraw = True
118.4113 	EXP 	image_3: autoDraw = False
118.4113 	EXP 	text_3: height = 0.2
118.4113 	EXP 	text_3: height = 0.2
118.4113 	EXP 	text_3: height = 0.2
118.4113 	EXP 	text_3: text = 2
118.8943 	EXP 	text_3: autoDraw = True
119.3052 	EXP 	text_3: autoDraw = False
119.3052 	EXP 	text_3: autoDraw = False
119.3052 	EXP 	image_2: image = 'condition_1/leftstar.PNG'
120.4967 	EXP 	image_2: autoDraw = True
121.0145 	EXP 	New trial (rep=0, index=21): {'stimuli': 8, 'star': 'condition_1/rightstar.PNG', 'CorrectAns': 'space'}
121.0650 	DATA 	Keypress: left
121.0696 	EXP 	image_2: autoDraw = False
121.0696 	EXP 	image_3: image = 'condition_1/fixation.png'
121.0696 	EXP 	image_3: autoDraw = True
121.5579 	EXP 	image_3: autoDraw = False
121.5579 	EXP 	text_3: height = 0.2
121.5579 	EXP 	text_3: height = 0.2
121.5579 	EXP 	text_3: height = 0.2
121.5579 	EXP 	text_3: text = 8
122.0278 	EXP 	text_3: autoDraw = True
122.4304 	EXP 	text_3: autoDraw = False
122.4304 	EXP 	text_3: autoDraw = False
122.4304 	EXP 	image_2: image = 'condition_1/rightstar.PNG'
123.6300 	EXP 	image_2: autoDraw = True
123.9316 	EXP 	New trial (rep=0, index=22): {'stimuli': 1, 'star': 'condition_1/blank.PNG', 'CorrectAns': 'space'}
123.9831 	DATA 	Keypress: space
123.9901 	EXP 	image_2: autoDraw = False
123.9901 	EXP 	image_3: image = 'condition_1/fixation.png'
123.9901 	EXP 	image_3: autoDraw = True
124.4613 	EXP 	image_3: autoDraw = False
124.4613 	EXP 	text_3: height = 0.2
124.4613 	EXP 	text_3: height = 0.2
124.4613 	EXP 	text_3: height = 0.2
124.4613 	EXP 	text_3: text = 1
124.9443 	EXP 	text_3: autoDraw = True
125.3561 	EXP 	text_3: autoDraw = False
125.3561 	EXP 	text_3: autoDraw = False
125.3561 	EXP 	image_2: image = 'condition_1/blank.PNG'
126.5456 	EXP 	image_2: autoDraw = True
127.3443 	EXP 	image_2: autoDraw = False
127.4472 	EXP 	New trial (rep=0, index=23): {'stimuli': 2, 'star': 'condition_1/rightstar.PNG', 'CorrectAns': 'right'}
127.4992 	DATA 	Keypress: space
127.5052 	EXP 	image_2: autoDraw = False
127.5052 	EXP 	image_3: image = 'condition_1/fixation.png'
127.5052 	EXP 	image_3: autoDraw = True
127.9781 	EXP 	image_3: autoDraw = False
127.9781 	EXP 	text_3: height = 0.2
127.9781 	EXP 	text_3: height = 0.2
127.9781 	EXP 	text_3: height = 0.2
127.9781 	EXP 	text_3: text = 2
128.4611 	EXP 	text_3: autoDraw = True
128.9686 	EXP 	text_3: autoDraw = False
128.9686 	EXP 	text_3: autoDraw = False
128.9686 	EXP 	image_2: image = 'condition_1/rightstar.PNG'
130.0632 	EXP 	image_2: autoDraw = True
130.5146 	EXP 	New trial (rep=0, index=24): {'stimuli': 9, 'star': 'condition_1/blank.PNG', 'CorrectAns': 'space'}
130.5658 	DATA 	Keypress: right
130.5702 	EXP 	image_2: autoDraw = False
130.5702 	EXP 	image_3: image = 'condition_1/fixation.png'
130.5702 	EXP 	image_3: autoDraw = True
131.0448 	EXP 	image_3: autoDraw = False
131.0448 	EXP 	text_3: height = 0.2
131.0448 	EXP 	text_3: height = 0.2
131.0448 	EXP 	text_3: height = 0.2
131.0448 	EXP 	text_3: text = 9
131.5282 	EXP 	text_3: autoDraw = True
131.8893 	EXP 	text_3: autoDraw = False
131.8893 	EXP 	text_3: autoDraw = False
131.8893 	EXP 	image_2: image = 'condition_1/blank.PNG'
133.1292 	EXP 	image_2: autoDraw = True
133.9278 	EXP 	image_2: autoDraw = False
133.9314 	EXP 	New trial (rep=1, index=0): {'stimuli': 9, 'star': 'condition_1/rightstar.PNG', 'CorrectAns': 'space'}
133.9789 	DATA 	Keypress: space
133.9844 	EXP 	image_2: autoDraw = False
133.9844 	EXP 	image_3: image = 'condition_1/fixation.png'
133.9844 	EXP 	image_3: autoDraw = True
134.4614 	EXP 	image_3: autoDraw = False
134.4614 	EXP 	text_3: height = 0.2
134.4614 	EXP 	text_3: height = 0.2
134.4614 	EXP 	text_3: height = 0.2
134.4614 	EXP 	text_3: text = 9
134.9441 	EXP 	text_3: autoDraw = True
135.4606 	EXP 	text_3: autoDraw = False
135.4606 	EXP 	text_3: autoDraw = False
135.4606 	EXP 	image_2: image = 'condition_1/rightstar.PNG'
136.5462 	EXP 	image_2: autoDraw = True
137.0626 	DATA 	Keypress: space
137.0790 	EXP 	New trial (rep=1, index=1): {'stimuli': 1, 'star': 'condition_1/rightstar.PNG', 'CorrectAns': 'right'}
137.1442 	EXP 	image_2: autoDraw = False
137.1442 	EXP 	image_3: image = 'condition_1/fixation.png'
137.1442 	EXP 	image_3: autoDraw = True
137.6113 	EXP 	image_3: autoDraw = False
137.6113 	EXP 	text_3: height = 0.2
137.6113 	EXP 	text_3: height = 0.2
137.6113 	EXP 	text_3: height = 0.2
137.6113 	EXP 	text_3: text = 1
138.0942 	EXP 	text_3: autoDraw = True
138.5315 	EXP 	text_3: autoDraw = False
138.5315 	EXP 	text_3: autoDraw = False
138.5315 	EXP 	image_2: image = 'condition_1/rightstar.PNG'
139.6965 	EXP 	image_2: autoDraw = True
140.5111 	EXP 	image_2: autoDraw = False
140.6467 	EXP 	New trial (rep=1, index=2): {'stimuli': 2, 'star': 'condition_1/leftstar.PNG', 'CorrectAns': 'left'}
140.7067 	DATA 	Keypress: right
140.7111 	EXP 	image_2: autoDraw = False
140.7111 	EXP 	image_3: image = 'condition_1/fixation.png'
140.7111 	EXP 	image_3: autoDraw = True
141.1830 	EXP 	image_3: autoDraw = False
141.1830 	EXP 	text_3: height = 0.2
141.1830 	EXP 	text_3: height = 0.2
141.1830 	EXP 	text_3: height = 0.2
141.1830 	EXP 	text_3: text = 2
141.6611 	EXP 	text_3: autoDraw = True
142.0954 	EXP 	text_3: autoDraw = False
142.0954 	EXP 	text_3: autoDraw = False
142.0954 	EXP 	image_2: image = 'condition_1/leftstar.PNG'
143.2636 	EXP 	image_2: autoDraw = True
143.7646 	EXP 	New trial (rep=1, index=3): {'stimuli': 8, 'star': 'condition_1/leftstar.PNG', 'CorrectAns': 'space'}
143.8500 	DATA 	Keypress: left
143.8545 	EXP 	image_2: autoDraw = False
143.8545 	EXP 	image_3: image = 'condition_1/fixation.png'
143.8545 	EXP 	image_3: autoDraw = True
144.2946 	EXP 	image_3: autoDraw = False
144.2946 	EXP 	text_3: height = 0.2
144.2946 	EXP 	text_3: height = 0.2
144.2946 	EXP 	text_3: height = 0.2
144.2946 	EXP 	text_3: text = 8
144.7775 	EXP 	text_3: autoDraw = True
145.2110 	EXP 	text_3: autoDraw = False
145.2110 	EXP 	text_3: autoDraw = False
145.2110 	EXP 	image_2: image = 'condition_1/leftstar.PNG'
146.3798 	EXP 	image_2: autoDraw = True
147.1941 	EXP 	image_2: autoDraw = False
147.5969 	EXP 	New trial (rep=1, index=4): {'stimuli': 2, 'star': 'condition_1/leftstar.PNG', 'CorrectAns': 'left'}
147.6480 	DATA 	Keypress: space
147.6524 	EXP 	image_2: autoDraw = False
147.6524 	EXP 	image_3: image = 'condition_1/fixation.png'
147.6524 	EXP 	image_3: autoDraw = True
148.1279 	EXP 	image_3: autoDraw = False
148.1279 	EXP 	text_3: height = 0.2
148.1279 	EXP 	text_3: height = 0.2
148.1279 	EXP 	text_3: height = 0.2
148.1279 	EXP 	text_3: text = 2
148.6111 	EXP 	text_3: autoDraw = True
149.0126 	EXP 	text_3: autoDraw = False
149.0126 	EXP 	text_3: autoDraw = False
149.0126 	EXP 	image_2: image = 'condition_1/leftstar.PNG'
150.2128 	EXP 	image_2: autoDraw = True
150.6478 	EXP 	New trial (rep=1, index=5): {'stimuli': 1, 'star': 'condition_1/rightstar.PNG', 'CorrectAns': 'right'}
150.6988 	DATA 	Keypress: left
150.7033 	EXP 	image_2: autoDraw = False
150.7033 	EXP 	image_3: image = 'condition_1/fixation.png'
150.7033 	EXP 	image_3: autoDraw = True
151.1776 	EXP 	image_3: autoDraw = False
151.1776 	EXP 	text_3: height = 0.2
151.1776 	EXP 	text_3: height = 0.2
151.1776 	EXP 	text_3: height = 0.2
151.1776 	EXP 	text_3: text = 1
151.6609 	EXP 	text_3: autoDraw = True
152.0645 	EXP 	text_3: autoDraw = False
152.0645 	EXP 	text_3: autoDraw = False
152.0645 	EXP 	image_2: image = 'condition_1/rightstar.PNG'
153.2632 	EXP 	image_2: autoDraw = True
153.7978 	EXP 	New trial (rep=1, index=6): {'stimuli': 1, 'star': 'condition_1/leftstar.PNG', 'CorrectAns': 'left'}
153.8490 	DATA 	Keypress: right
153.8562 	EXP 	image_2: autoDraw = False
153.8562 	EXP 	image_3: image = 'condition_1/fixation.png'
153.8562 	EXP 	image_3: autoDraw = True
154.3277 	EXP 	image_3: autoDraw = False
154.3277 	EXP 	text_3: height = 0.2
154.3277 	EXP 	text_3: height = 0.2
154.3277 	EXP 	text_3: height = 0.2
154.3277 	EXP 	text_3: text = 1
154.8111 	EXP 	text_3: autoDraw = True
155.2145 	EXP 	text_3: autoDraw = False
155.2145 	EXP 	text_3: autoDraw = False
155.2145 	EXP 	image_2: image = 'condition_1/leftstar.PNG'
156.4133 	EXP 	image_2: autoDraw = True
156.9142 	EXP 	New trial (rep=1, index=7): {'stimuli': 2, 'star': 'condition_1/blank.PNG', 'CorrectAns': 'space'}
156.9687 	DATA 	Keypress: left
156.9731 	EXP 	image_2: autoDraw = False
156.9731 	EXP 	image_3: image = 'condition_1/fixation.png'
156.9731 	EXP 	image_3: autoDraw = True
157.4442 	EXP 	image_3: autoDraw = False
157.4442 	EXP 	text_3: height = 0.2
157.4442 	EXP 	text_3: height = 0.2
157.4442 	EXP 	text_3: height = 0.2
157.4442 	EXP 	text_3: text = 2
157.9276 	EXP 	text_3: autoDraw = True
158.3558 	EXP 	text_3: autoDraw = False
158.3558 	EXP 	text_3: autoDraw = False
158.3558 	EXP 	image_2: image = 'condition_1/blank.PNG'
159.5294 	EXP 	image_2: autoDraw = True
160.3442 	EXP 	image_2: autoDraw = False
160.8641 	EXP 	New trial (rep=1, index=8): {'stimuli': 9, 'star': 'condition_1/leftstar.PNG', 'CorrectAns': 'space'}
160.9167 	DATA 	Keypress: space
160.9213 	EXP 	image_2: autoDraw = False
160.9213 	EXP 	image_3: image = 'condition_1/fixation.png'
160.9213 	EXP 	image_3: autoDraw = True
161.4059 	EXP 	image_3: autoDraw = False
161.4059 	EXP 	text_3: height = 0.2
161.4059 	EXP 	text_3: height = 0.2
161.4059 	EXP 	text_3: height = 0.2
161.4059 	EXP 	text_3: text = 9
161.8776 	EXP 	text_3: autoDraw = True
162.4003 	EXP 	text_3: autoDraw = False
162.4003 	EXP 	text_3: autoDraw = False
162.4003 	EXP 	image_2: image = 'condition_1/leftstar.PNG'
163.4798 	EXP 	image_2: autoDraw = True
164.2152 	EXP 	New trial (rep=1, index=9): {'stimuli': 2, 'star': 'condition_1/leftstar.PNG', 'CorrectAns': 'left'}
164.2648 	DATA 	Keypress: left
164.2693 	EXP 	image_2: autoDraw = False
164.2693 	EXP 	image_3: image = 'condition_1/fixation.png'
164.2693 	EXP 	image_3: autoDraw = True
164.7448 	EXP 	image_3: autoDraw = False
164.7448 	EXP 	text_3: height = 0.2
164.7448 	EXP 	text_3: height = 0.2
164.7448 	EXP 	text_3: height = 0.2
164.7448 	EXP 	text_3: text = 2
165.2280 	EXP 	text_3: autoDraw = True
165.6459 	EXP 	text_3: autoDraw = False
165.6459 	EXP 	text_3: autoDraw = False
165.6459 	EXP 	image_2: image = 'condition_1/leftstar.PNG'
166.8297 	EXP 	image_2: autoDraw = True
167.6443 	EXP 	image_2: autoDraw = False
168.3636 	EXP 	New trial (rep=1, index=10): {'stimuli': 9, 'star': 'condition_1/rightstar.PNG', 'CorrectAns': 'space'}
168.4180 	DATA 	Keypress: left
168.4226 	EXP 	image_2: autoDraw = False
168.4226 	EXP 	image_3: image = 'condition_1/fixation.png'
168.4226 	EXP 	image_3: autoDraw = True
168.8945 	EXP 	image_3: autoDraw = False
168.8945 	EXP 	text_3: height = 0.2
168.8945 	EXP 	text_3: height = 0.2
168.8945 	EXP 	text_3: height = 0.2
168.8945 	EXP 	text_3: text = 9
169.3776 	EXP 	text_3: autoDraw = True
169.8080 	EXP 	text_3: autoDraw = False
169.8080 	EXP 	text_3: autoDraw = False
169.8080 	EXP 	image_2: image = 'condition_1/rightstar.PNG'
170.9799 	EXP 	image_2: autoDraw = True
171.7482 	EXP 	New trial (rep=1, index=11): {'stimuli': 2, 'star': 'condition_1/rightstar.PNG', 'CorrectAns': 'left'}
171.8010 	DATA 	Keypress: space
171.8057 	EXP 	image_2: autoDraw = False
171.8057 	EXP 	image_3: image = 'condition_1/fixation.png'
171.8057 	EXP 	image_3: autoDraw = True
172.2779 	EXP 	image_3: autoDraw = False
172.2779 	EXP 	text_3: height = 0.2
172.2779 	EXP 	text_3: height = 0.2
172.2779 	EXP 	text_3: height = 0.2
172.2779 	EXP 	text_3: text = 2
172.7613 	EXP 	text_3: autoDraw = True
173.1648 	EXP 	text_3: autoDraw = False
173.1648 	EXP 	text_3: autoDraw = False
173.1648 	EXP 	image_2: image = 'condition_1/rightstar.PNG'
174.3629 	EXP 	image_2: autoDraw = True
174.9984 	EXP 	New trial (rep=1, index=12): {'stimuli': 9, 'star': 'condition_1/blank.PNG', 'CorrectAns': 'space'}
175.0490 	DATA 	Keypress: right
175.0536 	EXP 	image_2: autoDraw = False
175.0536 	EXP 	image_3: image = 'condition_1/fixation.png'
175.0536 	EXP 	image_3: autoDraw = True
175.5277 	EXP 	image_3: autoDraw = False
175.5277 	EXP 	text_3: height = 0.2
175.5277 	EXP 	text_3: height = 0.2
175.5277 	EXP 	text_3: height = 0.2
175.5277 	EXP 	text_3: text = 9
176.0112 	EXP 	text_3: autoDraw = True
176.4343 	EXP 	text_3: autoDraw = False
176.4343 	EXP 	text_3: autoDraw = False
176.4343 	EXP 	image_2: image = 'condition_1/blank.PNG'
177.6121 	EXP 	image_2: autoDraw = True
178.4111 	EXP 	image_2: autoDraw = False
178.5968 	EXP 	New trial (rep=1, index=13): {'stimuli': 1, 'star': 'condition_1/leftstar.PNG', 'CorrectAns': 'left'}
178.6529 	DATA 	Keypress: space
178.6581 	EXP 	image_2: autoDraw = False
178.6581 	EXP 	image_3: image = 'condition_1/fixation.png'
178.6581 	EXP 	image_3: autoDraw = True
179.1279 	EXP 	image_3: autoDraw = False
179.1279 	EXP 	text_3: height = 0.2
179.1279 	EXP 	text_3: height = 0.2
179.1279 	EXP 	text_3: height = 0.2
179.1279 	EXP 	text_3: text = 1
179.6110 	EXP 	text_3: autoDraw = True
180.1880 	EXP 	text_3: autoDraw = False
180.1880 	EXP 	text_3: autoDraw = False
180.1880 	EXP 	image_2: image = 'condition_1/leftstar.PNG'
181.2134 	EXP 	image_2: autoDraw = True
181.8310 	EXP 	New trial (rep=1, index=14): {'stimuli': 8, 'star': 'condition_1/rightstar.PNG', 'CorrectAns': 'space'}
181.8844 	DATA 	Keypress: left
181.8915 	EXP 	image_2: autoDraw = False
181.8915 	EXP 	image_3: image = 'condition_1/fixation.png'
181.8915 	EXP 	image_3: autoDraw = True
182.3731 	EXP 	image_3: autoDraw = False
182.3731 	EXP 	text_3: height = 0.2
182.3731 	EXP 	text_3: height = 0.2
182.3731 	EXP 	text_3: height = 0.2
182.3731 	EXP 	text_3: text = 8
182.8443 	EXP 	text_3: autoDraw = True
183.2466 	EXP 	text_3: autoDraw = False
183.2466 	EXP 	text_3: autoDraw = False
183.2466 	EXP 	image_2: image = 'condition_1/rightstar.PNG'
184.4469 	EXP 	image_2: autoDraw = True
185.1310 	EXP 	New trial (rep=1, index=15): {'stimuli': 2, 'star': 'condition_1/blank.PNG', 'CorrectAns': 'space'}
185.1803 	DATA 	Keypress: space
185.1847 	EXP 	image_2: autoDraw = False
185.1847 	EXP 	image_3: image = 'condition_1/fixation.png'
185.1847 	EXP 	image_3: autoDraw = True
185.6612 	EXP 	image_3: autoDraw = False
185.6612 	EXP 	text_3: height = 0.2
185.6612 	EXP 	text_3: height = 0.2
185.6612 	EXP 	text_3: height = 0.2
185.6612 	EXP 	text_3: text = 2
186.1447 	EXP 	text_3: autoDraw = True
186.5152 	EXP 	text_3: autoDraw = False
186.5152 	EXP 	text_3: autoDraw = False
186.5152 	EXP 	image_2: image = 'condition_1/blank.PNG'
187.7465 	EXP 	image_2: autoDraw = True
188.5609 	EXP 	image_2: autoDraw = False
188.6974 	DATA 	Keypress: space
188.7145 	EXP 	New trial (rep=1, index=16): {'stimuli': 8, 'star': 'condition_1/leftstar.PNG', 'CorrectAns': 'space'}
188.7734 	EXP 	image_2: autoDraw = False
188.7734 	EXP 	image_3: image = 'condition_1/fixation.png'
188.7734 	EXP 	image_3: autoDraw = True
189.2445 	EXP 	image_3: autoDraw = False
189.2445 	EXP 	text_3: height = 0.2
189.2445 	EXP 	text_3: height = 0.2
189.2445 	EXP 	text_3: height = 0.2
189.2445 	EXP 	text_3: text = 8
189.7281 	EXP 	text_3: autoDraw = True
190.2664 	EXP 	text_3: autoDraw = False
190.2664 	EXP 	text_3: autoDraw = False
190.2664 	EXP 	image_2: image = 'condition_1/leftstar.PNG'
191.3298 	EXP 	image_2: autoDraw = True
191.7642 	EXP 	New trial (rep=1, index=17): {'stimuli': 8, 'star': 'condition_1/rightstar.PNG', 'CorrectAns': 'space'}
191.8279 	DATA 	Keypress: space
191.8331 	EXP 	image_2: autoDraw = False
191.8331 	EXP 	image_3: image = 'condition_1/fixation.png'
191.8331 	EXP 	image_3: autoDraw = True
192.2947 	EXP 	image_3: autoDraw = False
192.2947 	EXP 	text_3: height = 0.2
192.2947 	EXP 	text_3: height = 0.2
192.2947 	EXP 	text_3: height = 0.2
192.2947 	EXP 	text_3: text = 8
192.7779 	EXP 	text_3: autoDraw = True
193.2076 	EXP 	text_3: autoDraw = False
193.2076 	EXP 	text_3: autoDraw = False
193.2076 	EXP 	image_2: image = 'condition_1/rightstar.PNG'
194.3801 	EXP 	image_2: autoDraw = True
195.1944 	EXP 	image_2: autoDraw = False
195.2304 	EXP 	New trial (rep=1, index=18): {'stimuli': 9, 'star': 'condition_1/leftstar.PNG', 'CorrectAns': 'space'}
195.2834 	DATA 	Keypress: space
195.2883 	EXP 	image_2: autoDraw = False
195.2883 	EXP 	image_3: image = 'condition_1/fixation.png'
195.2883 	EXP 	image_3: autoDraw = True
195.7609 	EXP 	image_3: autoDraw = False
195.7609 	EXP 	text_3: height = 0.2
195.7609 	EXP 	text_3: height = 0.2
195.7609 	EXP 	text_3: height = 0.2
195.7609 	EXP 	text_3: text = 9
196.2455 	EXP 	text_3: autoDraw = True
196.6744 	EXP 	text_3: autoDraw = False
196.6744 	EXP 	image_2: image = 'condition_1/leftstar.PNG'
197.8467 	EXP 	image_2: autoDraw = True
198.6611 	EXP 	image_2: autoDraw = False
198.7961 	EXP 	New trial (rep=1, index=19): {'stimuli': 8, 'star': 'condition_1/rightstar.PNG', 'CorrectAns': 'space'}
198.8417 	DATA 	Keypress: space
198.8462 	EXP 	image_2: autoDraw = False
198.8462 	EXP 	image_3: image = 'condition_1/fixation.png'
198.8462 	EXP 	image_3: autoDraw = True
199.3274 	EXP 	image_3: autoDraw = False
199.3274 	EXP 	text_3: height = 0.2
199.3274 	EXP 	text_3: height = 0.2
199.3274 	EXP 	text_3: height = 0.2
199.3274 	EXP 	text_3: text = 8
199.8113 	EXP 	text_3: autoDraw = True
200.2280 	EXP 	text_3: autoDraw = False
200.2280 	EXP 	text_3: autoDraw = False
200.2280 	EXP 	image_2: image = 'condition_1/rightstar.PNG'
201.4129 	EXP 	image_2: autoDraw = True
202.1475 	EXP 	New trial (rep=1, index=20): {'stimuli': 8, 'star': 'condition_1/blank.PNG', 'CorrectAns': 'space'}
202.2106 	DATA 	Keypress: space
202.2175 	EXP 	image_2: autoDraw = False
202.2175 	EXP 	image_3: image = 'condition_1/fixation.png'
202.2175 	EXP 	image_3: autoDraw = True
202.6880 	EXP 	image_3: autoDraw = False
202.6880 	EXP 	text_3: height = 0.2
202.6880 	EXP 	text_3: height = 0.2
202.6880 	EXP 	text_3: height = 0.2
202.6880 	EXP 	text_3: text = 8
203.1609 	EXP 	text_3: autoDraw = True
203.5970 	EXP 	text_3: autoDraw = False
203.5970 	EXP 	text_3: autoDraw = False
203.5970 	EXP 	image_2: image = 'condition_1/blank.PNG'
204.7620 	EXP 	image_2: autoDraw = True
205.5612 	EXP 	image_2: autoDraw = False
205.6302 	EXP 	New trial (rep=1, index=21): {'stimuli': 2, 'star': 'condition_1/rightstar.PNG', 'CorrectAns': 'right'}
205.6909 	DATA 	Keypress: space
205.6954 	EXP 	image_2: autoDraw = False
205.6954 	EXP 	image_3: image = 'condition_1/fixation.png'
205.6954 	EXP 	image_3: autoDraw = True
206.1609 	EXP 	image_3: autoDraw = False
206.1609 	EXP 	text_3: height = 0.2
206.1609 	EXP 	text_3: height = 0.2
206.1609 	EXP 	text_3: height = 0.2
206.1609 	EXP 	text_3: text = 2
206.6444 	EXP 	text_3: autoDraw = True
207.1786 	EXP 	text_3: autoDraw = False
207.1786 	EXP 	text_3: autoDraw = False
207.1786 	EXP 	image_2: image = 'condition_1/rightstar.PNG'
208.2463 	EXP 	image_2: autoDraw = True
209.0609 	EXP 	image_2: autoDraw = False
209.2490 	EXP 	New trial (rep=1, index=22): {'stimuli': 1, 'star': 'condition_1/blank.PNG', 'CorrectAns': 'space'}
209.2989 	DATA 	Keypress: right
209.3036 	EXP 	image_2: autoDraw = False
209.3036 	EXP 	image_3: image = 'condition_1/fixation.png'
209.3036 	EXP 	image_3: autoDraw = True
209.7780 	EXP 	image_3: autoDraw = False
209.7780 	EXP 	text_3: height = 0.2
209.7780 	EXP 	text_3: height = 0.2
209.7780 	EXP 	text_3: height = 0.2
209.7780 	EXP 	text_3: text = 1
210.2610 	EXP 	text_3: autoDraw = True
210.6324 	EXP 	text_3: autoDraw = False
210.6324 	EXP 	text_3: autoDraw = False
210.6324 	EXP 	image_2: image = 'condition_1/blank.PNG'
211.8622 	EXP 	image_2: autoDraw = True
212.6610 	EXP 	image_2: autoDraw = False
212.6642 	EXP 	New trial (rep=1, index=23): {'stimuli': 1, 'star': 'condition_1/rightstar.PNG', 'CorrectAns': 'right'}
212.7143 	DATA 	Keypress: space
212.7188 	EXP 	image_2: autoDraw = False
212.7188 	EXP 	image_3: image = 'condition_1/fixation.png'
212.7188 	EXP 	image_3: autoDraw = True
213.1943 	EXP 	image_3: autoDraw = False
213.1943 	EXP 	text_3: height = 0.2
213.1943 	EXP 	text_3: height = 0.2
213.1943 	EXP 	text_3: height = 0.2
213.1943 	EXP 	text_3: text = 1
213.6777 	EXP 	text_3: autoDraw = True
214.2221 	EXP 	text_3: autoDraw = False
214.2221 	EXP 	text_3: autoDraw = False
214.2221 	EXP 	image_2: image = 'condition_1/rightstar.PNG'
215.2801 	EXP 	image_2: autoDraw = True
216.0942 	EXP 	image_2: autoDraw = False
216.0968 	EXP 	New trial (rep=1, index=24): {'stimuli': 9, 'star': 'condition_1/leftstar.PNG', 'CorrectAns': 'space'}
216.1593 	DATA 	Keypress: right
216.1636 	EXP 	image_2: autoDraw = False
216.1636 	EXP 	image_3: image = 'condition_1/fixation.png'
216.1636 	EXP 	image_3: autoDraw = True
216.6274 	EXP 	image_3: autoDraw = False
216.6274 	EXP 	text_3: height = 0.2
216.6274 	EXP 	text_3: height = 0.2
216.6274 	EXP 	text_3: height = 0.2
216.6274 	EXP 	text_3: text = 9
217.1110 	EXP 	text_3: autoDraw = True
217.5246 	EXP 	text_3: autoDraw = False
217.5246 	EXP 	text_3: autoDraw = False
217.5246 	EXP 	image_2: image = 'condition_1/leftstar.PNG'
218.7132 	EXP 	image_2: autoDraw = True
219.4985 	DATA 	Keypress: space
219.5274 	EXP 	image_2: autoDraw = False
219.5274 	EXP 	image_2: autoDraw = False
219.5274 	EXP 	text_10: autoDraw = True
231.4033 	DATA 	Keypress: space
231.4108 	EXP 	text_10: autoDraw = False
231.4108 	EXP 	text_7: autoDraw = True
242.9489 	DATA 	Keypress: space
242.9852 	EXP 	Imported test2/data4.xlsx as conditions, 6 conditions, 3 params
242.9855 	EXP 	Created sequence: random, trialTypes=6, nReps=1, seed=None
242.9857 	EXP 	New trial (rep=0, index=0): {'stimuli': 2, 'star': 'test2/leftstar.PNG', 'CorrectAns': 'space'}
243.0569 	EXP 	text_7: autoDraw = False
243.0569 	EXP 	image_8: image = 'test2/fixation.png'
243.0569 	EXP 	image_8: autoDraw = True
243.4942 	EXP 	image_8: autoDraw = False
243.4942 	EXP 	text_11: height = 0.05
243.4942 	EXP 	text_11: height = 0.05
243.4942 	EXP 	text_11: height = 0.05
243.4942 	EXP 	text_11: text = 2
243.9777 	EXP 	text_11: autoDraw = True
244.5793 	EXP 	text_11: autoDraw = False
244.5793 	EXP 	text_11: autoDraw = False
244.5793 	EXP 	image_9: image = 'test2/leftstar.PNG'
245.5929 	EXP 	image_9: autoDraw = True
246.3943 	EXP 	image_9: autoDraw = False
247.3149 	EXP 	New trial (rep=0, index=1): {'stimuli': 8, 'star': 'test2/rightstar.PNG', 'CorrectAns': 'right'}
247.3661 	DATA 	Keypress: space
247.3706 	EXP 	image_9: autoDraw = False
247.3706 	EXP 	image_8: image = 'test2/fixation.png'
247.3706 	EXP 	image_8: autoDraw = True
247.8443 	EXP 	image_8: autoDraw = False
247.8443 	EXP 	text_11: height = 0.05
247.8443 	EXP 	text_11: height = 0.05
247.8443 	EXP 	text_11: height = 0.05
247.8443 	EXP 	text_11: text = 8
248.3276 	EXP 	text_11: autoDraw = True
248.7514 	EXP 	text_11: autoDraw = False
248.7514 	EXP 	text_11: autoDraw = False
248.7514 	EXP 	image_9: image = 'test2/rightstar.PNG'
249.9299 	EXP 	image_9: autoDraw = True
250.4328 	EXP 	New trial (rep=0, index=2): {'stimuli': 9, 'star': 'test2/rightstar.PNG', 'CorrectAns': 'right'}
250.4788 	DATA 	Keypress: right
250.4842 	EXP 	image_9: autoDraw = False
250.4842 	EXP 	image_8: image = 'test2/fixation.png'
250.4842 	EXP 	image_8: autoDraw = True
250.9608 	EXP 	image_8: autoDraw = False
250.9608 	EXP 	text_11: height = 0.05
250.9608 	EXP 	text_11: height = 0.05
250.9608 	EXP 	text_11: height = 0.05
250.9608 	EXP 	text_11: text = 9
251.4439 	EXP 	text_11: autoDraw = True
251.8562 	EXP 	text_11: autoDraw = False
251.8562 	EXP 	text_11: autoDraw = False
251.8562 	EXP 	image_9: image = 'test2/rightstar.PNG'
253.0463 	EXP 	image_9: autoDraw = True
253.4649 	EXP 	New trial (rep=0, index=3): {'stimuli': 1, 'star': 'test2/leftstar.PNG', 'CorrectAns': 'space'}
253.5140 	DATA 	Keypress: right
253.5186 	EXP 	image_9: autoDraw = False
253.5186 	EXP 	image_8: image = 'test2/fixation.png'
253.5186 	EXP 	image_8: autoDraw = True
253.9942 	EXP 	image_8: autoDraw = False
253.9942 	EXP 	text_11: height = 0.05
253.9942 	EXP 	text_11: height = 0.05
253.9942 	EXP 	text_11: height = 0.05
253.9942 	EXP 	text_11: text = 1
254.4773 	EXP 	text_11: autoDraw = True
254.8952 	EXP 	text_11: autoDraw = False
254.8952 	EXP 	text_11: autoDraw = False
254.8952 	EXP 	image_9: image = 'test2/leftstar.PNG'
256.0798 	EXP 	image_9: autoDraw = True
256.3308 	EXP 	New trial (rep=0, index=4): {'stimuli': 8, 'star': 'test2/leftstar.PNG', 'CorrectAns': 'left'}
256.3819 	DATA 	Keypress: space
256.3870 	EXP 	image_9: autoDraw = False
256.3870 	EXP 	image_8: image = 'test2/fixation.png'
256.3870 	EXP 	image_8: autoDraw = True
256.8610 	EXP 	image_8: autoDraw = False
256.8610 	EXP 	text_11: height = 0.05
256.8610 	EXP 	text_11: height = 0.05
256.8610 	EXP 	text_11: height = 0.05
256.8610 	EXP 	text_11: text = 8
257.3444 	EXP 	text_11: autoDraw = True
257.7668 	EXP 	text_11: autoDraw = False
257.7668 	EXP 	text_11: autoDraw = False
257.7668 	EXP 	image_9: image = 'test2/leftstar.PNG'
258.9462 	EXP 	image_9: autoDraw = True
259.2807 	EXP 	New trial (rep=0, index=5): {'stimuli': 1, 'star': 'test2/blank.PNG', 'CorrectAns': 'space'}
259.3291 	DATA 	Keypress: left
259.3332 	EXP 	image_9: autoDraw = False
259.3332 	EXP 	image_8: image = 'test2/fixation.png'
259.3332 	EXP 	image_8: autoDraw = True
259.8110 	EXP 	image_8: autoDraw = False
259.8110 	EXP 	text_11: height = 0.05
259.8110 	EXP 	text_11: height = 0.05
259.8110 	EXP 	text_11: height = 0.05
259.8110 	EXP 	text_11: text = 1
260.2940 	EXP 	text_11: autoDraw = True
260.7121 	EXP 	text_11: autoDraw = False
260.7121 	EXP 	text_11: autoDraw = False
260.7121 	EXP 	image_9: image = 'test2/blank.PNG'
261.8959 	EXP 	image_9: autoDraw = True
262.0481 	DATA 	Keypress: space
262.0774 	EXP 	image_9: autoDraw = False
262.0774 	EXP 	text_12: autoDraw = True
263.0777 	EXP 	text_12: autoDraw = False
266.4889 	DATA 	Keypress: space
266.4941 	EXP 	text_12: autoDraw = False
266.4941 	EXP 	text_13: autoDraw = True
267.4940 	EXP 	text_13: autoDraw = False
271.1674 	EXP 	Imported condition_2/data2.xlsx as conditions, 25 conditions, 3 params
271.1679 	EXP 	Created sequence: random, trialTypes=25, nReps=2, seed=None
271.1680 	EXP 	New trial (rep=0, index=0): {'stimuli': 9, 'star': 'condition_2/leftstar.PNG', 'CorrectAns': 'left'}
271.2437 	DATA 	Keypress: space
271.2502 	EXP 	text_13: autoDraw = False
271.2502 	EXP 	image_4: image = 'condition_2/fixation.png'
271.2502 	EXP 	image_4: autoDraw = True
271.6774 	EXP 	image_4: autoDraw = False
271.6774 	EXP 	text: height = 0.2
271.6774 	EXP 	text: height = 0.2
271.6774 	EXP 	text: height = 0.2
271.6774 	EXP 	text: text = 9
272.1611 	EXP 	text: autoDraw = True
272.7398 	EXP 	text: autoDraw = False
272.7398 	EXP 	text: autoDraw = False
272.7398 	EXP 	image_5: image = 'condition_2/leftstar.PNG'
273.7765 	EXP 	image_5: autoDraw = True
274.5778 	EXP 	image_5: autoDraw = False
275.1472 	EXP 	New trial (rep=0, index=1): {'stimuli': 2, 'star': 'condition_2/blank.PNG', 'CorrectAns': 'space'}
275.1943 	DATA 	Keypress: left
275.1986 	EXP 	image_5: autoDraw = False
275.1986 	EXP 	image_4: image = 'condition_2/fixation.png'
275.1986 	EXP 	image_4: autoDraw = True
275.6778 	EXP 	image_4: autoDraw = False
275.6778 	EXP 	text: height = 0.2
275.6778 	EXP 	text: height = 0.2
275.6778 	EXP 	text: height = 0.2
275.6778 	EXP 	text: text = 2
276.1613 	EXP 	text: autoDraw = True
276.5468 	EXP 	text: autoDraw = False
276.5468 	EXP 	text: autoDraw = False
276.5468 	EXP 	image_5: image = 'condition_2/blank.PNG'
277.7621 	EXP 	image_5: autoDraw = True
278.5311 	EXP 	New trial (rep=0, index=2): {'stimuli': 9, 'star': 'condition_2/rightstar.PNG', 'CorrectAns': 'right'}
278.5947 	DATA 	Keypress: space
278.5994 	EXP 	image_5: autoDraw = False
278.5994 	EXP 	image_4: image = 'condition_2/fixation.png'
278.5994 	EXP 	image_4: autoDraw = True
279.0608 	EXP 	image_4: autoDraw = False
279.0608 	EXP 	text: height = 0.2
279.0608 	EXP 	text: height = 0.2
279.0608 	EXP 	text: height = 0.2
279.0608 	EXP 	text: text = 9
279.5440 	EXP 	text: autoDraw = True
279.9807 	EXP 	text: autoDraw = False
279.9807 	EXP 	text: autoDraw = False
279.9807 	EXP 	image_5: image = 'condition_2/rightstar.PNG'
281.1463 	EXP 	image_5: autoDraw = True
281.8315 	DATA 	Keypress: right
281.8474 	EXP 	New trial (rep=0, index=3): {'stimuli': 8, 'star': 'condition_2/rightstar.PNG', 'CorrectAns': 'right'}
281.9043 	EXP 	image_5: autoDraw = False
281.9043 	EXP 	image_4: image = 'condition_2/fixation.png'
281.9043 	EXP 	image_4: autoDraw = True
282.3775 	EXP 	image_4: autoDraw = False
282.3775 	EXP 	text: height = 0.2
282.3775 	EXP 	text: height = 0.2
282.3775 	EXP 	text: height = 0.2
282.3775 	EXP 	text: text = 8
282.8610 	EXP 	text: autoDraw = True
283.2862 	EXP 	text: autoDraw = False
283.2862 	EXP 	text: autoDraw = False
283.2862 	EXP 	image_5: image = 'condition_2/rightstar.PNG'
284.4633 	EXP 	image_5: autoDraw = True
284.8303 	EXP 	New trial (rep=0, index=4): {'stimuli': 2, 'star': 'condition_2/leftstar.PNG', 'CorrectAns': 'space'}
284.8775 	DATA 	Keypress: right
284.8823 	EXP 	image_5: autoDraw = False
284.8823 	EXP 	image_4: image = 'condition_2/fixation.png'
284.8823 	EXP 	image_4: autoDraw = True
285.3611 	EXP 	image_4: autoDraw = False
285.3611 	EXP 	text: height = 0.2
285.3611 	EXP 	text: height = 0.2
285.3611 	EXP 	text: height = 0.2
285.3611 	EXP 	text: text = 2
285.8443 	EXP 	text: autoDraw = True
286.2867 	EXP 	text: autoDraw = False
286.2867 	EXP 	text: autoDraw = False
286.2867 	EXP 	image_5: image = 'condition_2/leftstar.PNG'
287.4467 	EXP 	image_5: autoDraw = True
287.7307 	EXP 	New trial (rep=0, index=5): {'stimuli': 2, 'star': 'condition_2/leftstar.PNG', 'CorrectAns': 'space'}
287.7910 	DATA 	Keypress: space
287.7971 	EXP 	image_5: autoDraw = False
287.7971 	EXP 	image_4: image = 'condition_2/fixation.png'
287.7971 	EXP 	image_4: autoDraw = True
288.2705 	EXP 	image_4: autoDraw = False
288.2705 	EXP 	text: height = 0.2
288.2705 	EXP 	text: height = 0.2
288.2705 	EXP 	text: height = 0.2
288.2705 	EXP 	text: text = 2
288.7445 	EXP 	text: autoDraw = True
289.1737 	EXP 	text: autoDraw = False
289.1737 	EXP 	text: autoDraw = False
289.1737 	EXP 	image_5: image = 'condition_2/leftstar.PNG'
290.3466 	EXP 	image_5: autoDraw = True
291.1611 	EXP 	image_5: autoDraw = False
292.2300 	EXP 	New trial (rep=0, index=6): {'stimuli': 1, 'star': 'condition_2/leftstar.PNG', 'CorrectAns': 'space'}
292.2876 	DATA 	Keypress: space
292.2922 	EXP 	image_5: autoDraw = False
292.2922 	EXP 	image_4: image = 'condition_2/fixation.png'
292.2922 	EXP 	image_4: autoDraw = True
292.7610 	EXP 	image_4: autoDraw = False
292.7610 	EXP 	text: height = 0.2
292.7610 	EXP 	text: height = 0.2
292.7610 	EXP 	text: height = 0.2
292.7610 	EXP 	text: text = 1
293.2444 	EXP 	text: autoDraw = True
293.6773 	EXP 	text: autoDraw = False
293.6773 	EXP 	text: autoDraw = False
293.6773 	EXP 	image_5: image = 'condition_2/leftstar.PNG'
294.8469 	EXP 	image_5: autoDraw = True
295.6609 	EXP 	image_5: autoDraw = False
296.0304 	EXP 	New trial (rep=0, index=7): {'stimuli': 8, 'star': 'condition_2/leftstar.PNG', 'CorrectAns': 'left'}
296.0767 	DATA 	Keypress: space
296.0823 	EXP 	image_5: autoDraw = False
296.0823 	EXP 	image_4: image = 'condition_2/fixation.png'
296.0823 	EXP 	image_4: autoDraw = True
296.5612 	EXP 	image_4: autoDraw = False
296.5612 	EXP 	text: height = 0.2
296.5612 	EXP 	text: height = 0.2
296.5612 	EXP 	text: height = 0.2
296.5612 	EXP 	text: text = 8
297.0443 	EXP 	text: autoDraw = True
297.4437 	EXP 	text: autoDraw = False
297.4437 	EXP 	text: autoDraw = False
297.4437 	EXP 	image_5: image = 'condition_2/leftstar.PNG'
298.6463 	EXP 	image_5: autoDraw = True
299.0161 	DATA 	Keypress: left
299.0308 	EXP 	New trial (rep=0, index=8): {'stimuli': 8, 'star': 'condition_2/leftstar.PNG', 'CorrectAns': 'left'}
299.0925 	EXP 	image_5: autoDraw = False
299.0925 	EXP 	image_4: image = 'condition_2/fixation.png'
299.0925 	EXP 	image_4: autoDraw = True
299.5607 	EXP 	image_4: autoDraw = False
299.5607 	EXP 	text: height = 0.2
299.5607 	EXP 	text: height = 0.2
299.5607 	EXP 	text: height = 0.2
299.5607 	EXP 	text: text = 8
300.0444 	EXP 	text: autoDraw = True
300.4513 	EXP 	text: autoDraw = False
300.4513 	EXP 	text: autoDraw = False
300.4513 	EXP 	image_5: image = 'condition_2/leftstar.PNG'
301.6464 	EXP 	image_5: autoDraw = True
301.9648 	EXP 	New trial (rep=0, index=9): {'stimuli': 1, 'star': 'condition_2/leftstar.PNG', 'CorrectAns': 'space'}
302.0118 	DATA 	Keypress: left
302.0163 	EXP 	image_5: autoDraw = False
302.0163 	EXP 	image_4: image = 'condition_2/fixation.png'
302.0163 	EXP 	image_4: autoDraw = True
302.4944 	EXP 	image_4: autoDraw = False
302.4944 	EXP 	text: height = 0.2
302.4944 	EXP 	text: height = 0.2
302.4944 	EXP 	text: height = 0.2
302.4944 	EXP 	text: text = 1
302.9775 	EXP 	text: autoDraw = True
303.3868 	EXP 	text: autoDraw = False
303.3868 	EXP 	text: autoDraw = False
303.3868 	EXP 	image_5: image = 'condition_2/leftstar.PNG'
304.5804 	EXP 	image_5: autoDraw = True
304.7812 	EXP 	New trial (rep=0, index=10): {'stimuli': 1, 'star': 'condition_2/blank.PNG', 'CorrectAns': 'space'}
304.8305 	DATA 	Keypress: space
304.8349 	EXP 	image_5: autoDraw = False
304.8349 	EXP 	image_4: image = 'condition_2/fixation.png'
304.8349 	EXP 	image_4: autoDraw = True
305.3109 	EXP 	image_4: autoDraw = False
305.3109 	EXP 	text: height = 0.2
305.3109 	EXP 	text: height = 0.2
305.3109 	EXP 	text: height = 0.2
305.3109 	EXP 	text: text = 1
305.7943 	EXP 	text: autoDraw = True
306.2342 	EXP 	text: autoDraw = False
306.2342 	EXP 	text: autoDraw = False
306.2342 	EXP 	image_5: image = 'condition_2/blank.PNG'
307.3954 	EXP 	image_5: autoDraw = True
307.8972 	EXP 	New trial (rep=0, index=11): {'stimuli': 9, 'star': 'condition_2/leftstar.PNG', 'CorrectAns': 'left'}
307.9531 	DATA 	Keypress: space
307.9575 	EXP 	image_5: autoDraw = False
307.9575 	EXP 	image_4: image = 'condition_2/fixation.png'
307.9575 	EXP 	image_4: autoDraw = True
308.4353 	EXP 	image_4: autoDraw = False
308.4353 	EXP 	text: height = 0.2
308.4353 	EXP 	text: height = 0.2
308.4353 	EXP 	text: height = 0.2
308.4353 	EXP 	text: text = 9
308.9109 	EXP 	text: autoDraw = True
309.4348 	EXP 	text: autoDraw = False
309.4348 	EXP 	text: autoDraw = False
309.4348 	EXP 	image_5: image = 'condition_2/leftstar.PNG'
310.5133 	EXP 	image_5: autoDraw = True
311.0988 	EXP 	New trial (rep=0, index=12): {'stimuli': 1, 'star': 'condition_2/rightstar.PNG', 'CorrectAns': 'space'}
311.1465 	DATA 	Keypress: left
311.1510 	EXP 	image_5: autoDraw = False
311.1510 	EXP 	image_4: image = 'condition_2/fixation.png'
311.1510 	EXP 	image_4: autoDraw = True
311.6278 	EXP 	image_4: autoDraw = False
311.6278 	EXP 	text: height = 0.2
311.6278 	EXP 	text: height = 0.2
311.6278 	EXP 	text: height = 0.2
311.6278 	EXP 	text: text = 1
312.1113 	EXP 	text: autoDraw = True
312.5076 	EXP 	text: autoDraw = False
312.5076 	EXP 	text: autoDraw = False
312.5076 	EXP 	image_5: image = 'condition_2/rightstar.PNG'
313.7133 	EXP 	image_5: autoDraw = True
314.5274 	EXP 	image_5: autoDraw = False
314.8475 	EXP 	New trial (rep=0, index=13): {'stimuli': 9, 'star': 'condition_2/leftstar.PNG', 'CorrectAns': 'left'}
314.8938 	DATA 	Keypress: space
314.8985 	EXP 	image_5: autoDraw = False
314.8985 	EXP 	image_4: image = 'condition_2/fixation.png'
314.8985 	EXP 	image_4: autoDraw = True
315.3774 	EXP 	image_4: autoDraw = False
315.3774 	EXP 	text: height = 0.2
315.3774 	EXP 	text: height = 0.2
315.3774 	EXP 	text: height = 0.2
315.3774 	EXP 	text: text = 9
315.8609 	EXP 	text: autoDraw = True
316.2890 	EXP 	text: autoDraw = False
316.2890 	EXP 	text: autoDraw = False
316.2890 	EXP 	image_5: image = 'condition_2/leftstar.PNG'
317.4633 	EXP 	image_5: autoDraw = True
317.7648 	EXP 	New trial (rep=0, index=14): {'stimuli': 2, 'star': 'condition_2/rightstar.PNG', 'CorrectAns': 'space'}
317.8187 	DATA 	Keypress: left
317.8232 	EXP 	image_5: autoDraw = False
317.8232 	EXP 	image_4: image = 'condition_2/fixation.png'
317.8232 	EXP 	image_4: autoDraw = True
318.2941 	EXP 	image_4: autoDraw = False
318.2941 	EXP 	text: height = 0.2
318.2941 	EXP 	text: height = 0.2
318.2941 	EXP 	text: height = 0.2
318.2941 	EXP 	text: text = 2
318.7774 	EXP 	text: autoDraw = True
319.1888 	EXP 	text: autoDraw = False
319.1888 	EXP 	text: autoDraw = False
319.1888 	EXP 	image_5: image = 'condition_2/rightstar.PNG'
320.3799 	EXP 	image_5: autoDraw = True
320.9644 	EXP 	New trial (rep=0, index=15): {'stimuli': 1, 'star': 'condition_2/leftstar.PNG', 'CorrectAns': 'space'}
321.0130 	DATA 	Keypress: space
321.0174 	EXP 	image_5: autoDraw = False
321.0174 	EXP 	image_4: image = 'condition_2/fixation.png'
321.0174 	EXP 	image_4: autoDraw = True
321.4940 	EXP 	image_4: autoDraw = False
321.4940 	EXP 	text: height = 0.2
321.4940 	EXP 	text: height = 0.2
321.4940 	EXP 	text: height = 0.2
321.4940 	EXP 	text: text = 1
321.9778 	EXP 	text: autoDraw = True
322.3978 	EXP 	text: autoDraw = False
322.3978 	EXP 	text: autoDraw = False
322.3978 	EXP 	image_5: image = 'condition_2/leftstar.PNG'
323.5798 	EXP 	image_5: autoDraw = True
324.3943 	EXP 	image_5: autoDraw = False
324.7635 	EXP 	New trial (rep=0, index=16): {'stimuli': 1, 'star': 'condition_2/rightstar.PNG', 'CorrectAns': 'space'}
324.8104 	DATA 	Keypress: space
324.8147 	EXP 	image_5: autoDraw = False
324.8147 	EXP 	image_4: image = 'condition_2/fixation.png'
324.8147 	EXP 	image_4: autoDraw = True
325.2943 	EXP 	image_4: autoDraw = False
325.2943 	EXP 	text: height = 0.2
325.2943 	EXP 	text: height = 0.2
325.2943 	EXP 	text: height = 0.2
325.2943 	EXP 	text: text = 1
325.7776 	EXP 	text: autoDraw = True
326.2006 	EXP 	text: autoDraw = False
326.2006 	EXP 	text: autoDraw = False
326.2006 	EXP 	image_5: image = 'condition_2/rightstar.PNG'
327.3801 	EXP 	image_5: autoDraw = True
328.1943 	EXP 	image_5: autoDraw = False
328.9138 	EXP 	New trial (rep=0, index=17): {'stimuli': 9, 'star': 'condition_2/rightstar.PNG', 'CorrectAns': 'right'}
328.9926 	DATA 	Keypress: right
328.9969 	EXP 	image_5: autoDraw = False
328.9969 	EXP 	image_4: image = 'condition_2/fixation.png'
328.9969 	EXP 	image_4: autoDraw = True
329.4563 	EXP 	image_4: autoDraw = False
329.4563 	EXP 	text: height = 0.2
329.4563 	EXP 	text: height = 0.2
329.4563 	EXP 	text: height = 0.2
329.4563 	EXP 	text: text = 9
329.9274 	EXP 	text: autoDraw = True
330.3353 	EXP 	text: autoDraw = False
330.3353 	EXP 	text: autoDraw = False
330.3353 	EXP 	image_5: image = 'condition_2/rightstar.PNG'
331.5296 	EXP 	image_5: autoDraw = True
331.9158 	EXP 	New trial (rep=0, index=18): {'stimuli': 9, 'star': 'condition_2/blank.PNG', 'CorrectAns': 'space'}
331.9711 	DATA 	Keypress: right
331.9759 	EXP 	image_5: autoDraw = False
331.9759 	EXP 	image_4: image = 'condition_2/fixation.png'
331.9759 	EXP 	image_4: autoDraw = True
332.4442 	EXP 	image_4: autoDraw = False
332.4442 	EXP 	text: height = 0.2
332.4442 	EXP 	text: height = 0.2
332.4442 	EXP 	text: height = 0.2
332.4442 	EXP 	text: text = 9
332.9278 	EXP 	text: autoDraw = True
333.3553 	EXP 	text: autoDraw = False
333.3553 	EXP 	text: autoDraw = False
333.3553 	EXP 	image_5: image = 'condition_2/blank.PNG'
334.5289 	EXP 	image_5: autoDraw = True
335.3277 	EXP 	image_5: autoDraw = False
336.7640 	EXP 	New trial (rep=0, index=19): {'stimuli': 2, 'star': 'condition_2/rightstar.PNG', 'CorrectAns': 'space'}
336.8124 	DATA 	Keypress: space
336.8170 	EXP 	image_5: autoDraw = False
336.8170 	EXP 	image_4: image = 'condition_2/fixation.png'
336.8170 	EXP 	image_4: autoDraw = True
337.2943 	EXP 	image_4: autoDraw = False
337.2943 	EXP 	text: height = 0.2
337.2943 	EXP 	text: height = 0.2
337.2943 	EXP 	text: height = 0.2
337.2943 	EXP 	text: text = 2
337.7779 	EXP 	text: autoDraw = True
338.3049 	EXP 	text: autoDraw = False
338.3049 	EXP 	text: autoDraw = False
338.3049 	EXP 	image_5: image = 'condition_2/rightstar.PNG'
339.3806 	EXP 	image_5: autoDraw = True
340.1649 	EXP 	New trial (rep=0, index=20): {'stimuli': 8, 'star': 'condition_2/blank.PNG', 'CorrectAns': 'space'}
340.2303 	DATA 	Keypress: space
340.2344 	EXP 	image_5: autoDraw = False
340.2344 	EXP 	image_4: image = 'condition_2/fixation.png'
340.2344 	EXP 	image_4: autoDraw = True
340.6945 	EXP 	image_4: autoDraw = False
340.6945 	EXP 	text: height = 0.2
340.6945 	EXP 	text: height = 0.2
340.6945 	EXP 	text: height = 0.2
340.6945 	EXP 	text: text = 8
341.1776 	EXP 	text: autoDraw = True
341.5453 	EXP 	text: autoDraw = False
341.5453 	EXP 	text: autoDraw = False
341.5453 	EXP 	image_5: image = 'condition_2/blank.PNG'
342.7787 	EXP 	image_5: autoDraw = True
343.5772 	EXP 	image_5: autoDraw = False
348.2141 	DATA 	Keypress: space
348.2306 	EXP 	New trial (rep=0, index=21): {'stimuli': 8, 'star': 'condition_2/blank.PNG', 'CorrectAns': 'space'}
348.2847 	EXP 	image_5: autoDraw = False
348.2847 	EXP 	image_4: image = 'condition_2/fixation.png'
348.2847 	EXP 	image_4: autoDraw = True
348.7608 	EXP 	image_4: autoDraw = False
348.7608 	EXP 	text: height = 0.2
348.7608 	EXP 	text: height = 0.2
348.7608 	EXP 	text: height = 0.2
348.7608 	EXP 	text: text = 8
349.2441 	EXP 	text: autoDraw = True
349.5859 	EXP 	text: autoDraw = False
349.5859 	EXP 	text: autoDraw = False
349.5859 	EXP 	image_5: image = 'condition_2/blank.PNG'
350.8455 	EXP 	image_5: autoDraw = True
351.6442 	EXP 	image_5: autoDraw = False
352.3301 	EXP 	New trial (rep=0, index=22): {'stimuli': 8, 'star': 'condition_2/rightstar.PNG', 'CorrectAns': 'right'}
352.4175 	DATA 	Keypress: space
352.4215 	EXP 	image_5: autoDraw = False
352.4215 	EXP 	image_4: image = 'condition_2/fixation.png'
352.4215 	EXP 	image_4: autoDraw = True
352.8610 	EXP 	image_4: autoDraw = False
352.8610 	EXP 	text: height = 0.2
352.8610 	EXP 	text: height = 0.2
352.8610 	EXP 	text: height = 0.2
352.8610 	EXP 	text: text = 8
353.3444 	EXP 	text: autoDraw = True
353.9921 	EXP 	text: autoDraw = False
353.9921 	EXP 	text: autoDraw = False
353.9921 	EXP 	image_5: image = 'condition_2/rightstar.PNG'
354.9461 	EXP 	image_5: autoDraw = True
355.3810 	EXP 	New trial (rep=0, index=23): {'stimuli': 2, 'star': 'condition_2/rightstar.PNG', 'CorrectAns': 'space'}
355.4506 	DATA 	Keypress: right
355.4546 	EXP 	image_5: autoDraw = False
355.4546 	EXP 	image_4: image = 'condition_2/fixation.png'
355.4546 	EXP 	image_4: autoDraw = True
355.9169 	EXP 	image_4: autoDraw = False
355.9169 	EXP 	text: height = 0.2
355.9169 	EXP 	text: height = 0.2
355.9169 	EXP 	text: height = 0.2
355.9169 	EXP 	text: text = 2
356.3942 	EXP 	text: autoDraw = True
356.8073 	EXP 	text: autoDraw = False
356.8073 	EXP 	text: autoDraw = False
356.8073 	EXP 	image_5: image = 'condition_2/rightstar.PNG'
357.9963 	EXP 	image_5: autoDraw = True
358.7330 	DATA 	Keypress: right
358.7482 	EXP 	New trial (rep=0, index=24): {'stimuli': 8, 'star': 'condition_2/rightstar.PNG', 'CorrectAns': 'right'}
358.7985 	EXP 	image_5: autoDraw = False
358.7985 	EXP 	image_4: image = 'condition_2/fixation.png'
358.7985 	EXP 	image_4: autoDraw = True
359.2775 	EXP 	image_4: autoDraw = False
359.2775 	EXP 	text: height = 0.2
359.2775 	EXP 	text: height = 0.2
359.2775 	EXP 	text: height = 0.2
359.2775 	EXP 	text: text = 8
359.7610 	EXP 	text: autoDraw = True
360.1784 	EXP 	text: autoDraw = False
360.1784 	EXP 	text: autoDraw = False
360.1784 	EXP 	image_5: image = 'condition_2/rightstar.PNG'
361.3628 	EXP 	image_5: autoDraw = True
361.8817 	EXP 	New trial (rep=1, index=0): {'stimuli': 1, 'star': 'condition_2/rightstar.PNG', 'CorrectAns': 'space'}
361.9301 	DATA 	Keypress: right
361.9343 	EXP 	image_5: autoDraw = False
361.9343 	EXP 	image_4: image = 'condition_2/fixation.png'
361.9343 	EXP 	image_4: autoDraw = True
362.4110 	EXP 	image_4: autoDraw = False
362.4110 	EXP 	text: height = 0.2
362.4110 	EXP 	text: height = 0.2
362.4110 	EXP 	text: height = 0.2
362.4110 	EXP 	text: text = 1
362.8943 	EXP 	text: autoDraw = True
363.3145 	EXP 	text: autoDraw = False
363.3145 	EXP 	text: autoDraw = False
363.3145 	EXP 	image_5: image = 'condition_2/rightstar.PNG'
364.4962 	EXP 	image_5: autoDraw = True
364.8977 	EXP 	New trial (rep=1, index=1): {'stimuli': 8, 'star': 'condition_2/rightstar.PNG', 'CorrectAns': 'right'}
364.9467 	DATA 	Keypress: space
364.9508 	EXP 	image_5: autoDraw = False
364.9508 	EXP 	image_4: image = 'condition_2/fixation.png'
364.9508 	EXP 	image_4: autoDraw = True
365.4277 	EXP 	image_4: autoDraw = False
365.4277 	EXP 	text: height = 0.2
365.4277 	EXP 	text: height = 0.2
365.4277 	EXP 	text: height = 0.2
365.4277 	EXP 	text: text = 8
365.9109 	EXP 	text: autoDraw = True
366.3182 	EXP 	text: autoDraw = False
366.3182 	EXP 	text: autoDraw = False
366.3182 	EXP 	image_5: image = 'condition_2/rightstar.PNG'
367.5127 	EXP 	image_5: autoDraw = True
367.9811 	EXP 	New trial (rep=1, index=2): {'stimuli': 8, 'star': 'condition_2/rightstar.PNG', 'CorrectAns': 'right'}
368.0351 	DATA 	Keypress: right
368.0420 	EXP 	image_5: autoDraw = False
368.0420 	EXP 	image_4: image = 'condition_2/fixation.png'
368.0420 	EXP 	image_4: autoDraw = True
368.5108 	EXP 	image_4: autoDraw = False
368.5108 	EXP 	text: height = 0.2
368.5108 	EXP 	text: height = 0.2
368.5108 	EXP 	text: height = 0.2
368.5108 	EXP 	text: text = 8
368.9942 	EXP 	text: autoDraw = True
369.4184 	EXP 	text: autoDraw = False
369.4184 	EXP 	text: autoDraw = False
369.4184 	EXP 	image_5: image = 'condition_2/rightstar.PNG'
370.5963 	EXP 	image_5: autoDraw = True
371.0309 	EXP 	New trial (rep=1, index=3): {'stimuli': 9, 'star': 'condition_2/blank.PNG', 'CorrectAns': 'space'}
371.0815 	DATA 	Keypress: right
371.0859 	EXP 	image_5: autoDraw = False
371.0859 	EXP 	image_4: image = 'condition_2/fixation.png'
371.0859 	EXP 	image_4: autoDraw = True
371.5609 	EXP 	image_4: autoDraw = False
371.5609 	EXP 	text: height = 0.2
371.5609 	EXP 	text: height = 0.2
371.5609 	EXP 	text: height = 0.2
371.5609 	EXP 	text: text = 9
372.0443 	EXP 	text: autoDraw = True
372.4743 	EXP 	text: autoDraw = False
372.4743 	EXP 	text: autoDraw = False
372.4743 	EXP 	image_5: image = 'condition_2/blank.PNG'
373.6456 	EXP 	image_5: autoDraw = True
374.4607 	EXP 	image_5: autoDraw = False
374.6804 	EXP 	New trial (rep=1, index=4): {'stimuli': 8, 'star': 'condition_2/blank.PNG', 'CorrectAns': 'space'}
374.7293 	DATA 	Keypress: space
374.7337 	EXP 	image_5: autoDraw = False
374.7337 	EXP 	image_4: image = 'condition_2/fixation.png'
374.7337 	EXP 	image_4: autoDraw = True
375.2238 	EXP 	image_4: autoDraw = False
375.2238 	EXP 	text: height = 0.2
375.2238 	EXP 	text: height = 0.2
375.2238 	EXP 	text: height = 0.2
375.2238 	EXP 	text: text = 8
375.6942 	EXP 	text: autoDraw = True
376.0150 	EXP 	text: autoDraw = False
376.0150 	EXP 	text: autoDraw = False
376.0150 	EXP 	image_5: image = 'condition_2/blank.PNG'
377.2954 	EXP 	image_5: autoDraw = True
378.0946 	EXP 	image_5: autoDraw = False
378.1656 	EXP 	New trial (rep=1, index=5): {'stimuli': 9, 'star': 'condition_2/rightstar.PNG', 'CorrectAns': 'right'}
378.2205 	DATA 	Keypress: space
378.2247 	EXP 	image_5: autoDraw = False
378.2247 	EXP 	image_4: image = 'condition_2/fixation.png'
378.2247 	EXP 	image_4: autoDraw = True
378.6943 	EXP 	image_4: autoDraw = False
378.6943 	EXP 	text: height = 0.2
378.6943 	EXP 	text: height = 0.2
378.6943 	EXP 	text: height = 0.2
378.6943 	EXP 	text: text = 9
379.1778 	EXP 	text: autoDraw = True
379.7234 	EXP 	text: autoDraw = False
379.7234 	EXP 	text: autoDraw = False
379.7234 	EXP 	image_5: image = 'condition_2/rightstar.PNG'
380.7798 	EXP 	image_5: autoDraw = True
381.5945 	EXP 	image_5: autoDraw = False
382.5965 	EXP 	New trial (rep=1, index=6): {'stimuli': 1, 'star': 'condition_2/blank.PNG', 'CorrectAns': 'space'}
382.6736 	DATA 	Keypress: space
382.6776 	EXP 	image_5: autoDraw = False
382.6776 	EXP 	image_4: image = 'condition_2/fixation.png'
382.6776 	EXP 	image_4: autoDraw = True
383.1274 	EXP 	image_4: autoDraw = False
383.1274 	EXP 	text: height = 0.2
383.1274 	EXP 	text: height = 0.2
383.1274 	EXP 	text: height = 0.2
383.1274 	EXP 	text: text = 1
383.6109 	EXP 	text: autoDraw = True
383.9904 	EXP 	text: autoDraw = False
383.9904 	EXP 	text: autoDraw = False
383.9904 	EXP 	image_5: image = 'condition_2/blank.PNG'
385.2125 	EXP 	image_5: autoDraw = True
386.0278 	EXP 	image_5: autoDraw = False
387.5644 	EXP 	New trial (rep=1, index=7): {'stimuli': 9, 'star': 'condition_2/leftstar.PNG', 'CorrectAns': 'left'}
387.6372 	DATA 	Keypress: space
387.6420 	EXP 	image_5: autoDraw = False
387.6420 	EXP 	image_4: image = 'condition_2/fixation.png'
387.6420 	EXP 	image_4: autoDraw = True
388.0946 	EXP 	image_4: autoDraw = False
388.0946 	EXP 	text: height = 0.2
388.0946 	EXP 	text: height = 0.2
388.0946 	EXP 	text: height = 0.2
388.0946 	EXP 	text: text = 9
388.5778 	EXP 	text: autoDraw = True
389.1410 	EXP 	text: autoDraw = False
389.1410 	EXP 	text: autoDraw = False
389.1410 	EXP 	image_5: image = 'condition_2/leftstar.PNG'
390.1805 	EXP 	image_5: autoDraw = True
390.4978 	EXP 	New trial (rep=1, index=8): {'stimuli': 8, 'star': 'condition_2/rightstar.PNG', 'CorrectAns': 'right'}
390.5908 	DATA 	Keypress: left
390.5951 	EXP 	image_5: autoDraw = False
390.5951 	EXP 	image_4: image = 'condition_2/fixation.png'
390.5951 	EXP 	image_4: autoDraw = True
391.0274 	EXP 	image_4: autoDraw = False
391.0274 	EXP 	text: height = 0.2
391.0274 	EXP 	text: height = 0.2
391.0274 	EXP 	text: height = 0.2
391.0274 	EXP 	text: text = 8
391.5113 	EXP 	text: autoDraw = True
391.9574 	EXP 	text: autoDraw = False
391.9574 	EXP 	text: autoDraw = False
391.9574 	EXP 	image_5: image = 'condition_2/rightstar.PNG'
393.1131 	EXP 	image_5: autoDraw = True
393.5308 	EXP 	New trial (rep=1, index=9): {'stimuli': 2, 'star': 'condition_2/leftstar.PNG', 'CorrectAns': 'space'}
393.5789 	DATA 	Keypress: right
393.5835 	EXP 	image_5: autoDraw = False
393.5835 	EXP 	image_4: image = 'condition_2/fixation.png'
393.5835 	EXP 	image_4: autoDraw = True
394.0609 	EXP 	image_4: autoDraw = False
394.0609 	EXP 	text: height = 0.2
394.0609 	EXP 	text: height = 0.2
394.0609 	EXP 	text: height = 0.2
394.0609 	EXP 	text: text = 2
394.5442 	EXP 	text: autoDraw = True
394.9779 	EXP 	text: autoDraw = False
394.9779 	EXP 	text: autoDraw = False
394.9779 	EXP 	image_5: image = 'condition_2/leftstar.PNG'
395.8138 	DATA 	Keypress: space
396.1464 	EXP 	image_5: autoDraw = True
396.9612 	EXP 	image_5: autoDraw = False
397.9310 	EXP 	New trial (rep=1, index=10): {'stimuli': 2, 'star': 'condition_2/blank.PNG', 'CorrectAns': 'space'}
397.9841 	DATA 	Keypress: space
397.9888 	EXP 	image_5: autoDraw = False
397.9888 	EXP 	image_4: image = 'condition_2/fixation.png'
397.9888 	EXP 	image_4: autoDraw = True
398.4720 	EXP 	image_4: autoDraw = False
398.4720 	EXP 	text: height = 0.2
398.4720 	EXP 	text: height = 0.2
398.4720 	EXP 	text: height = 0.2
398.4720 	EXP 	text: text = 2
398.9443 	EXP 	text: autoDraw = True
399.3138 	EXP 	text: autoDraw = False
399.3138 	EXP 	text: autoDraw = False
399.3138 	EXP 	image_5: image = 'condition_2/blank.PNG'
400.5454 	EXP 	image_5: autoDraw = True
401.3442 	EXP 	image_5: autoDraw = False
401.6638 	EXP 	New trial (rep=1, index=11): {'stimuli': 8, 'star': 'condition_2/leftstar.PNG', 'CorrectAns': 'left'}
401.7151 	DATA 	Keypress: space
401.7201 	EXP 	image_5: autoDraw = False
401.7201 	EXP 	image_4: image = 'condition_2/fixation.png'
401.7201 	EXP 	image_4: autoDraw = True
402.1942 	EXP 	image_4: autoDraw = False
402.1942 	EXP 	text: height = 0.2
402.1942 	EXP 	text: height = 0.2
402.1942 	EXP 	text: height = 0.2
402.1942 	EXP 	text: text = 8
402.6779 	EXP 	text: autoDraw = True
403.2134 	EXP 	text: autoDraw = False
403.2134 	EXP 	text: autoDraw = False
403.2134 	EXP 	image_5: image = 'condition_2/leftstar.PNG'
404.2806 	EXP 	image_5: autoDraw = True
405.0939 	EXP 	image_5: autoDraw = False
405.1663 	DATA 	Keypress: left
405.1805 	EXP 	New trial (rep=1, index=12): {'stimuli': 1, 'star': 'condition_2/leftstar.PNG', 'CorrectAns': 'space'}
405.2353 	EXP 	image_5: autoDraw = False
405.2353 	EXP 	image_4: image = 'condition_2/fixation.png'
405.2353 	EXP 	image_4: autoDraw = True
405.7108 	EXP 	image_4: autoDraw = False
405.7108 	EXP 	text: height = 0.2
405.7108 	EXP 	text: height = 0.2
405.7108 	EXP 	text: height = 0.2
405.7108 	EXP 	text: text = 1
406.1943 	EXP 	text: autoDraw = True
406.6028 	EXP 	text: autoDraw = False
406.6028 	EXP 	text: autoDraw = False
406.6028 	EXP 	image_5: image = 'condition_2/leftstar.PNG'
407.7963 	EXP 	image_5: autoDraw = True
408.6110 	EXP 	image_5: autoDraw = False
408.6970 	EXP 	New trial (rep=1, index=13): {'stimuli': 2, 'star': 'condition_2/rightstar.PNG', 'CorrectAns': 'space'}
408.7462 	DATA 	Keypress: space
408.7510 	EXP 	image_5: autoDraw = False
408.7510 	EXP 	image_4: image = 'condition_2/fixation.png'
408.7510 	EXP 	image_4: autoDraw = True
409.2274 	EXP 	image_4: autoDraw = False
409.2274 	EXP 	text: height = 0.2
409.2274 	EXP 	text: height = 0.2
409.2274 	EXP 	text: height = 0.2
409.2274 	EXP 	text: text = 2
409.7107 	EXP 	text: autoDraw = True
410.1202 	EXP 	text: autoDraw = False
410.1202 	EXP 	text: autoDraw = False
410.1202 	EXP 	image_5: image = 'condition_2/rightstar.PNG'
411.3129 	EXP 	image_5: autoDraw = True
411.6968 	EXP 	New trial (rep=1, index=14): {'stimuli': 8, 'star': 'condition_2/leftstar.PNG', 'CorrectAns': 'left'}
411.7445 	DATA 	Keypress: space
411.7488 	EXP 	image_5: autoDraw = False
411.7488 	EXP 	image_4: image = 'condition_2/fixation.png'
411.7488 	EXP 	image_4: autoDraw = True
412.2278 	EXP 	image_4: autoDraw = False
412.2278 	EXP 	text: height = 0.2
412.2278 	EXP 	text: height = 0.2
412.2278 	EXP 	text: height = 0.2
412.2278 	EXP 	text: text = 8
412.7107 	EXP 	text: autoDraw = True
413.1391 	EXP 	text: autoDraw = False
413.1391 	EXP 	text: autoDraw = False
413.1391 	EXP 	image_5: image = 'condition_2/leftstar.PNG'
414.3131 	EXP 	image_5: autoDraw = True
414.7806 	EXP 	New trial (rep=1, index=15): {'stimuli': 2, 'star': 'condition_2/leftstar.PNG', 'CorrectAns': 'space'}
414.8296 	DATA 	Keypress: left
414.8345 	EXP 	image_5: autoDraw = False
414.8345 	EXP 	image_4: image = 'condition_2/fixation.png'
414.8345 	EXP 	image_4: autoDraw = True
415.3106 	EXP 	image_4: autoDraw = False
415.3106 	EXP 	text: height = 0.2
415.3106 	EXP 	text: height = 0.2
415.3106 	EXP 	text: height = 0.2
415.3106 	EXP 	text: text = 2
415.7939 	EXP 	text: autoDraw = True
416.2173 	EXP 	text: autoDraw = False
416.2173 	EXP 	text: autoDraw = False
416.2173 	EXP 	image_5: image = 'condition_2/leftstar.PNG'
417.3963 	EXP 	image_5: autoDraw = True
418.2108 	EXP 	image_5: autoDraw = False
418.7634 	DATA 	Keypress: space
418.7803 	EXP 	New trial (rep=1, index=16): {'stimuli': 9, 'star': 'condition_2/leftstar.PNG', 'CorrectAns': 'left'}
418.8351 	EXP 	image_5: autoDraw = False
418.8351 	EXP 	image_4: image = 'condition_2/fixation.png'
418.8351 	EXP 	image_4: autoDraw = True
419.3211 	EXP 	image_4: autoDraw = False
419.3211 	EXP 	text: height = 0.2
419.3211 	EXP 	text: height = 0.2
419.3211 	EXP 	text: height = 0.2
419.3211 	EXP 	text: text = 9
419.7942 	EXP 	text: autoDraw = True
420.2039 	EXP 	text: autoDraw = False
420.2039 	EXP 	text: autoDraw = False
420.2039 	EXP 	image_5: image = 'condition_2/leftstar.PNG'
421.3964 	EXP 	image_5: autoDraw = True
422.2107 	EXP 	image_5: autoDraw = False
424.1805 	EXP 	New trial (rep=1, index=17): {'stimuli': 8, 'star': 'condition_2/blank.PNG', 'CorrectAns': 'space'}
424.2789 	DATA 	Keypress: left
424.2830 	EXP 	image_5: autoDraw = False
424.2830 	EXP 	image_4: image = 'condition_2/fixation.png'
424.2830 	EXP 	image_4: autoDraw = True
424.7109 	EXP 	image_4: autoDraw = False
424.7109 	EXP 	text: height = 0.2
424.7109 	EXP 	text: height = 0.2
424.7109 	EXP 	text: height = 0.2
424.7109 	EXP 	text: text = 8
425.1944 	EXP 	text: autoDraw = True
425.6125 	EXP 	text: autoDraw = False
425.6125 	EXP 	text: autoDraw = False
425.6125 	EXP 	image_5: image = 'condition_2/blank.PNG'
426.7953 	EXP 	image_5: autoDraw = True
427.5941 	EXP 	image_5: autoDraw = False
428.1818 	EXP 	New trial (rep=1, index=18): {'stimuli': 1, 'star': 'condition_2/rightstar.PNG', 'CorrectAns': 'space'}
428.2346 	DATA 	Keypress: space
428.2400 	EXP 	image_5: autoDraw = False
428.2400 	EXP 	image_4: image = 'condition_2/fixation.png'
428.2400 	EXP 	image_4: autoDraw = True
428.7109 	EXP 	image_4: autoDraw = False
428.7109 	EXP 	text: height = 0.2
428.7109 	EXP 	text: height = 0.2
428.7109 	EXP 	text: height = 0.2
428.7109 	EXP 	text: text = 1
429.1943 	EXP 	text: autoDraw = True
429.7125 	EXP 	text: autoDraw = False
429.7125 	EXP 	text: autoDraw = False
429.7125 	EXP 	image_5: image = 'condition_2/rightstar.PNG'
430.7965 	EXP 	image_5: autoDraw = True
431.3973 	EXP 	New trial (rep=1, index=19): {'stimuli': 2, 'star': 'condition_2/rightstar.PNG', 'CorrectAns': 'space'}
431.4436 	DATA 	Keypress: space
431.4482 	EXP 	image_5: autoDraw = False
431.4482 	EXP 	image_4: image = 'condition_2/fixation.png'
431.4482 	EXP 	image_4: autoDraw = True
431.9278 	EXP 	image_4: autoDraw = False
431.9278 	EXP 	text: height = 0.2
431.9278 	EXP 	text: height = 0.2
431.9278 	EXP 	text: height = 0.2
431.9278 	EXP 	text: text = 2
432.4109 	EXP 	text: autoDraw = True
432.8492 	EXP 	text: autoDraw = False
432.8492 	EXP 	text: autoDraw = False
432.8492 	EXP 	image_5: image = 'condition_2/rightstar.PNG'
434.0136 	EXP 	image_5: autoDraw = True
434.5478 	EXP 	New trial (rep=1, index=20): {'stimuli': 1, 'star': 'condition_2/leftstar.PNG', 'CorrectAns': 'space'}
434.5972 	DATA 	Keypress: space
434.6018 	EXP 	image_5: autoDraw = False
434.6018 	EXP 	image_4: image = 'condition_2/fixation.png'
434.6018 	EXP 	image_4: autoDraw = True
435.0778 	EXP 	image_4: autoDraw = False
435.0778 	EXP 	text: height = 0.2
435.0778 	EXP 	text: height = 0.2
435.0778 	EXP 	text: height = 0.2
435.0778 	EXP 	text: text = 1
435.5611 	EXP 	text: autoDraw = True
435.9676 	EXP 	text: autoDraw = False
435.9676 	EXP 	text: autoDraw = False
435.9676 	EXP 	image_5: image = 'condition_2/leftstar.PNG'
437.1629 	EXP 	image_5: autoDraw = True
437.8644 	EXP 	New trial (rep=1, index=21): {'stimuli': 9, 'star': 'condition_2/leftstar.PNG', 'CorrectAns': 'left'}
437.9132 	DATA 	Keypress: space
437.9185 	EXP 	image_5: autoDraw = False
437.9185 	EXP 	image_4: image = 'condition_2/fixation.png'
437.9185 	EXP 	image_4: autoDraw = True
438.3940 	EXP 	image_4: autoDraw = False
438.3940 	EXP 	text: height = 0.2
438.3940 	EXP 	text: height = 0.2
438.3940 	EXP 	text: height = 0.2
438.3940 	EXP 	text: text = 9
438.8774 	EXP 	text: autoDraw = True
439.2952 	EXP 	text: autoDraw = False
439.2952 	EXP 	text: autoDraw = False
439.2952 	EXP 	image_5: image = 'condition_2/leftstar.PNG'
440.4798 	EXP 	image_5: autoDraw = True
440.7972 	EXP 	New trial (rep=1, index=22): {'stimuli': 2, 'star': 'condition_2/rightstar.PNG', 'CorrectAns': 'space'}
440.8570 	DATA 	Keypress: left
440.8611 	EXP 	image_5: autoDraw = False
440.8611 	EXP 	image_4: image = 'condition_2/fixation.png'
440.8611 	EXP 	image_4: autoDraw = True
441.3335 	EXP 	image_4: autoDraw = False
441.3335 	EXP 	text: height = 0.2
441.3335 	EXP 	text: height = 0.2
441.3335 	EXP 	text: height = 0.2
441.3335 	EXP 	text: text = 2
441.8108 	EXP 	text: autoDraw = True
442.2567 	EXP 	text: autoDraw = False
442.2567 	EXP 	text: autoDraw = False
442.2567 	EXP 	image_5: image = 'condition_2/rightstar.PNG'
443.4127 	EXP 	image_5: autoDraw = True
443.7973 	EXP 	New trial (rep=1, index=23): {'stimuli': 9, 'star': 'condition_2/rightstar.PNG', 'CorrectAns': 'right'}
443.8483 	DATA 	Keypress: space
443.8527 	EXP 	image_5: autoDraw = False
443.8527 	EXP 	image_4: image = 'condition_2/fixation.png'
443.8527 	EXP 	image_4: autoDraw = True
444.3275 	EXP 	image_4: autoDraw = False
444.3275 	EXP 	text: height = 0.2
444.3275 	EXP 	text: height = 0.2
444.3275 	EXP 	text: height = 0.2
444.3275 	EXP 	text: text = 9
444.8108 	EXP 	text: autoDraw = True
445.2251 	EXP 	text: autoDraw = False
445.2251 	EXP 	text: autoDraw = False
445.2251 	EXP 	image_5: image = 'condition_2/rightstar.PNG'
446.4129 	EXP 	image_5: autoDraw = True
447.1640 	EXP 	New trial (rep=1, index=24): {'stimuli': 1, 'star': 'condition_2/leftstar.PNG', 'CorrectAns': 'space'}
447.2142 	DATA 	Keypress: right
447.2191 	EXP 	image_5: autoDraw = False
447.2191 	EXP 	image_4: image = 'condition_2/fixation.png'
447.2191 	EXP 	image_4: autoDraw = True
447.6940 	EXP 	image_4: autoDraw = False
447.6940 	EXP 	text: height = 0.2
447.6940 	EXP 	text: height = 0.2
447.6940 	EXP 	text: height = 0.2
447.6940 	EXP 	text: text = 1
448.1778 	EXP 	text: autoDraw = True
448.5977 	EXP 	text: autoDraw = False
448.5977 	EXP 	text: autoDraw = False
448.5977 	EXP 	image_5: image = 'condition_2/leftstar.PNG'
449.7797 	EXP 	image_5: autoDraw = True
450.3631 	DATA 	Keypress: space
450.3772 	EXP 	image_5: autoDraw = False
450.3774 	EXP 	untitled: status = STOPPED
450.6004 	EXP 	window1: mouseVisible = True
