13.8133 	WARNING 	User requested fullscreen with size [1024  768], but screen is actually [1920, 1080]. Using actual size
15.4074 	EXP 	Created window1 = Window(allowGUI=True, allowStencil=False, autoLog=True, backendConf=UNKNOWN, backgroundFit=<method-wrapper '__getattribute__' of attributeSetter object at 0x0000021468863D60>, backgroundImage=<method-wrapper '__getattribute__' of attributeSetter object at 0x0000021468863D00>, bitsMode=UNKNOWN, blendMode='avg', bpc=(8, 8, 8), color=array([0, 0, 0]), colorSpace='rgb', depthBits=8, fullscr=<method-wrapper '__getattribute__' of attributeSetter object at 0x0000021468863B20>, gamma=None, gammaErrorPolicy='raise', lms=UNKNOWN, monitor=<psychopy.monitors.calibTools.Monitor object at 0x0000021468A36970>, multiSample=False, name='window1', numSamples=2, pos=(0, 0), screen=0, size=array([1920, 1080]), stencilBits=0, stereo=False, title='PsychoPy', units='height', useFBO=True, useRetina=False, viewOri=0.0, viewPos=None, viewScale=None, waitBlanking=True, winType='pyglet')
15.4076 	EXP 	window1: mouseVisible = True
15.4076 	EXP 	window1: backgroundImage = ''
15.4076 	EXP 	window1: backgroundFit = 'none'
15.4116 	EXP 	window1: Attempting to measure frame rate of screen (0) ...
15.4116 	EXP 	window1: recordFrameIntervals = False
15.5729 	EXP 	window1: recordFrameIntervals = True
15.7562 	EXP 	Screen (0) actual frame rate measured at 60.11Hz
15.7563 	EXP 	window1: recordFrameIntervals = False
15.7565 	EXP 	window1: mouseVisible = False
17.1615 	EXP 	untitled: status = STARTED
17.1632 	EXP 	window1: mouseVisible = True
17.3006 	EXP 	Created text_9 = TextStim(__class__=<class 'psychopy.visual.text.TextStim'>, alignHoriz=method-wrapper(...), alignText='center', alignVert=method-wrapper(...), anchorHoriz='center', anchorVert='center', antialias=True, autoDraw=False, autoLog=True, bold=False, color=array([1., 1., 1.]), colorSpace='rgb', contrast=1.0, depth=0.0, draggable=False, flipHoriz=False, flipVert=False, font='Open Sans', fontFiles=[], height=0.05, italic=False, languageStyle='LTR', name='text_9', opacity=1.0, ori=0.0, pos=array([0., 0.]), rgb=UNKNOWN, text=str(...), units='height', win=Window(...), wrapWidth=1)
17.3008 	EXP 	window1: mouseVisible = True
17.3407 	EXP 	Created text_6 = TextStim(__class__=<class 'psychopy.visual.text.TextStim'>, alignHoriz=method-wrapper(...), alignText='center', alignVert=method-wrapper(...), anchorHoriz='center', anchorVert='center', antialias=True, autoDraw=False, autoLog=True, bold=False, color=array([1., 1., 1.]), colorSpace='rgb', contrast=1.0, depth=0.0, draggable=False, flipHoriz=False, flipVert=False, font='Open Sans', fontFiles=[], height=0.05, italic=False, languageStyle='LTR', name='text_6', opacity=1.0, ori=0.0, pos=array([0., 0.]), rgb=UNKNOWN, text=str(...), units='height', win=Window(...), wrapWidth=1)
17.3409 	EXP 	window1: mouseVisible = True
17.3567 	EXP 	Created image_6 = ImageStim(__class__=<class 'psychopy.visual.image.ImageStim'>, anchor=('center', 'center'), autoLog=True, color=array([1., 1., 1.]), colorSpace='rgb', contrast=1.0, depth=0.0, draggable=False, flipHoriz=False, flipVert=False, image='default.png', interpolate=True, mask=None, maskParams=None, name='image_6', opacity=1.0, ori=0.0, pos=array([0., 0.]), size=array([2.5, 1.5]), texRes=128.0, units='height', win=Window(...))
17.3568 	EXP 	window1: mouseVisible = True
17.3599 	EXP 	Created text_4 = TextStim(__class__=<class 'psychopy.visual.text.TextStim'>, alignHoriz=method-wrapper(...), alignText='center', alignVert=method-wrapper(...), anchorHoriz='center', anchorVert='center', antialias=True, autoDraw=False, autoLog=True, bold=False, color=array([1., 1., 1.]), colorSpace='rgb', contrast=1.0, depth=0.0, draggable=False, flipHoriz=False, flipVert=False, font='Open Sans', fontFiles=[], height=0.2, italic=False, languageStyle='LTR', name='text_4', opacity=1.0, ori=0.0, pos=array([0., 0.]), rgb=UNKNOWN, text='', units='height', win=Window(...), wrapWidth=1)
17.3600 	EXP 	window1: mouseVisible = True
17.3719 	EXP 	Created image_7 = ImageStim(__class__=<class 'psychopy.visual.image.ImageStim'>, anchor=('center', 'center'), autoLog=True, color=array([1., 1., 1.]), colorSpace='rgb', contrast=1.0, depth=0.0, draggable=False, flipHoriz=False, flipVert=False, image='default.png', interpolate=True, mask=None, maskParams=None, name='image_7', opacity=1.0, ori=0.0, pos=array([0., 0.]), size=array([2.5, 1.5]), texRes=128.0, units='height', win=Window(...))
17.3720 	EXP 	window1: mouseVisible = True
17.3912 	EXP 	Created text_8 = TextStim(__class__=<class 'psychopy.visual.text.TextStim'>, alignHoriz=method-wrapper(...), alignText='center', alignVert=method-wrapper(...), anchorHoriz='center', anchorVert='center', antialias=True, autoDraw=False, autoLog=True, bold=False, color=array([1., 1., 1.]), colorSpace='rgb', contrast=1.0, depth=0.0, draggable=False, flipHoriz=False, flipVert=False, font='Open Sans', fontFiles=[], height=0.05, italic=False, languageStyle='LTR', name='text_8', opacity=1.0, ori=0.0, pos=array([0., 0.]), rgb=UNKNOWN, text='休息一下，下面进入正式测试啦！\n\n准备好可以按 空格 继续', units='height', win=Window(...), wrapWidth=1)
17.3913 	EXP 	window1: mouseVisible = True
17.4048 	EXP 	Created text_5 = TextStim(__class__=<class 'psychopy.visual.text.TextStim'>, alignHoriz=method-wrapper(...), alignText='center', alignVert=method-wrapper(...), anchorHoriz='center', anchorVert='center', antialias=True, autoDraw=False, autoLog=True, bold=False, color=array([1., 1., 1.]), colorSpace='rgb', contrast=1.0, depth=0.0, draggable=False, flipHoriz=False, flipVert=False, font='Open Sans', fontFiles=[], height=0.05, italic=False, languageStyle='LTR', name='text_5', opacity=1.0, ori=0.0, pos=array([0., 0.]), rgb=UNKNOWN, text=str(...), units='height', win=Window(...), wrapWidth=1)
17.4049 	EXP 	window1: mouseVisible = True
17.4133 	EXP 	Created image_3 = ImageStim(__class__=<class 'psychopy.visual.image.ImageStim'>, anchor=('center', 'center'), autoLog=True, color=array([1., 1., 1.]), colorSpace='rgb', contrast=1.0, depth=0.0, draggable=False, flipHoriz=False, flipVert=False, image='default.png', interpolate=True, mask=None, maskParams=None, name='image_3', opacity=1.0, ori=0.0, pos=array([0., 0.]), size=array([2.5, 1.5]), texRes=128.0, units='height', win=Window(...))
17.4134 	EXP 	window1: mouseVisible = True
17.4143 	EXP 	Created text_3 = TextStim(__class__=<class 'psychopy.visual.text.TextStim'>, alignHoriz=method-wrapper(...), alignText='center', alignVert=method-wrapper(...), anchorHoriz='center', anchorVert='center', antialias=True, autoDraw=False, autoLog=True, bold=False, color=array([1., 1., 1.]), colorSpace='rgb', contrast=1.0, depth=0.0, draggable=False, flipHoriz=False, flipVert=False, font='Open Sans', fontFiles=[], height=0.2, italic=False, languageStyle='LTR', name='text_3', opacity=1.0, ori=0.0, pos=array([0., 0.]), rgb=UNKNOWN, text='', units='height', win=Window(...), wrapWidth=1)
17.4144 	EXP 	window1: mouseVisible = True
17.4250 	EXP 	Created image_2 = ImageStim(__class__=<class 'psychopy.visual.image.ImageStim'>, anchor=('center', 'center'), autoLog=True, color=array([1., 1., 1.]), colorSpace='rgb', contrast=1.0, depth=0.0, draggable=False, flipHoriz=False, flipVert=False, image='default.png', interpolate=True, mask=None, maskParams=None, name='image_2', opacity=1.0, ori=0.0, pos=array([0., 0.]), size=array([2.5, 1.5]), texRes=128.0, units='height', win=Window(...))
17.4251 	EXP 	window1: mouseVisible = True
17.4450 	EXP 	Created text_10 = TextStim(__class__=<class 'psychopy.visual.text.TextStim'>, alignHoriz=method-wrapper(...), alignText='center', alignVert=method-wrapper(...), anchorHoriz='center', anchorVert='center', antialias=True, autoDraw=False, autoLog=True, bold=False, color=array([1., 1., 1.]), colorSpace='rgb', contrast=1.0, depth=0.0, draggable=False, flipHoriz=False, flipVert=False, font='Open Sans', fontFiles=[], height=0.05, italic=False, languageStyle='LTR', name='text_10', opacity=1.0, ori=0.0, pos=array([0., 0.]), rgb=UNKNOWN, text=str(...), units='height', win=Window(...), wrapWidth=1)
17.4451 	EXP 	window1: mouseVisible = True
17.4579 	EXP 	Created text_7 = TextStim(__class__=<class 'psychopy.visual.text.TextStim'>, alignHoriz=method-wrapper(...), alignText='center', alignVert=method-wrapper(...), anchorHoriz='center', anchorVert='center', antialias=True, autoDraw=False, autoLog=True, bold=False, color=array([1., 1., 1.]), colorSpace='rgb', contrast=1.0, depth=0.0, draggable=False, flipHoriz=False, flipVert=False, font='Open Sans', fontFiles=[], height=0.05, italic=False, languageStyle='LTR', name='text_7', opacity=1.0, ori=0.0, pos=array([0., 0.]), rgb=UNKNOWN, text=str(...), units='height', win=Window(...), wrapWidth=1)
17.4580 	EXP 	window1: mouseVisible = True
17.4665 	EXP 	Created image_8 = ImageStim(__class__=<class 'psychopy.visual.image.ImageStim'>, anchor=('center', 'center'), autoLog=True, color=array([1., 1., 1.]), colorSpace='rgb', contrast=1.0, depth=0.0, draggable=False, flipHoriz=False, flipVert=False, image='default.png', interpolate=True, mask=None, maskParams=None, name='image_8', opacity=1.0, ori=0.0, pos=array([0., 0.]), size=array([0.5, 0.5]), texRes=128.0, units='height', win=Window(...))
17.4666 	EXP 	window1: mouseVisible = True
17.4676 	EXP 	Created text_11 = TextStim(__class__=<class 'psychopy.visual.text.TextStim'>, alignHoriz=method-wrapper(...), alignText='center', alignVert=method-wrapper(...), anchorHoriz='center', anchorVert='center', antialias=True, autoDraw=False, autoLog=True, bold=False, color=array([1., 1., 1.]), colorSpace='rgb', contrast=1.0, depth=0.0, draggable=False, flipHoriz=False, flipVert=False, font='Open Sans', fontFiles=[], height=0.05, italic=False, languageStyle='LTR', name='text_11', opacity=1.0, ori=0.0, pos=array([0., 0.]), rgb=UNKNOWN, text='', units='height', win=Window(...), wrapWidth=1)
17.4677 	EXP 	window1: mouseVisible = True
17.4770 	EXP 	Created image_9 = ImageStim(__class__=<class 'psychopy.visual.image.ImageStim'>, anchor=('center', 'center'), autoLog=True, color=array([1., 1., 1.]), colorSpace='rgb', contrast=1.0, depth=0.0, draggable=False, flipHoriz=False, flipVert=False, image='default.png', interpolate=True, mask=None, maskParams=None, name='image_9', opacity=1.0, ori=0.0, pos=array([0., 0.]), size=array([2.5, 1.5]), texRes=128.0, units='height', win=Window(...))
17.4771 	EXP 	window1: mouseVisible = True
17.4829 	EXP 	Created text_12 = TextStim(__class__=<class 'psychopy.visual.text.TextStim'>, alignHoriz=method-wrapper(...), alignText='center', alignVert=method-wrapper(...), anchorHoriz='center', anchorVert='center', antialias=True, autoDraw=False, autoLog=True, bold=False, color=array([1., 1., 1.]), colorSpace='rgb', contrast=1.0, depth=0.0, draggable=False, flipHoriz=False, flipVert=False, font='Open Sans', fontFiles=[], height=0.05, italic=False, languageStyle='LTR', name='text_12', opacity=1.0, ori=0.0, pos=array([0., 0.]), rgb=UNKNOWN, text='休息一下，下面进入正式测试啦！\n\n准备好可以按 空格 继续', units='height', win=Window(...), wrapWidth=1)
17.4831 	EXP 	window1: mouseVisible = True
17.4933 	EXP 	Created text_13 = TextStim(__class__=<class 'psychopy.visual.text.TextStim'>, alignHoriz=method-wrapper(...), alignText='center', alignVert=method-wrapper(...), anchorHoriz='center', anchorVert='center', antialias=True, autoDraw=False, autoLog=True, bold=False, color=array([1., 1., 1.]), colorSpace='rgb', contrast=1.0, depth=0.0, draggable=False, flipHoriz=False, flipVert=False, font='Open Sans', fontFiles=[], height=0.05, italic=False, languageStyle='LTR', name='text_13', opacity=1.0, ori=0.0, pos=array([0., 0.]), rgb=UNKNOWN, text=str(...), units='height', win=Window(...), wrapWidth=1)
17.4956 	EXP 	window1: mouseVisible = True
17.5136 	EXP 	Created image_4 = ImageStim(__class__=<class 'psychopy.visual.image.ImageStim'>, anchor=('center', 'center'), autoLog=True, color=array([1., 1., 1.]), colorSpace='rgb', contrast=1.0, depth=0.0, draggable=False, flipHoriz=False, flipVert=False, image='default.png', interpolate=True, mask=None, maskParams=None, name='image_4', opacity=1.0, ori=0.0, pos=array([0., 0.]), size=array([2.5, 1.5]), texRes=128.0, units='height', win=Window(...))
17.5137 	EXP 	window1: mouseVisible = True
17.5147 	EXP 	Created text = TextStim(__class__=<class 'psychopy.visual.text.TextStim'>, alignHoriz=method-wrapper(...), alignText='center', alignVert=method-wrapper(...), anchorHoriz='center', anchorVert='center', antialias=True, autoDraw=False, autoLog=True, bold=False, color=array([1., 1., 1.]), colorSpace='rgb', contrast=1.0, depth=0.0, draggable=False, flipHoriz=False, flipVert=False, font='Open Sans', fontFiles=[], height=0.2, italic=False, languageStyle='LTR', name='text', opacity=1.0, ori=0.0, pos=array([0., 0.]), rgb=UNKNOWN, text='', units='height', win=Window(...), wrapWidth=1)
17.5148 	EXP 	window1: mouseVisible = True
17.5274 	EXP 	Created image_5 = ImageStim(__class__=<class 'psychopy.visual.image.ImageStim'>, anchor=('center', 'center'), autoLog=True, color=array([1., 1., 1.]), colorSpace='rgb', contrast=1.0, depth=0.0, draggable=False, flipHoriz=False, flipVert=False, image='default.png', interpolate=True, mask=None, maskParams=None, name='image_5', opacity=1.0, ori=0.0, pos=array([0., 0.]), size=array([2.5, 1.5]), texRes=128.0, units='height', win=Window(...))
0.0066 	EXP 	text_9: autoDraw = True
5.8712 	DATA 	Keypress: space
5.8784 	EXP 	text_9: autoDraw = False
5.8784 	EXP 	text_6: autoDraw = True
59.6710 	EXP 	Imported test/data3.xlsx as conditions, 6 conditions, 3 params
59.6715 	EXP 	Created sequence: random, trialTypes=6, nReps=1, seed=None
59.6717 	EXP 	New trial (rep=0, index=0): {'stimuli': 2, 'star': 'test/leftstar.PNG', 'CorrectAns': 'left'}
59.8102 	DATA 	Keypress: space
59.8190 	EXP 	text_6: autoDraw = False
59.8190 	EXP 	image_6: image = 'test/fixation.png'
59.8190 	EXP 	image_6: autoDraw = True
60.1948 	EXP 	image_6: autoDraw = False
60.1948 	EXP 	text_4: height = 0.2
60.1948 	EXP 	text_4: height = 0.2
60.1948 	EXP 	text_4: height = 0.2
60.1948 	EXP 	text_4: text = 2
60.6782 	EXP 	text_4: autoDraw = True
61.1936 	EXP 	text_4: autoDraw = False
61.1936 	EXP 	text_4: autoDraw = False
61.1936 	EXP 	image_7: image = 'test/leftstar.PNG'
62.2874 	EXP 	image_7: autoDraw = True
62.8335 	DATA 	Keypress: left
62.8490 	EXP 	New trial (rep=0, index=1): {'stimuli': 8, 'star': 'test/rightstar.PNG', 'CorrectAns': 'space'}
62.9111 	EXP 	image_7: autoDraw = False
62.9111 	EXP 	image_6: image = 'test/fixation.png'
62.9111 	EXP 	image_6: autoDraw = True
63.3782 	EXP 	image_6: autoDraw = False
63.3782 	EXP 	text_4: height = 0.2
63.3782 	EXP 	text_4: height = 0.2
63.3782 	EXP 	text_4: height = 0.2
63.3782 	EXP 	text_4: text = 8
63.8618 	EXP 	text_4: autoDraw = True
64.2818 	EXP 	text_4: autoDraw = False
64.2818 	EXP 	text_4: autoDraw = False
64.2818 	EXP 	image_7: image = 'test/rightstar.PNG'
64.3471 	DATA 	Keypress: space
65.4639 	EXP 	image_7: autoDraw = True
66.2786 	EXP 	image_7: autoDraw = False
66.5481 	EXP 	New trial (rep=0, index=2): {'stimuli': 8, 'star': 'test/rightstar.PNG', 'CorrectAns': 'space'}
66.6054 	DATA 	Keypress: right
66.6103 	EXP 	image_7: autoDraw = False
66.6103 	EXP 	image_6: image = 'test/fixation.png'
66.6103 	EXP 	image_6: autoDraw = True
67.0785 	EXP 	image_6: autoDraw = False
67.0785 	EXP 	text_4: height = 0.2
67.0785 	EXP 	text_4: height = 0.2
67.0785 	EXP 	text_4: height = 0.2
67.0785 	EXP 	text_4: text = 8
67.5617 	EXP 	text_4: autoDraw = True
67.9961 	EXP 	text_4: autoDraw = False
67.9961 	EXP 	text_4: autoDraw = False
67.9961 	EXP 	image_7: image = 'test/rightstar.PNG'
67.9981 	DATA 	Keypress: space
69.1637 	EXP 	image_7: autoDraw = True
69.9326 	EXP 	New trial (rep=0, index=3): {'stimuli': 1, 'star': 'test/blank.PNG', 'CorrectAns': 'space'}
69.9887 	DATA 	Keypress: right
69.9931 	EXP 	image_7: autoDraw = False
69.9931 	EXP 	image_6: image = 'test/fixation.png'
69.9931 	EXP 	image_6: autoDraw = True
70.4615 	EXP 	image_6: autoDraw = False
70.4615 	EXP 	text_4: height = 0.2
70.4615 	EXP 	text_4: height = 0.2
70.4615 	EXP 	text_4: height = 0.2
70.4615 	EXP 	text_4: text = 1
70.9451 	EXP 	text_4: autoDraw = True
71.3662 	EXP 	text_4: autoDraw = False
71.3662 	EXP 	text_4: autoDraw = False
71.3662 	EXP 	image_7: image = 'test/blank.PNG'
72.5461 	EXP 	image_7: autoDraw = True
73.3452 	EXP 	image_7: autoDraw = False
76.6308 	EXP 	New trial (rep=0, index=4): {'stimuli': 1, 'star': 'test/leftstar.PNG', 'CorrectAns': 'left'}
76.6866 	DATA 	Keypress: space
76.6910 	EXP 	image_7: autoDraw = False
76.6910 	EXP 	image_6: image = 'test/fixation.png'
76.6910 	EXP 	image_6: autoDraw = True
77.1616 	EXP 	image_6: autoDraw = False
77.1616 	EXP 	text_4: height = 0.2
77.1616 	EXP 	text_4: height = 0.2
77.1616 	EXP 	text_4: height = 0.2
77.1616 	EXP 	text_4: text = 1
77.6452 	EXP 	text_4: autoDraw = True
78.1636 	EXP 	text_4: autoDraw = False
78.1636 	EXP 	text_4: autoDraw = False
78.1636 	EXP 	image_7: image = 'test/leftstar.PNG'
79.2480 	EXP 	image_7: autoDraw = True
80.0619 	EXP 	image_7: autoDraw = False
80.3311 	EXP 	New trial (rep=0, index=5): {'stimuli': 9, 'star': 'test/rightstar.PNG', 'CorrectAns': 'space'}
80.4381 	DATA 	Keypress: left
80.4425 	EXP 	image_7: autoDraw = False
80.4425 	EXP 	image_6: image = 'test/fixation.png'
80.4425 	EXP 	image_6: autoDraw = True
80.8614 	EXP 	image_6: autoDraw = False
80.8614 	EXP 	text_4: height = 0.2
80.8614 	EXP 	text_4: height = 0.2
80.8614 	EXP 	text_4: height = 0.2
80.8614 	EXP 	text_4: text = 9
81.3450 	EXP 	text_4: autoDraw = True
81.7669 	EXP 	text_4: autoDraw = False
81.7669 	EXP 	text_4: autoDraw = False
81.7669 	EXP 	image_7: image = 'test/rightstar.PNG'
82.2484 	DATA 	Keypress: space
82.9469 	EXP 	image_7: autoDraw = True
83.7615 	EXP 	image_7: autoDraw = False
88.3540 	DATA 	Keypress: right
88.3615 	EXP 	image_7: autoDraw = False
88.3615 	EXP 	text_8: autoDraw = True
115.6525 	DATA 	Keypress: space
115.6615 	EXP 	text_8: autoDraw = False
115.6615 	EXP 	text_5: autoDraw = True
117.4673 	EXP 	Imported condition_1/data.xlsx as conditions, 25 conditions, 3 params
117.4678 	EXP 	Created sequence: random, trialTypes=25, nReps=2, seed=None
117.4680 	EXP 	New trial (rep=0, index=0): {'stimuli': 1, 'star': 'condition_1/rightstar.PNG', 'CorrectAns': 'right'}
117.5766 	DATA 	Keypress: space
117.5832 	EXP 	text_5: autoDraw = False
117.5832 	EXP 	image_3: image = 'condition_1/fixation.png'
117.5832 	EXP 	image_3: autoDraw = True
117.9786 	EXP 	image_3: autoDraw = False
117.9786 	EXP 	text_3: height = 0.2
117.9786 	EXP 	text_3: height = 0.2
117.9786 	EXP 	text_3: height = 0.2
117.9786 	EXP 	text_3: text = 1
118.4615 	EXP 	text_3: autoDraw = True
119.0645 	EXP 	text_3: autoDraw = False
119.0645 	EXP 	text_3: autoDraw = False
119.0645 	EXP 	image_2: image = 'condition_1/rightstar.PNG'
120.0752 	EXP 	image_2: autoDraw = True
120.8782 	EXP 	image_2: autoDraw = False
121.1652 	EXP 	New trial (rep=0, index=1): {'stimuli': 2, 'star': 'condition_1/blank.PNG', 'CorrectAns': 'space'}
121.2181 	DATA 	Keypress: right
121.2234 	EXP 	image_2: autoDraw = False
121.2234 	EXP 	image_3: image = 'condition_1/fixation.png'
121.2234 	EXP 	image_3: autoDraw = True
121.7478 	EXP 	image_3: autoDraw = False
121.7478 	EXP 	text_3: height = 0.2
121.7478 	EXP 	text_3: height = 0.2
121.7478 	EXP 	text_3: height = 0.2
121.7478 	EXP 	text_3: text = 2
122.1783 	EXP 	text_3: autoDraw = True
122.5658 	EXP 	text_3: autoDraw = False
122.5658 	EXP 	text_3: autoDraw = False
122.5658 	EXP 	image_2: image = 'condition_1/blank.PNG'
123.7794 	EXP 	image_2: autoDraw = True
124.5784 	EXP 	image_2: autoDraw = False
125.5148 	EXP 	New trial (rep=0, index=2): {'stimuli': 8, 'star': 'condition_1/rightstar.PNG', 'CorrectAns': 'space'}
125.5731 	DATA 	Keypress: space
125.5785 	EXP 	image_2: autoDraw = False
125.5785 	EXP 	image_3: image = 'condition_1/fixation.png'
125.5785 	EXP 	image_3: autoDraw = True
126.0452 	EXP 	image_3: autoDraw = False
126.0452 	EXP 	text_3: height = 0.2
126.0452 	EXP 	text_3: height = 0.2
126.0452 	EXP 	text_3: height = 0.2
126.0452 	EXP 	text_3: text = 8
126.5283 	EXP 	text_3: autoDraw = True
127.0551 	EXP 	text_3: autoDraw = False
127.0551 	EXP 	text_3: autoDraw = False
127.0551 	EXP 	image_2: image = 'condition_1/rightstar.PNG'
127.1668 	DATA 	Keypress: left
127.2803 	DATA 	Keypress: space
128.1303 	EXP 	image_2: autoDraw = True
128.9285 	EXP 	image_2: autoDraw = False
129.2818 	EXP 	New trial (rep=0, index=3): {'stimuli': 9, 'star': 'condition_1/leftstar.PNG', 'CorrectAns': 'space'}
129.3393 	DATA 	Keypress: right
129.3438 	EXP 	image_2: autoDraw = False
129.3438 	EXP 	image_3: image = 'condition_1/fixation.png'
129.3438 	EXP 	image_3: autoDraw = True
129.8120 	EXP 	image_3: autoDraw = False
129.8120 	EXP 	text_3: height = 0.2
129.8120 	EXP 	text_3: height = 0.2
129.8120 	EXP 	text_3: height = 0.2
129.8120 	EXP 	text_3: text = 9
130.2953 	EXP 	text_3: autoDraw = True
130.7209 	EXP 	text_3: autoDraw = False
130.7209 	EXP 	text_3: autoDraw = False
130.7209 	EXP 	image_2: image = 'condition_1/leftstar.PNG'
131.0969 	DATA 	Keypress: space
131.8972 	EXP 	image_2: autoDraw = True
132.4991 	DATA 	Keypress: left
132.5157 	EXP 	New trial (rep=0, index=4): {'stimuli': 8, 'star': 'condition_1/rightstar.PNG', 'CorrectAns': 'space'}
132.5871 	EXP 	image_2: autoDraw = False
132.5871 	EXP 	image_3: image = 'condition_1/fixation.png'
132.5871 	EXP 	image_3: autoDraw = True
133.0461 	EXP 	image_3: autoDraw = False
133.0461 	EXP 	text_3: height = 0.2
133.0461 	EXP 	text_3: height = 0.2
133.0461 	EXP 	text_3: height = 0.2
133.0461 	EXP 	text_3: text = 8
133.5284 	EXP 	text_3: autoDraw = True
133.9916 	EXP 	text_3: autoDraw = False
133.9916 	EXP 	text_3: autoDraw = False
133.9916 	EXP 	image_2: image = 'condition_1/rightstar.PNG'
134.5805 	DATA 	Keypress: space
135.1304 	EXP 	image_2: autoDraw = True
135.9282 	EXP 	image_2: autoDraw = False
136.5476 	EXP 	New trial (rep=0, index=5): {'stimuli': 1, 'star': 'condition_1/leftstar.PNG', 'CorrectAns': 'left'}
136.6018 	DATA 	Keypress: right
136.6066 	EXP 	image_2: autoDraw = False
136.6066 	EXP 	image_3: image = 'condition_1/fixation.png'
136.6066 	EXP 	image_3: autoDraw = True
137.0781 	EXP 	image_3: autoDraw = False
137.0781 	EXP 	text_3: height = 0.2
137.0781 	EXP 	text_3: height = 0.2
137.0781 	EXP 	text_3: height = 0.2
137.0781 	EXP 	text_3: text = 1
137.5617 	EXP 	text_3: autoDraw = True
137.9950 	EXP 	text_3: autoDraw = False
137.9950 	EXP 	text_3: autoDraw = False
137.9950 	EXP 	image_2: image = 'condition_1/leftstar.PNG'
139.1640 	EXP 	image_2: autoDraw = True
139.2653 	EXP 	New trial (rep=0, index=6): {'stimuli': 8, 'star': 'condition_1/leftstar.PNG', 'CorrectAns': 'space'}
139.3179 	DATA 	Keypress: space
139.3225 	EXP 	image_2: autoDraw = False
139.3225 	EXP 	image_3: image = 'condition_1/fixation.png'
139.3225 	EXP 	image_3: autoDraw = True
139.7953 	EXP 	image_3: autoDraw = False
139.7953 	EXP 	text_3: height = 0.2
139.7953 	EXP 	text_3: height = 0.2
139.7953 	EXP 	text_3: height = 0.2
139.7953 	EXP 	text_3: text = 8
140.2787 	EXP 	text_3: autoDraw = True
140.7049 	EXP 	text_3: autoDraw = False
140.7049 	EXP 	text_3: autoDraw = False
140.7049 	EXP 	image_2: image = 'condition_1/leftstar.PNG'
141.8311 	DATA 	Keypress: space
141.8802 	EXP 	image_2: autoDraw = True
142.6151 	EXP 	New trial (rep=0, index=7): {'stimuli': 1, 'star': 'condition_1/leftstar.PNG', 'CorrectAns': 'left'}
142.6675 	DATA 	Keypress: left
142.6744 	EXP 	image_2: autoDraw = False
142.6744 	EXP 	image_3: image = 'condition_1/fixation.png'
142.6744 	EXP 	image_3: autoDraw = True
143.1452 	EXP 	image_3: autoDraw = False
143.1452 	EXP 	text_3: height = 0.2
143.1452 	EXP 	text_3: height = 0.2
143.1452 	EXP 	text_3: height = 0.2
143.1452 	EXP 	text_3: text = 1
143.6282 	EXP 	text_3: autoDraw = True
144.0387 	EXP 	text_3: autoDraw = False
144.0387 	EXP 	text_3: autoDraw = False
144.0387 	EXP 	image_2: image = 'condition_1/leftstar.PNG'
145.2308 	EXP 	image_2: autoDraw = True
146.0449 	EXP 	image_2: autoDraw = False
146.7642 	EXP 	New trial (rep=0, index=8): {'stimuli': 8, 'star': 'condition_1/leftstar.PNG', 'CorrectAns': 'space'}
146.8178 	DATA 	Keypress: left
146.8221 	EXP 	image_2: autoDraw = False
146.8221 	EXP 	image_3: image = 'condition_1/fixation.png'
146.8221 	EXP 	image_3: autoDraw = True
147.2949 	EXP 	image_3: autoDraw = False
147.2949 	EXP 	text_3: height = 0.2
147.2949 	EXP 	text_3: height = 0.2
147.2949 	EXP 	text_3: height = 0.2
147.2949 	EXP 	text_3: text = 8
147.7783 	EXP 	text_3: autoDraw = True
148.1965 	EXP 	text_3: autoDraw = False
148.1965 	EXP 	text_3: autoDraw = False
148.1965 	EXP 	image_2: image = 'condition_1/leftstar.PNG'
148.5636 	DATA 	Keypress: space
149.3803 	EXP 	image_2: autoDraw = True
150.1947 	EXP 	image_2: autoDraw = False
151.7309 	EXP 	New trial (rep=0, index=9): {'stimuli': 2, 'star': 'condition_1/leftstar.PNG', 'CorrectAns': 'left'}
151.7865 	DATA 	Keypress: left
151.7912 	EXP 	image_2: autoDraw = False
151.7912 	EXP 	image_3: image = 'condition_1/fixation.png'
151.7912 	EXP 	image_3: autoDraw = True
152.2698 	EXP 	image_3: autoDraw = False
152.2698 	EXP 	text_3: height = 0.2
152.2698 	EXP 	text_3: height = 0.2
152.2698 	EXP 	text_3: height = 0.2
152.2698 	EXP 	text_3: text = 2
152.7451 	EXP 	text_3: autoDraw = True
153.1603 	EXP 	text_3: autoDraw = False
153.1603 	EXP 	text_3: autoDraw = False
153.1603 	EXP 	image_2: image = 'condition_1/leftstar.PNG'
154.3473 	EXP 	image_2: autoDraw = True
155.0314 	EXP 	New trial (rep=0, index=10): {'stimuli': 9, 'star': 'condition_1/leftstar.PNG', 'CorrectAns': 'space'}
155.0801 	DATA 	Keypress: left
155.0850 	EXP 	image_2: autoDraw = False
155.0850 	EXP 	image_3: image = 'condition_1/fixation.png'
155.0850 	EXP 	image_3: autoDraw = True
155.5616 	EXP 	image_3: autoDraw = False
155.5616 	EXP 	text_3: height = 0.2
155.5616 	EXP 	text_3: height = 0.2
155.5616 	EXP 	text_3: height = 0.2
155.5616 	EXP 	text_3: text = 9
156.0450 	EXP 	text_3: autoDraw = True
156.4590 	EXP 	text_3: autoDraw = False
156.4590 	EXP 	text_3: autoDraw = False
156.4590 	EXP 	image_2: image = 'condition_1/leftstar.PNG'
157.6475 	EXP 	image_2: autoDraw = True
158.2659 	EXP 	New trial (rep=0, index=11): {'stimuli': 1, 'star': 'condition_1/rightstar.PNG', 'CorrectAns': 'right'}
158.3202 	DATA 	Keypress: space
158.3258 	EXP 	image_2: autoDraw = False
158.3258 	EXP 	image_3: image = 'condition_1/fixation.png'
158.3258 	EXP 	image_3: autoDraw = True
158.7955 	EXP 	image_3: autoDraw = False
158.7955 	EXP 	text_3: height = 0.2
158.7955 	EXP 	text_3: height = 0.2
158.7955 	EXP 	text_3: height = 0.2
158.7955 	EXP 	text_3: text = 1
159.2784 	EXP 	text_3: autoDraw = True
159.6859 	EXP 	text_3: autoDraw = False
159.6859 	EXP 	text_3: autoDraw = False
159.6859 	EXP 	image_2: image = 'condition_1/rightstar.PNG'
160.8809 	EXP 	image_2: autoDraw = True
161.6948 	EXP 	image_2: autoDraw = False
162.1316 	EXP 	New trial (rep=0, index=12): {'stimuli': 1, 'star': 'condition_1/blank.PNG', 'CorrectAns': 'space'}
162.1862 	DATA 	Keypress: right
162.1917 	EXP 	image_2: autoDraw = False
162.1917 	EXP 	image_3: image = 'condition_1/fixation.png'
162.1917 	EXP 	image_3: autoDraw = True
162.6617 	EXP 	image_3: autoDraw = False
162.6617 	EXP 	text_3: height = 0.2
162.6617 	EXP 	text_3: height = 0.2
162.6617 	EXP 	text_3: height = 0.2
162.6617 	EXP 	text_3: text = 1
163.1452 	EXP 	text_3: autoDraw = True
163.5803 	EXP 	text_3: autoDraw = False
163.5803 	EXP 	text_3: autoDraw = False
163.5803 	EXP 	image_2: image = 'condition_1/blank.PNG'
164.7468 	EXP 	image_2: autoDraw = True
165.5614 	EXP 	image_2: autoDraw = False
165.9310 	EXP 	New trial (rep=0, index=13): {'stimuli': 9, 'star': 'condition_1/leftstar.PNG', 'CorrectAns': 'space'}
165.9814 	DATA 	Keypress: space
165.9863 	EXP 	image_2: autoDraw = False
165.9863 	EXP 	image_3: image = 'condition_1/fixation.png'
165.9863 	EXP 	image_3: autoDraw = True
166.4620 	EXP 	image_3: autoDraw = False
166.4620 	EXP 	text_3: height = 0.2
166.4620 	EXP 	text_3: height = 0.2
166.4620 	EXP 	text_3: height = 0.2
166.4620 	EXP 	text_3: text = 9
166.9448 	EXP 	text_3: autoDraw = True
167.4816 	EXP 	text_3: autoDraw = False
167.4816 	EXP 	text_3: autoDraw = False
167.4816 	EXP 	image_2: image = 'condition_1/leftstar.PNG'
168.5475 	EXP 	image_2: autoDraw = True
169.2846 	EXP 	New trial (rep=0, index=14): {'stimuli': 2, 'star': 'condition_1/rightstar.PNG', 'CorrectAns': 'left'}
169.3397 	DATA 	Keypress: left
169.3445 	EXP 	image_2: autoDraw = False
169.3445 	EXP 	image_3: image = 'condition_1/fixation.png'
169.3445 	EXP 	image_3: autoDraw = True
169.8116 	EXP 	image_3: autoDraw = False
169.8116 	EXP 	text_3: height = 0.2
169.8116 	EXP 	text_3: height = 0.2
169.8116 	EXP 	text_3: height = 0.2
169.8116 	EXP 	text_3: text = 2
170.2953 	EXP 	text_3: autoDraw = True
170.7221 	EXP 	text_3: autoDraw = False
170.7221 	EXP 	text_3: autoDraw = False
170.7221 	EXP 	image_2: image = 'condition_1/rightstar.PNG'
171.8975 	EXP 	image_2: autoDraw = True
172.7117 	EXP 	image_2: autoDraw = False
172.8310 	EXP 	New trial (rep=0, index=15): {'stimuli': 2, 'star': 'condition_1/leftstar.PNG', 'CorrectAns': 'left'}
172.8839 	DATA 	Keypress: right
172.8887 	EXP 	image_2: autoDraw = False
172.8887 	EXP 	image_3: image = 'condition_1/fixation.png'
172.8887 	EXP 	image_3: autoDraw = True
173.3762 	EXP 	image_3: autoDraw = False
173.3762 	EXP 	text_3: height = 0.2
173.3762 	EXP 	text_3: height = 0.2
173.3762 	EXP 	text_3: height = 0.2
173.3762 	EXP 	text_3: text = 2
173.8450 	EXP 	text_3: autoDraw = True
174.2545 	EXP 	text_3: autoDraw = False
174.2545 	EXP 	text_3: autoDraw = False
174.2545 	EXP 	image_2: image = 'condition_1/leftstar.PNG'
175.4475 	EXP 	image_2: autoDraw = True
176.1651 	EXP 	New trial (rep=0, index=16): {'stimuli': 9, 'star': 'condition_1/blank.PNG', 'CorrectAns': 'space'}
176.2253 	DATA 	Keypress: left
176.2320 	EXP 	image_2: autoDraw = False
176.2320 	EXP 	image_3: image = 'condition_1/fixation.png'
176.2320 	EXP 	image_3: autoDraw = True
176.6949 	EXP 	image_3: autoDraw = False
176.6949 	EXP 	text_3: height = 0.2
176.6949 	EXP 	text_3: height = 0.2
176.6949 	EXP 	text_3: height = 0.2
176.6949 	EXP 	text_3: text = 9
177.1787 	EXP 	text_3: autoDraw = True
177.5607 	EXP 	text_3: autoDraw = False
177.5607 	EXP 	text_3: autoDraw = False
177.5607 	EXP 	image_2: image = 'condition_1/blank.PNG'
178.4009 	DATA 	Keypress: space
178.7794 	EXP 	image_2: autoDraw = True
179.5785 	EXP 	image_2: autoDraw = False
181.3314 	EXP 	New trial (rep=0, index=17): {'stimuli': 2, 'star': 'condition_1/leftstar.PNG', 'CorrectAns': 'left'}
181.3895 	DATA 	Keypress: space
181.3975 	EXP 	image_2: autoDraw = False
181.3975 	EXP 	image_3: image = 'condition_1/fixation.png'
181.3975 	EXP 	image_3: autoDraw = True
181.8618 	EXP 	image_3: autoDraw = False
181.8618 	EXP 	text_3: height = 0.2
181.8618 	EXP 	text_3: height = 0.2
181.8618 	EXP 	text_3: height = 0.2
181.8618 	EXP 	text_3: text = 2
182.3453 	EXP 	text_3: autoDraw = True
182.7938 	EXP 	text_3: autoDraw = False
182.7938 	EXP 	text_3: autoDraw = False
182.7938 	EXP 	image_2: image = 'condition_1/leftstar.PNG'
183.9475 	EXP 	image_2: autoDraw = True
184.6657 	DATA 	Keypress: left
184.6823 	EXP 	New trial (rep=0, index=18): {'stimuli': 9, 'star': 'condition_1/rightstar.PNG', 'CorrectAns': 'space'}
184.7404 	EXP 	image_2: autoDraw = False
184.7404 	EXP 	image_3: image = 'condition_1/fixation.png'
184.7404 	EXP 	image_3: autoDraw = True
185.2115 	EXP 	image_3: autoDraw = False
185.2115 	EXP 	text_3: height = 0.2
185.2115 	EXP 	text_3: height = 0.2
185.2115 	EXP 	text_3: height = 0.2
185.2115 	EXP 	text_3: text = 9
185.6954 	EXP 	text_3: autoDraw = True
186.1057 	EXP 	text_3: autoDraw = False
186.1057 	EXP 	text_3: autoDraw = False
186.1057 	EXP 	image_2: image = 'condition_1/rightstar.PNG'
187.2972 	EXP 	image_2: autoDraw = True
188.1120 	EXP 	image_2: autoDraw = False
188.1309 	EXP 	New trial (rep=0, index=19): {'stimuli': 2, 'star': 'condition_1/rightstar.PNG', 'CorrectAns': 'right'}
188.1925 	DATA 	Keypress: right
188.1980 	EXP 	image_2: autoDraw = False
188.1980 	EXP 	image_3: image = 'condition_1/fixation.png'
188.1980 	EXP 	image_3: autoDraw = True
188.6614 	EXP 	image_3: autoDraw = False
188.6614 	EXP 	text_3: height = 0.2
188.6614 	EXP 	text_3: height = 0.2
188.6614 	EXP 	text_3: height = 0.2
188.6614 	EXP 	text_3: text = 2
189.1449 	EXP 	text_3: autoDraw = True
189.5858 	EXP 	text_3: autoDraw = False
189.5858 	EXP 	text_3: autoDraw = False
189.5858 	EXP 	image_2: image = 'condition_1/rightstar.PNG'
190.7471 	EXP 	image_2: autoDraw = True
191.4817 	EXP 	New trial (rep=0, index=20): {'stimuli': 8, 'star': 'condition_1/blank.PNG', 'CorrectAns': 'space'}
191.5458 	DATA 	Keypress: right
191.5509 	EXP 	image_2: autoDraw = False
191.5509 	EXP 	image_3: image = 'condition_1/fixation.png'
191.5509 	EXP 	image_3: autoDraw = True
192.0116 	EXP 	image_3: autoDraw = False
192.0116 	EXP 	text_3: height = 0.2
192.0116 	EXP 	text_3: height = 0.2
192.0116 	EXP 	text_3: height = 0.2
192.0116 	EXP 	text_3: text = 8
192.4951 	EXP 	text_3: autoDraw = True
192.9201 	EXP 	text_3: autoDraw = False
192.9201 	EXP 	text_3: autoDraw = False
192.9201 	EXP 	image_2: image = 'condition_1/blank.PNG'
194.0963 	EXP 	image_2: autoDraw = True
194.8320 	EXP 	New trial (rep=0, index=21): {'stimuli': 2, 'star': 'condition_1/blank.PNG', 'CorrectAns': 'space'}
194.8917 	DATA 	Keypress: space
194.8982 	EXP 	image_2: autoDraw = False
194.8982 	EXP 	image_3: image = 'condition_1/fixation.png'
194.8982 	EXP 	image_3: autoDraw = True
195.3715 	EXP 	image_3: autoDraw = False
195.3715 	EXP 	text_3: height = 0.2
195.3715 	EXP 	text_3: height = 0.2
195.3715 	EXP 	text_3: height = 0.2
195.3715 	EXP 	text_3: text = 2
195.8451 	EXP 	text_3: autoDraw = True
196.1712 	EXP 	text_3: autoDraw = False
196.1712 	EXP 	text_3: autoDraw = False
196.1712 	EXP 	image_2: image = 'condition_1/blank.PNG'
197.4462 	EXP 	image_2: autoDraw = True
198.2453 	EXP 	image_2: autoDraw = False
199.4311 	EXP 	New trial (rep=0, index=22): {'stimuli': 8, 'star': 'condition_1/rightstar.PNG', 'CorrectAns': 'space'}
199.4989 	DATA 	Keypress: space
199.5039 	EXP 	image_2: autoDraw = False
199.5039 	EXP 	image_3: image = 'condition_1/fixation.png'
199.5039 	EXP 	image_3: autoDraw = True
199.9621 	EXP 	image_3: autoDraw = False
199.9621 	EXP 	text_3: height = 0.2
199.9621 	EXP 	text_3: height = 0.2
199.9621 	EXP 	text_3: height = 0.2
199.9621 	EXP 	text_3: text = 8
200.4451 	EXP 	text_3: autoDraw = True
200.9771 	EXP 	text_3: autoDraw = False
200.9771 	EXP 	text_3: autoDraw = False
200.9771 	EXP 	image_2: image = 'condition_1/rightstar.PNG'
202.0471 	EXP 	image_2: autoDraw = True
202.5000 	EXP 	New trial (rep=0, index=23): {'stimuli': 1, 'star': 'condition_1/rightstar.PNG', 'CorrectAns': 'right'}
202.5806 	DATA 	Keypress: right
202.5847 	EXP 	image_2: autoDraw = False
202.5847 	EXP 	image_3: image = 'condition_1/fixation.png'
202.5847 	EXP 	image_3: autoDraw = True
203.0282 	EXP 	image_3: autoDraw = False
203.0282 	EXP 	text_3: height = 0.2
203.0282 	EXP 	text_3: height = 0.2
203.0282 	EXP 	text_3: height = 0.2
203.0282 	EXP 	text_3: text = 1
203.5118 	EXP 	text_3: autoDraw = True
203.9652 	EXP 	text_3: autoDraw = False
203.9652 	EXP 	text_3: autoDraw = False
203.9652 	EXP 	image_2: image = 'condition_1/rightstar.PNG'
205.1140 	EXP 	image_2: autoDraw = True
205.5660 	EXP 	New trial (rep=0, index=24): {'stimuli': 9, 'star': 'condition_1/rightstar.PNG', 'CorrectAns': 'space'}
205.6234 	DATA 	Keypress: right
205.6294 	EXP 	image_2: autoDraw = False
205.6294 	EXP 	image_3: image = 'condition_1/fixation.png'
205.6294 	EXP 	image_3: autoDraw = True
206.0953 	EXP 	image_3: autoDraw = False
206.0953 	EXP 	text_3: height = 0.2
206.0953 	EXP 	text_3: height = 0.2
206.0953 	EXP 	text_3: height = 0.2
206.0953 	EXP 	text_3: text = 9
206.5784 	EXP 	text_3: autoDraw = True
206.9918 	EXP 	text_3: autoDraw = False
206.9918 	EXP 	text_3: autoDraw = False
206.9918 	EXP 	image_2: image = 'condition_1/rightstar.PNG'
208.1805 	EXP 	image_2: autoDraw = True
208.5641 	EXP 	New trial (rep=1, index=0): {'stimuli': 1, 'star': 'condition_1/leftstar.PNG', 'CorrectAns': 'left'}
208.6134 	DATA 	Keypress: right
208.6215 	EXP 	image_2: autoDraw = False
208.6215 	EXP 	image_3: image = 'condition_1/fixation.png'
208.6215 	EXP 	image_3: autoDraw = True
209.0949 	EXP 	image_3: autoDraw = False
209.0949 	EXP 	text_3: height = 0.2
209.0949 	EXP 	text_3: height = 0.2
209.0949 	EXP 	text_3: height = 0.2
209.0949 	EXP 	text_3: text = 1
209.5783 	EXP 	text_3: autoDraw = True
210.0002 	EXP 	text_3: autoDraw = False
210.0002 	EXP 	text_3: autoDraw = False
210.0002 	EXP 	image_2: image = 'condition_1/leftstar.PNG'
211.1806 	EXP 	image_2: autoDraw = True
211.9948 	EXP 	image_2: autoDraw = False
212.0144 	EXP 	New trial (rep=1, index=1): {'stimuli': 2, 'star': 'condition_1/leftstar.PNG', 'CorrectAns': 'left'}
212.0683 	DATA 	Keypress: left
212.0734 	EXP 	image_2: autoDraw = False
212.0734 	EXP 	image_3: image = 'condition_1/fixation.png'
212.0734 	EXP 	image_3: autoDraw = True
212.5451 	EXP 	image_3: autoDraw = False
212.5451 	EXP 	text_3: height = 0.2
212.5451 	EXP 	text_3: height = 0.2
212.5451 	EXP 	text_3: height = 0.2
212.5451 	EXP 	text_3: text = 2
213.0285 	EXP 	text_3: autoDraw = True
213.4586 	EXP 	text_3: autoDraw = False
213.4586 	EXP 	text_3: autoDraw = False
213.4586 	EXP 	image_2: image = 'condition_1/leftstar.PNG'
214.6304 	EXP 	image_2: autoDraw = True
215.2159 	EXP 	New trial (rep=1, index=2): {'stimuli': 1, 'star': 'condition_1/rightstar.PNG', 'CorrectAns': 'right'}
215.2738 	DATA 	Keypress: left
215.2786 	EXP 	image_2: autoDraw = False
215.2786 	EXP 	image_3: image = 'condition_1/fixation.png'
215.2786 	EXP 	image_3: autoDraw = True
215.7566 	EXP 	image_3: autoDraw = False
215.7566 	EXP 	text_3: height = 0.2
215.7566 	EXP 	text_3: height = 0.2
215.7566 	EXP 	text_3: height = 0.2
215.7566 	EXP 	text_3: text = 1
216.2283 	EXP 	text_3: autoDraw = True
216.6388 	EXP 	text_3: autoDraw = False
216.6388 	EXP 	text_3: autoDraw = False
216.6388 	EXP 	image_2: image = 'condition_1/rightstar.PNG'
217.8303 	EXP 	image_2: autoDraw = True
218.1987 	DATA 	Keypress: right
218.2159 	EXP 	New trial (rep=1, index=3): {'stimuli': 9, 'star': 'condition_1/blank.PNG', 'CorrectAns': 'space'}
218.2783 	EXP 	image_2: autoDraw = False
218.2783 	EXP 	image_3: image = 'condition_1/fixation.png'
218.2783 	EXP 	image_3: autoDraw = True
218.7453 	EXP 	image_3: autoDraw = False
218.7453 	EXP 	text_3: height = 0.2
218.7453 	EXP 	text_3: height = 0.2
218.7453 	EXP 	text_3: height = 0.2
218.7453 	EXP 	text_3: text = 9
219.2280 	EXP 	text_3: autoDraw = True
219.6475 	EXP 	text_3: autoDraw = False
219.6475 	EXP 	text_3: autoDraw = False
219.6475 	EXP 	image_2: image = 'condition_1/blank.PNG'
220.8296 	EXP 	image_2: autoDraw = True
220.9157 	EXP 	New trial (rep=1, index=4): {'stimuli': 1, 'star': 'condition_1/rightstar.PNG', 'CorrectAns': 'right'}
220.9720 	DATA 	Keypress: space
220.9769 	EXP 	image_2: autoDraw = False
220.9769 	EXP 	image_3: image = 'condition_1/fixation.png'
220.9769 	EXP 	image_3: autoDraw = True
221.4452 	EXP 	image_3: autoDraw = False
221.4452 	EXP 	text_3: height = 0.2
221.4452 	EXP 	text_3: height = 0.2
221.4452 	EXP 	text_3: height = 0.2
221.4452 	EXP 	text_3: text = 1
221.9285 	EXP 	text_3: autoDraw = True
222.4461 	EXP 	text_3: autoDraw = False
222.4461 	EXP 	text_3: autoDraw = False
222.4461 	EXP 	image_2: image = 'condition_1/rightstar.PNG'
223.5304 	EXP 	image_2: autoDraw = True
223.9320 	EXP 	New trial (rep=1, index=5): {'stimuli': 2, 'star': 'condition_1/leftstar.PNG', 'CorrectAns': 'left'}
223.9839 	DATA 	Keypress: right
223.9881 	EXP 	image_2: autoDraw = False
223.9881 	EXP 	image_3: image = 'condition_1/fixation.png'
223.9881 	EXP 	image_3: autoDraw = True
224.4618 	EXP 	image_3: autoDraw = False
224.4618 	EXP 	text_3: height = 0.2
224.4618 	EXP 	text_3: height = 0.2
224.4618 	EXP 	text_3: height = 0.2
224.4618 	EXP 	text_3: text = 2
224.9448 	EXP 	text_3: autoDraw = True
225.3706 	EXP 	text_3: autoDraw = False
225.3706 	EXP 	text_3: autoDraw = False
225.3706 	EXP 	image_2: image = 'condition_1/leftstar.PNG'
226.5469 	EXP 	image_2: autoDraw = True
227.3616 	EXP 	image_2: autoDraw = False
227.7142 	EXP 	New trial (rep=1, index=6): {'stimuli': 1, 'star': 'condition_1/leftstar.PNG', 'CorrectAns': 'left'}
227.7648 	DATA 	Keypress: left
227.7692 	EXP 	image_2: autoDraw = False
227.7692 	EXP 	image_3: image = 'condition_1/fixation.png'
227.7692 	EXP 	image_3: autoDraw = True
228.2450 	EXP 	image_3: autoDraw = False
228.2450 	EXP 	text_3: height = 0.2
228.2450 	EXP 	text_3: height = 0.2
228.2450 	EXP 	text_3: height = 0.2
228.2450 	EXP 	text_3: text = 1
228.7284 	EXP 	text_3: autoDraw = True
229.1398 	EXP 	text_3: autoDraw = False
229.1398 	EXP 	text_3: autoDraw = False
229.1398 	EXP 	image_2: image = 'condition_1/leftstar.PNG'
230.3306 	EXP 	image_2: autoDraw = True
230.8151 	EXP 	New trial (rep=1, index=7): {'stimuli': 9, 'star': 'condition_1/leftstar.PNG', 'CorrectAns': 'space'}
230.8667 	DATA 	Keypress: left
230.8709 	EXP 	image_2: autoDraw = False
230.8709 	EXP 	image_3: image = 'condition_1/fixation.png'
230.8709 	EXP 	image_3: autoDraw = True
231.3447 	EXP 	image_3: autoDraw = False
231.3447 	EXP 	text_3: height = 0.2
231.3447 	EXP 	text_3: height = 0.2
231.3447 	EXP 	text_3: height = 0.2
231.3447 	EXP 	text_3: text = 9
231.8285 	EXP 	text_3: autoDraw = True
232.2608 	EXP 	text_3: autoDraw = False
232.2608 	EXP 	text_3: autoDraw = False
232.2608 	EXP 	image_2: image = 'condition_1/leftstar.PNG'
233.3802 	DATA 	Keypress: space
233.4306 	EXP 	image_2: autoDraw = True
234.2447 	EXP 	image_2: autoDraw = False
238.9142 	EXP 	New trial (rep=1, index=8): {'stimuli': 8, 'star': 'condition_1/leftstar.PNG', 'CorrectAns': 'space'}
238.9841 	DATA 	Keypress: space
238.9885 	EXP 	image_2: autoDraw = False
238.9885 	EXP 	image_3: image = 'condition_1/fixation.png'
238.9885 	EXP 	image_3: autoDraw = True
239.4570 	EXP 	image_3: autoDraw = False
239.4570 	EXP 	text_3: height = 0.2
239.4570 	EXP 	text_3: height = 0.2
239.4570 	EXP 	text_3: height = 0.2
239.4570 	EXP 	text_3: text = 8
239.9281 	EXP 	text_3: autoDraw = True
240.4943 	EXP 	text_3: autoDraw = False
240.4943 	EXP 	text_3: autoDraw = False
240.4943 	EXP 	image_2: image = 'condition_1/leftstar.PNG'
241.5307 	EXP 	image_2: autoDraw = True
241.9484 	EXP 	New trial (rep=1, index=9): {'stimuli': 9, 'star': 'condition_1/rightstar.PNG', 'CorrectAns': 'space'}
242.0158 	DATA 	Keypress: left
242.0201 	EXP 	image_2: autoDraw = False
242.0201 	EXP 	image_3: image = 'condition_1/fixation.png'
242.0201 	EXP 	image_3: autoDraw = True
242.4780 	EXP 	image_3: autoDraw = False
242.4780 	EXP 	text_3: height = 0.2
242.4780 	EXP 	text_3: height = 0.2
242.4780 	EXP 	text_3: height = 0.2
242.4780 	EXP 	text_3: text = 9
242.9615 	EXP 	text_3: autoDraw = True
243.3680 	EXP 	text_3: autoDraw = False
243.3680 	EXP 	text_3: autoDraw = False
243.3680 	EXP 	image_2: image = 'condition_1/rightstar.PNG'
243.9973 	DATA 	Keypress: space
244.5636 	EXP 	image_2: autoDraw = True
245.2994 	EXP 	New trial (rep=1, index=10): {'stimuli': 8, 'star': 'condition_1/rightstar.PNG', 'CorrectAns': 'space'}
245.3510 	DATA 	Keypress: right
245.3555 	EXP 	image_2: autoDraw = False
245.3555 	EXP 	image_3: image = 'condition_1/fixation.png'
245.3555 	EXP 	image_3: autoDraw = True
245.8288 	EXP 	image_3: autoDraw = False
245.8288 	EXP 	text_3: height = 0.2
245.8288 	EXP 	text_3: height = 0.2
245.8288 	EXP 	text_3: height = 0.2
245.8288 	EXP 	text_3: text = 8
246.3116 	EXP 	text_3: autoDraw = True
246.7155 	EXP 	text_3: autoDraw = False
246.7155 	EXP 	text_3: autoDraw = False
246.7155 	EXP 	image_2: image = 'condition_1/rightstar.PNG'
247.2509 	DATA 	Keypress: space
247.9137 	EXP 	image_2: autoDraw = True
248.3482 	EXP 	New trial (rep=1, index=11): {'stimuli': 1, 'star': 'condition_1/blank.PNG', 'CorrectAns': 'space'}
248.3990 	DATA 	Keypress: right
248.4035 	EXP 	image_2: autoDraw = False
248.4035 	EXP 	image_3: image = 'condition_1/fixation.png'
248.4035 	EXP 	image_3: autoDraw = True
248.8785 	EXP 	image_3: autoDraw = False
248.8785 	EXP 	text_3: height = 0.2
248.8785 	EXP 	text_3: height = 0.2
248.8785 	EXP 	text_3: height = 0.2
248.8785 	EXP 	text_3: text = 1
249.3616 	EXP 	text_3: autoDraw = True
249.7833 	EXP 	text_3: autoDraw = False
249.7833 	EXP 	text_3: autoDraw = False
249.7833 	EXP 	image_2: image = 'condition_1/blank.PNG'
250.9629 	EXP 	image_2: autoDraw = True
251.7615 	EXP 	image_2: autoDraw = False
254.4657 	EXP 	New trial (rep=1, index=12): {'stimuli': 9, 'star': 'condition_1/leftstar.PNG', 'CorrectAns': 'space'}
254.5298 	DATA 	Keypress: space
254.5342 	EXP 	image_2: autoDraw = False
254.5342 	EXP 	image_3: image = 'condition_1/fixation.png'
254.5342 	EXP 	image_3: autoDraw = True
254.9948 	EXP 	image_3: autoDraw = False
254.9948 	EXP 	text_3: height = 0.2
254.9948 	EXP 	text_3: height = 0.2
254.9948 	EXP 	text_3: height = 0.2
254.9948 	EXP 	text_3: text = 9
255.4782 	EXP 	text_3: autoDraw = True
255.9327 	EXP 	text_3: autoDraw = False
255.9327 	EXP 	text_3: autoDraw = False
255.9327 	EXP 	image_2: image = 'condition_1/leftstar.PNG'
257.0809 	EXP 	image_2: autoDraw = True
257.1314 	EXP 	New trial (rep=1, index=13): {'stimuli': 8, 'star': 'condition_1/blank.PNG', 'CorrectAns': 'space'}
257.1850 	DATA 	Keypress: space
257.1908 	EXP 	image_2: autoDraw = False
257.1908 	EXP 	image_3: image = 'condition_1/fixation.png'
257.1908 	EXP 	image_3: autoDraw = True
257.6618 	EXP 	image_3: autoDraw = False
257.6618 	EXP 	text_3: height = 0.2
257.6618 	EXP 	text_3: height = 0.2
257.6618 	EXP 	text_3: height = 0.2
257.6618 	EXP 	text_3: text = 8
258.1452 	EXP 	text_3: autoDraw = True
258.5312 	EXP 	text_3: autoDraw = False
258.5312 	EXP 	text_3: autoDraw = False
258.5312 	EXP 	image_2: image = 'condition_1/blank.PNG'
259.7464 	EXP 	image_2: autoDraw = True
260.5450 	EXP 	image_2: autoDraw = False
260.6809 	EXP 	New trial (rep=1, index=14): {'stimuli': 2, 'star': 'condition_1/leftstar.PNG', 'CorrectAns': 'left'}
260.7338 	DATA 	Keypress: space
260.7385 	EXP 	image_2: autoDraw = False
260.7385 	EXP 	image_3: image = 'condition_1/fixation.png'
260.7385 	EXP 	image_3: autoDraw = True
261.2219 	EXP 	image_3: autoDraw = False
261.2219 	EXP 	text_3: height = 0.2
261.2219 	EXP 	text_3: height = 0.2
261.2219 	EXP 	text_3: height = 0.2
261.2219 	EXP 	text_3: text = 2
261.6949 	EXP 	text_3: autoDraw = True
262.1092 	EXP 	text_3: autoDraw = False
262.1092 	EXP 	text_3: autoDraw = False
262.1092 	EXP 	image_2: image = 'condition_1/leftstar.PNG'
263.2970 	EXP 	image_2: autoDraw = True
263.8149 	EXP 	New trial (rep=1, index=15): {'stimuli': 2, 'star': 'condition_1/rightstar.PNG', 'CorrectAns': 'left'}
263.8680 	DATA 	Keypress: left
263.8730 	EXP 	image_2: autoDraw = False
263.8730 	EXP 	image_3: image = 'condition_1/fixation.png'
263.8730 	EXP 	image_3: autoDraw = True
264.3449 	EXP 	image_3: autoDraw = False
264.3449 	EXP 	text_3: height = 0.2
264.3449 	EXP 	text_3: height = 0.2
264.3449 	EXP 	text_3: height = 0.2
264.3449 	EXP 	text_3: text = 2
264.8284 	EXP 	text_3: autoDraw = True
265.2346 	EXP 	text_3: autoDraw = False
265.2346 	EXP 	text_3: autoDraw = False
265.2346 	EXP 	image_2: image = 'condition_1/rightstar.PNG'
266.4302 	EXP 	image_2: autoDraw = True
266.9649 	EXP 	New trial (rep=1, index=16): {'stimuli': 8, 'star': 'condition_1/rightstar.PNG', 'CorrectAns': 'space'}
267.0110 	DATA 	Keypress: right
267.0156 	EXP 	image_2: autoDraw = False
267.0156 	EXP 	image_3: image = 'condition_1/fixation.png'
267.0156 	EXP 	image_3: autoDraw = True
267.4951 	EXP 	image_3: autoDraw = False
267.4951 	EXP 	text_3: height = 0.2
267.4951 	EXP 	text_3: height = 0.2
267.4951 	EXP 	text_3: height = 0.2
267.4951 	EXP 	text_3: text = 8
267.9786 	EXP 	text_3: autoDraw = True
268.3981 	EXP 	text_3: autoDraw = False
268.3981 	EXP 	text_3: autoDraw = False
268.3981 	EXP 	image_2: image = 'condition_1/rightstar.PNG'
269.5805 	EXP 	image_2: autoDraw = True
270.1987 	EXP 	New trial (rep=1, index=17): {'stimuli': 2, 'star': 'condition_1/blank.PNG', 'CorrectAns': 'space'}
270.2492 	DATA 	Keypress: right
270.2534 	EXP 	image_2: autoDraw = False
270.2534 	EXP 	image_3: image = 'condition_1/fixation.png'
270.2534 	EXP 	image_3: autoDraw = True
270.7286 	EXP 	image_3: autoDraw = False
270.7286 	EXP 	text_3: height = 0.2
270.7286 	EXP 	text_3: height = 0.2
270.7286 	EXP 	text_3: height = 0.2
270.7286 	EXP 	text_3: text = 2
271.2117 	EXP 	text_3: autoDraw = True
271.5840 	EXP 	text_3: autoDraw = False
271.5840 	EXP 	text_3: autoDraw = False
271.5840 	EXP 	image_2: image = 'condition_1/blank.PNG'
272.8130 	EXP 	image_2: autoDraw = True
273.6283 	EXP 	image_2: autoDraw = False
274.7654 	EXP 	New trial (rep=1, index=18): {'stimuli': 1, 'star': 'condition_1/rightstar.PNG', 'CorrectAns': 'right'}
274.8307 	DATA 	Keypress: space
274.8352 	EXP 	image_2: autoDraw = False
274.8352 	EXP 	image_3: image = 'condition_1/fixation.png'
274.8352 	EXP 	image_3: autoDraw = True
275.2953 	EXP 	image_3: autoDraw = False
275.2953 	EXP 	text_3: height = 0.2
275.2953 	EXP 	text_3: height = 0.2
275.2953 	EXP 	text_3: height = 0.2
275.2953 	EXP 	text_3: text = 1
275.7783 	EXP 	text_3: autoDraw = True
276.3204 	EXP 	text_3: autoDraw = False
276.3204 	EXP 	text_3: autoDraw = False
276.3204 	EXP 	image_2: image = 'condition_1/rightstar.PNG'
277.3810 	EXP 	image_2: autoDraw = True
277.8316 	EXP 	New trial (rep=1, index=19): {'stimuli': 2, 'star': 'condition_1/blank.PNG', 'CorrectAns': 'space'}
277.8846 	DATA 	Keypress: right
277.8890 	EXP 	image_2: autoDraw = False
277.8890 	EXP 	image_3: image = 'condition_1/fixation.png'
277.8890 	EXP 	image_3: autoDraw = True
278.3614 	EXP 	image_3: autoDraw = False
278.3614 	EXP 	text_3: height = 0.2
278.3614 	EXP 	text_3: height = 0.2
278.3614 	EXP 	text_3: height = 0.2
278.3614 	EXP 	text_3: text = 2
278.8451 	EXP 	text_3: autoDraw = True
279.2250 	EXP 	text_3: autoDraw = False
279.2250 	EXP 	text_3: autoDraw = False
279.2250 	EXP 	image_2: image = 'condition_1/blank.PNG'
280.4460 	EXP 	image_2: autoDraw = True
281.2451 	EXP 	image_2: autoDraw = False
283.3980 	EXP 	New trial (rep=1, index=20): {'stimuli': 9, 'star': 'condition_1/rightstar.PNG', 'CorrectAns': 'space'}
283.4867 	DATA 	Keypress: space
283.4916 	EXP 	image_2: autoDraw = False
283.4916 	EXP 	image_3: image = 'condition_1/fixation.png'
283.4916 	EXP 	image_3: autoDraw = True
283.9381 	EXP 	image_3: autoDraw = False
283.9381 	EXP 	text_3: height = 0.2
283.9381 	EXP 	text_3: height = 0.2
283.9381 	EXP 	text_3: height = 0.2
283.9381 	EXP 	text_3: text = 9
284.4116 	EXP 	text_3: autoDraw = True
284.8669 	EXP 	text_3: autoDraw = False
284.8669 	EXP 	text_3: autoDraw = False
284.8669 	EXP 	image_2: image = 'condition_1/rightstar.PNG'
286.0137 	EXP 	image_2: autoDraw = True
286.3482 	EXP 	New trial (rep=1, index=21): {'stimuli': 2, 'star': 'condition_1/rightstar.PNG', 'CorrectAns': 'right'}
286.4035 	DATA 	Keypress: right
286.4079 	EXP 	image_2: autoDraw = False
286.4079 	EXP 	image_3: image = 'condition_1/fixation.png'
286.4079 	EXP 	image_3: autoDraw = True
286.8781 	EXP 	image_3: autoDraw = False
286.8781 	EXP 	text_3: height = 0.2
286.8781 	EXP 	text_3: height = 0.2
286.8781 	EXP 	text_3: height = 0.2
286.8781 	EXP 	text_3: text = 2
287.3620 	EXP 	text_3: autoDraw = True
287.7704 	EXP 	text_3: autoDraw = False
287.7704 	EXP 	text_3: autoDraw = False
287.7704 	EXP 	image_2: image = 'condition_1/rightstar.PNG'
288.9641 	EXP 	image_2: autoDraw = True
289.7783 	EXP 	image_2: autoDraw = False
290.3325 	EXP 	New trial (rep=1, index=22): {'stimuli': 9, 'star': 'condition_1/leftstar.PNG', 'CorrectAns': 'space'}
290.3826 	DATA 	Keypress: right
290.3889 	EXP 	image_2: autoDraw = False
290.3889 	EXP 	image_3: image = 'condition_1/fixation.png'
290.3889 	EXP 	image_3: autoDraw = True
290.8616 	EXP 	image_3: autoDraw = False
290.8616 	EXP 	text_3: height = 0.2
290.8616 	EXP 	text_3: height = 0.2
290.8616 	EXP 	text_3: height = 0.2
290.8616 	EXP 	text_3: text = 9
291.3449 	EXP 	text_3: autoDraw = True
291.7520 	EXP 	text_3: autoDraw = False
291.7520 	EXP 	text_3: autoDraw = False
291.7520 	EXP 	image_2: image = 'condition_1/leftstar.PNG'
292.9469 	EXP 	image_2: autoDraw = True
293.3320 	EXP 	New trial (rep=1, index=23): {'stimuli': 8, 'star': 'condition_1/leftstar.PNG', 'CorrectAns': 'space'}
293.3806 	DATA 	Keypress: left
293.3852 	EXP 	image_2: autoDraw = False
293.3852 	EXP 	image_3: image = 'condition_1/fixation.png'
293.3852 	EXP 	image_3: autoDraw = True
293.8615 	EXP 	image_3: autoDraw = False
293.8615 	EXP 	text_3: height = 0.2
293.8615 	EXP 	text_3: height = 0.2
293.8615 	EXP 	text_3: height = 0.2
293.8615 	EXP 	text_3: text = 8
294.3449 	EXP 	text_3: autoDraw = True
294.7527 	EXP 	text_3: autoDraw = False
294.7527 	EXP 	text_3: autoDraw = False
294.7527 	EXP 	image_2: image = 'condition_1/leftstar.PNG'
295.9471 	EXP 	image_2: autoDraw = True
296.3985 	EXP 	New trial (rep=1, index=24): {'stimuli': 8, 'star': 'condition_1/rightstar.PNG', 'CorrectAns': 'space'}
296.4675 	DATA 	Keypress: space
296.4722 	EXP 	image_2: autoDraw = False
296.4722 	EXP 	image_3: image = 'condition_1/fixation.png'
296.4722 	EXP 	image_3: autoDraw = True
296.9281 	EXP 	image_3: autoDraw = False
296.9281 	EXP 	text_3: height = 0.2
296.9281 	EXP 	text_3: height = 0.2
296.9281 	EXP 	text_3: height = 0.2
296.9281 	EXP 	text_3: text = 8
297.4116 	EXP 	text_3: autoDraw = True
297.8295 	EXP 	text_3: autoDraw = False
297.8295 	EXP 	text_3: autoDraw = False
297.8295 	EXP 	image_2: image = 'condition_1/rightstar.PNG'
299.0139 	EXP 	image_2: autoDraw = True
299.6385 	DATA 	Keypress: space
299.6447 	EXP 	image_2: autoDraw = False
299.6447 	EXP 	text_10: autoDraw = True
302.1057 	DATA 	Keypress: space
302.1116 	EXP 	text_10: autoDraw = False
302.1116 	EXP 	text_7: autoDraw = True
321.1188 	EXP 	Imported test2/data4.xlsx as conditions, 6 conditions, 3 params
321.1193 	EXP 	Created sequence: random, trialTypes=6, nReps=1, seed=None
321.1194 	EXP 	New trial (rep=0, index=0): {'stimuli': 8, 'star': 'test2/leftstar.PNG', 'CorrectAns': 'left'}
321.1906 	DATA 	Keypress: space
321.2013 	EXP 	text_7: autoDraw = False
321.2013 	EXP 	image_8: image = 'test2/fixation.png'
321.2013 	EXP 	image_8: autoDraw = True
321.6281 	EXP 	image_8: autoDraw = False
321.6281 	EXP 	text_11: height = 0.05
321.6281 	EXP 	text_11: height = 0.05
321.6281 	EXP 	text_11: height = 0.05
321.6281 	EXP 	text_11: text = 8
322.1117 	EXP 	text_11: autoDraw = True
322.6760 	EXP 	text_11: autoDraw = False
322.6760 	EXP 	text_11: autoDraw = False
322.6760 	EXP 	image_9: image = 'test2/leftstar.PNG'
323.7245 	EXP 	image_9: autoDraw = True
324.2659 	EXP 	New trial (rep=0, index=1): {'stimuli': 1, 'star': 'test2/leftstar.PNG', 'CorrectAns': 'space'}
324.3199 	DATA 	Keypress: left
324.3256 	EXP 	image_9: autoDraw = False
324.3256 	EXP 	image_8: image = 'test2/fixation.png'
324.3256 	EXP 	image_8: autoDraw = True
324.7951 	EXP 	image_8: autoDraw = False
324.7951 	EXP 	text_11: height = 0.05
324.7951 	EXP 	text_11: height = 0.05
324.7951 	EXP 	text_11: height = 0.05
324.7951 	EXP 	text_11: text = 1
325.2786 	EXP 	text_11: autoDraw = True
325.6815 	EXP 	text_11: autoDraw = False
325.6815 	EXP 	text_11: autoDraw = False
325.6815 	EXP 	image_9: image = 'test2/leftstar.PNG'
325.7472 	DATA 	Keypress: space
326.8801 	EXP 	image_9: autoDraw = True
327.4321 	EXP 	New trial (rep=0, index=2): {'stimuli': 1, 'star': 'test2/blank.PNG', 'CorrectAns': 'space'}
327.4816 	DATA 	Keypress: left
327.4858 	EXP 	image_9: autoDraw = False
327.4858 	EXP 	image_8: image = 'test2/fixation.png'
327.4858 	EXP 	image_8: autoDraw = True
327.9615 	EXP 	image_8: autoDraw = False
327.9615 	EXP 	text_11: height = 0.05
327.9615 	EXP 	text_11: height = 0.05
327.9615 	EXP 	text_11: height = 0.05
327.9615 	EXP 	text_11: text = 1
328.4448 	EXP 	text_11: autoDraw = True
328.8660 	EXP 	text_11: autoDraw = False
328.8660 	EXP 	text_11: autoDraw = False
328.8660 	EXP 	image_9: image = 'test2/blank.PNG'
329.1472 	DATA 	Keypress: space
330.0460 	EXP 	image_9: autoDraw = True
330.8451 	EXP 	image_9: autoDraw = False
331.9976 	EXP 	New trial (rep=0, index=3): {'stimuli': 8, 'star': 'test2/rightstar.PNG', 'CorrectAns': 'right'}
332.0512 	DATA 	Keypress: space
332.0558 	EXP 	image_9: autoDraw = False
332.0558 	EXP 	image_8: image = 'test2/fixation.png'
332.0558 	EXP 	image_8: autoDraw = True
332.5282 	EXP 	image_8: autoDraw = False
332.5282 	EXP 	text_11: height = 0.05
332.5282 	EXP 	text_11: height = 0.05
332.5282 	EXP 	text_11: height = 0.05
332.5282 	EXP 	text_11: text = 8
333.0118 	EXP 	text_11: autoDraw = True
333.4423 	EXP 	text_11: autoDraw = False
333.4423 	EXP 	text_11: autoDraw = False
333.4423 	EXP 	image_9: image = 'test2/rightstar.PNG'
334.6137 	EXP 	image_9: autoDraw = True
335.0509 	EXP 	New trial (rep=0, index=4): {'stimuli': 9, 'star': 'test2/rightstar.PNG', 'CorrectAns': 'right'}
335.1020 	DATA 	Keypress: right
335.1062 	EXP 	image_9: autoDraw = False
335.1062 	EXP 	image_8: image = 'test2/fixation.png'
335.1062 	EXP 	image_8: autoDraw = True
335.5781 	EXP 	image_8: autoDraw = False
335.5781 	EXP 	text_11: height = 0.05
335.5781 	EXP 	text_11: height = 0.05
335.5781 	EXP 	text_11: height = 0.05
335.5781 	EXP 	text_11: text = 9
336.0616 	EXP 	text_11: autoDraw = True
336.4747 	EXP 	text_11: autoDraw = False
336.4747 	EXP 	text_11: autoDraw = False
336.4747 	EXP 	image_9: image = 'test2/rightstar.PNG'
337.6638 	EXP 	image_9: autoDraw = True
338.0814 	EXP 	New trial (rep=0, index=5): {'stimuli': 2, 'star': 'test2/leftstar.PNG', 'CorrectAns': 'space'}
338.1661 	DATA 	Keypress: right
338.1701 	EXP 	image_9: autoDraw = False
338.1701 	EXP 	image_8: image = 'test2/fixation.png'
338.1701 	EXP 	image_8: autoDraw = True
338.6114 	EXP 	image_8: autoDraw = False
338.6114 	EXP 	text_11: height = 0.05
338.6114 	EXP 	text_11: height = 0.05
338.6114 	EXP 	text_11: height = 0.05
338.6114 	EXP 	text_11: text = 2
339.0948 	EXP 	text_11: autoDraw = True
339.5060 	EXP 	text_11: autoDraw = False
339.5060 	EXP 	text_11: autoDraw = False
339.5060 	EXP 	image_9: image = 'test2/leftstar.PNG'
340.6969 	EXP 	image_9: autoDraw = True
341.1211 	DATA 	Keypress: left
341.1281 	EXP 	image_9: autoDraw = False
341.1281 	EXP 	text_12: autoDraw = True
342.1285 	EXP 	text_12: autoDraw = False
342.8474 	DATA 	Keypress: space
342.8783 	EXP 	text_12: autoDraw = False
342.8783 	EXP 	text_13: autoDraw = True
343.6346 	EXP 	Imported condition_2/data2.xlsx as conditions, 25 conditions, 3 params
343.6353 	EXP 	Created sequence: random, trialTypes=25, nReps=2, seed=None
343.6355 	EXP 	New trial (rep=0, index=0): {'stimuli': 2, 'star': 'condition_2/rightstar.PNG', 'CorrectAns': 'space'}
343.6848 	DATA 	Keypress: space
343.6907 	EXP 	text_13: autoDraw = False
343.6907 	EXP 	image_4: image = 'condition_2/fixation.png'
343.6907 	EXP 	image_4: autoDraw = True
344.1451 	EXP 	image_4: autoDraw = False
344.1451 	EXP 	text: height = 0.2
344.1451 	EXP 	text: height = 0.2
344.1451 	EXP 	text: height = 0.2
344.1451 	EXP 	text: text = 2
344.6282 	EXP 	text: autoDraw = True
345.1633 	EXP 	text: autoDraw = False
345.1633 	EXP 	text: autoDraw = False
345.1633 	EXP 	image_5: image = 'condition_2/rightstar.PNG'
345.7470 	DATA 	Keypress: space
346.2448 	EXP 	image_5: autoDraw = True
346.8486 	DATA 	Keypress: right
346.8655 	EXP 	New trial (rep=0, index=1): {'stimuli': 8, 'star': 'condition_2/rightstar.PNG', 'CorrectAns': 'right'}
346.9217 	EXP 	image_5: autoDraw = False
346.9217 	EXP 	image_4: image = 'condition_2/fixation.png'
346.9217 	EXP 	image_4: autoDraw = True
347.3948 	EXP 	image_4: autoDraw = False
347.3948 	EXP 	text: height = 0.2
347.3948 	EXP 	text: height = 0.2
347.3948 	EXP 	text: height = 0.2
347.3948 	EXP 	text: text = 8
347.8786 	EXP 	text: autoDraw = True
348.2805 	EXP 	text: autoDraw = False
348.2805 	EXP 	text: autoDraw = False
348.2805 	EXP 	image_5: image = 'condition_2/rightstar.PNG'
348.9470 	DATA 	Keypress: space
349.4806 	EXP 	image_5: autoDraw = True
349.9829 	DATA 	Keypress: right
349.9993 	EXP 	New trial (rep=0, index=2): {'stimuli': 9, 'star': 'condition_2/leftstar.PNG', 'CorrectAns': 'left'}
350.0514 	EXP 	image_5: autoDraw = False
350.0514 	EXP 	image_4: image = 'condition_2/fixation.png'
350.0514 	EXP 	image_4: autoDraw = True
350.5281 	EXP 	image_4: autoDraw = False
350.5281 	EXP 	text: height = 0.2
350.5281 	EXP 	text: height = 0.2
350.5281 	EXP 	text: height = 0.2
350.5281 	EXP 	text: text = 9
351.0117 	EXP 	text: autoDraw = True
351.4725 	EXP 	text: autoDraw = False
351.4725 	EXP 	text: autoDraw = False
351.4725 	EXP 	image_5: image = 'condition_2/leftstar.PNG'
352.6140 	EXP 	image_5: autoDraw = True
353.1316 	EXP 	New trial (rep=0, index=3): {'stimuli': 8, 'star': 'condition_2/rightstar.PNG', 'CorrectAns': 'right'}
353.1898 	DATA 	Keypress: left
353.1949 	EXP 	image_5: autoDraw = False
353.1949 	EXP 	image_4: image = 'condition_2/fixation.png'
353.1949 	EXP 	image_4: autoDraw = True
353.6615 	EXP 	image_4: autoDraw = False
353.6615 	EXP 	text: height = 0.2
353.6615 	EXP 	text: height = 0.2
353.6615 	EXP 	text: height = 0.2
353.6615 	EXP 	text: text = 8
354.1453 	EXP 	text: autoDraw = True
354.5632 	EXP 	text: autoDraw = False
354.5632 	EXP 	text: autoDraw = False
354.5632 	EXP 	image_5: image = 'condition_2/rightstar.PNG'
355.7472 	EXP 	image_5: autoDraw = True
356.2145 	EXP 	New trial (rep=0, index=4): {'stimuli': 1, 'star': 'condition_2/leftstar.PNG', 'CorrectAns': 'space'}
356.2996 	DATA 	Keypress: right
356.3041 	EXP 	image_5: autoDraw = False
356.3041 	EXP 	image_4: image = 'condition_2/fixation.png'
356.3041 	EXP 	image_4: autoDraw = True
356.7449 	EXP 	image_4: autoDraw = False
356.7449 	EXP 	text: height = 0.2
356.7449 	EXP 	text: height = 0.2
356.7449 	EXP 	text: height = 0.2
356.7449 	EXP 	text: text = 1
357.2285 	EXP 	text: autoDraw = True
357.6626 	EXP 	text: autoDraw = False
357.6626 	EXP 	text: autoDraw = False
357.6626 	EXP 	image_5: image = 'condition_2/leftstar.PNG'
358.8303 	EXP 	image_5: autoDraw = True
358.8338 	DATA 	Keypress: space
359.4989 	EXP 	New trial (rep=0, index=5): {'stimuli': 8, 'star': 'condition_2/leftstar.PNG', 'CorrectAns': 'left'}
359.5496 	DATA 	Keypress: left
359.5541 	EXP 	image_5: autoDraw = False
359.5541 	EXP 	image_4: image = 'condition_2/fixation.png'
359.5541 	EXP 	image_4: autoDraw = True
360.0281 	EXP 	image_4: autoDraw = False
360.0281 	EXP 	text: height = 0.2
360.0281 	EXP 	text: height = 0.2
360.0281 	EXP 	text: height = 0.2
360.0281 	EXP 	text: text = 8
360.5117 	EXP 	text: autoDraw = True
360.9344 	EXP 	text: autoDraw = False
360.9344 	EXP 	text: autoDraw = False
360.9344 	EXP 	image_5: image = 'condition_2/leftstar.PNG'
362.1135 	EXP 	image_5: autoDraw = True
362.7486 	EXP 	New trial (rep=0, index=6): {'stimuli': 2, 'star': 'condition_2/rightstar.PNG', 'CorrectAns': 'space'}
362.7987 	DATA 	Keypress: left
362.8033 	EXP 	image_5: autoDraw = False
362.8033 	EXP 	image_4: image = 'condition_2/fixation.png'
362.8033 	EXP 	image_4: autoDraw = True
363.2868 	EXP 	image_4: autoDraw = False
363.2868 	EXP 	text: height = 0.2
363.2868 	EXP 	text: height = 0.2
363.2868 	EXP 	text: height = 0.2
363.2868 	EXP 	text: text = 2
363.7614 	EXP 	text: autoDraw = True
364.1682 	EXP 	text: autoDraw = False
364.1682 	EXP 	text: autoDraw = False
364.1682 	EXP 	image_5: image = 'condition_2/rightstar.PNG'
364.7466 	DATA 	Keypress: space
365.3639 	EXP 	image_5: autoDraw = True
365.7818 	EXP 	New trial (rep=0, index=7): {'stimuli': 2, 'star': 'condition_2/rightstar.PNG', 'CorrectAns': 'space'}
365.8360 	DATA 	Keypress: right
365.8423 	EXP 	image_5: autoDraw = False
365.8423 	EXP 	image_4: image = 'condition_2/fixation.png'
365.8423 	EXP 	image_4: autoDraw = True
366.3113 	EXP 	image_4: autoDraw = False
366.3113 	EXP 	text: height = 0.2
366.3113 	EXP 	text: height = 0.2
366.3113 	EXP 	text: height = 0.2
366.3113 	EXP 	text: text = 2
366.7948 	EXP 	text: autoDraw = True
367.2064 	EXP 	text: autoDraw = False
367.2064 	EXP 	text: autoDraw = False
367.2064 	EXP 	image_5: image = 'condition_2/rightstar.PNG'
367.9305 	DATA 	Keypress: space
368.3970 	EXP 	image_5: autoDraw = True
368.7813 	EXP 	New trial (rep=0, index=8): {'stimuli': 9, 'star': 'condition_2/rightstar.PNG', 'CorrectAns': 'right'}
368.8295 	DATA 	Keypress: right
368.8345 	EXP 	image_5: autoDraw = False
368.8345 	EXP 	image_4: image = 'condition_2/fixation.png'
368.8345 	EXP 	image_4: autoDraw = True
369.3113 	EXP 	image_4: autoDraw = False
369.3113 	EXP 	text: height = 0.2
369.3113 	EXP 	text: height = 0.2
369.3113 	EXP 	text: height = 0.2
369.3113 	EXP 	text: text = 9
369.7950 	EXP 	text: autoDraw = True
370.2067 	EXP 	text: autoDraw = False
370.2067 	EXP 	text: autoDraw = False
370.2067 	EXP 	image_5: image = 'condition_2/rightstar.PNG'
371.3970 	EXP 	image_5: autoDraw = True
371.7825 	EXP 	New trial (rep=0, index=9): {'stimuli': 2, 'star': 'condition_2/leftstar.PNG', 'CorrectAns': 'space'}
371.8348 	DATA 	Keypress: right
371.8404 	EXP 	image_5: autoDraw = False
371.8404 	EXP 	image_4: image = 'condition_2/fixation.png'
371.8404 	EXP 	image_4: autoDraw = True
372.3117 	EXP 	image_4: autoDraw = False
372.3117 	EXP 	text: height = 0.2
372.3117 	EXP 	text: height = 0.2
372.3117 	EXP 	text: height = 0.2
372.3117 	EXP 	text: text = 2
372.7948 	EXP 	text: autoDraw = True
373.2072 	EXP 	text: autoDraw = False
373.2072 	EXP 	text: autoDraw = False
373.2072 	EXP 	image_5: image = 'condition_2/leftstar.PNG'
374.3969 	EXP 	image_5: autoDraw = True
374.7818 	EXP 	New trial (rep=0, index=10): {'stimuli': 1, 'star': 'condition_2/rightstar.PNG', 'CorrectAns': 'space'}
374.8390 	DATA 	Keypress: space
374.8443 	EXP 	image_5: autoDraw = False
374.8443 	EXP 	image_4: image = 'condition_2/fixation.png'
374.8443 	EXP 	image_4: autoDraw = True
375.3120 	EXP 	image_4: autoDraw = False
375.3120 	EXP 	text: height = 0.2
375.3120 	EXP 	text: height = 0.2
375.3120 	EXP 	text: height = 0.2
375.3120 	EXP 	text: text = 1
375.7949 	EXP 	text: autoDraw = True
376.2042 	EXP 	text: autoDraw = False
376.2042 	EXP 	text: autoDraw = False
376.2042 	EXP 	image_5: image = 'condition_2/rightstar.PNG'
377.3970 	EXP 	image_5: autoDraw = True
377.8322 	EXP 	New trial (rep=0, index=11): {'stimuli': 1, 'star': 'condition_2/rightstar.PNG', 'CorrectAns': 'space'}
377.8808 	DATA 	Keypress: space
377.8858 	EXP 	image_5: autoDraw = False
377.8858 	EXP 	image_4: image = 'condition_2/fixation.png'
377.8858 	EXP 	image_4: autoDraw = True
378.3613 	EXP 	image_4: autoDraw = False
378.3613 	EXP 	text: height = 0.2
378.3613 	EXP 	text: height = 0.2
378.3613 	EXP 	text: height = 0.2
378.3613 	EXP 	text: text = 1
378.8447 	EXP 	text: autoDraw = True
379.2573 	EXP 	text: autoDraw = False
379.2573 	EXP 	text: autoDraw = False
379.2573 	EXP 	image_5: image = 'condition_2/rightstar.PNG'
380.4475 	EXP 	image_5: autoDraw = True
381.0658 	EXP 	New trial (rep=0, index=12): {'stimuli': 8, 'star': 'condition_2/leftstar.PNG', 'CorrectAns': 'left'}
381.1209 	DATA 	Keypress: space
381.1264 	EXP 	image_5: autoDraw = False
381.1264 	EXP 	image_4: image = 'condition_2/fixation.png'
381.1264 	EXP 	image_4: autoDraw = True
381.6044 	EXP 	image_4: autoDraw = False
381.6044 	EXP 	text: height = 0.2
381.6044 	EXP 	text: height = 0.2
381.6044 	EXP 	text: height = 0.2
381.6044 	EXP 	text: text = 8
382.0779 	EXP 	text: autoDraw = True
382.4858 	EXP 	text: autoDraw = False
382.4858 	EXP 	text: autoDraw = False
382.4858 	EXP 	image_5: image = 'condition_2/leftstar.PNG'
383.6805 	EXP 	image_5: autoDraw = True
384.0978 	EXP 	New trial (rep=0, index=13): {'stimuli': 8, 'star': 'condition_2/blank.PNG', 'CorrectAns': 'space'}
384.1522 	DATA 	Keypress: left
384.1605 	EXP 	image_5: autoDraw = False
384.1605 	EXP 	image_4: image = 'condition_2/fixation.png'
384.1605 	EXP 	image_4: autoDraw = True
384.6283 	EXP 	image_4: autoDraw = False
384.6283 	EXP 	text: height = 0.2
384.6283 	EXP 	text: height = 0.2
384.6283 	EXP 	text: height = 0.2
384.6283 	EXP 	text: text = 8
385.1113 	EXP 	text: autoDraw = True
385.5427 	EXP 	text: autoDraw = False
385.5427 	EXP 	text: autoDraw = False
385.5427 	EXP 	image_5: image = 'condition_2/blank.PNG'
386.7127 	EXP 	image_5: autoDraw = True
387.5116 	EXP 	image_5: autoDraw = False
388.2152 	EXP 	New trial (rep=0, index=14): {'stimuli': 9, 'star': 'condition_2/leftstar.PNG', 'CorrectAns': 'left'}
388.2641 	DATA 	Keypress: space
388.2688 	EXP 	image_5: autoDraw = False
388.2688 	EXP 	image_4: image = 'condition_2/fixation.png'
388.2688 	EXP 	image_4: autoDraw = True
388.7450 	EXP 	image_4: autoDraw = False
388.7450 	EXP 	text: height = 0.2
388.7450 	EXP 	text: height = 0.2
388.7450 	EXP 	text: height = 0.2
388.7450 	EXP 	text: text = 9
389.2281 	EXP 	text: autoDraw = True
389.7597 	EXP 	text: autoDraw = False
389.7597 	EXP 	text: autoDraw = False
389.7597 	EXP 	image_5: image = 'condition_2/leftstar.PNG'
390.8306 	EXP 	image_5: autoDraw = True
391.6447 	EXP 	image_5: autoDraw = False
392.3989 	DATA 	Keypress: space
392.4140 	EXP 	New trial (rep=0, index=15): {'stimuli': 8, 'star': 'condition_2/blank.PNG', 'CorrectAns': 'space'}
392.4679 	EXP 	image_5: autoDraw = False
392.4679 	EXP 	image_4: image = 'condition_2/fixation.png'
392.4679 	EXP 	image_4: autoDraw = True
392.9449 	EXP 	image_4: autoDraw = False
392.9449 	EXP 	text: height = 0.2
392.9449 	EXP 	text: height = 0.2
392.9449 	EXP 	text: height = 0.2
392.9449 	EXP 	text: text = 8
393.4283 	EXP 	text: autoDraw = True
393.7963 	EXP 	text: autoDraw = False
393.7963 	EXP 	text: autoDraw = False
393.7963 	EXP 	image_5: image = 'condition_2/blank.PNG'
395.0297 	EXP 	image_5: autoDraw = True
395.8282 	EXP 	image_5: autoDraw = False
397.0471 	EXP 	New trial (rep=0, index=16): {'stimuli': 1, 'star': 'condition_2/blank.PNG', 'CorrectAns': 'space'}
397.0956 	DATA 	Keypress: space
397.1004 	EXP 	image_5: autoDraw = False
397.1004 	EXP 	image_4: image = 'condition_2/fixation.png'
397.1004 	EXP 	image_4: autoDraw = True
397.5783 	EXP 	image_4: autoDraw = False
397.5783 	EXP 	text: height = 0.2
397.5783 	EXP 	text: height = 0.2
397.5783 	EXP 	text: height = 0.2
397.5783 	EXP 	text: text = 1
398.0618 	EXP 	text: autoDraw = True
398.3885 	EXP 	text: autoDraw = False
398.3885 	EXP 	text: autoDraw = False
398.3885 	EXP 	image_5: image = 'condition_2/blank.PNG'
399.6628 	EXP 	image_5: autoDraw = True
400.0647 	EXP 	New trial (rep=0, index=17): {'stimuli': 1, 'star': 'condition_2/leftstar.PNG', 'CorrectAns': 'space'}
400.1283 	DATA 	Keypress: space
400.1329 	EXP 	image_5: autoDraw = False
400.1329 	EXP 	image_4: image = 'condition_2/fixation.png'
400.1329 	EXP 	image_4: autoDraw = True
400.5947 	EXP 	image_4: autoDraw = False
400.5947 	EXP 	text: height = 0.2
400.5947 	EXP 	text: height = 0.2
400.5947 	EXP 	text: height = 0.2
400.5947 	EXP 	text: text = 1
401.0781 	EXP 	text: autoDraw = True
401.6142 	EXP 	text: autoDraw = False
401.6142 	EXP 	text: autoDraw = False
401.6142 	EXP 	image_5: image = 'condition_2/leftstar.PNG'
402.6804 	EXP 	image_5: autoDraw = True
403.2660 	EXP 	New trial (rep=0, index=18): {'stimuli': 9, 'star': 'condition_2/blank.PNG', 'CorrectAns': 'space'}
403.3137 	DATA 	Keypress: space
403.3189 	EXP 	image_5: autoDraw = False
403.3189 	EXP 	image_4: image = 'condition_2/fixation.png'
403.3189 	EXP 	image_4: autoDraw = True
403.7999 	EXP 	image_4: autoDraw = False
403.7999 	EXP 	text: height = 0.2
403.7999 	EXP 	text: height = 0.2
403.7999 	EXP 	text: height = 0.2
403.7999 	EXP 	text: text = 9
404.2780 	EXP 	text: autoDraw = True
404.6506 	EXP 	text: autoDraw = False
404.6506 	EXP 	text: autoDraw = False
404.6506 	EXP 	image_5: image = 'condition_2/blank.PNG'
405.8793 	EXP 	image_5: autoDraw = True
406.6781 	EXP 	image_5: autoDraw = False
406.9489 	EXP 	New trial (rep=0, index=19): {'stimuli': 2, 'star': 'condition_2/leftstar.PNG', 'CorrectAns': 'space'}
407.0012 	DATA 	Keypress: space
407.0057 	EXP 	image_5: autoDraw = False
407.0057 	EXP 	image_4: image = 'condition_2/fixation.png'
407.0057 	EXP 	image_4: autoDraw = True
407.4787 	EXP 	image_4: autoDraw = False
407.4787 	EXP 	text: height = 0.2
407.4787 	EXP 	text: height = 0.2
407.4787 	EXP 	text: height = 0.2
407.4787 	EXP 	text: text = 2
407.9618 	EXP 	text: autoDraw = True
408.3772 	EXP 	text: autoDraw = False
408.3772 	EXP 	text: autoDraw = False
408.3772 	EXP 	image_5: image = 'condition_2/leftstar.PNG'
409.5636 	EXP 	image_5: autoDraw = True
410.0651 	EXP 	New trial (rep=0, index=20): {'stimuli': 1, 'star': 'condition_2/leftstar.PNG', 'CorrectAns': 'space'}
410.1154 	DATA 	Keypress: space
410.1211 	EXP 	image_5: autoDraw = False
410.1211 	EXP 	image_4: image = 'condition_2/fixation.png'
410.1211 	EXP 	image_4: autoDraw = True
410.5949 	EXP 	image_4: autoDraw = False
410.5949 	EXP 	text: height = 0.2
410.5949 	EXP 	text: height = 0.2
410.5949 	EXP 	text: height = 0.2
410.5949 	EXP 	text: text = 1
411.0781 	EXP 	text: autoDraw = True
411.4952 	EXP 	text: autoDraw = False
411.4952 	EXP 	text: autoDraw = False
411.4952 	EXP 	image_5: image = 'condition_2/leftstar.PNG'
412.6806 	EXP 	image_5: autoDraw = True
413.1150 	EXP 	New trial (rep=0, index=21): {'stimuli': 9, 'star': 'condition_2/rightstar.PNG', 'CorrectAns': 'right'}
413.1619 	DATA 	Keypress: space
413.1664 	EXP 	image_5: autoDraw = False
413.1664 	EXP 	image_4: image = 'condition_2/fixation.png'
413.1664 	EXP 	image_4: autoDraw = True
413.6447 	EXP 	image_4: autoDraw = False
413.6447 	EXP 	text: height = 0.2
413.6447 	EXP 	text: height = 0.2
413.6447 	EXP 	text: height = 0.2
413.6447 	EXP 	text: text = 9
414.1281 	EXP 	text: autoDraw = True
414.5563 	EXP 	text: autoDraw = False
414.5563 	EXP 	text: autoDraw = False
414.5563 	EXP 	image_5: image = 'condition_2/rightstar.PNG'
415.7303 	EXP 	image_5: autoDraw = True
416.3337 	EXP 	New trial (rep=0, index=22): {'stimuli': 8, 'star': 'condition_2/rightstar.PNG', 'CorrectAns': 'right'}
416.3849 	DATA 	Keypress: right
416.3894 	EXP 	image_5: autoDraw = False
416.3894 	EXP 	image_4: image = 'condition_2/fixation.png'
416.3894 	EXP 	image_4: autoDraw = True
416.8613 	EXP 	image_4: autoDraw = False
416.8613 	EXP 	text: height = 0.2
416.8613 	EXP 	text: height = 0.2
416.8613 	EXP 	text: height = 0.2
416.8613 	EXP 	text: text = 8
417.3449 	EXP 	text: autoDraw = True
417.7695 	EXP 	text: autoDraw = False
417.7695 	EXP 	text: autoDraw = False
417.7695 	EXP 	image_5: image = 'condition_2/rightstar.PNG'
418.9471 	EXP 	image_5: autoDraw = True
419.3312 	EXP 	New trial (rep=0, index=23): {'stimuli': 2, 'star': 'condition_2/blank.PNG', 'CorrectAns': 'space'}
419.3795 	DATA 	Keypress: right
419.3851 	EXP 	image_5: autoDraw = False
419.3851 	EXP 	image_4: image = 'condition_2/fixation.png'
419.3851 	EXP 	image_4: autoDraw = True
419.8618 	EXP 	image_4: autoDraw = False
419.8618 	EXP 	text: height = 0.2
419.8618 	EXP 	text: height = 0.2
419.8618 	EXP 	text: height = 0.2
419.8618 	EXP 	text: text = 2
420.3452 	EXP 	text: autoDraw = True
420.7682 	EXP 	text: autoDraw = False
420.7682 	EXP 	text: autoDraw = False
420.7682 	EXP 	image_5: image = 'condition_2/blank.PNG'
421.9460 	EXP 	image_5: autoDraw = True
422.7447 	EXP 	image_5: autoDraw = False
422.7644 	EXP 	New trial (rep=0, index=24): {'stimuli': 9, 'star': 'condition_2/leftstar.PNG', 'CorrectAns': 'left'}
422.8225 	DATA 	Keypress: space
422.8279 	EXP 	image_5: autoDraw = False
422.8279 	EXP 	image_4: image = 'condition_2/fixation.png'
422.8279 	EXP 	image_4: autoDraw = True
423.3091 	EXP 	image_4: autoDraw = False
423.3091 	EXP 	text: height = 0.2
423.3091 	EXP 	text: height = 0.2
423.3091 	EXP 	text: height = 0.2
423.3091 	EXP 	text: text = 9
423.7784 	EXP 	text: autoDraw = True
424.3090 	EXP 	text: autoDraw = False
424.3090 	EXP 	text: autoDraw = False
424.3090 	EXP 	image_5: image = 'condition_2/leftstar.PNG'
425.3807 	EXP 	image_5: autoDraw = True
425.7318 	EXP 	New trial (rep=1, index=0): {'stimuli': 2, 'star': 'condition_2/blank.PNG', 'CorrectAns': 'space'}
425.7776 	DATA 	Keypress: left
425.7823 	EXP 	image_5: autoDraw = False
425.7823 	EXP 	image_4: image = 'condition_2/fixation.png'
425.7823 	EXP 	image_4: autoDraw = True
426.2617 	EXP 	image_4: autoDraw = False
426.2617 	EXP 	text: height = 0.2
426.2617 	EXP 	text: height = 0.2
426.2617 	EXP 	text: height = 0.2
426.2617 	EXP 	text: text = 2
426.7452 	EXP 	text: autoDraw = True
427.1097 	EXP 	text: autoDraw = False
427.1097 	EXP 	text: autoDraw = False
427.1097 	EXP 	image_5: image = 'condition_2/blank.PNG'
428.3462 	EXP 	image_5: autoDraw = True
428.4657 	EXP 	New trial (rep=1, index=1): {'stimuli': 1, 'star': 'condition_2/leftstar.PNG', 'CorrectAns': 'space'}
428.5100 	DATA 	Keypress: space
428.5177 	EXP 	image_5: autoDraw = False
428.5177 	EXP 	image_4: image = 'condition_2/fixation.png'
428.5177 	EXP 	image_4: autoDraw = True
428.9948 	EXP 	image_4: autoDraw = False
428.9948 	EXP 	text: height = 0.2
428.9948 	EXP 	text: height = 0.2
428.9948 	EXP 	text: height = 0.2
428.9948 	EXP 	text: text = 1
429.4784 	EXP 	text: autoDraw = True
429.8914 	EXP 	text: autoDraw = False
429.8914 	EXP 	text: autoDraw = False
429.8914 	EXP 	image_5: image = 'condition_2/leftstar.PNG'
431.0807 	EXP 	image_5: autoDraw = True
431.6167 	EXP 	New trial (rep=1, index=2): {'stimuli': 8, 'star': 'condition_2/blank.PNG', 'CorrectAns': 'space'}
431.6665 	DATA 	Keypress: space
431.6711 	EXP 	image_5: autoDraw = False
431.6711 	EXP 	image_4: image = 'condition_2/fixation.png'
431.6711 	EXP 	image_4: autoDraw = True
432.1450 	EXP 	image_4: autoDraw = False
432.1450 	EXP 	text: height = 0.2
432.1450 	EXP 	text: height = 0.2
432.1450 	EXP 	text: height = 0.2
432.1450 	EXP 	text: text = 8
432.6281 	EXP 	text: autoDraw = True
433.0339 	EXP 	text: autoDraw = False
433.0339 	EXP 	text: autoDraw = False
433.0339 	EXP 	image_5: image = 'condition_2/blank.PNG'
434.2296 	EXP 	image_5: autoDraw = True
435.0281 	EXP 	image_5: autoDraw = False
437.0995 	EXP 	New trial (rep=1, index=3): {'stimuli': 2, 'star': 'condition_2/leftstar.PNG', 'CorrectAns': 'space'}
437.1655 	DATA 	Keypress: space
437.1698 	EXP 	image_5: autoDraw = False
437.1698 	EXP 	image_4: image = 'condition_2/fixation.png'
437.1698 	EXP 	image_4: autoDraw = True
437.6285 	EXP 	image_4: autoDraw = False
437.6285 	EXP 	text: height = 0.2
437.6285 	EXP 	text: height = 0.2
437.6285 	EXP 	text: height = 0.2
437.6285 	EXP 	text: text = 2
438.1117 	EXP 	text: autoDraw = True
438.5700 	EXP 	text: autoDraw = False
438.5700 	EXP 	text: autoDraw = False
438.5700 	EXP 	image_5: image = 'condition_2/leftstar.PNG'
439.7137 	EXP 	image_5: autoDraw = True
440.1818 	EXP 	New trial (rep=1, index=4): {'stimuli': 2, 'star': 'condition_2/leftstar.PNG', 'CorrectAns': 'space'}
440.2656 	DATA 	Keypress: space
440.2701 	EXP 	image_5: autoDraw = False
440.2701 	EXP 	image_4: image = 'condition_2/fixation.png'
440.2701 	EXP 	image_4: autoDraw = True
440.7117 	EXP 	image_4: autoDraw = False
440.7117 	EXP 	text: height = 0.2
440.7117 	EXP 	text: height = 0.2
440.7117 	EXP 	text: height = 0.2
440.7117 	EXP 	text: text = 2
441.1948 	EXP 	text: autoDraw = True
441.6244 	EXP 	text: autoDraw = False
441.6244 	EXP 	text: autoDraw = False
441.6244 	EXP 	image_5: image = 'condition_2/leftstar.PNG'
442.7970 	EXP 	image_5: autoDraw = True
443.6114 	EXP 	image_5: autoDraw = False
444.2974 	EXP 	New trial (rep=1, index=5): {'stimuli': 8, 'star': 'condition_2/rightstar.PNG', 'CorrectAns': 'right'}
444.3636 	DATA 	Keypress: space
444.3680 	EXP 	image_5: autoDraw = False
444.3680 	EXP 	image_4: image = 'condition_2/fixation.png'
444.3680 	EXP 	image_4: autoDraw = True
444.8396 	EXP 	image_4: autoDraw = False
444.8396 	EXP 	text: height = 0.2
444.8396 	EXP 	text: height = 0.2
444.8396 	EXP 	text: height = 0.2
444.8396 	EXP 	text: text = 8
445.3116 	EXP 	text: autoDraw = True
445.7273 	EXP 	text: autoDraw = False
445.7273 	EXP 	text: autoDraw = False
445.7273 	EXP 	image_5: image = 'condition_2/rightstar.PNG'
446.9140 	EXP 	image_5: autoDraw = True
447.7283 	EXP 	image_5: autoDraw = False
447.9645 	EXP 	New trial (rep=1, index=6): {'stimuli': 9, 'star': 'condition_2/leftstar.PNG', 'CorrectAns': 'left'}
448.0170 	DATA 	Keypress: right
448.0217 	EXP 	image_5: autoDraw = False
448.0217 	EXP 	image_4: image = 'condition_2/fixation.png'
448.0217 	EXP 	image_4: autoDraw = True
448.4948 	EXP 	image_4: autoDraw = False
448.4948 	EXP 	text: height = 0.2
448.4948 	EXP 	text: height = 0.2
448.4948 	EXP 	text: height = 0.2
448.4948 	EXP 	text: text = 9
448.9781 	EXP 	text: autoDraw = True
449.3908 	EXP 	text: autoDraw = False
449.3908 	EXP 	text: autoDraw = False
449.3908 	EXP 	image_5: image = 'condition_2/leftstar.PNG'
450.5802 	EXP 	image_5: autoDraw = True
450.9152 	EXP 	New trial (rep=1, index=7): {'stimuli': 2, 'star': 'condition_2/rightstar.PNG', 'CorrectAns': 'space'}
450.9649 	DATA 	Keypress: left
450.9695 	EXP 	image_5: autoDraw = False
450.9695 	EXP 	image_4: image = 'condition_2/fixation.png'
450.9695 	EXP 	image_4: autoDraw = True
451.4450 	EXP 	image_4: autoDraw = False
451.4450 	EXP 	text: height = 0.2
451.4450 	EXP 	text: height = 0.2
451.4450 	EXP 	text: height = 0.2
451.4450 	EXP 	text: text = 2
451.9283 	EXP 	text: autoDraw = True
452.3569 	EXP 	text: autoDraw = False
452.3569 	EXP 	text: autoDraw = False
452.3569 	EXP 	image_5: image = 'condition_2/rightstar.PNG'
453.5304 	EXP 	image_5: autoDraw = True
454.1156 	DATA 	Keypress: space
454.1319 	EXP 	New trial (rep=1, index=8): {'stimuli': 1, 'star': 'condition_2/blank.PNG', 'CorrectAns': 'space'}
454.1963 	EXP 	image_5: autoDraw = False
454.1963 	EXP 	image_4: image = 'condition_2/fixation.png'
454.1963 	EXP 	image_4: autoDraw = True
454.6618 	EXP 	image_4: autoDraw = False
454.6618 	EXP 	text: height = 0.2
454.6618 	EXP 	text: height = 0.2
454.6618 	EXP 	text: height = 0.2
454.6618 	EXP 	text: text = 1
455.1449 	EXP 	text: autoDraw = True
455.5524 	EXP 	text: autoDraw = False
455.5524 	EXP 	text: autoDraw = False
455.5524 	EXP 	image_5: image = 'condition_2/blank.PNG'
456.7463 	EXP 	image_5: autoDraw = True
457.5150 	DATA 	Keypress: space
457.5318 	EXP 	New trial (rep=1, index=9): {'stimuli': 1, 'star': 'condition_2/rightstar.PNG', 'CorrectAns': 'space'}
457.5900 	EXP 	image_5: autoDraw = False
457.5900 	EXP 	image_5: autoDraw = False
457.5900 	EXP 	image_4: image = 'condition_2/fixation.png'
457.5900 	EXP 	image_4: autoDraw = True
458.0617 	EXP 	image_4: autoDraw = False
458.0617 	EXP 	text: height = 0.2
458.0617 	EXP 	text: height = 0.2
458.0617 	EXP 	text: height = 0.2
458.0617 	EXP 	text: text = 1
458.5452 	EXP 	text: autoDraw = True
459.0958 	EXP 	text: autoDraw = False
459.0958 	EXP 	text: autoDraw = False
459.0958 	EXP 	image_5: image = 'condition_2/rightstar.PNG'
460.1473 	EXP 	image_5: autoDraw = True
460.7318 	EXP 	New trial (rep=1, index=10): {'stimuli': 9, 'star': 'condition_2/blank.PNG', 'CorrectAns': 'space'}
460.7841 	DATA 	Keypress: space
460.7891 	EXP 	image_5: autoDraw = False
460.7891 	EXP 	image_4: image = 'condition_2/fixation.png'
460.7891 	EXP 	image_4: autoDraw = True
461.2616 	EXP 	image_4: autoDraw = False
461.2616 	EXP 	text: height = 0.2
461.2616 	EXP 	text: height = 0.2
461.2616 	EXP 	text: height = 0.2
461.2616 	EXP 	text: text = 9
461.7446 	EXP 	text: autoDraw = True
462.1087 	EXP 	text: autoDraw = False
462.1087 	EXP 	text: autoDraw = False
462.1087 	EXP 	image_5: image = 'condition_2/blank.PNG'
463.3462 	EXP 	image_5: autoDraw = True
464.1447 	EXP 	image_5: autoDraw = False
464.3633 	EXP 	New trial (rep=1, index=11): {'stimuli': 1, 'star': 'condition_2/leftstar.PNG', 'CorrectAns': 'space'}
464.4110 	DATA 	Keypress: space
464.4155 	EXP 	image_5: autoDraw = False
464.4155 	EXP 	image_4: image = 'condition_2/fixation.png'
464.4155 	EXP 	image_4: autoDraw = True
464.9041 	EXP 	image_4: autoDraw = False
464.9041 	EXP 	text: height = 0.2
464.9041 	EXP 	text: height = 0.2
464.9041 	EXP 	text: height = 0.2
464.9041 	EXP 	text: text = 1
465.3783 	EXP 	text: autoDraw = True
465.7875 	EXP 	text: autoDraw = False
465.7875 	EXP 	text: autoDraw = False
465.7875 	EXP 	image_5: image = 'condition_2/leftstar.PNG'
466.9806 	EXP 	image_5: autoDraw = True
467.4651 	EXP 	New trial (rep=1, index=12): {'stimuli': 8, 'star': 'condition_2/blank.PNG', 'CorrectAns': 'space'}
467.5184 	DATA 	Keypress: space
467.5234 	EXP 	image_5: autoDraw = False
467.5234 	EXP 	image_4: image = 'condition_2/fixation.png'
467.5234 	EXP 	image_4: autoDraw = True
467.9951 	EXP 	image_4: autoDraw = False
467.9951 	EXP 	text: height = 0.2
467.9951 	EXP 	text: height = 0.2
467.9951 	EXP 	text: height = 0.2
467.9951 	EXP 	text: text = 8
468.4782 	EXP 	text: autoDraw = True
468.8417 	EXP 	text: autoDraw = False
468.8417 	EXP 	text: autoDraw = False
468.8417 	EXP 	image_5: image = 'condition_2/blank.PNG'
470.0799 	EXP 	image_5: autoDraw = True
470.8781 	EXP 	image_5: autoDraw = False
471.0809 	EXP 	New trial (rep=1, index=13): {'stimuli': 1, 'star': 'condition_2/rightstar.PNG', 'CorrectAns': 'space'}
471.1372 	DATA 	Keypress: space
471.1416 	EXP 	image_5: autoDraw = False
471.1416 	EXP 	image_4: image = 'condition_2/fixation.png'
471.1416 	EXP 	image_4: autoDraw = True
471.6115 	EXP 	image_4: autoDraw = False
471.6115 	EXP 	text: height = 0.2
471.6115 	EXP 	text: height = 0.2
471.6115 	EXP 	text: height = 0.2
471.6115 	EXP 	text: text = 1
472.0949 	EXP 	text: autoDraw = True
472.6330 	EXP 	text: autoDraw = False
472.6330 	EXP 	text: autoDraw = False
472.6330 	EXP 	image_5: image = 'condition_2/rightstar.PNG'
473.6977 	EXP 	image_5: autoDraw = True
474.2146 	EXP 	New trial (rep=1, index=14): {'stimuli': 8, 'star': 'condition_2/rightstar.PNG', 'CorrectAns': 'right'}
474.2589 	DATA 	Keypress: space
474.2643 	EXP 	image_5: autoDraw = False
474.2643 	EXP 	image_4: image = 'condition_2/fixation.png'
474.2643 	EXP 	image_4: autoDraw = True
474.7448 	EXP 	image_4: autoDraw = False
474.7448 	EXP 	text: height = 0.2
474.7448 	EXP 	text: height = 0.2
474.7448 	EXP 	text: height = 0.2
474.7448 	EXP 	text: text = 8
475.2281 	EXP 	text: autoDraw = True
475.6450 	EXP 	text: autoDraw = False
475.6450 	EXP 	text: autoDraw = False
475.6450 	EXP 	image_5: image = 'condition_2/rightstar.PNG'
476.8301 	EXP 	image_5: autoDraw = True
477.1994 	EXP 	New trial (rep=1, index=15): {'stimuli': 8, 'star': 'condition_2/rightstar.PNG', 'CorrectAns': 'right'}
477.2500 	DATA 	Keypress: right
477.2558 	EXP 	image_5: autoDraw = False
477.2558 	EXP 	image_4: image = 'condition_2/fixation.png'
477.2558 	EXP 	image_4: autoDraw = True
477.7283 	EXP 	image_4: autoDraw = False
477.7283 	EXP 	text: height = 0.2
477.7283 	EXP 	text: height = 0.2
477.7283 	EXP 	text: height = 0.2
477.7283 	EXP 	text: text = 8
478.2116 	EXP 	text: autoDraw = True
478.6890 	EXP 	text: autoDraw = False
478.6890 	EXP 	text: autoDraw = False
478.6890 	EXP 	image_5: image = 'condition_2/rightstar.PNG'
479.8137 	EXP 	image_5: autoDraw = True
480.3150 	EXP 	New trial (rep=1, index=16): {'stimuli': 9, 'star': 'condition_2/leftstar.PNG', 'CorrectAns': 'left'}
480.3626 	DATA 	Keypress: right
480.3672 	EXP 	image_5: autoDraw = False
480.3672 	EXP 	image_4: image = 'condition_2/fixation.png'
480.3672 	EXP 	image_4: autoDraw = True
480.8449 	EXP 	image_4: autoDraw = False
480.8449 	EXP 	text: height = 0.2
480.8449 	EXP 	text: height = 0.2
480.8449 	EXP 	text: height = 0.2
480.8449 	EXP 	text: text = 9
481.3284 	EXP 	text: autoDraw = True
481.7430 	EXP 	text: autoDraw = False
481.7430 	EXP 	text: autoDraw = False
481.7430 	EXP 	image_5: image = 'condition_2/leftstar.PNG'
482.9304 	EXP 	image_5: autoDraw = True
483.3648 	EXP 	New trial (rep=1, index=17): {'stimuli': 1, 'star': 'condition_2/leftstar.PNG', 'CorrectAns': 'space'}
483.4178 	DATA 	Keypress: left
483.4226 	EXP 	image_5: autoDraw = False
483.4226 	EXP 	image_4: image = 'condition_2/fixation.png'
483.4226 	EXP 	image_4: autoDraw = True
483.9071 	EXP 	image_4: autoDraw = False
483.9071 	EXP 	text: height = 0.2
483.9071 	EXP 	text: height = 0.2
483.9071 	EXP 	text: height = 0.2
483.9071 	EXP 	text: text = 1
484.3781 	EXP 	text: autoDraw = True
484.7827 	EXP 	text: autoDraw = False
484.7827 	EXP 	text: autoDraw = False
484.7827 	EXP 	image_5: image = 'condition_2/leftstar.PNG'
485.9800 	EXP 	image_5: autoDraw = True
486.4334 	EXP 	New trial (rep=1, index=18): {'stimuli': 2, 'star': 'condition_2/rightstar.PNG', 'CorrectAns': 'space'}
486.4850 	DATA 	Keypress: space
486.4912 	EXP 	image_5: autoDraw = False
486.4912 	EXP 	image_4: image = 'condition_2/fixation.png'
486.4912 	EXP 	image_4: autoDraw = True
486.9616 	EXP 	image_4: autoDraw = False
486.9616 	EXP 	text: height = 0.2
486.9616 	EXP 	text: height = 0.2
486.9616 	EXP 	text: height = 0.2
486.9616 	EXP 	text: text = 2
487.4449 	EXP 	text: autoDraw = True
487.8710 	EXP 	text: autoDraw = False
487.8710 	EXP 	text: autoDraw = False
487.8710 	EXP 	image_5: image = 'condition_2/rightstar.PNG'
489.0470 	EXP 	image_5: autoDraw = True
489.3648 	DATA 	Keypress: space
489.3815 	EXP 	New trial (rep=1, index=19): {'stimuli': 8, 'star': 'condition_2/leftstar.PNG', 'CorrectAns': 'left'}
489.4317 	EXP 	image_5: autoDraw = False
489.4317 	EXP 	image_4: image = 'condition_2/fixation.png'
489.4317 	EXP 	image_4: autoDraw = True
489.9114 	EXP 	image_4: autoDraw = False
489.9114 	EXP 	text: height = 0.2
489.9114 	EXP 	text: height = 0.2
489.9114 	EXP 	text: height = 0.2
489.9114 	EXP 	text: text = 8
490.3950 	EXP 	text: autoDraw = True
490.8299 	EXP 	text: autoDraw = False
490.8299 	EXP 	text: autoDraw = False
490.8299 	EXP 	image_5: image = 'condition_2/leftstar.PNG'
491.9969 	EXP 	image_5: autoDraw = True
492.3646 	EXP 	New trial (rep=1, index=20): {'stimuli': 9, 'star': 'condition_2/leftstar.PNG', 'CorrectAns': 'left'}
492.4128 	DATA 	Keypress: left
492.4179 	EXP 	image_5: autoDraw = False
492.4179 	EXP 	image_4: image = 'condition_2/fixation.png'
492.4179 	EXP 	image_4: autoDraw = True
492.8950 	EXP 	image_4: autoDraw = False
492.8950 	EXP 	text: height = 0.2
492.8950 	EXP 	text: height = 0.2
492.8950 	EXP 	text: height = 0.2
492.8950 	EXP 	text: text = 9
493.3781 	EXP 	text: autoDraw = True
493.7827 	EXP 	text: autoDraw = False
493.7827 	EXP 	text: autoDraw = False
493.7827 	EXP 	image_5: image = 'condition_2/leftstar.PNG'
494.9802 	EXP 	image_5: autoDraw = True
495.4649 	EXP 	New trial (rep=1, index=21): {'stimuli': 8, 'star': 'condition_2/leftstar.PNG', 'CorrectAns': 'left'}
495.5161 	DATA 	Keypress: left
495.5212 	EXP 	image_5: autoDraw = False
495.5212 	EXP 	image_4: image = 'condition_2/fixation.png'
495.5212 	EXP 	image_4: autoDraw = True
495.9948 	EXP 	image_4: autoDraw = False
495.9948 	EXP 	text: height = 0.2
495.9948 	EXP 	text: height = 0.2
495.9948 	EXP 	text: height = 0.2
495.9948 	EXP 	text: text = 8
496.4785 	EXP 	text: autoDraw = True
496.8907 	EXP 	text: autoDraw = False
496.8907 	EXP 	text: autoDraw = False
496.8907 	EXP 	image_5: image = 'condition_2/leftstar.PNG'
498.0807 	EXP 	image_5: autoDraw = True
498.4819 	DATA 	Keypress: left
498.4986 	EXP 	New trial (rep=1, index=22): {'stimuli': 9, 'star': 'condition_2/rightstar.PNG', 'CorrectAns': 'right'}
498.5501 	EXP 	image_5: autoDraw = False
498.5501 	EXP 	image_4: image = 'condition_2/fixation.png'
498.5501 	EXP 	image_4: autoDraw = True
499.0280 	EXP 	image_4: autoDraw = False
499.0280 	EXP 	text: height = 0.2
499.0280 	EXP 	text: height = 0.2
499.0280 	EXP 	text: height = 0.2
499.0280 	EXP 	text: text = 9
499.5115 	EXP 	text: autoDraw = True
499.9264 	EXP 	text: autoDraw = False
499.9264 	EXP 	text: autoDraw = False
499.9264 	EXP 	image_5: image = 'condition_2/rightstar.PNG'
501.1134 	EXP 	image_5: autoDraw = True
501.4323 	DATA 	Keypress: right
501.4483 	EXP 	New trial (rep=1, index=23): {'stimuli': 2, 'star': 'condition_2/rightstar.PNG', 'CorrectAns': 'space'}
501.5035 	EXP 	image_5: autoDraw = False
501.5035 	EXP 	image_4: image = 'condition_2/fixation.png'
501.5035 	EXP 	image_4: autoDraw = True
501.9923 	EXP 	image_4: autoDraw = False
501.9923 	EXP 	text: height = 0.2
501.9923 	EXP 	text: height = 0.2
501.9923 	EXP 	text: height = 0.2
501.9923 	EXP 	text: text = 2
502.4617 	EXP 	text: autoDraw = True
502.8709 	EXP 	text: autoDraw = False
502.8709 	EXP 	text: autoDraw = False
502.8709 	EXP 	image_5: image = 'condition_2/rightstar.PNG'
504.0637 	EXP 	image_5: autoDraw = True
504.6151 	DATA 	Keypress: space
504.6305 	EXP 	New trial (rep=1, index=24): {'stimuli': 9, 'star': 'condition_2/rightstar.PNG', 'CorrectAns': 'right'}
504.6853 	EXP 	image_5: autoDraw = False
504.6853 	EXP 	image_4: image = 'condition_2/fixation.png'
504.6853 	EXP 	image_4: autoDraw = True
505.1613 	EXP 	image_4: autoDraw = False
505.1613 	EXP 	text: height = 0.2
505.1613 	EXP 	text: height = 0.2
505.1613 	EXP 	text: height = 0.2
505.1613 	EXP 	text: text = 9
505.6449 	EXP 	text: autoDraw = True
506.0475 	EXP 	text: autoDraw = False
506.0475 	EXP 	text: autoDraw = False
506.0475 	EXP 	image_5: image = 'condition_2/rightstar.PNG'
507.2470 	EXP 	image_5: autoDraw = True
507.6679 	DATA 	Keypress: right
507.6777 	EXP 	image_5: autoDraw = False
507.6779 	EXP 	untitled: status = STOPPED
507.9362 	EXP 	window1: mouseVisible = True
